<?xml version="1.0" encoding="UTF-8"?>
<testsuite xmlns:xsi="http://www.w3.org/2001/XMLSchema-instance" xsi:noNamespaceSchemaLocation="https://maven.apache.org/surefire/maven-surefire-plugin/xsd/surefire-test-report-3.0.xsd" version="3.0" name="TestSuite" time="271.244" tests="4" errors="0" skipped="2" failures="2">
  <properties>
    <property name="java.specification.version" value="17"/>
    <property name="sun.jnu.encoding" value="UTF-8"/>
    <property name="java.class.path" value="/Users/mac/Documents/Appium-Android-IOS-Automation/target/test-classes:/Users/mac/Documents/Appium-Android-IOS-Automation/target/classes:/Users/mac/.m2/repository/io/appium/java-client/9.3.0/java-client-9.3.0.jar:/Users/mac/.m2/repository/org/seleniumhq/selenium/selenium-api/4.27.0/selenium-api-4.27.0.jar:/Users/mac/.m2/repository/org/jspecify/jspecify/1.0.0/jspecify-1.0.0.jar:/Users/mac/.m2/repository/org/seleniumhq/selenium/selenium-remote-driver/4.27.0/selenium-remote-driver-4.27.0.jar:/Users/mac/.m2/repository/com/google/auto/service/auto-service-annotations/1.1.1/auto-service-annotations-1.1.1.jar:/Users/mac/.m2/repository/com/google/guava/guava/33.3.1-jre/guava-33.3.1-jre.jar:/Users/mac/.m2/repository/com/google/guava/failureaccess/1.0.2/failureaccess-1.0.2.jar:/Users/mac/.m2/repository/com/google/guava/listenablefuture/9999.0-empty-to-avoid-conflict-with-guava/listenablefuture-9999.0-empty-to-avoid-conflict-with-guava.jar:/Users/mac/.m2/repository/com/google/code/findbugs/jsr305/3.0.2/jsr305-3.0.2.jar:/Users/mac/.m2/repository/org/checkerframework/checker-qual/3.43.0/checker-qual-3.43.0.jar:/Users/mac/.m2/repository/com/google/j2objc/j2objc-annotations/3.0.0/j2objc-annotations-3.0.0.jar:/Users/mac/.m2/repository/io/opentelemetry/semconv/opentelemetry-semconv/1.25.0-alpha/opentelemetry-semconv-1.25.0-alpha.jar:/Users/mac/.m2/repository/io/opentelemetry/opentelemetry-api/1.44.1/opentelemetry-api-1.44.1.jar:/Users/mac/.m2/repository/io/opentelemetry/opentelemetry-context/1.44.1/opentelemetry-context-1.44.1.jar:/Users/mac/.m2/repository/io/opentelemetry/opentelemetry-exporter-logging/1.44.1/opentelemetry-exporter-logging-1.44.1.jar:/Users/mac/.m2/repository/io/opentelemetry/opentelemetry-sdk-common/1.44.1/opentelemetry-sdk-common-1.44.1.jar:/Users/mac/.m2/repository/io/opentelemetry/opentelemetry-sdk-extension-autoconfigure-spi/1.44.1/opentelemetry-sdk-extension-autoconfigure-spi-1.44.1.jar:/Users/mac/.m2/repository/io/opentelemetry/opentelemetry-sdk-extension-autoconfigure/1.44.1/opentelemetry-sdk-extension-autoconfigure-1.44.1.jar:/Users/mac/.m2/repository/io/opentelemetry/opentelemetry-api-incubator/1.44.1-alpha/opentelemetry-api-incubator-1.44.1-alpha.jar:/Users/mac/.m2/repository/io/opentelemetry/opentelemetry-sdk-trace/1.44.1/opentelemetry-sdk-trace-1.44.1.jar:/Users/mac/.m2/repository/io/opentelemetry/opentelemetry-sdk/1.44.1/opentelemetry-sdk-1.44.1.jar:/Users/mac/.m2/repository/io/opentelemetry/opentelemetry-sdk-metrics/1.44.1/opentelemetry-sdk-metrics-1.44.1.jar:/Users/mac/.m2/repository/io/opentelemetry/opentelemetry-sdk-logs/1.44.1/opentelemetry-sdk-logs-1.44.1.jar:/Users/mac/.m2/repository/net/bytebuddy/byte-buddy/1.15.10/byte-buddy-1.15.10.jar:/Users/mac/.m2/repository/org/seleniumhq/selenium/selenium-http/4.27.0/selenium-http-4.27.0.jar:/Users/mac/.m2/repository/dev/failsafe/failsafe/3.3.2/failsafe-3.3.2.jar:/Users/mac/.m2/repository/org/seleniumhq/selenium/selenium-json/4.27.0/selenium-json-4.27.0.jar:/Users/mac/.m2/repository/org/seleniumhq/selenium/selenium-manager/4.27.0/selenium-manager-4.27.0.jar:/Users/mac/.m2/repository/org/seleniumhq/selenium/selenium-os/4.27.0/selenium-os-4.27.0.jar:/Users/mac/.m2/repository/org/apache/commons/commons-exec/1.4.0/commons-exec-1.4.0.jar:/Users/mac/.m2/repository/org/seleniumhq/selenium/selenium-support/4.27.0/selenium-support-4.27.0.jar:/Users/mac/.m2/repository/com/google/code/gson/gson/2.11.0/gson-2.11.0.jar:/Users/mac/.m2/repository/com/google/errorprone/error_prone_annotations/2.27.0/error_prone_annotations-2.27.0.jar:/Users/mac/.m2/repository/org/slf4j/slf4j-api/2.0.13/slf4j-api-2.0.13.jar:/Users/mac/.m2/repository/com/fasterxml/jackson/core/jackson-databind/2.13.1/jackson-databind-2.13.1.jar:/Users/mac/.m2/repository/com/fasterxml/jackson/core/jackson-annotations/2.13.1/jackson-annotations-2.13.1.jar:/Users/mac/.m2/repository/com/fasterxml/jackson/core/jackson-core/2.13.1/jackson-core-2.13.1.jar:/Users/mac/.m2/repository/org/testng/testng/7.8.0/testng-7.8.0.jar:/Users/mac/.m2/repository/com/beust/jcommander/1.82/jcommander-1.82.jar:/Users/mac/.m2/repository/org/webjars/jquery/3.6.1/jquery-3.6.1.jar:/Users/mac/.m2/repository/com/aventstack/extentreports/4.1.3/extentreports-4.1.3.jar:/Users/mac/.m2/repository/org/freemarker/freemarker/2.3.29/freemarker-2.3.29.jar:/Users/mac/.m2/repository/org/apache/httpcomponents/httpclient/4.5.2/httpclient-4.5.2.jar:/Users/mac/.m2/repository/org/apache/httpcomponents/httpcore/4.4.4/httpcore-4.4.4.jar:/Users/mac/.m2/repository/commons-logging/commons-logging/1.2/commons-logging-1.2.jar:/Users/mac/.m2/repository/commons-codec/commons-codec/1.9/commons-codec-1.9.jar:/Users/mac/.m2/repository/org/apache/httpcomponents/httpmime/4.5.2/httpmime-4.5.2.jar:/Users/mac/.m2/repository/org/mongodb/mongodb-driver/3.12.0/mongodb-driver-3.12.0.jar:/Users/mac/.m2/repository/org/mongodb/mongodb-driver-core/3.12.0/mongodb-driver-core-3.12.0.jar:/Users/mac/.m2/repository/org/mongodb/bson/3.12.0/bson-3.12.0.jar:/Users/mac/.m2/repository/org/aeonbits/owner/owner/1.0.12/owner-1.0.12.jar:"/>
    <property name="java.vm.vendor" value="Eclipse Adoptium"/>
    <property name="sun.arch.data.model" value="64"/>
    <property name="java.vendor.url" value="https://adoptium.net/"/>
    <property name="user.timezone" value="Asia/Ho_Chi_Minh"/>
    <property name="os.name" value="Mac OS X"/>
    <property name="java.vm.specification.version" value="17"/>
    <property name="sun.java.launcher" value="SUN_STANDARD"/>
    <property name="user.country" value="VN"/>
    <property name="sun.boot.library.path" value="/Users/mac/Library/Java/JavaVirtualMachines/temurin-17.0.13/Contents/Home/lib"/>
    <property name="sun.java.command" value="/Users/mac/Documents/Appium-Android-IOS-Automation/target/surefire/surefirebooter-20250106211032798_3.jar /Users/mac/Documents/Appium-Android-IOS-Automation/target/surefire 2025-01-06T21-10-32_657-jvmRun1 surefire-20250106211032798_1tmp surefire_0-20250106211032798_2tmp"/>
    <property name="http.nonProxyHosts" value="local|*.local|169.254/16|*.169.254/16"/>
    <property name="jdk.debug" value="release"/>
    <property name="surefire.test.class.path" value="/Users/mac/Documents/Appium-Android-IOS-Automation/target/test-classes:/Users/mac/Documents/Appium-Android-IOS-Automation/target/classes:/Users/mac/.m2/repository/io/appium/java-client/9.3.0/java-client-9.3.0.jar:/Users/mac/.m2/repository/org/seleniumhq/selenium/selenium-api/4.27.0/selenium-api-4.27.0.jar:/Users/mac/.m2/repository/org/jspecify/jspecify/1.0.0/jspecify-1.0.0.jar:/Users/mac/.m2/repository/org/seleniumhq/selenium/selenium-remote-driver/4.27.0/selenium-remote-driver-4.27.0.jar:/Users/mac/.m2/repository/com/google/auto/service/auto-service-annotations/1.1.1/auto-service-annotations-1.1.1.jar:/Users/mac/.m2/repository/com/google/guava/guava/33.3.1-jre/guava-33.3.1-jre.jar:/Users/mac/.m2/repository/com/google/guava/failureaccess/1.0.2/failureaccess-1.0.2.jar:/Users/mac/.m2/repository/com/google/guava/listenablefuture/9999.0-empty-to-avoid-conflict-with-guava/listenablefuture-9999.0-empty-to-avoid-conflict-with-guava.jar:/Users/mac/.m2/repository/com/google/code/findbugs/jsr305/3.0.2/jsr305-3.0.2.jar:/Users/mac/.m2/repository/org/checkerframework/checker-qual/3.43.0/checker-qual-3.43.0.jar:/Users/mac/.m2/repository/com/google/j2objc/j2objc-annotations/3.0.0/j2objc-annotations-3.0.0.jar:/Users/mac/.m2/repository/io/opentelemetry/semconv/opentelemetry-semconv/1.25.0-alpha/opentelemetry-semconv-1.25.0-alpha.jar:/Users/mac/.m2/repository/io/opentelemetry/opentelemetry-api/1.44.1/opentelemetry-api-1.44.1.jar:/Users/mac/.m2/repository/io/opentelemetry/opentelemetry-context/1.44.1/opentelemetry-context-1.44.1.jar:/Users/mac/.m2/repository/io/opentelemetry/opentelemetry-exporter-logging/1.44.1/opentelemetry-exporter-logging-1.44.1.jar:/Users/mac/.m2/repository/io/opentelemetry/opentelemetry-sdk-common/1.44.1/opentelemetry-sdk-common-1.44.1.jar:/Users/mac/.m2/repository/io/opentelemetry/opentelemetry-sdk-extension-autoconfigure-spi/1.44.1/opentelemetry-sdk-extension-autoconfigure-spi-1.44.1.jar:/Users/mac/.m2/repository/io/opentelemetry/opentelemetry-sdk-extension-autoconfigure/1.44.1/opentelemetry-sdk-extension-autoconfigure-1.44.1.jar:/Users/mac/.m2/repository/io/opentelemetry/opentelemetry-api-incubator/1.44.1-alpha/opentelemetry-api-incubator-1.44.1-alpha.jar:/Users/mac/.m2/repository/io/opentelemetry/opentelemetry-sdk-trace/1.44.1/opentelemetry-sdk-trace-1.44.1.jar:/Users/mac/.m2/repository/io/opentelemetry/opentelemetry-sdk/1.44.1/opentelemetry-sdk-1.44.1.jar:/Users/mac/.m2/repository/io/opentelemetry/opentelemetry-sdk-metrics/1.44.1/opentelemetry-sdk-metrics-1.44.1.jar:/Users/mac/.m2/repository/io/opentelemetry/opentelemetry-sdk-logs/1.44.1/opentelemetry-sdk-logs-1.44.1.jar:/Users/mac/.m2/repository/net/bytebuddy/byte-buddy/1.15.10/byte-buddy-1.15.10.jar:/Users/mac/.m2/repository/org/seleniumhq/selenium/selenium-http/4.27.0/selenium-http-4.27.0.jar:/Users/mac/.m2/repository/dev/failsafe/failsafe/3.3.2/failsafe-3.3.2.jar:/Users/mac/.m2/repository/org/seleniumhq/selenium/selenium-json/4.27.0/selenium-json-4.27.0.jar:/Users/mac/.m2/repository/org/seleniumhq/selenium/selenium-manager/4.27.0/selenium-manager-4.27.0.jar:/Users/mac/.m2/repository/org/seleniumhq/selenium/selenium-os/4.27.0/selenium-os-4.27.0.jar:/Users/mac/.m2/repository/org/apache/commons/commons-exec/1.4.0/commons-exec-1.4.0.jar:/Users/mac/.m2/repository/org/seleniumhq/selenium/selenium-support/4.27.0/selenium-support-4.27.0.jar:/Users/mac/.m2/repository/com/google/code/gson/gson/2.11.0/gson-2.11.0.jar:/Users/mac/.m2/repository/com/google/errorprone/error_prone_annotations/2.27.0/error_prone_annotations-2.27.0.jar:/Users/mac/.m2/repository/org/slf4j/slf4j-api/2.0.13/slf4j-api-2.0.13.jar:/Users/mac/.m2/repository/com/fasterxml/jackson/core/jackson-databind/2.13.1/jackson-databind-2.13.1.jar:/Users/mac/.m2/repository/com/fasterxml/jackson/core/jackson-annotations/2.13.1/jackson-annotations-2.13.1.jar:/Users/mac/.m2/repository/com/fasterxml/jackson/core/jackson-core/2.13.1/jackson-core-2.13.1.jar:/Users/mac/.m2/repository/org/testng/testng/7.8.0/testng-7.8.0.jar:/Users/mac/.m2/repository/com/beust/jcommander/1.82/jcommander-1.82.jar:/Users/mac/.m2/repository/org/webjars/jquery/3.6.1/jquery-3.6.1.jar:/Users/mac/.m2/repository/com/aventstack/extentreports/4.1.3/extentreports-4.1.3.jar:/Users/mac/.m2/repository/org/freemarker/freemarker/2.3.29/freemarker-2.3.29.jar:/Users/mac/.m2/repository/org/apache/httpcomponents/httpclient/4.5.2/httpclient-4.5.2.jar:/Users/mac/.m2/repository/org/apache/httpcomponents/httpcore/4.4.4/httpcore-4.4.4.jar:/Users/mac/.m2/repository/commons-logging/commons-logging/1.2/commons-logging-1.2.jar:/Users/mac/.m2/repository/commons-codec/commons-codec/1.9/commons-codec-1.9.jar:/Users/mac/.m2/repository/org/apache/httpcomponents/httpmime/4.5.2/httpmime-4.5.2.jar:/Users/mac/.m2/repository/org/mongodb/mongodb-driver/3.12.0/mongodb-driver-3.12.0.jar:/Users/mac/.m2/repository/org/mongodb/mongodb-driver-core/3.12.0/mongodb-driver-core-3.12.0.jar:/Users/mac/.m2/repository/org/mongodb/bson/3.12.0/bson-3.12.0.jar:/Users/mac/.m2/repository/org/aeonbits/owner/owner/1.0.12/owner-1.0.12.jar:"/>
    <property name="sun.cpu.endian" value="little"/>
    <property name="user.home" value="/Users/mac"/>
    <property name="user.language" value="en"/>
    <property name="java.specification.vendor" value="Oracle Corporation"/>
    <property name="java.version.date" value="2024-10-15"/>
    <property name="java.home" value="/Users/mac/Library/Java/JavaVirtualMachines/temurin-17.0.13/Contents/Home"/>
    <property name="file.separator" value="/"/>
    <property name="basedir" value="/Users/mac/Documents/Appium-Android-IOS-Automation"/>
    <property name="java.vm.compressedOopsMode" value="Zero based"/>
    <property name="line.separator" value="&#10;"/>
    <property name="java.vm.specification.vendor" value="Oracle Corporation"/>
    <property name="java.specification.name" value="Java Platform API Specification"/>
    <property name="surefire.real.class.path" value="/Users/mac/Documents/Appium-Android-IOS-Automation/target/surefire/surefirebooter-20250106211032798_3.jar"/>
    <property name="sun.management.compiler" value="HotSpot 64-Bit Tiered Compilers"/>
    <property name="ftp.nonProxyHosts" value="local|*.local|169.254/16|*.169.254/16"/>
    <property name="java.runtime.version" value="17.0.13+11"/>
    <property name="user.name" value="mac"/>
    <property name="path.separator" value=":"/>
    <property name="os.version" value="12.7.4"/>
    <property name="java.runtime.name" value="OpenJDK Runtime Environment"/>
    <property name="file.encoding" value="UTF-8"/>
    <property name="java.vm.name" value="OpenJDK 64-Bit Server VM"/>
    <property name="java.vendor.version" value="Temurin-17.0.13+11"/>
    <property name="localRepository" value="/Users/mac/.m2/repository"/>
    <property name="java.vendor.url.bug" value="https://github.com/adoptium/adoptium-support/issues"/>
    <property name="java.io.tmpdir" value="/var/folders/qh/0br_shq51mg8gjrzbmqrt1c00000gn/T/"/>
    <property name="java.version" value="17.0.13"/>
    <property name="user.dir" value="/Users/mac/Documents/Appium-Android-IOS-Automation"/>
    <property name="os.arch" value="x86_64"/>
    <property name="java.vm.specification.name" value="Java Virtual Machine Specification"/>
    <property name="native.encoding" value="UTF-8"/>
    <property name="java.library.path" value="/Users/mac/Library/Java/Extensions:/Library/Java/Extensions:/Network/Library/Java/Extensions:/System/Library/Java/Extensions:/usr/lib/java:."/>
    <property name="java.vm.info" value="mixed mode"/>
    <property name="java.vendor" value="Eclipse Adoptium"/>
    <property name="java.vm.version" value="17.0.13+11"/>
    <property name="java.specification.maintenance.version" value="1"/>
    <property name="sun.io.unicode.encoding" value="UnicodeBig"/>
    <property name="socksNonProxyHosts" value="local|*.local|169.254/16|*.169.254/16"/>
    <property name="java.class.version" value="61.0"/>
  </properties>
  <testcase name="placeOrder" classname="com.thoaikx.ios.LoginTest" time="74.718">
    <failure message="An element could not be located on the page using the given search parameters.&#10;For documentation on this error, please visit: https://www.selenium.dev/documentation/webdriver/troubleshooting/errors#no-such-element-exception&#10;Build info: version: &apos;4.27.0&apos;, revision: &apos;d6e718d134&apos;&#10;System info: os.name: &apos;Mac OS X&apos;, os.arch: &apos;x86_64&apos;, os.version: &apos;12.7.4&apos;, java.version: &apos;17.0.13&apos;&#10;Driver info: io.appium.java_client.ios.IOSDriver&#10;Command: [c258be5a-7f09-4ce3-86e7-5f77a339e236, findElement {using=xpath, value=//XCUIElementTypeTextField[@value=&quot;Maxim Winter&quot;]}]&#10;Capabilities {appium:app: /Users/mac/Documents/Appium..., appium:automationName: XCUITest, appium:databaseEnabled: false, appium:deviceName: iPhone 13 mini, appium:javascriptEnabled: true, appium:locationContextEnabled: false, appium:networkConnectionEnabled: false, appium:platformVersion: 1.0, appium:showXcodeLog: true, appium:takesScreenshot: true, appium:udid: 1C2AD9B1-C90B-448A-AD73-5B3..., appium:webStorageEnabled: false, platformName: IOS}&#10;Session ID: c258be5a-7f09-4ce3-86e7-5f77a339e236" type="org.openqa.selenium.NoSuchElementException"><![CDATA[org.openqa.selenium.NoSuchElementException: 
An element could not be located on the page using the given search parameters.
For documentation on this error, please visit: https://www.selenium.dev/documentation/webdriver/troubleshooting/errors#no-such-element-exception
Build info: version: '4.27.0', revision: 'd6e718d134'
System info: os.name: 'Mac OS X', os.arch: 'x86_64', os.version: '12.7.4', java.version: '17.0.13'
Driver info: io.appium.java_client.ios.IOSDriver
Command: [c258be5a-7f09-4ce3-86e7-5f77a339e236, findElement {using=xpath, value=//XCUIElementTypeTextField[@value="Maxim Winter"]}]
Capabilities {appium:app: /Users/mac/Documents/Appium..., appium:automationName: XCUITest, appium:databaseEnabled: false, appium:deviceName: iPhone 13 mini, appium:javascriptEnabled: true, appium:locationContextEnabled: false, appium:networkConnectionEnabled: false, appium:platformVersion: 1.0, appium:showXcodeLog: true, appium:takesScreenshot: true, appium:udid: 1C2AD9B1-C90B-448A-AD73-5B3..., appium:webStorageEnabled: false, platformName: IOS}
Session ID: c258be5a-7f09-4ce3-86e7-5f77a339e236
	at java.base/jdk.internal.reflect.NativeConstructorAccessorImpl.newInstance0(Native Method)
	at java.base/jdk.internal.reflect.NativeConstructorAccessorImpl.newInstance(NativeConstructorAccessorImpl.java:77)
	at java.base/jdk.internal.reflect.DelegatingConstructorAccessorImpl.newInstance(DelegatingConstructorAccessorImpl.java:45)
	at java.base/java.lang.reflect.Constructor.newInstanceWithCaller(Constructor.java:500)
	at java.base/java.lang.reflect.Constructor.newInstance(Constructor.java:481)
	at org.openqa.selenium.remote.ErrorCodec.decode(ErrorCodec.java:167)
	at org.openqa.selenium.remote.codec.w3c.W3CHttpResponseCodec.decode(W3CHttpResponseCodec.java:138)
	at org.openqa.selenium.remote.codec.w3c.W3CHttpResponseCodec.decode(W3CHttpResponseCodec.java:50)
	at org.openqa.selenium.remote.HttpCommandExecutor.execute(HttpCommandExecutor.java:190)
	at io.appium.java_client.remote.AppiumCommandExecutor.execute(AppiumCommandExecutor.java:237)
	at org.openqa.selenium.remote.RemoteWebDriver.execute(RemoteWebDriver.java:545)
	at org.openqa.selenium.remote.ElementLocation$ElementFinder$2.findElement(ElementLocation.java:165)
	at org.openqa.selenium.remote.ElementLocation.findElement(ElementLocation.java:59)
	at org.openqa.selenium.remote.RemoteWebDriver.findElement(RemoteWebDriver.java:368)
	at org.openqa.selenium.remote.RemoteWebDriver.findElement(RemoteWebDriver.java:362)
	at com.thoaikx.ios.LoginTest.placeOrder(LoginTest.java:122)
	at java.base/jdk.internal.reflect.NativeMethodAccessorImpl.invoke0(Native Method)
	at java.base/jdk.internal.reflect.NativeMethodAccessorImpl.invoke(NativeMethodAccessorImpl.java:77)
	at java.base/jdk.internal.reflect.DelegatingMethodAccessorImpl.invoke(DelegatingMethodAccessorImpl.java:43)
	at java.base/java.lang.reflect.Method.invoke(Method.java:569)
	at org.testng.internal.invokers.MethodInvocationHelper.invokeMethod(MethodInvocationHelper.java:139)
	at org.testng.internal.invokers.TestInvoker.invokeMethod(TestInvoker.java:664)
	at org.testng.internal.invokers.TestInvoker.invokeTestMethod(TestInvoker.java:227)
	at org.testng.internal.invokers.MethodRunner.runInSequence(MethodRunner.java:50)
	at org.testng.internal.invokers.TestInvoker$MethodInvocationAgent.invoke(TestInvoker.java:957)
	at org.testng.internal.invokers.TestInvoker.invokeTestMethods(TestInvoker.java:200)
	at org.testng.internal.invokers.TestMethodWorker.invokeTestMethods(TestMethodWorker.java:148)
	at org.testng.internal.invokers.TestMethodWorker.run(TestMethodWorker.java:128)
	at java.base/java.util.ArrayList.forEach(ArrayList.java:1511)
	at org.testng.TestRunner.privateRun(TestRunner.java:848)
	at org.testng.TestRunner.run(TestRunner.java:621)
	at org.testng.SuiteRunner.runTest(SuiteRunner.java:443)
	at org.testng.SuiteRunner.runSequentially(SuiteRunner.java:437)
	at org.testng.SuiteRunner.privateRun(SuiteRunner.java:397)
	at org.testng.SuiteRunner.run(SuiteRunner.java:336)
	at org.testng.SuiteRunnerWorker.runSuite(SuiteRunnerWorker.java:52)
	at org.testng.SuiteRunnerWorker.run(SuiteRunnerWorker.java:95)
	at org.testng.TestNG.runSuitesSequentially(TestNG.java:1280)
	at org.testng.TestNG.runSuitesLocally(TestNG.java:1200)
	at org.testng.TestNG.runSuites(TestNG.java:1114)
	at org.testng.TestNG.run(TestNG.java:1082)
	at org.apache.maven.surefire.testng.TestNGExecutor.run(TestNGExecutor.java:155)
	at org.apache.maven.surefire.testng.TestNGDirectoryTestSuite.executeMulti(TestNGDirectoryTestSuite.java:169)
	at org.apache.maven.surefire.testng.TestNGDirectoryTestSuite.execute(TestNGDirectoryTestSuite.java:88)
	at org.apache.maven.surefire.testng.TestNGProvider.invoke(TestNGProvider.java:137)
	at org.apache.maven.surefire.booter.ForkedBooter.runSuitesInProcess(ForkedBooter.java:385)
	at org.apache.maven.surefire.booter.ForkedBooter.execute(ForkedBooter.java:162)
	at org.apache.maven.surefire.booter.ForkedBooter.run(ForkedBooter.java:507)
	at org.apache.maven.surefire.booter.ForkedBooter.main(ForkedBooter.java:495)
]]></failure>
    <system-out><![CDATA[Killed Appium on port 9999.
Appium started on port 9999.
&amp#27;[38;5;112m[Appium]&amp#27;[0m Welcome to Appium v2.13.1
&amp#27;[38;5;112m[Appium]&amp#27;[0m Non-default server args:
&amp#27;[38;5;112m[Appium]&amp#27;[0m { port: &amp#27;[33m9999&amp#27;[39m }
&amp#27;[38;5;112m[Appium]&amp#27;[0m The autodetected Appium home path: /Users/mac/.appium
&amp#27;[38;5;112m[Appium]&amp#27;[0m Attempting to load driver xcuitest...
&amp#27;[38;5;112m[Appium]&amp#27;[0m Attempting to load driver uiautomator2...
&amp#27;[38;5;112m[Appium]&amp#27;[0m Requiring driver at /Users/mac/.appium/node_modules/appium-xcuitest-driver/build/index.js
&amp#27;[38;5;112m[Appium]&amp#27;[0m Requiring driver at /Users/mac/.appium/node_modules/appium-uiautomator2-driver/build/index.js
&amp#27;[38;5;112m[Appium]&amp#27;[0m XCUITestDriver has been successfully loaded in 2.448s
&amp#27;[38;5;112m[Appium]&amp#27;[0m AndroidUiautomator2Driver has been successfully loaded in 2.448s
&amp#27;[38;5;112m[Appium]&amp#27;[0m Appium REST http interface listener started on http://0.0.0.0:9999
&amp#27;[38;5;112m[Appium]&amp#27;[0m You can provide the following URLs in your client code to connect to this server:
	http://127.0.0.1:9999/ (only accessible from the same host)
	http://192.168.1.248:9999/
&amp#27;[38;5;112m[Appium]&amp#27;[0m Available drivers:
&amp#27;[38;5;112m[Appium]&amp#27;[0m   - xcuitest@7.26.4 (automationName 'XCUITest')
&amp#27;[38;5;112m[Appium]&amp#27;[0m   - uiautomator2@3.8.0 (automationName 'UiAutomator2')
&amp#27;[38;5;112m[Appium]&amp#27;[0m No plugins have been installed. Use the "appium plugin" command to install the one(s) you want to use.
&amp#27;[38;5;86m[HTTP]&amp#27;[0m Request idempotency key: 53462fd2-272e-49c2-b550-d59ca61ff6be
&amp#27;[38;5;86m[HTTP]&amp#27;[0m &amp#27;[37m-->&amp#27;[39m &amp#27;[37mPOST&amp#27;[39m &amp#27;[37m/session&amp#27;[39m &amp#27;[90m{"capabilities":{"firstMatch":[{"appium:udid":"1C2AD9B1-C90B-448A-AD73-5B39FE753230","appium:showXcodeLog":true,"appium:deviceName":"iPhone 13 mini","platformName":"IOS","appium:automationName":"XCUITest","appium:app":"/Users/mac/Documents/Appium-Android-IOS-Automation/src/test/resources/iosapp/My Demo App.app","appium:platformVersion":"1C2AD9B1-C90B-448A-AD73-5B39FE753230"}]}}&amp#27;[39m
&amp#27;[38;5;22m[AppiumDriver@9403]&amp#27;[0m Calling AppiumDriver.createSession() with args: [null,null,{"firstMatch":[{"appium:udid":"1C2AD9B1-C90B-448A-AD73-5B39FE753230","appium:showXcodeLog":true,"appium:deviceName":"iPhone 13 mini","platformName":"IOS","appium:automationName":"XCUITest","appium:app":"/Users/mac/Documents/Appium-Android-IOS-Automation/src/test/resources/iosapp/My Demo App.app","appium:platformVersion":"1C2AD9B1-C90B-448A-AD73-5B39FE753230"}]}]
&amp#27;[38;5;22m[AppiumDriver@9403]&amp#27;[0m Event 'newSessionRequested' logged at 1736172704964 (21:11:44 GMT+0700 (Indochina Time))
&amp#27;[38;5;112m[Appium]&amp#27;[0m Attempting to find matching driver for automationName 'XCUITest' and platformName 'IOS'
&amp#27;[38;5;112m[Appium]&amp#27;[0m The 'xcuitest' driver was installed and matched caps.
&amp#27;[38;5;112m[Appium]&amp#27;[0m Will require it at /Users/mac/.appium/node_modules/appium-xcuitest-driver
&amp#27;[38;5;112m[Appium]&amp#27;[0m Requiring driver at /Users/mac/.appium/node_modules/appium-xcuitest-driver/build/index.js
&amp#27;[38;5;22m[AppiumDriver@9403]&amp#27;[0m Appium v2.13.1 creating new XCUITestDriver (v7.26.4) session
&amp#27;[38;5;22m[AppiumDriver@9403]&amp#27;[0m Checking BaseDriver versions for Appium and XCUITestDriver
&amp#27;[38;5;22m[AppiumDriver@9403]&amp#27;[0m Appium's BaseDriver version is 9.13.1
&amp#27;[38;5;22m[AppiumDriver@9403]&amp#27;[0m XCUITestDriver's BaseDriver version is 9.13.1
&amp#27;[38;5;78m[XCUITestDriver@26e2]&amp#27;[0m 
&amp#27;[38;5;78m[XCUITestDriver@26e2]&amp#27;[0m Creating session with W3C capabilities: {
  "alwaysMatch": {
    "platformName": "IOS",
    "appium:udid": "1C2AD9B1-C90B-448A-AD73-5B39FE753230",
    "appium:showXcodeLog": true,
    "appium:deviceName": "iPhone 13 mini",
    "appium:automationName": "XCUITest",
    "appium:app": "/Users/mac/Documents/Appium-Android-IOS-Automation/src/test/resources/iosapp/My Demo App.app",
    "appium:platformVersion": "1C2AD9B1-C90B-448A-AD73-5B39FE753230"
  },
  "firstMatch": [
    {}
  ]
}
&amp#27;[38;5;93m[c258be5a]&amp#27;[0m&amp#27;[38;5;78m[XCUITestDriver@26e2]&amp#27;[0m Session created with session id: c258be5a-7f09-4ce3-86e7-5f77a339e236
&amp#27;[38;5;93m[c258be5a]&amp#27;[0m&amp#27;[38;5;135m[XCUITest]&amp#27;[0m Current user: 'mac'
&amp#27;[38;5;93m[c258be5a]&amp#27;[0m&amp#27;[38;5;78m[XCUITestDriver@26e2]&amp#27;[0m Available real devices: 
&amp#27;[38;5;93m[c258be5a]&amp#27;[0m&amp#27;[38;5;78m[XCUITestDriver@26e2]&amp#27;[0m Constructing iOS simulator for Xcode version 13.2 with udid '1C2AD9B1-C90B-448A-AD73-5B39FE753230'
&amp#27;[38;5;93m[c258be5a]&amp#27;[0m&amp#27;[38;5;78m[XCUITestDriver@26e2]&amp#27;[0m Determining device to run tests on: udid: '1C2AD9B1-C90B-448A-AD73-5B39FE753230', real device: false
&amp#27;[38;5;93m[c258be5a]&amp#27;[0m&amp#27;[38;5;78m[XCUITestDriver@26e2]&amp#27;[0m Normalized platformVersion capability value '1C2AD9B1-C90B-448A-AD73-5B39FE753230' to '1.0'
&amp#27;[38;5;93m[c258be5a]&amp#27;[0m&amp#27;[38;5;78m[XCUITestDriver@26e2]&amp#27;[0m Event 'xcodeDetailsRetrieved' logged at 1736172705463 (21:11:45 GMT+0700 (Indochina Time))
&amp#27;[38;5;93m[c258be5a]&amp#27;[0m&amp#27;[38;5;123m[BaseDriver]&amp#27;[0m Using local app '/Users/mac/Documents/Appium-Android-IOS-Automation/src/test/resources/iosapp/My Demo App.app'
&amp#27;[38;5;93m[c258be5a]&amp#27;[0m&amp#27;[38;5;78m[XCUITestDriver@26e2]&amp#27;[0m Caching the manifest for com.saucelabs.mydemo.app.ios app from a file source using the key '50ae9f61a7148022a81cadea246374ad607a54e8'
&amp#27;[38;5;93m[c258be5a]&amp#27;[0m&amp#27;[38;5;78m[XCUITestDriver@26e2]&amp#27;[0m Event 'appConfigured' logged at 1736172705474 (21:11:45 GMT+0700 (Indochina Time))
&amp#27;[38;5;93m[c258be5a]&amp#27;[0m&amp#27;[38;5;135m[XCUITest]&amp#27;[0m Checking whether app '/Users/mac/Documents/Appium-Android-IOS-Automation/src/test/resources/iosapp/My Demo App.app' is actually present on file system
&amp#27;[38;5;93m[c258be5a]&amp#27;[0m&amp#27;[38;5;135m[XCUITest]&amp#27;[0m App is present
&amp#27;[38;5;93m[c258be5a]&amp#27;[0m&amp#27;[38;5;78m[XCUITestDriver@26e2]&amp#27;[0m CFBundleIdentifier: "com.saucelabs.mydemo.app.ios"
&amp#27;[38;5;93m[c258be5a]&amp#27;[0m&amp#27;[38;5;78m[XCUITestDriver@26e2]&amp#27;[0m Event 'resetStarted' logged at 1736172705476 (21:11:45 GMT+0700 (Indochina Time))
&amp#27;[38;5;93m[c258be5a]&amp#27;[0m&amp#27;[38;5;78m[XCUITestDriver@26e2]&amp#27;[0m Not scrubbing third party app in anticipation of uninstall
&amp#27;[38;5;93m[c258be5a]&amp#27;[0m&amp#27;[38;5;78m[XCUITestDriver@26e2]&amp#27;[0m Event 'resetComplete' logged at 1736172705623 (21:11:45 GMT+0700 (Indochina Time))
&amp#27;[38;5;93m[c258be5a]&amp#27;[0m&amp#27;[38;5;78m[XCUITestDriver@26e2]&amp#27;[0m Using WDA path: '/Users/mac/.appium/node_modules/appium-xcuitest-driver/node_modules/appium-webdriveragent'
&amp#27;[38;5;93m[c258be5a]&amp#27;[0m&amp#27;[38;5;78m[XCUITestDriver@26e2]&amp#27;[0m Using WDA agent: '/Users/mac/.appium/node_modules/appium-xcuitest-driver/node_modules/appium-webdriveragent/WebDriverAgent.xcodeproj'
&amp#27;[38;5;93m[c258be5a]&amp#27;[0m&amp#27;[38;5;78m[XCUITestDriver@26e2]&amp#27;[0m Starting log capture for iOS Simulator with udid '1C2AD9B1-C90B-448A-AD73-5B39FE753230' using simctl
&amp#27;[38;5;93m[c258be5a]&amp#27;[0m&amp#27;[38;5;78m[XCUITestDriver@26e2]&amp#27;[0m Event 'logCaptureStarted' logged at 1736172706187 (21:11:46 GMT+0700 (Indochina Time))
&amp#27;[38;5;93m[c258be5a]&amp#27;[0m&amp#27;[38;5;78m[XCUITestDriver@26e2]&amp#27;[0m Setting up simulator
&amp#27;[38;5;93m[c258be5a]&amp#27;[0m&amp#27;[38;5;78m[XCUITestDriver@26e2]&amp#27;[0m Setting preferences of 1C2AD9B1-C90B-448A-AD73-5B39FE753230 Simulator to {"ConnectHardwareKeyboard":false}
&amp#27;[38;5;93m[c258be5a]&amp#27;[0m&amp#27;[38;5;78m[XCUITestDriver@26e2]&amp#27;[0m Setting common Simulator preferences to {"RotateWindowWhenSignaledByGuest":true,"StartLastDeviceOnLaunch":false,"DetachOnWindowClose":false,"AttachBootedOnStart":true,"ConnectHardwareKeyboard":false,"PasteboardAutomaticSync":false}
&amp#27;[38;5;93m[c258be5a]&amp#27;[0m&amp#27;[38;5;78m[XCUITestDriver@26e2]&amp#27;[0m Updated 1C2AD9B1-C90B-448A-AD73-5B39FE753230 Simulator preferences at '/Users/mac/Library/Preferences/com.apple.iphonesimulator.plist' with {"RotateWindowWhenSignaledByGuest":true,"StartLastDeviceOnLaunch":false,"DetachOnWindowClose":false,"AttachBootedOnStart":true,"ConnectHardwareKeyboard":false,"PasteboardAutomaticSync":false,"DevicePreferences":{"1C2AD9B1-C90B-448A-AD73-5B39FE753230":{"ConnectHardwareKeyboard":false,"SimulatorExternalDisplay":2114,"SimulatorWindowGeometry":{"D04603FA-CD23-4F73-96E0-61E86768ECF3":{"WindowCenter":"{456, 416}","WindowScale":0.7512135922330098}},"SimulatorWindowOrientation":"Portrait","SimulatorWindowRotationAngle":0,"ChromeTint":""}}}
&amp#27;[38;5;93m[c258be5a]&amp#27;[0m&amp#27;[38;5;78m[XCUITestDriver@26e2]&amp#27;[0m Got Simulator UI client PID: 397
&amp#27;[38;5;93m[c258be5a]&amp#27;[0m&amp#27;[38;5;78m[XCUITestDriver@26e2]&amp#27;[0m Both Simulator with UDID '1C2AD9B1-C90B-448A-AD73-5B39FE753230' and the UI client are currently running
&amp#27;[38;5;93m[c258be5a]&amp#27;[0m&amp#27;[38;5;78m[XCUITestDriver@26e2]&amp#27;[0m Event 'simStarted' logged at 1736172706813 (21:11:46 GMT+0700 (Indochina Time))
&amp#27;[38;5;93m[c258be5a]&amp#27;[0m&amp#27;[38;5;78m[XCUITestDriver@26e2]&amp#27;[0m Verifying application platform
&amp#27;[38;5;93m[c258be5a]&amp#27;[0m&amp#27;[38;5;78m[XCUITestDriver@26e2]&amp#27;[0m CFBundleSupportedPlatforms: ["iPhoneSimulator"]
&amp#27;[38;5;93m[c258be5a]&amp#27;[0m&amp#27;[38;5;78m[XCUITestDriver@26e2]&amp#27;[0m CFBundleExecutable: "My Demo App"
&amp#27;[38;5;93m[c258be5a]&amp#27;[0m&amp#27;[38;5;78m[XCUITestDriver@26e2]&amp#27;[0m /Users/mac/Documents/Appium-Android-IOS-Automation/src/test/resources/iosapp/My Demo App.app/My Demo App: Mach-O universal binary with 2 architectures: [x86_64:Mach-O 64-bit executable x86_64
- Mach-O 64-bit executable x86_64] [arm64]
/Users/mac/Documents/Appium-Android-IOS-Automation/src/test/resources/iosapp/My Demo App.app/My Demo App (for architecture x86_64):	Mach-O 64-bit executable x86_64
/Users/mac/Documents/Appium-Android-IOS-Automation/src/test/resources/iosapp/My Demo App.app/My Demo App (for architecture arm64):	Mach-O 64-bit executable arm64
&amp#27;[38;5;93m[c258be5a]&amp#27;[0m&amp#27;[38;5;78m[XCUITestDriver@26e2]&amp#27;[0m App 'com.saucelabs.mydemo.app.ios' is already installed
&amp#27;[38;5;93m[c258be5a]&amp#27;[0m&amp#27;[38;5;78m[XCUITestDriver@26e2]&amp#27;[0m Reset requested. Removing app with id 'com.saucelabs.mydemo.app.ios' from the device
&amp#27;[38;5;93m[c258be5a]&amp#27;[0m&amp#27;[38;5;78m[XCUITestDriver@26e2]&amp#27;[0m Installing '/Users/mac/Documents/Appium-Android-IOS-Automation/src/test/resources/iosapp/My Demo App.app' on Simulator with UUID '1C2AD9B1-C90B-448A-AD73-5B39FE753230'...
&amp#27;[38;5;93m[c258be5a]&amp#27;[0m&amp#27;[38;5;78m[XCUITestDriver@26e2]&amp#27;[0m The app has been successfully installed in 1948ms
&amp#27;[38;5;93m[c258be5a]&amp#27;[0m&amp#27;[38;5;78m[XCUITestDriver@26e2]&amp#27;[0m Event 'appInstalled' logged at 1736172709856 (21:11:49 GMT+0700 (Indochina Time))
&amp#27;[38;5;93m[c258be5a]&amp#27;[0m&amp#27;[38;5;78m[XCUITestDriver@26e2]&amp#27;[0m No obsolete cached processes from previous WDA sessions listening on port 8100 have been found
&amp#27;[38;5;93m[c258be5a]&amp#27;[0m&amp#27;[38;5;23m[DevCon Factory]&amp#27;[0m Requesting connection for device 1C2AD9B1-C90B-448A-AD73-5B39FE753230 on local port 8100
&amp#27;[38;5;93m[c258be5a]&amp#27;[0m&amp#27;[38;5;23m[DevCon Factory]&amp#27;[0m Cached connections count: 0
&amp#27;[38;5;93m[c258be5a]&amp#27;[0m&amp#27;[38;5;23m[DevCon Factory]&amp#27;[0m Successfully requested the connection for 1C2AD9B1-C90B-448A-AD73-5B39FE753230:8100
&amp#27;[38;5;93m[c258be5a]&amp#27;[0m&amp#27;[38;5;78m[XCUITestDriver@26e2]&amp#27;[0m Starting WebDriverAgent initialization with the synchronization key 'XCUITestDriver'
&amp#27;[38;5;93m[c258be5a]&amp#27;[0m&amp#27;[38;5;151m[WD Proxy]&amp#27;[0m Matched '/status' to command name 'getStatus'
&amp#27;[38;5;93m[c258be5a]&amp#27;[0m&amp#27;[38;5;151m[WD Proxy]&amp#27;[0m Proxying [GET /status] to [GET http://127.0.0.1:8100/status] with no body
&amp#27;[38;5;93m[c258be5a]&amp#27;[0m&amp#27;[38;5;151m[WD Proxy]&amp#27;[0m connect ECONNREFUSED 127.0.0.1:8100
&amp#27;[38;5;93m[c258be5a]&amp#27;[0m&amp#27;[38;5;78m[XCUITestDriver@26e2]&amp#27;[0m WDA is not listening at 'http://127.0.0.1:8100/'. Original error:: An unknown server-side error occurred while processing the command. Original error: Could not proxy command to the remote server. Original error: connect ECONNREFUSED 127.0.0.1:8100
&amp#27;[38;5;93m[c258be5a]&amp#27;[0m&amp#27;[38;5;78m[XCUITestDriver@26e2]&amp#27;[0m WDA is currently not running. There is nothing to cache
&amp#27;[38;5;93m[c258be5a]&amp#27;[0m&amp#27;[38;5;78m[XCUITestDriver@26e2]&amp#27;[0m Trying to start WebDriverAgent 2 times with 10000ms interval
&amp#27;[38;5;93m[c258be5a]&amp#27;[0m&amp#27;[38;5;78m[XCUITestDriver@26e2]&amp#27;[0m These values can be customized by changing wdaStartupRetries/wdaStartupRetryInterval capabilities
&amp#27;[38;5;93m[c258be5a]&amp#27;[0m&amp#27;[38;5;78m[XCUITestDriver@26e2]&amp#27;[0m Event 'wdaStartAttempted' logged at 1736172710430 (21:11:50 GMT+0700 (Indochina Time))
&amp#27;[38;5;93m[c258be5a]&amp#27;[0m&amp#27;[38;5;78m[XCUITestDriver@26e2]&amp#27;[0m Launching WebDriverAgent on the device
&amp#27;[38;5;93m[c258be5a]&amp#27;[0m&amp#27;[38;5;78m[XCUITestDriver@26e2]&amp#27;[0m There is no need to perform the project cleanup. A fresh install has been detected
&amp#27;[38;5;93m[c258be5a]&amp#27;[0m&amp#27;[38;5;21m[WebDriverAgent]&amp#27;[0m Killing running processes 'xcodebuild.*1C2AD9B1-C90B-448A-AD73-5B39FE753230, 1C2AD9B1-C90B-448A-AD73-5B39FE753230.*XCTRunner, xctest.*1C2AD9B1-C90B-448A-AD73-5B39FE753230' for the device 1C2AD9B1-C90B-448A-AD73-5B39FE753230...
&amp#27;[38;5;93m[c258be5a]&amp#27;[0m&amp#27;[38;5;21m[WebDriverAgent]&amp#27;[0m 'pgrep -if xcodebuild.*1C2AD9B1-C90B-448A-AD73-5B39FE753230' didn't detect any matching processes. Return code: 1
&amp#27;[38;5;93m[c258be5a]&amp#27;[0m&amp#27;[38;5;21m[WebDriverAgent]&amp#27;[0m 'pgrep -if 1C2AD9B1-C90B-448A-AD73-5B39FE753230.*XCTRunner' didn't detect any matching processes. Return code: 1
&amp#27;[38;5;93m[c258be5a]&amp#27;[0m&amp#27;[38;5;21m[WebDriverAgent]&amp#27;[0m 'pgrep -if xctest.*1C2AD9B1-C90B-448A-AD73-5B39FE753230' didn't detect any matching processes. Return code: 1
&amp#27;[38;5;93m[c258be5a]&amp#27;[0m&amp#27;[38;5;78m[XCUITestDriver@26e2]&amp#27;[0m Beginning test with command 'xcodebuild build-for-testing test-without-building -project /Users/mac/.appium/node_modules/appium-xcuitest-driver/node_modules/appium-webdriveragent/WebDriverAgent.xcodeproj -scheme WebDriverAgentRunner -destination id=1C2AD9B1-C90B-448A-AD73-5B39FE753230 IPHONEOS_DEPLOYMENT_TARGET=1.0 GCC_TREAT_WARNINGS_AS_ERRORS=0 COMPILER_INDEX_STORE_ENABLE=NO' in directory '/Users/mac/.appium/node_modules/appium-xcuitest-driver/node_modules/appium-webdriveragent'
&amp#27;[38;5;93m[c258be5a]&amp#27;[0m&amp#27;[38;5;78m[XCUITestDriver@26e2]&amp#27;[0m Output from xcodebuild will be logged. To change this, use 'showXcodeLog' desired capability
&amp#27;[38;5;93m[c258be5a]&amp#27;[0m&amp#27;[38;5;173m[Xcode]&amp#27;[0m Command line invocation:
&amp#27;[38;5;93m[c258be5a]&amp#27;[0m&amp#27;[38;5;173m[Xcode]&amp#27;[0m     /Users/mac/Downloads/Xcode.app/Contents/Developer/usr/bin/xcodebuild build-for-testing test-without-building -project /Users/mac/.appium/node_modules/appium-xcuitest-driver/node_modules/appium-webdriveragent/WebDriverAgent.xcodeproj -scheme WebDriverAgentRunner -destination id=1C2AD9B1-C90B-448A-AD73-5B39FE753230 IPHONEOS_DEPLOYMENT_TARGET=1.0 GCC_TREAT_WARNINGS_AS_ERRORS=0 COMPILER_INDEX_STORE_ENABLE=NO
&amp#27;[38;5;93m[c258be5a]&amp#27;[0m&amp#27;[38;5;173m[Xcode]&amp#27;[0m 
&amp#27;[38;5;93m[c258be5a]&amp#27;[0m&amp#27;[38;5;173m[Xcode]&amp#27;[0m User defaults from command line:
&amp#27;[38;5;93m[c258be5a]&amp#27;[0m&amp#27;[38;5;173m[Xcode]&amp#27;[0m     IDEPackageSupportUseBuiltinSCM = YES
&amp#27;[38;5;93m[c258be5a]&amp#27;[0m&amp#27;[38;5;173m[Xcode]&amp#27;[0m 
&amp#27;[38;5;93m[c258be5a]&amp#27;[0m&amp#27;[38;5;173m[Xcode]&amp#27;[0m Build settings from command line:
&amp#27;[38;5;93m[c258be5a]&amp#27;[0m&amp#27;[38;5;173m[Xcode]&amp#27;[0m     COMPILER_INDEX_STORE_ENABLE = NO
&amp#27;[38;5;93m[c258be5a]&amp#27;[0m&amp#27;[38;5;173m[Xcode]&amp#27;[0m     GCC_TREAT_WARNINGS_AS_ERRORS = 0
&amp#27;[38;5;93m[c258be5a]&amp#27;[0m&amp#27;[38;5;173m[Xcode]&amp#27;[0m     IPHONEOS_DEPLOYMENT_TARGET = 1.0
&amp#27;[38;5;93m[c258be5a]&amp#27;[0m&amp#27;[38;5;173m[Xcode]&amp#27;[0m 
&amp#27;[38;5;93m[c258be5a]&amp#27;[0m&amp#27;[38;5;78m[XCUITestDriver@26e2]&amp#27;[0m Waiting up to 60000ms for WebDriverAgent to start
&amp#27;[38;5;93m[c258be5a]&amp#27;[0m&amp#27;[38;5;78m[XCUITestDriver@26e2]&amp#27;[0m Matched '/status' to command name 'getStatus'
&amp#27;[38;5;93m[c258be5a]&amp#27;[0m&amp#27;[38;5;78m[XCUITestDriver@26e2]&amp#27;[0m Proxying [GET /status] to [GET http://127.0.0.1:8100/status] with no body
&amp#27;[38;5;93m[c258be5a]&amp#27;[0m&amp#27;[38;5;78m[XCUITestDriver@26e2]&amp#27;[0m connect ECONNREFUSED 127.0.0.1:8100
&amp#27;[38;5;93m[c258be5a]&amp#27;[0m&amp#27;[38;5;78m[XCUITestDriver@26e2]&amp#27;[0m Parsed BUILD_DIR configuration value: '/Users/mac/Library/Developer/Xcode/DerivedData/WebDriverAgent-ftyyjphyaxmwnxbquukpkjatjqxc/Build/Products'
&amp#27;[38;5;93m[c258be5a]&amp#27;[0m&amp#27;[38;5;78m[XCUITestDriver@26e2]&amp#27;[0m Got derived data root: '/Users/mac/Library/Developer/Xcode/DerivedData/WebDriverAgent-ftyyjphyaxmwnxbquukpkjatjqxc'
&amp#27;[38;5;93m[c258be5a]&amp#27;[0m&amp#27;[38;5;78m[XCUITestDriver@26e2]&amp#27;[0m Matched '/status' to command name 'getStatus'
&amp#27;[38;5;93m[c258be5a]&amp#27;[0m&amp#27;[38;5;78m[XCUITestDriver@26e2]&amp#27;[0m Proxying [GET /status] to [GET http://127.0.0.1:8100/status] with no body
&amp#27;[38;5;93m[c258be5a]&amp#27;[0m&amp#27;[38;5;78m[XCUITestDriver@26e2]&amp#27;[0m connect ECONNREFUSED 127.0.0.1:8100
&amp#27;[38;5;93m[c258be5a]&amp#27;[0m&amp#27;[38;5;78m[XCUITestDriver@26e2]&amp#27;[0m Matched '/status' to command name 'getStatus'
&amp#27;[38;5;93m[c258be5a]&amp#27;[0m&amp#27;[38;5;78m[XCUITestDriver@26e2]&amp#27;[0m Proxying [GET /status] to [GET http://127.0.0.1:8100/status] with no body
&amp#27;[38;5;93m[c258be5a]&amp#27;[0m&amp#27;[38;5;78m[XCUITestDriver@26e2]&amp#27;[0m connect ECONNREFUSED 127.0.0.1:8100
&amp#27;[38;5;93m[c258be5a]&amp#27;[0m&amp#27;[38;5;173m[Xcode]&amp#27;[0m note: Using new build system
&amp#27;[38;5;93m[c258be5a]&amp#27;[0m&amp#27;[38;5;173m[Xcode]&amp#27;[0m note: Planning
&amp#27;[38;5;93m[c258be5a]&amp#27;[0m&amp#27;[38;5;173m[Xcode]&amp#27;[0m Analyze workspace
&amp#27;[38;5;93m[c258be5a]&amp#27;[0m&amp#27;[38;5;173m[Xcode]&amp#27;[0m 
&amp#27;[38;5;93m[c258be5a]&amp#27;[0m&amp#27;[38;5;173m[Xcode]&amp#27;[0m Create build description
&amp#27;[38;5;93m[c258be5a]&amp#27;[0m&amp#27;[38;5;78m[XCUITestDriver@26e2]&amp#27;[0m Matched '/status' to command name 'getStatus'
&amp#27;[38;5;93m[c258be5a]&amp#27;[0m&amp#27;[38;5;78m[XCUITestDriver@26e2]&amp#27;[0m Proxying [GET /status] to [GET http://127.0.0.1:8100/status] with no body
&amp#27;[38;5;93m[c258be5a]&amp#27;[0m&amp#27;[38;5;78m[XCUITestDriver@26e2]&amp#27;[0m connect ECONNREFUSED 127.0.0.1:8100
&amp#27;[38;5;93m[c258be5a]&amp#27;[0m&amp#27;[38;5;173m[Xcode]&amp#27;[0m Build description signature: 3cc4f0c55136a65f9260c02b1974d211
&amp#27;[38;5;93m[c258be5a]&amp#27;[0m&amp#27;[38;5;173m[Xcode]&amp#27;[0m Build description path: /Users/mac/Library/Developer/Xcode/DerivedData/WebDriverAgent-ftyyjphyaxmwnxbquukpkjatjqxc/Build/Intermediates.noindex/XCBuildData/3cc4f0c55136a65f9260c02b1974d211-desc.xcbuild
&amp#27;[38;5;93m[c258be5a]&amp#27;[0m&amp#27;[38;5;173m[Xcode]&amp#27;[0m 
&amp#27;[38;5;93m[c258be5a]&amp#27;[0m&amp#27;[38;5;173m[Xcode]&amp#27;[0m note: Build preparation complete
&amp#27;[38;5;93m[c258be5a]&amp#27;[0m&amp#27;[38;5;173m[Xcode]&amp#27;[0m note: Building targets in dependency order
&amp#27;[38;5;93m[c258be5a]&amp#27;[0m&amp#27;[38;5;173m[Xcode]&amp#27;[0m /Users/mac/.appium/node_modules/appium-xcuitest-driver/node_modules/appium-webdriveragent/WebDriverAgent.xcodeproj: warning: The iOS Simulator deployment target 'IPHONEOS_DEPLOYMENT_TARGET' is set to 1.0, but the range of supported deployment target versions is 9.0 to 15.2.99. (in target 'WebDriverAgentLib' from project 'WebDriverAgent')
&amp#27;[38;5;93m[c258be5a]&amp#27;[0m&amp#27;[38;5;173m[Xcode]&amp#27;[0m WriteAuxiliaryFile /Users/mac/Library/Developer/Xcode/DerivedData/WebDriverAgent-ftyyjphyaxmwnxbquukpkjatjqxc/Build/Intermediates.noindex/WebDriverAgent.build/Debug-iphonesimulator/WebDriverAgentLib.build/WebDriverAgentLib-all-non-framework-target-headers.hmap (in target 'WebDriverAgentLib' from project 'WebDriverAgent')
&amp#27;[38;5;93m[c258be5a]&amp#27;[0m&amp#27;[38;5;173m[Xcode]&amp#27;[0m     cd /Users/mac/.appium/node_modules/appium-xcuitest-driver/node_modules/appium-webdriveragent
&amp#27;[38;5;93m[c258be5a]&amp#27;[0m&amp#27;[38;5;173m[Xcode]&amp#27;[0m     write-file /Users/mac/Library/Developer/Xcode/DerivedData/WebDriverAgent-ftyyjphyaxmwnxbquukpkjatjqxc/Build/Intermediates.noindex/WebDriverAgent.build/Debug-iphonesimulator/WebDriverAgentLib.build/WebDriverAgentLib-all-non-framework-target-headers.hmap
&amp#27;[38;5;93m[c258be5a]&amp#27;[0m&amp#27;[38;5;173m[Xcode]&amp#27;[0m 
&amp#27;[38;5;93m[c258be5a]&amp#27;[0m&amp#27;[38;5;173m[Xcode]&amp#27;[0m CompileC /Users/mac/Library/Developer/Xcode/DerivedData/WebDriverAgent-ftyyjphyaxmwnxbquukpkjatjqxc/Build/Intermediates.noindex/WebDriverAgent.build/Debug-iphonesimulator/WebDriverAgentLib.build/Objects-normal/x86_64/XCUIElement+FBPickerWheel.o /Users/mac/.appium/node_modules/appium-xcuitest-driver/node_modules/appium-webdriveragent/WebDriverAgentLib/Categories/XCUIElement+FBPickerWheel.m normal x86_64 objective-c com.apple.compilers.llvm.clang.1_0.compiler (in target 'WebDriverAgentLib' from project 'WebDriverAgent')
&amp#27;[38;5;93m[c258be5a]&amp#27;[0m&amp#27;[38;5;173m[Xcode]&amp#27;[0m     cd /Users/mac/.appium/node_modules/appium-xcuitest-driver/node_modules/appium-webdriveragent
&amp#27;[38;5;93m[c258be5a]&amp#27;[0m&amp#27;[38;5;173m[Xcode]&amp#27;[0m     export LANG\=en_US.US-ASCII
&amp#27;[38;5;93m[c258be5a]&amp#27;[0m&amp#27;[38;5;173m[Xcode]&amp#27;[0m     /Users/mac/Downloads/Xcode.app/Contents/Developer/Toolchains/XcodeDefault.xctoolchain/usr/bin/clang -x objective-c -target x86_64-apple-ios1.0-simulator -fmessage-length\=0 -fdiagnostics-show-note-include-stack -fmacro-backtrace-limit\=0 -std\=gnu99 -fobjc-arc -fmodules -gmodules -fmodules-cache-path\=/Users/mac/Library/Developer/Xcode/DerivedData/ModuleCache.noindex -fmodules-prune-interval\=86400 -fmodules-prune-after\=345600 -fbuild-session-file\=/Users/mac/Library/Developer/Xcode/DerivedData/ModuleCache.noindex/Session.modulevalidation -fmodules-validate-once-per-build-session -Wno-trigraphs -fpascal-strings -O0 -fno-common -Wmissing-field-initializers -Wno-missing-prototypes -Werror\=return-type -Wunreachable-code -Wquoted-include-in-framework-header -Wno-implicit-atomic-properties -Werror\=deprecated-objc-isa-usage -Wno-objc-interface-ivars -Werror\=objc-root-class -Warc-repeated-use-of-weak -Wno-arc-maybe-repeated-use-of-weak -Wimplicit-retain-self -Wduplicate-method-match -Wno-missing-braces -Wparentheses -Wswitch -Wunused-function -Wno-unused-label -Wunused-parameter -Wunused-variable -Wunused-value -Wempty-body -Wuninitialized -Wconditional-uninitialized -Wno-unknown-pragmas -pedantic -Wshadow -Wno-four-char-constants -Wconversion -Wconstant-conversion -Wint-conversion -Wbool-conversion -Wenum-conversion -Wfloat-conversion -Wnon-literal-null-conversion -Wobjc-literal-conversion -Wassign-enum -Wsign-compare -Wshorten-64-to-32 -Wpointer-sign -Wno-newline-eof -Wno-selector -Wno-strict-selector-match -Wundeclared-selector -Wdeprecated-implementations -DDEBUG\=1 -DOBJC_OLD_DISPATCH_PROTOTYPES\=0 -isysroot /Users/mac/Downloads/Xcode.app/Contents/Developer/Platforms/iPhoneSimulator.platform/Developer/SDKs/iPhoneSimulator15.2.sdk -fasm-blocks -fstrict-aliasing -Wprotocol -Wdeprecated-declarations -g -Wno-sign-conversion -Winfinite-recursion -Wcomma -Wblock-capture-autoreleasing -Wstrict-prototypes -Wno-semicolon-before-method-body -fobjc-abi-version\=2 -fobjc-legacy-dispatch -iquote /Users/mac/Library/Developer/Xcode/DerivedData/WebDriverAgent-ftyyjphyaxmwnxbquukpkjatjqxc/Build/Intermediates.noindex/WebDriverAgent.build/Debug-iphonesimulator/WebDriverAgentLib.build/WebDriverAgentLib-generated-files.hmap -I/Users/mac/Library/Developer/Xcode/DerivedData/WebDriverAgent-ftyyjphyaxmwnxbquukpkjatjqxc/Build/Intermediates.noindex/WebDriverAgent.build/Debug-iphonesimulator/WebDriverAgentLib.build/WebDriverAgentLib-own-target-headers.hmap -I/Users/mac/Library/Developer/Xcode/DerivedData/WebDriverAgent-ftyyjphyaxmwnxbquukpkjatjqxc/Build/Intermediates.noindex/WebDriverAgent.build/Debug-iphonesimulator/WebDriverAgentLib.build/WebDriverAgentLib-all-target-headers.hmap -iquote /Users/mac/Library/Developer/Xcode/DerivedData/WebDriverAgent-ftyyjphyaxmwnxbquukpkjatjqxc/Build/Intermediates.noindex/WebDriverAgent.build/Debug-iphonesimulator/WebDriverAgentLib.build/WebDriverAgentLib-project-headers.hmap -I/Users/mac/Library/Developer/Xcode/DerivedData/WebDriverAgent-ftyyjphyaxmwnxbquukpkjatjqxc/Build/Products/Debug-iphonesimulator/include -I/Users/mac/Downloads/Xcode.app/Contents/Developer/Platforms/iPhoneSimulator.platform/Developer/SDKs/iPhoneSimulator15.2.sdk/usr/include/libxml2 -I/Users/mac/.appium/node_modules/appium-xcuitest-driver/node_modules/appium-webdriveragent/Modules -I/Users/mac/Library/Developer/Xcode/DerivedData/WebDriverAgent-ftyyjphyaxmwnxbquukpkjatjqxc/Build/Intermediates.noindex/WebDriverAgent.build/Debug-iphonesimulator/WebDriverAgentLib.build/DerivedSources-normal/x86_64 -I/Users/mac/Library/Developer/Xcode/DerivedData/WebDriverAgent-ftyyjphyaxmwnxbquukpkjatjqxc/Build/Intermediates.noindex/WebDriverAgent.build/Debug-iphonesimulator/WebDriverAgentLib.build/DerivedSources/x86_64 -I/Users/mac/Library/Developer/Xcode/DerivedData/WebDriverAgent-ftyyjphyaxmwnxbquukpkjatjqxc/Build/Intermediates.noindex/WebDriverAgent.build/Debug-iphonesimulator/WebDriverAgentLib.build/DerivedSources -Weverything -Wno-objc-missing-property-synthesis -Wno-unused-macros -Wno-disabled-macro-expansion -Wno-gnu-statement-expression -Wno-language-extension-token -Wno-overriding-method-mismatch -Wno-missing-variable-declarations -Rno-module-build -Wno-auto-import -Wno-objc-interface-ivars -Wno-documentation-unknown-command -Wno-reserved-id-macro -Wno-unused-parameter -Wno-gnu-conditional-omitted-operand -Wno-explicit-ownership-type -Wno-date-time -Wno-cast-align -Wno-cstring-format-directive -Wno-double-promotion -Wno-partial-availability -Weverything -Wno-objc-missing-property-synthesis -Wno-unused-macros -Wno-disabled-macro-expansion -Wno-gnu-statement-expression -Wno-language-extension-token -Wno-overriding-method-mismatch -Wno-missing-variable-declarations -Rno-module-build -Wno-auto-import -Wno-objc-interface-ivars -Wno-documentation-unknown-command -Wno-reserved-id-macro -Wno-unused-parameter -Wno-gnu-conditional-omitted-operand -Wno-explicit-ownership-type -Wno-date-time -Wno-cast-align -Wno-cstring-format-directive -Wno-double-promotion -Wno-partial-availability -Wno-objc-messaging-id -Wno-direct-ivar-access -Wno-cast-qual -Wno-declaration-after-statement -F/Users/mac/Library/Developer/Xcode/DerivedData/WebDriverAgent-ftyyjphyaxmwnxbquukpkjatjqxc/Build/Products/Debug-iphonesimulator -F/Users/mac/Downloads/Xcode.app/Contents/Developer/Platforms/iPhoneSimulator.platform/Developer/Library/Frameworks -F/Users/mac/Downloads/Xcode.app/Contents/Developer/Platforms/iPhoneSimulator.platform/Developer/Library/PrivateFrameworks -iframework /Users/mac/Downloads/Xcode.app/Contents/Developer/Platforms/iPhoneSimulator.platform/Developer/SDKs/iPhoneSimulator15.2.sdk/Developer/Library/Frameworks -MMD -MT dependencies -MF /Users/mac/Library/Developer/Xcode/DerivedData/WebDriverAgent-ftyyjphyaxmwnxbquukpkjatjqxc/Build/Intermediates.noindex/WebDriverAgent.build/Debug-iphonesimulator/WebDriverAgentLib.build/Objects-normal/x86_64/XCUIElement+FBPickerWheel.d --serialize-diagnostics /Users/mac/Library/Developer/Xcode/DerivedData/WebDriverAgent-ftyyjphyaxmwnxbquukpkjatjqxc/Build/Intermediates.noindex/WebDriverAgent.build/Debug-iphonesimulator/WebDriverAgentLib.build/Objects-normal/x86_64/XCUIElement+FBPickerWheel.dia -c /Users/mac/.appium/node_modules/appium-xcuitest-driver/node_modules/appium-webdriveragent/WebDriverAgentLib/Categories/XCUIElement+FBPickerWheel.m -o /Users/mac/Library/Developer/Xcode/DerivedData/WebDriverAgent-ftyyjphyaxmwnxbquukpkjatjqxc/Build/Intermediates.noindex/WebDriverAgent.build/Debug-iphonesimulator/WebDriverAgentLib.build/Objects-normal/x86_64/XCUIElement+FBPickerWheel.o
&amp#27;[38;5;93m[c258be5a]&amp#27;[0m&amp#27;[38;5;78m[XCUITestDriver@26e2]&amp#27;[0m Matched '/status' to command name 'getStatus'
&amp#27;[38;5;93m[c258be5a]&amp#27;[0m&amp#27;[38;5;78m[XCUITestDriver@26e2]&amp#27;[0m Proxying [GET /status] to [GET http://127.0.0.1:8100/status] with no body
&amp#27;[38;5;93m[c258be5a]&amp#27;[0m&amp#27;[38;5;78m[XCUITestDriver@26e2]&amp#27;[0m connect ECONNREFUSED 127.0.0.1:8100
&amp#27;[38;5;93m[c258be5a]&amp#27;[0m&amp#27;[38;5;78m[XCUITestDriver@26e2]&amp#27;[0m Matched '/status' to command name 'getStatus'
&amp#27;[38;5;93m[c258be5a]&amp#27;[0m&amp#27;[38;5;78m[XCUITestDriver@26e2]&amp#27;[0m Proxying [GET /status] to [GET http://127.0.0.1:8100/status] with no body
&amp#27;[38;5;93m[c258be5a]&amp#27;[0m&amp#27;[38;5;78m[XCUITestDriver@26e2]&amp#27;[0m connect ECONNREFUSED 127.0.0.1:8100
&amp#27;[38;5;93m[c258be5a]&amp#27;[0m&amp#27;[38;5;173m[Xcode]&amp#27;[0m 
&amp#27;[38;5;93m[c258be5a]&amp#27;[0m&amp#27;[38;5;173m[Xcode]&amp#27;[0m CompileC /Users/mac/Library/Developer/Xcode/DerivedData/WebDriverAgent-ftyyjphyaxmwnxbquukpkjatjqxc/Build/Intermediates.noindex/WebDriverAgent.build/Debug-iphonesimulator/WebDriverAgentLib.build/Objects-normal/x86_64/WebDriverAgentLib_vers.o /Users/mac/Library/Developer/Xcode/DerivedData/WebDriverAgent-ftyyjphyaxmwnxbquukpkjatjqxc/Build/Intermediates.noindex/WebDriverAgent.build/Debug-iphonesimulator/WebDriverAgentLib.build/DerivedSources/WebDriverAgentLib_vers.c normal x86_64 c com.apple.compilers.llvm.clang.1_0.compiler (in target 'WebDriverAgentLib' from project 'WebDriverAgent')
&amp#27;[38;5;93m[c258be5a]&amp#27;[0m&amp#27;[38;5;173m[Xcode]&amp#27;[0m     cd /Users/mac/.appium/node_modules/appium-xcuitest-driver/node_modules/appium-webdriveragent
&amp#27;[38;5;93m[c258be5a]&amp#27;[0m&amp#27;[38;5;173m[Xcode]&amp#27;[0m     export LANG\=en_US.US-ASCII
&amp#27;[38;5;93m[c258be5a]&amp#27;[0m&amp#27;[38;5;173m[Xcode]&amp#27;[0m     /Users/mac/Downloads/Xcode.app/Contents/Developer/Toolchains/XcodeDefault.xctoolchain/usr/bin/clang -x c -target x86_64-apple-ios1.0-simulator -fmessage-length\=0 -fdiagnostics-show-note-include-stack -fmacro-backtrace-limit\=0 -std\=gnu99 -fmodules -gmodules -fmodules-cache-path\=/Users/mac/Library/Developer/Xcode/DerivedData/ModuleCache.noindex -fmodules-prune-interval\=86400 -fmodules-prune-after\=345600 -fbuild-session-file\=/Users/mac/Library/Developer/Xcode/DerivedData/ModuleCache.noindex/Session.modulevalidation -fmodules-validate-once-per-build-session -Wno-trigraphs -fpascal-strings -O0 -fno-common -Wmissing-field-initializers -Wno-missing-prototypes -Werror\=return-type -Wunreachable-code -Wquoted-include-in-framework-header -Werror\=deprecated-objc-isa-usage -Werror\=objc-root-class -Wno-missing-braces -Wparentheses -Wswitch -Wunused-function -Wno-unused-label -Wunused-parameter -Wunused-variable -Wunused-value -Wempty-body -Wuninitialized -Wconditional-uninitialized -Wno-unknown-pragmas -pedantic -Wshadow -Wno-four-char-constants -Wconversion -Wconstant-conversion -Wint-conversion -Wbool-conversion -Wenum-conversion -Wfloat-conversion -Wnon-literal-null-conversion -Wobjc-literal-conversion -Wassign-enum -Wsign-compare -Wshorten-64-to-32 -Wpointer-sign -Wno-newline-eof -DDEBUG\=1 -isysroot /Users/mac/Downloads/Xcode.app/Contents/Developer/Platforms/iPhoneSimulator.platform/Developer/SDKs/iPhoneSimulator15.2.sdk -fasm-blocks -fstrict-aliasing -Wdeprecated-declarations -g -Wno-sign-conversion -Winfinite-recursion -Wcomma -Wblock-capture-autoreleasing -Wstrict-prototypes -Wno-semicolon-before-method-body -iquote /Users/mac/Library/Developer/Xcode/DerivedData/WebDriverAgent-ftyyjphyaxmwnxbquukpkjatjqxc/Build/Intermediates.noindex/WebDriverAgent.build/Debug-iphonesimulator/WebDriverAgentLib.build/WebDriverAgentLib-generated-files.hmap -I/Users/mac/Library/Developer/Xcode/DerivedData/WebDriverAgent-ftyyjphyaxmwnxbquukpkjatjqxc/Build/Intermediates.noindex/WebDriverAgent.build/Debug-iphonesimulator/WebDriverAgentLib.build/WebDriverAgentLib-own-target-headers.hmap -I/Users/mac/Library/Developer/Xcode/DerivedData/WebDriverAgent-ftyyjphyaxmwnxbquukpkjatjqxc/Build/Intermediates.noindex/WebDriverAgent.build/Debug-iphonesimulator/WebDriverAgentLib.build/WebDriverAgentLib-all-target-headers.hmap -iquote /Users/mac/Library/Developer/Xcode/DerivedData/WebDriverAgent-ftyyjphyaxmwnxbquukpkjatjqxc/Build/Intermediates.noindex/WebDriverAgent.build/Debug-iphonesimulator/WebDriverAgentLib.build/WebDriverAgentLib-project-headers.hmap -I/Users/mac/Library/Developer/Xcode/DerivedData/WebDriverAgent-ftyyjphyaxmwnxbquukpkjatjqxc/Build/Products/Debug-iphonesimulator/include -I/Users/mac/Downloads/Xcode.app/Contents/Developer/Platforms/iPhoneSimulator.platform/Developer/SDKs/iPhoneSimulator15.2.sdk/usr/include/libxml2 -I/Users/mac/.appium/node_modules/appium-xcuitest-driver/node_modules/appium-webdriveragent/Modules -I/Users/mac/Library/Developer/Xcode/DerivedData/WebDriverAgent-ftyyjphyaxmwnxbquukpkjatjqxc/Build/Intermediates.noindex/WebDriverAgent.build/Debug-iphonesimulator/WebDriverAgentLib.build/DerivedSources-normal/x86_64 -I/Users/mac/Library/Developer/Xcode/DerivedData/WebDriverAgent-ftyyjphyaxmwnxbquukpkjatjqxc/Build/Intermediates.noindex/WebDriverAgent.build/Debug-iphonesimulator/WebDriverAgentLib.build/DerivedSources/x86_64 -I/Users/mac/Library/Developer/Xcode/DerivedData/WebDriverAgent-ftyyjphyaxmwnxbquukpkjatjqxc/Build/Intermediates.noindex/WebDriverAgent.build/Debug-iphonesimulator/WebDriverAgentLib.build/DerivedSources -Weverything -Wno-objc-missing-property-synthesis -Wno-unused-macros -Wno-disabled-macro-expansion -Wno-gnu-statement-expression -Wno-language-extension-token -Wno-overriding-method-mismatch -Wno-missing-variable-declarations -Rno-module-build -Wno-auto-import -Wno-objc-interface-ivars -Wno-documentation-unknown-command -Wno-reserved-id-macro -Wno-unused-parameter -Wno-gnu-conditional-omitted-operand -Wno-explicit-ownership-type -Wno-date-time -Wno-cast-align -Wno-cstring-format-directive -Wno-double-promotion -Wno-partial-availability -Weverything -Wno-objc-missing-property-synthesis -Wno-unused-macros -Wno-disabled-macro-expansion -Wno-gnu-statement-expression -Wno-language-extension-token -Wno-overriding-method-mismatch -Wno-missing-variable-declarations -Rno-module-build -Wno-auto-import -Wno-objc-interface-ivars -Wno-documentation-unknown-command -Wno-reserved-id-macro -Wno-unused-parameter -Wno-gnu-conditional-omitted-operand -Wno-explicit-ownership-type -Wno-date-time -Wno-cast-align -Wno-cstring-format-directive -Wno-double-promotion -Wno-partial-availability -Wno-objc-messaging-id -Wno-direct-ivar-access -Wno-cast-qual -Wno-declaration-after-statement -F/Users/mac/Library/Developer/Xcode/DerivedData/WebDriverAgent-ftyyjphyaxmwnxbquukpkjatjqxc/Build/Products/Debug-iphonesimulator -F/Users/mac/Downloads/Xcode.app/Contents/Developer/Platforms/iPhoneSimulator.platform/Developer/Library/Frameworks -F/Users/mac/Downloads/Xcode.app/Contents/Developer/Platforms/iPhoneSimulator.platform/Developer/Library/PrivateFrameworks -iframework /Users/mac/Downloads/Xcode.app/Contents/Developer/Platforms/iPhoneSimulator.platform/Developer/SDKs/iPhoneSimulator15.2.sdk/Developer/Library/Frameworks -MMD -MT dependencies -MF /Users/mac/Library/Developer/Xcode/DerivedData/WebDriverAgent-ftyyjphyaxmwnxbquukpkjatjqxc/Build/Intermediates.noindex/WebDriverAgent.build/Debug-iphonesimulator/WebDriverAgentLib.build/Objects-normal/x86_64/WebDriverAgentLib_vers.d --serialize-diagnostics /Users/mac/Library/Developer/Xcode/DerivedData/WebDriverAgent-ftyyjphyaxmwnxbquukpkjatjqxc/Build/Intermediates.noindex/WebDriverAgent.build/Debug-iphonesimulator/WebDriverAgentLib.build/Objects-normal/x86_64/WebDriverAgentLib_vers.dia -c /Users/mac/Library/Developer/Xcode/DerivedData/WebDriverAgent-ftyyjphyaxmwnxbquukpkjatjqxc/Build/Intermediates.noindex/WebDriverAgent.build/Debug-iphonesimulator/WebDriverAgentLib.build/DerivedSources/WebDriverAgentLib_vers.c -o /Users/mac/Library/Developer/Xcode/DerivedData/WebDriverAgent-ftyyjphyaxmwnxbquukpkjatjqxc/Build/Intermediates.noindex/WebDriverAgent.build/Debug-iphonesimulator/WebDriverAgentLib.build/Objects-normal/x86_64/WebDriverAgentLib_vers.o
&amp#27;[38;5;93m[c258be5a]&amp#27;[0m&amp#27;[38;5;173m[Xcode]&amp#27;[0m 
&amp#27;[38;5;93m[c258be5a]&amp#27;[0m&amp#27;[38;5;173m[Xcode]&amp#27;[0m CompileC /Users/mac/Library/Developer/Xcode/DerivedData/WebDriverAgent-ftyyjphyaxmwnxbquukpkjatjqxc/Build/Intermediates.noindex/WebDriverAgent.build/Debug-iphonesimulator/WebDriverAgentLib.build/Objects-normal/x86_64/HTTPConnection.o /Users/mac/.appium/node_modules/appium-xcuitest-driver/node_modules/appium-webdriveragent/WebDriverAgentLib/Vendor/CocoaHTTPServer/HTTPConnection.m normal x86_64 objective-c com.apple.compilers.llvm.clang.1_0.compiler (in target 'WebDriverAgentLib' from project 'WebDriverAgent')
&amp#27;[38;5;93m[c258be5a]&amp#27;[0m&amp#27;[38;5;173m[Xcode]&amp#27;[0m     cd /Users/mac/.appium/node_modules/appium-xcuitest-driver/node_modules/appium-webdriveragent
&amp#27;[38;5;93m[c258be5a]&amp#27;[0m&amp#27;[38;5;173m[Xcode]&amp#27;[0m     export LANG\=en_US.US-ASCII
&amp#27;[38;5;93m[c258be5a]&amp#27;[0m&amp#27;[38;5;173m[Xcode]&amp#27;[0m     /Users/mac/Downloads/Xcode.app/Contents/Developer/Toolchains/XcodeDefault.xctoolchain/usr/bin/clang -x objective-c -target x86_64-apple-ios1.0-simulator -fmessage-length\=0 -fdiagnostics-show-note-include-stack -fmacro-backtrace-limit\=0 -std\=gnu99 -fobjc-arc -fmodules -gmodules -fmodules-cache-path\=/Users/mac/Library/Developer/Xcode/DerivedData/ModuleCache.noindex -fmodules-prune-interval\=86400 -fmodules-prune-after\=345600 -fbuild-session-file\=/Users/mac/Library/Developer/Xcode/DerivedData/ModuleCache.noindex/Session.modulevalidation -fmodules-validate-once-per-build-session -Wno-trigraphs -fpascal-strings -O0 -fno-common -Wmissing-field-initializers -Wno-missing-prototypes -Werror\=return-type -Wunreachable-code -Wquoted-include-in-framework-header -Wno-implicit-atomic-properties -Werror\=deprecated-objc-isa-usage -Wno-objc-interface-ivars -Werror\=objc-root-class -Warc-repeated-use-of-weak -Wno-arc-maybe-repeated-use-of-weak -Wimplicit-retain-self -Wduplicate-method-match -Wno-missing-braces -Wparentheses -Wswitch -Wunused-function -Wno-unused-label -Wunused-parameter -Wunused-variable -Wunused-value -Wempty-body -Wuninitialized -Wconditional-uninitialized -Wno-unknown-pragmas -pedantic -Wshadow -Wno-four-char-constants -Wconversion -Wconstant-conversion -Wint-conversion -Wbool-conversion -Wenum-conversion -Wfloat-conversion -Wnon-literal-null-conversion -Wobjc-literal-conversion -Wassign-enum -Wsign-compare -Wshorten-64-to-32 -Wpointer-sign -Wno-newline-eof -Wno-selector -Wno-strict-selector-match -Wundeclared-selector -Wdeprecated-implementations -DDEBUG\=1 -DOBJC_OLD_DISPATCH_PROTOTYPES\=0 -isysroot /Users/mac/Downloads/Xcode.app/Contents/Developer/Platforms/iPhoneSimulator.platform/Developer/SDKs/iPhoneSimulator15.2.sdk -fasm-blocks -fstrict-aliasing -Wprotocol -Wdeprecated-declarations -g -Wno-sign-conversion -Winfinite-recursion -Wcomma -Wblock-capture-autoreleasing -Wstrict-prototypes -Wno-semicolon-before-method-body -fobjc-abi-version\=2 -fobjc-legacy-dispatch -iquote /Users/mac/Library/Developer/Xcode/DerivedData/WebDriverAgent-ftyyjphyaxmwnxbquukpkjatjqxc/Build/Intermediates.noindex/WebDriverAgent.build/Debug-iphonesimulator/WebDriverAgentLib.build/WebDriverAgentLib-generated-files.hmap -I/Users/mac/Library/Developer/Xcode/DerivedData/WebDriverAgent-ftyyjphyaxmwnxbquukpkjatjqxc/Build/Intermediates.noindex/WebDriverAgent.build/Debug-iphonesimulator/WebDriverAgentLib.build/WebDriverAgentLib-own-target-headers.hmap -I/Users/mac/Library/Developer/Xcode/DerivedData/WebDriverAgent-ftyyjphyaxmwnxbquukpkjatjqxc/Build/Intermediates.noindex/WebDriverAgent.build/Debug-iphonesimulator/WebDriverAgentLib.build/WebDriverAgentLib-all-target-headers.hmap -iquote /Users/mac/Library/Developer/Xcode/DerivedData/WebDriverAgent-ftyyjphyaxmwnxbquukpkjatjqxc/Build/Intermediates.noindex/WebDriverAgent.build/Debug-iphonesimulator/WebDriverAgentLib.build/WebDriverAgentLib-project-headers.hmap -I/Users/mac/Library/Developer/Xcode/DerivedData/WebDriverAgent-ftyyjphyaxmwnxbquukpkjatjqxc/Build/Products/Debug-iphonesimulator/include -I/Users/mac/Downloads/Xcode.app/Contents/Developer/Platforms/iPhoneSimulator.platform/Developer/SDKs/iPhoneSimulator15.2.sdk/usr/include/libxml2 -I/Users/mac/.appium/node_modules/appium-xcuitest-driver/node_modules/appium-webdriveragent/Modules -I/Users/mac/Library/Developer/Xcode/DerivedData/WebDriverAgent-ftyyjphyaxmwnxbquukpkjatjqxc/Build/Intermediates.noindex/WebDriverAgent.build/Debug-iphonesimulator/WebDriverAgentLib.build/DerivedSources-normal/x86_64 -I/Users/mac/Library/Developer/Xcode/DerivedData/WebDriverAgent-ftyyjphyaxmwnxbquukpkjatjqxc/Build/Intermediates.noindex/WebDriverAgent.build/Debug-iphonesimulator/WebDriverAgentLib.build/DerivedSources/x86_64 -I/Users/mac/Library/Developer/Xcode/DerivedData/WebDriverAgent-ftyyjphyaxmwnxbquukpkjatjqxc/Build/Intermediates.noindex/WebDriverAgent.build/Debug-iphonesimulator/WebDriverAgentLib.build/DerivedSources -Weverything -Wno-objc-missing-property-synthesis -Wno-unused-macros -Wno-disabled-macro-expansion -Wno-gnu-statement-expression -Wno-language-extension-token -Wno-overriding-method-mismatch -Wno-missing-variable-declarations -Rno-module-build -Wno-auto-import -Wno-objc-interface-ivars -Wno-documentation-unknown-command -Wno-reserved-id-macro -Wno-unused-parameter -Wno-gnu-conditional-omitted-operand -Wno-explicit-ownership-type -Wno-date-time -Wno-cast-align -Wno-cstring-format-directive -Wno-double-promotion -Wno-partial-availability -Weverything -Wno-objc-missing-property-synthesis -Wno-unused-macros -Wno-disabled-macro-expansion -Wno-gnu-statement-expression -Wno-language-extension-token -Wno-overriding-method-mismatch -Wno-missing-variable-declarations -Rno-module-build -Wno-auto-import -Wno-objc-interface-ivars -Wno-documentation-unknown-command -Wno-reserved-id-macro -Wno-unused-parameter -Wno-gnu-conditional-omitted-operand -Wno-explicit-ownership-type -Wno-date-time -Wno-cast-align -Wno-cstring-format-directive -Wno-double-promotion -Wno-partial-availability -Wno-objc-messaging-id -Wno-direct-ivar-access -Wno-cast-qual -Wno-declaration-after-statement -F/Users/mac/Library/Developer/Xcode/DerivedData/WebDriverAgent-ftyyjphyaxmwnxbquukpkjatjqxc/Build/Products/Debug-iphonesimulator -F/Users/mac/Downloads/Xcode.app/Contents/Developer/Platforms/iPhoneSimulator.platform/Developer/Library/Frameworks -F/Users/mac/Downloads/Xcode.app/Contents/Developer/Platforms/iPhoneSimulator.platform/Developer/Library/PrivateFrameworks -iframework /Users/mac/Downloads/Xcode.app/Contents/Developer/Platforms/iPhoneSimulator.platform/Developer/SDKs/iPhoneSimulator15.2.sdk/Developer/Library/Frameworks -MMD -MT dependencies -MF /Users/mac/Library/Developer/Xcode/DerivedData/WebDriverAgent-ftyyjphyaxmwnxbquukpkjatjqxc/Build/Intermediates.noindex/WebDriverAgent.build/Debug-iphonesimulator/WebDriverAgentLib.build/Objects-normal/x86_64/HTTPConnection.d --serialize-diagnostics /Users/mac/Library/Developer/Xcode/DerivedData/WebDriverAgent-ftyyjphyaxmwnxbquukpkjatjqxc/Build/Intermediates.noindex/WebDriverAgent.build/Debug-iphonesimulator/WebDriverAgentLib.build/Objects-normal/x86_64/HTTPConnection.dia -c /Users/mac/.appium/node_modules/appium-xcuitest-driver/node_modules/appium-webdriveragent/WebDriverAgentLib/Vendor/CocoaHTTPServer/HTTPConnection.m -o /Users/mac/Library/Developer/Xcode/DerivedData/WebDriverAgent-ftyyjphyaxmwnxbquukpkjatjqxc/Build/Intermediates.noindex/WebDriverAgent.build/Debug-iphonesimulator/WebDriverAgentLib.build/Objects-normal/x86_64/HTTPConnection.o
&amp#27;[38;5;93m[c258be5a]&amp#27;[0m&amp#27;[38;5;173m[Xcode]&amp#27;[0m 
&amp#27;[38;5;93m[c258be5a]&amp#27;[0m&amp#27;[38;5;173m[Xcode]&amp#27;[0m CompileC /Users/mac/Library/Developer/Xcode/DerivedData/WebDriverAgent-ftyyjphyaxmwnxbquukpkjatjqxc/Build/Intermediates.noindex/WebDriverAgent.build/Debug-iphonesimulator/WebDriverAgentLib.build/Objects-normal/x86_64/FBScreenshotCommands.o /Users/mac/.appium/node_modules/appium-xcuitest-driver/node_modules/appium-webdriveragent/WebDriverAgentLib/Commands/FBScreenshotCommands.m normal x86_64 objective-c com.apple.compilers.llvm.clang.1_0.compiler (in target 'WebDriverAgentLib' from project 'WebDriverAgent')
&amp#27;[38;5;93m[c258be5a]&amp#27;[0m&amp#27;[38;5;173m[Xcode]&amp#27;[0m     cd /Users/mac/.appium/node_modules/appium-xcuitest-driver/node_modules/appium-webdriveragent
&amp#27;[38;5;93m[c258be5a]&amp#27;[0m&amp#27;[38;5;173m[Xcode]&amp#27;[0m     export LANG\=en_US.US-ASCII
&amp#27;[38;5;93m[c258be5a]&amp#27;[0m&amp#27;[38;5;173m[Xcode]&amp#27;[0m     /Users/mac/Downloads/Xcode.app/Contents/Developer/Toolchains/XcodeDefault.xctoolchain/usr/bin/clang -x objective-c -target x86_64-apple-ios1.0-simulator -fmessage-length\=0 -fdiagnostics-show-note-include-stack -fmacro-backtrace-limit\=0 -std\=gnu99 -fobjc-arc -fmodules -gmodules -fmodules-cache-path\=/Users/mac/Library/Developer/Xcode/DerivedData/ModuleCache.noindex -fmodules-prune-interval\=86400 -fmodules-prune-after\=345600 -fbuild-session-file\=/Users/mac/Library/Developer/Xcode/DerivedData/ModuleCache.noindex/Session.modulevalidation -fmodules-validate-once-per-build-session -Wno-trigraphs -fpascal-strings -O0 -fno-common -Wmissing-field-initializers -Wno-missing-prototypes -Werror\=return-type -Wunreachable-code -Wquoted-include-in-framework-header -Wno-implicit-atomic-properties -Werror\=deprecated-objc-isa-usage -Wno-objc-interface-ivars -Werror\=objc-root-class -Warc-repeated-use-of-weak -Wno-arc-maybe-repeated-use-of-weak -Wimplicit-retain-self -Wduplicate-method-match -Wno-missing-braces -Wparentheses -Wswitch -Wunused-function -Wno-unused-label -Wunused-parameter -Wunused-variable -Wunused-value -Wempty-body -Wuninitialized -Wconditional-uninitialized -Wno-unknown-pragmas -pedantic -Wshadow -Wno-four-char-constants -Wconversion -Wconstant-conversion -Wint-conversion -Wbool-conversion -Wenum-conversion -Wfloat-conversion -Wnon-literal-null-conversion -Wobjc-literal-conversion -Wassign-enum -Wsign-compare -Wshorten-64-to-32 -Wpointer-sign -Wno-newline-eof -Wno-selector -Wno-strict-selector-match -Wundeclared-selector -Wdeprecated-implementations -DDEBUG\=1 -DOBJC_OLD_DISPATCH_PROTOTYPES\=0 -isysroot /Users/mac/Downloads/Xcode.app/Contents/Developer/Platforms/iPhoneSimulator.platform/Developer/SDKs/iPhoneSimulator15.2.sdk -fasm-blocks -fstrict-aliasing -Wprotocol -Wdeprecated-declarations -g -Wno-sign-conversion -Winfinite-recursion -Wcomma -Wblock-capture-autoreleasing -Wstrict-prototypes -Wno-semicolon-before-method-body -fobjc-abi-version\=2 -fobjc-legacy-dispatch -iquote /Users/mac/Library/Developer/Xcode/DerivedData/WebDriverAgent-ftyyjphyaxmwnxbquukpkjatjqxc/Build/Intermediates.noindex/WebDriverAgent.build/Debug-iphonesimulator/WebDriverAgentLib.build/WebDriverAgentLib-generated-files.hmap -I/Users/mac/Library/Developer/Xcode/DerivedData/WebDriverAgent-ftyyjphyaxmwnxbquukpkjatjqxc/Build/Intermediates.noindex/WebDriverAgent.build/Debug-iphonesimulator/WebDriverAgentLib.build/WebDriverAgentLib-own-target-headers.hmap -I/Users/mac/Library/Developer/Xcode/DerivedData/WebDriverAgent-ftyyjphyaxmwnxbquukpkjatjqxc/Build/Intermediates.noindex/WebDriverAgent.build/Debug-iphonesimulator/WebDriverAgentLib.build/WebDriverAgentLib-all-target-headers.hmap -iquote /Users/mac/Library/Developer/Xcode/DerivedData/WebDriverAgent-ftyyjphyaxmwnxbquukpkjatjqxc/Build/Intermediates.noindex/WebDriverAgent.build/Debug-iphonesimulator/WebDriverAgentLib.build/WebDriverAgentLib-project-headers.hmap -I/Users/mac/Library/Developer/Xcode/DerivedData/WebDriverAgent-ftyyjphyaxmwnxbquukpkjatjqxc/Build/Products/Debug-iphonesimulator/include -I/Users/mac/Downloads/Xcode.app/Contents/Developer/Platforms/iPhoneSimulator.platform/Developer/SDKs/iPhoneSimulator15.2.sdk/usr/include/libxml2 -I/Users/mac/.appium/node_modules/appium-xcuitest-driver/node_modules/appium-webdriveragent/Modules -I/Users/mac/Library/Developer/Xcode/DerivedData/WebDriverAgent-ftyyjphyaxmwnxbquukpkjatjqxc/Build/Intermediates.noindex/WebDriverAgent.build/Debug-iphonesimulator/WebDriverAgentLib.build/DerivedSources-normal/x86_64 -I/Users/mac/Library/Developer/Xcode/DerivedData/WebDriverAgent-ftyyjphyaxmwnxbquukpkjatjqxc/Build/Intermediates.noindex/WebDriverAgent.build/Debug-iphonesimulator/WebDriverAgentLib.build/DerivedSources/x86_64 -I/Users/mac/Library/Developer/Xcode/DerivedData/WebDriverAgent-ftyyjphyaxmwnxbquukpkjatjqxc/Build/Intermediates.noindex/WebDriverAgent.build/Debug-iphonesimulator/WebDriverAgentLib.build/DerivedSources -Weverything -Wno-objc-missing-property-synthesis -Wno-unused-macros -Wno-disabled-macro-expansion -Wno-gnu-statement-expression -Wno-language-extension-token -Wno-overriding-method-mismatch -Wno-missing-variable-declarations -Rno-module-build -Wno-auto-import -Wno-objc-interface-ivars -Wno-documentation-unknown-command -Wno-reserved-id-macro -Wno-unused-parameter -Wno-gnu-conditional-omitted-operand -Wno-explicit-ownership-type -Wno-date-time -Wno-cast-align -Wno-cstring-format-directive -Wno-double-promotion -Wno-partial-availability -Weverything -Wno-objc-missing-property-synthesis -Wno-unused-macros -Wno-disabled-macro-expansion -Wno-gnu-statement-expression -Wno-language-extension-token -Wno-overriding-method-mismatch -Wno-missing-variable-declarations -Rno-module-build -Wno-auto-import -Wno-objc-interface-ivars -Wno-documentation-unknown-command -Wno-reserved-id-macro -Wno-unused-parameter -Wno-gnu-conditional-omitted-operand -Wno-explicit-ownership-type -Wno-date-time -Wno-cast-align -Wno-cstring-format-directive -Wno-double-promotion -Wno-partial-availability -Wno-objc-messaging-id -Wno-direct-ivar-access -Wno-cast-qual -Wno-declaration-after-statement -F/Users/mac/Library/Developer/Xcode/DerivedData/WebDriverAgent-ftyyjphyaxmwnxbquukpkjatjqxc/Build/Products/Debug-iphonesimulator -F/Users/mac/Downloads/Xcode.app/Contents/Developer/Platforms/iPhoneSimulator.platform/Developer/Library/Frameworks -F/Users/mac/Downloads/Xcode.app/Contents/Developer/Platforms/iPhoneSimulator.platform/Developer/Library/PrivateFrameworks -iframework /Users/mac/Downloads/Xcode.app/Contents/Developer/Platforms/iPhoneSimulator.platform/Developer/SDKs/iPhoneSimulator15.2.sdk/Developer/Library/Frameworks -MMD -MT dependencies -MF /Users/mac/Library/Developer/Xcode/DerivedData/WebDriverAgent-ftyyjphyaxmwnxbquukpkjatjqxc/Build/Intermediates.noindex/WebDriverAgent.build/Debug-iphonesimulator/WebDriverAgentLib.build/Objects-normal/x86_64/FBScreenshotCommands.d --serialize-diagnostics /Users/mac/Library/Developer/Xcode/DerivedData/WebDriverAgent-ftyyjphyaxmwnxbquukpkjatjqxc/Build/Intermediates.noindex/WebDriverAgent.build/Debug-iphonesimulator/WebDriverAgentLib.build/Objects-normal/x86_64/FBScreenshotCommands.dia -c /Users/mac/.appium/node_modules/appium-xcuitest-driver/node_modules/appium-webdriveragent/WebDriverAgentLib/Commands/FBScreenshotCommands.m -o /Users/mac/Library/Developer/Xcode/DerivedData/WebDriverAgent-ftyyjphyaxmwnxbquukpkjatjqxc/Build/Intermediates.noindex/WebDriverAgent.build/Debug-iphonesimulator/WebDriverAgentLib.build/Objects-normal/x86_64/FBScreenshotCommands.o
&amp#27;[38;5;93m[c258be5a]&amp#27;[0m&amp#27;[38;5;173m[Xcode]&amp#27;[0m 
&amp#27;[38;5;93m[c258be5a]&amp#27;[0m&amp#27;[38;5;173m[Xcode]&amp#27;[0m CompileC /Users/mac/Library/Developer/Xcode/DerivedData/WebDriverAgent-ftyyjphyaxmwnxbquukpkjatjqxc/Build/Intermediates.noindex/WebDriverAgent.build/Debug-iphonesimulator/WebDriverAgentLib.build/Objects-normal/x86_64/XCUIElementQuery+FBHelpers.o /Users/mac/.appium/node_modules/appium-xcuitest-driver/node_modules/appium-webdriveragent/WebDriverAgentLib/Categories/XCUIElementQuery+FBHelpers.m normal x86_64 objective-c com.apple.compilers.llvm.clang.1_0.compiler (in target 'WebDriverAgentLib' from project 'WebDriverAgent')
&amp#27;[38;5;93m[c258be5a]&amp#27;[0m&amp#27;[38;5;173m[Xcode]&amp#27;[0m     cd /Users/mac/.appium/node_modules/appium-xcuitest-driver/node_modules/appium-webdriveragent
&amp#27;[38;5;93m[c258be5a]&amp#27;[0m&amp#27;[38;5;173m[Xcode]&amp#27;[0m     export LANG\=en_US.US-ASCII
&amp#27;[38;5;93m[c258be5a]&amp#27;[0m&amp#27;[38;5;173m[Xcode]&amp#27;[0m     /Users/mac/Downloads/Xcode.app/Contents/Developer/Toolchains/XcodeDefault.xctoolchain/usr/bin/clang -x objective-c -target x86_64-apple-ios1.0-simulator -fmessage-length\=0 -fdiagnostics-show-note-include-stack -fmacro-backtrace-limit\=0 -std\=gnu99 -fobjc-arc -fmodules -gmodules -fmodules-cache-path\=/Users/mac/Library/Developer/Xcode/DerivedData/ModuleCache.noindex -fmodules-prune-interval\=86400 -fmodules-prune-after\=345600 -fbuild-session-file\=/Users/mac/Library/Developer/Xcode/DerivedData/ModuleCache.noindex/Session.modulevalidation -fmodules-validate-once-per-build-session -Wno-trigraphs -fpascal-strings -O0 -fno-common -Wmissing-field-initializers -Wno-missing-prototypes -Werror\=return-type -Wunreachable-code -Wquoted-include-in-framework-header -Wno-implicit-atomic-properties -Werror\=deprecated-objc-isa-usage -Wno-objc-interface-ivars -Werror\=objc-root-class -Warc-repeated-use-of-weak -Wno-arc-maybe-repeated-use-of-weak -Wimplicit-retain-self -Wduplicate-method-match -Wno-missing-braces -Wparentheses -Wswitch -Wunused-function -Wno-unused-label -Wunused-parameter -Wunused-variable -Wunused-value -Wempty-body -Wuninitialized -Wconditional-uninitialized -Wno-unknown-pragmas -pedantic -Wshadow -Wno-four-char-constants -Wconversion -Wconstant-conversion -Wint-conversion -Wbool-conversion -Wenum-conversion -Wfloat-conversion -Wnon-literal-null-conversion -Wobjc-literal-conversion -Wassign-enum -Wsign-compare -Wshorten-64-to-32 -Wpointer-sign -Wno-newline-eof -Wno-selector -Wno-strict-selector-match -Wundeclared-selector -Wdeprecated-implementations -DDEBUG\=1 -DOBJC_OLD_DISPATCH_PROTOTYPES\=0 -isysroot /Users/mac/Downloads/Xcode.app/Contents/Developer/Platforms/iPhoneSimulator.platform/Developer/SDKs/iPhoneSimulator15.2.sdk -fasm-blocks -fstrict-aliasing -Wprotocol -Wdeprecated-declarations -g -Wno-sign-conversion -Winfinite-recursion -Wcomma -Wblock-capture-autoreleasing -Wstrict-prototypes -Wno-semicolon-before-method-body -fobjc-abi-version\=2 -fobjc-legacy-dispatch -iquote /Users/mac/Library/Developer/Xcode/DerivedData/WebDriverAgent-ftyyjphyaxmwnxbquukpkjatjqxc/Build/Intermediates.noindex/WebDriverAgent.build/Debug-iphonesimulator/WebDriverAgentLib.build/WebDriverAgentLib-generated-files.hmap -I/Users/mac/Library/Developer/Xcode/DerivedData/WebDriverAgent-ftyyjphyaxmwnxbquukpkjatjqxc/Build/Intermediates.noindex/WebDriverAgent.build/Debug-iphonesimulator/WebDriverAgentLib.build/WebDriverAgentLib-own-target-headers.hmap -I/Users/mac/Library/Developer/Xcode/DerivedData/WebDriverAgent-ftyyjphyaxmwnxbquukpkjatjqxc/Build/Intermediates.noindex/WebDriverAgent.build/Debug-iphonesimulator/WebDriverAgentLib.build/WebDriverAgentLib-all-target-headers.hmap -iquote /Users/mac/Library/Developer/Xcode/DerivedData/WebDriverAgent-ftyyjphyaxmwnxbquukpkjatjqxc/Build/Intermediates.noindex/WebDriverAgent.build/Debug-iphonesimulator/WebDriverAgentLib.build/WebDriverAgentLib-project-headers.hmap -I/Users/mac/Library/Developer/Xcode/DerivedData/WebDriverAgent-ftyyjphyaxmwnxbquukpkjatjqxc/Build/Products/Debug-iphonesimulator/include -I/Users/mac/Downloads/Xcode.app/Contents/Developer/Platforms/iPhoneSimulator.platform/Developer/SDKs/iPhoneSimulator15.2.sdk/usr/include/libxml2 -I/Users/mac/.appium/node_modules/appium-xcuitest-driver/node_modules/appium-webdriveragent/Modules -I/Users/mac/Library/Developer/Xcode/DerivedData/WebDriverAgent-ftyyjphyaxmwnxbquukpkjatjqxc/Build/Intermediates.noindex/WebDriverAgent.build/Debug-iphonesimulator/WebDriverAgentLib.build/DerivedSources-normal/x86_64 -I/Users/mac/Library/Developer/Xcode/DerivedData/WebDriverAgent-ftyyjphyaxmwnxbquukpkjatjqxc/Build/Intermediates.noindex/WebDriverAgent.build/Debug-iphonesimulator/WebDriverAgentLib.build/DerivedSources/x86_64 -I/Users/mac/Library/Developer/Xcode/DerivedData/WebDriverAgent-ftyyjphyaxmwnxbquukpkjatjqxc/Build/Intermediates.noindex/WebDriverAgent.build/Debug-iphonesimulator/WebDriverAgentLib.build/DerivedSources -Weverything -Wno-objc-missing-property-synthesis -Wno-unused-macros -Wno-disabled-macro-expansion -Wno-gnu-statement-expression -Wno-language-extension-token -Wno-overriding-method-mismatch -Wno-missing-variable-declarations -Rno-module-build -Wno-auto-import -Wno-objc-interface-ivars -Wno-documentation-unknown-command -Wno-reserved-id-macro -Wno-unused-parameter -Wno-gnu-conditional-omitted-operand -Wno-explicit-ownership-type -Wno-date-time -Wno-cast-align -Wno-cstring-format-directive -Wno-double-promotion -Wno-partial-availability -Weverything -Wno-objc-missing-property-synthesis -Wno-unused-macros -Wno-disabled-macro-expansion -Wno-gnu-statement-expression -Wno-language-extension-token -Wno-overriding-method-mismatch -Wno-missing-variable-declarations -Rno-module-build -Wno-auto-import -Wno-objc-interface-ivars -Wno-documentation-unknown-command -Wno-reserved-id-macro -Wno-unused-parameter -Wno-gnu-conditional-omitted-operand -Wno-explicit-ownership-type -Wno-date-time -Wno-cast-align -Wno-cstring-format-directive -Wno-double-promotion -Wno-partial-availability -Wno-objc-messaging-id -Wno-direct-ivar-access -Wno-cast-qual -Wno-declaration-after-statement -F/Users/mac/Library/Developer/Xcode/DerivedData/WebDriverAgent-ftyyjphyaxmwnxbquukpkjatjqxc/Build/Products/Debug-iphonesimulator -F/Users/mac/Downloads/Xcode.app/Contents/Developer/Platforms/iPhoneSimulator.platform/Developer/Library/Frameworks -F/Users/mac/Downloads/Xcode.app/Contents/Developer/Platforms/iPhoneSimulator.platform/Developer/Library/PrivateFrameworks -iframework /Users/mac/Downloads/Xcode.app/Contents/Developer/Platforms/iPhoneSimulator.platform/Developer/SDKs/iPhoneSimulator15.2.sdk/Developer/Library/Frameworks -MMD -MT dependencies -MF /Users/mac/Library/Developer/Xcode/DerivedData/WebDriverAgent-ftyyjphyaxmwnxbquukpkjatjqxc/Build/Intermediates.noindex/WebDriverAgent.build/Debug-iphonesimulator/WebDriverAgentLib.build/Objects-normal/x86_64/XCUIElementQuery+FBHelpers.d --serialize-diagnostics /Users/mac/Library/Developer/Xcode/DerivedData/WebDriverAgent-ftyyjphyaxmwnxbquukpkjatjqxc/Build/Intermediates.noindex/WebDriverAgent.build/Debug-iphonesimulator/WebDriverAgentLib.build/Objects-normal/x86_64/XCUIElementQuery+FBHelpers.dia -c /Users/mac/.appium/node_modules/appium-xcuitest-driver/node_modules/appium-webdriveragent/WebDriverAgentLib/Categories/XCUIElementQuery+FBHelpers.m -o /Users/mac/Library/Developer/Xcode/DerivedData/WebDriverAgent-ftyyjphyaxmwnxbquukpkjatjqxc/Build/Intermediates.noindex/WebDriverAgent.build/Debug-iphonesimulator/WebDriverAgentLib.build/Objects-normal/x86_64/XCUIElementQuery+FBHelpers.o
&amp#27;[38;5;93m[c258be5a]&amp#27;[0m&amp#27;[38;5;173m[Xcode]&amp#27;[0m 
&amp#27;[38;5;93m[c258be5a]&amp#27;[0m&amp#27;[38;5;173m[Xcode]&amp#27;[0m CompileC /Users/mac/Library/Developer/Xcode/DerivedData/WebDriverAgent-ftyyjphyaxmwnxbquukpkjatjqxc/Build/Intermediates.noindex/WebDriverAgent.build/Debug-iphonesimulator/WebDriverAgentLib.build/Objects-normal/x86_64/XCUIElement+FBWebDriverAttributes.o /Users/mac/.appium/node_modules/appium-xcuitest-driver/node_modules/appium-webdriveragent/WebDriverAgentLib/Categories/XCUIElement+FBWebDriverAttributes.m normal x86_64 objective-c com.apple.compilers.llvm.clang.1_0.compiler (in target 'WebDriverAgentLib' from project 'WebDriverAgent')
&amp#27;[38;5;93m[c258be5a]&amp#27;[0m&amp#27;[38;5;173m[Xcode]&amp#27;[0m     cd /Users/mac/.appium/node_modules/appium-xcuitest-driver/node_modules/appium-webdriveragent
&amp#27;[38;5;93m[c258be5a]&amp#27;[0m&amp#27;[38;5;173m[Xcode]&amp#27;[0m     export LANG\=en_US.US-ASCII
&amp#27;[38;5;93m[c258be5a]&amp#27;[0m&amp#27;[38;5;173m[Xcode]&amp#27;[0m     /Users/mac/Downloads/Xcode.app/Contents/Developer/Toolchains/XcodeDefault.xctoolchain/usr/bin/clang -x objective-c -target x86_64-apple-ios1.0-simulator -fmessage-length\=0 -fdiagnostics-show-note-include-stack -fmacro-backtrace-limit\=0 -std\=gnu99 -fobjc-arc -fmodules -gmodules -fmodules-cache-path\=/Users/mac/Library/Developer/Xcode/DerivedData/ModuleCache.noindex -fmodules-prune-interval\=86400 -fmodules-prune-after\=345600 -fbuild-session-file\=/Users/mac/Library/Developer/Xcode/DerivedData/ModuleCache.noindex/Session.modulevalidation -fmodules-validate-once-per-build-session -Wno-trigraphs -fpascal-strings -O0 -fno-common -Wmissing-field-initializers -Wno-missing-prototypes -Werror\=return-type -Wunreachable-code -Wquoted-include-in-framework-header -Wno-implicit-atomic-properties -Werror\=deprecated-objc-isa-usage -Wno-objc-interface-ivars -Werror\=objc-root-class -Warc-repeated-use-of-weak -Wno-arc-maybe-repeated-use-of-weak -Wimplicit-retain-self -Wduplicate-method-match -Wno-missing-braces -Wparentheses -Wswitch -Wunused-function -Wno-unused-label -Wunused-parameter -Wunused-variable -Wunused-value -Wempty-body -Wuninitialized -Wconditional-uninitialized -Wno-unknown-pragmas -pedantic -Wshadow -Wno-four-char-constants -Wconversion -Wconstant-conversion -Wint-conversion -Wbool-conversion -Wenum-conversion -Wfloat-conversion -Wnon-literal-null-conversion -Wobjc-literal-conversion -Wassign-enum -Wsign-compare -Wshorten-64-to-32 -Wpointer-sign -Wno-newline-eof -Wno-selector -Wno-strict-selector-match -Wundeclared-selector -Wdeprecated-implementations -DDEBUG\=1 -DOBJC_OLD_DISPATCH_PROTOTYPES\=0 -isysroot /Users/mac/Downloads/Xcode.app/Contents/Developer/Platforms/iPhoneSimulator.platform/Developer/SDKs/iPhoneSimulator15.2.sdk -fasm-blocks -fstrict-aliasing -Wprotocol -Wdeprecated-declarations -g -Wno-sign-conversion -Winfinite-recursion -Wcomma -Wblock-capture-autoreleasing -Wstrict-prototypes -Wno-semicolon-before-method-body -fobjc-abi-version\=2 -fobjc-legacy-dispatch -iquote /Users/mac/Library/Developer/Xcode/DerivedData/WebDriverAgent-ftyyjphyaxmwnxbquukpkjatjqxc/Build/Intermediates.noindex/WebDriverAgent.build/Debug-iphonesimulator/WebDriverAgentLib.build/WebDriverAgentLib-generated-files.hmap -I/Users/mac/Library/Developer/Xcode/DerivedData/WebDriverAgent-ftyyjphyaxmwnxbquukpkjatjqxc/Build/Intermediates.noindex/WebDriverAgent.build/Debug-iphonesimulator/WebDriverAgentLib.build/WebDriverAgentLib-own-target-headers.hmap -I/Users/mac/Library/Developer/Xcode/DerivedData/WebDriverAgent-ftyyjphyaxmwnxbquukpkjatjqxc/Build/Intermediates.noindex/WebDriverAgent.build/Debug-iphonesimulator/WebDriverAgentLib.build/WebDriverAgentLib-all-target-headers.hmap -iquote /Users/mac/Library/Developer/Xcode/DerivedData/WebDriverAgent-ftyyjphyaxmwnxbquukpkjatjqxc/Build/Intermediates.noindex/WebDriverAgent.build/Debug-iphonesimulator/WebDriverAgentLib.build/WebDriverAgentLib-project-headers.hmap -I/Users/mac/Library/Developer/Xcode/DerivedData/WebDriverAgent-ftyyjphyaxmwnxbquukpkjatjqxc/Build/Products/Debug-iphonesimulator/include -I/Users/mac/Downloads/Xcode.app/Contents/Developer/Platforms/iPhoneSimulator.platform/Developer/SDKs/iPhoneSimulator15.2.sdk/usr/include/libxml2 -I/Users/mac/.appium/node_modules/appium-xcuitest-driver/node_modules/appium-webdriveragent/Modules -I/Users/mac/Library/Developer/Xcode/DerivedData/WebDriverAgent-ftyyjphyaxmwnxbquukpkjatjqxc/Build/Intermediates.noindex/WebDriverAgent.build/Debug-iphonesimulator/WebDriverAgentLib.build/DerivedSources-normal/x86_64 -I/Users/mac/Library/Developer/Xcode/DerivedData/WebDriverAgent-ftyyjphyaxmwnxbquukpkjatjqxc/Build/Intermediates.noindex/WebDriverAgent.build/Debug-iphonesimulator/WebDriverAgentLib.build/DerivedSources/x86_64 -I/Users/mac/Library/Developer/Xcode/DerivedData/WebDriverAgent-ftyyjphyaxmwnxbquukpkjatjqxc/Build/Intermediates.noindex/WebDriverAgent.build/Debug-iphonesimulator/WebDriverAgentLib.build/DerivedSources -Weverything -Wno-objc-missing-property-synthesis -Wno-unused-macros -Wno-disabled-macro-expansion -Wno-gnu-statement-expression -Wno-language-extension-token -Wno-overriding-method-mismatch -Wno-missing-variable-declarations -Rno-module-build -Wno-auto-import -Wno-objc-interface-ivars -Wno-documentation-unknown-command -Wno-reserved-id-macro -Wno-unused-parameter -Wno-gnu-conditional-omitted-operand -Wno-explicit-ownership-type -Wno-date-time -Wno-cast-align -Wno-cstring-format-directive -Wno-double-promotion -Wno-partial-availability -Weverything -Wno-objc-missing-property-synthesis -Wno-unused-macros -Wno-disabled-macro-expansion -Wno-gnu-statement-expression -Wno-language-extension-token -Wno-overriding-method-mismatch -Wno-missing-variable-declarations -Rno-module-build -Wno-auto-import -Wno-objc-interface-ivars -Wno-documentation-unknown-command -Wno-reserved-id-macro -Wno-unused-parameter -Wno-gnu-conditional-omitted-operand -Wno-explicit-ownership-type -Wno-date-time -Wno-cast-align -Wno-cstring-format-directive -Wno-double-promotion -Wno-partial-availability -Wno-objc-messaging-id -Wno-direct-ivar-access -Wno-cast-qual -Wno-declaration-after-statement -F/Users/mac/Library/Developer/Xcode/DerivedData/WebDriverAgent-ftyyjphyaxmwnxbquukpkjatjqxc/Build/Products/Debug-iphonesimulator -F/Users/mac/Downloads/Xcode.app/Contents/Developer/Platforms/iPhoneSimulator.platform/Developer/Library/Frameworks -F/Users/mac/Downloads/Xcode.app/Contents/Developer/Platforms/iPhoneSimulator.platform/Developer/Library/PrivateFrameworks -iframework /Users/mac/Downloads/Xcode.app/Contents/Developer/Platforms/iPhoneSimulator.platform/Developer/SDKs/iPhoneSimulator15.2.sdk/Developer/Library/Frameworks -MMD -MT dependencies -MF /Users/mac/Library/Developer/Xcode/DerivedData/WebDriverAgent-ftyyjphyaxmwnxbquukpkjatjqxc/Build/Intermediates.noindex/WebDriverAgent.build/Debug-iphonesimulator/WebDriverAgentLib.build/Objects-normal/x86_64/XCUIElement+FBWebDriverAttributes.d --serialize-diagnostics /Users/mac/Library/Developer/Xcode/DerivedData/WebDriverAgent-ftyyjphyaxmwnxbquukpkjatjqxc/Build/Intermediates.noindex/WebDriverAgent.build/Debug-iphonesimulator/WebDriverAgentLib.build/Objects-normal/x86_64/XCUIElement+FBWebDriverAttributes.dia -c /Users/mac/.appium/node_modules/appium-xcuitest-driver/node_modules/appium-webdriveragent/WebDriverAgentLib/Categories/XCUIElement+FBWebDriverAttributes.m -o /Users/mac/Library/Developer/Xcode/DerivedData/WebDriverAgent-ftyyjphyaxmwnxbquukpkjatjqxc/Build/Intermediates.noindex/WebDriverAgent.build/Debug-iphonesimulator/WebDriverAgentLib.build/Objects-normal/x86_64/XCUIElement+FBWebDriverAttributes.o
&amp#27;[38;5;93m[c258be5a]&amp#27;[0m&amp#27;[38;5;173m[Xcode]&amp#27;[0m 
&amp#27;[38;5;93m[c258be5a]&amp#27;[0m&amp#27;[38;5;173m[Xcode]&amp#27;[0m CompileC /Users/mac/Library/Developer/Xcode/DerivedData/WebDriverAgent-ftyyjphyaxmwnxbquukpkjatjqxc/Build/Intermediates.noindex/WebDriverAgent.build/Debug-iphonesimulator/WebDriverAgentLib.build/Objects-normal/x86_64/XCUIElement+FBUtilities.o /Users/mac/.appium/node_modules/appium-xcuitest-driver/node_modules/appium-webdriveragent/WebDriverAgentLib/Categories/XCUIElement+FBUtilities.m normal x86_64 objective-c com.apple.compilers.llvm.clang.1_0.compiler (in target 'WebDriverAgentLib' from project 'WebDriverAgent')
&amp#27;[38;5;93m[c258be5a]&amp#27;[0m&amp#27;[38;5;173m[Xcode]&amp#27;[0m     cd /Users/mac/.appium/node_modules/appium-xcuitest-driver/node_modules/appium-webdriveragent
&amp#27;[38;5;93m[c258be5a]&amp#27;[0m&amp#27;[38;5;173m[Xcode]&amp#27;[0m     export LANG\=en_US.US-ASCII
&amp#27;[38;5;93m[c258be5a]&amp#27;[0m&amp#27;[38;5;173m[Xcode]&amp#27;[0m     /Users/mac/Downloads/Xcode.app/Contents/Developer/Toolchains/XcodeDefault.xctoolchain/usr/bin/clang -x objective-c -target x86_64-apple-ios1.0-simulator -fmessage-length\=0 -fdiagnostics-show-note-include-stack -fmacro-backtrace-limit\=0 -std\=gnu99 -fobjc-arc -fmodules -gmodules -fmodules-cache-path\=/Users/mac/Library/Developer/Xcode/DerivedData/ModuleCache.noindex -fmodules-prune-interval\=86400 -fmodules-prune-after\=345600 -fbuild-session-file\=/Users/mac/Library/Developer/Xcode/DerivedData/ModuleCache.noindex/Session.modulevalidation -fmodules-validate-once-per-build-session -Wno-trigraphs -fpascal-strings -O0 -fno-common -Wmissing-field-initializers -Wno-missing-prototypes -Werror\=return-type -Wunreachable-code -Wquoted-include-in-framework-header -Wno-implicit-atomic-properties -Werror\=deprecated-objc-isa-usage -Wno-objc-interface-ivars -Werror\=objc-root-class -Warc-repeated-use-of-weak -Wno-arc-maybe-repeated-use-of-weak -Wimplicit-retain-self -Wduplicate-method-match -Wno-missing-braces -Wparentheses -Wswitch -Wunused-function -Wno-unused-label -Wunused-parameter -Wunused-variable -Wunused-value -Wempty-body -Wuninitialized -Wconditional-uninitialized -Wno-unknown-pragmas -pedantic -Wshadow -Wno-four-char-constants -Wconversion -Wconstant-conversion -Wint-conversion -Wbool-conversion -Wenum-conversion -Wfloat-conversion -Wnon-literal-null-conversion -Wobjc-literal-conversion -Wassign-enum -Wsign-compare -Wshorten-64-to-32 -Wpointer-sign -Wno-newline-eof -Wno-selector -Wno-strict-selector-match -Wundeclared-selector -Wdeprecated-implementations -DDEBUG\=1 -DOBJC_OLD_DISPATCH_PROTOTYPES\=0 -isysroot /Users/mac/Downloads/Xcode.app/Contents/Developer/Platforms/iPhoneSimulator.platform/Developer/SDKs/iPhoneSimulator15.2.sdk -fasm-blocks -fstrict-aliasing -Wprotocol -Wdeprecated-declarations -g -Wno-sign-conversion -Winfinite-recursion -Wcomma -Wblock-capture-autoreleasing -Wstrict-prototypes -Wno-semicolon-before-method-body -fobjc-abi-version\=2 -fobjc-legacy-dispatch -iquote /Users/mac/Library/Developer/Xcode/DerivedData/WebDriverAgent-ftyyjphyaxmwnxbquukpkjatjqxc/Build/Intermediates.noindex/WebDriverAgent.build/Debug-iphonesimulator/WebDriverAgentLib.build/WebDriverAgentLib-generated-files.hmap -I/Users/mac/Library/Developer/Xcode/DerivedData/WebDriverAgent-ftyyjphyaxmwnxbquukpkjatjqxc/Build/Intermediates.noindex/WebDriverAgent.build/Debug-iphonesimulator/WebDriverAgentLib.build/WebDriverAgentLib-own-target-headers.hmap -I/Users/mac/Library/Developer/Xcode/DerivedData/WebDriverAgent-ftyyjphyaxmwnxbquukpkjatjqxc/Build/Intermediates.noindex/WebDriverAgent.build/Debug-iphonesimulator/WebDriverAgentLib.build/WebDriverAgentLib-all-target-headers.hmap -iquote /Users/mac/Library/Developer/Xcode/DerivedData/WebDriverAgent-ftyyjphyaxmwnxbquukpkjatjqxc/Build/Intermediates.noindex/WebDriverAgent.build/Debug-iphonesimulator/WebDriverAgentLib.build/WebDriverAgentLib-project-headers.hmap -I/Users/mac/Library/Developer/Xcode/DerivedData/WebDriverAgent-ftyyjphyaxmwnxbquukpkjatjqxc/Build/Products/Debug-iphonesimulator/include -I/Users/mac/Downloads/Xcode.app/Contents/Developer/Platforms/iPhoneSimulator.platform/Developer/SDKs/iPhoneSimulator15.2.sdk/usr/include/libxml2 -I/Users/mac/.appium/node_modules/appium-xcuitest-driver/node_modules/appium-webdriveragent/Modules -I/Users/mac/Library/Developer/Xcode/DerivedData/WebDriverAgent-ftyyjphyaxmwnxbquukpkjatjqxc/Build/Intermediates.noindex/WebDriverAgent.build/Debug-iphonesimulator/WebDriverAgentLib.build/DerivedSources-normal/x86_64 -I/Users/mac/Library/Developer/Xcode/DerivedData/WebDriverAgent-ftyyjphyaxmwnxbquukpkjatjqxc/Build/Intermediates.noindex/WebDriverAgent.build/Debug-iphonesimulator/WebDriverAgentLib.build/DerivedSources/x86_64 -I/Users/mac/Library/Developer/Xcode/DerivedData/WebDriverAgent-ftyyjphyaxmwnxbquukpkjatjqxc/Build/Intermediates.noindex/WebDriverAgent.build/Debug-iphonesimulator/WebDriverAgentLib.build/DerivedSources -Weverything -Wno-objc-missing-property-synthesis -Wno-unused-macros -Wno-disabled-macro-expansion -Wno-gnu-statement-expression -Wno-language-extension-token -Wno-overriding-method-mismatch -Wno-missing-variable-declarations -Rno-module-build -Wno-auto-import -Wno-objc-interface-ivars -Wno-documentation-unknown-command -Wno-reserved-id-macro -Wno-unused-parameter -Wno-gnu-conditional-omitted-operand -Wno-explicit-ownership-type -Wno-date-time -Wno-cast-align -Wno-cstring-format-directive -Wno-double-promotion -Wno-partial-availability -Weverything -Wno-objc-missing-property-synthesis -Wno-unused-macros -Wno-disabled-macro-expansion -Wno-gnu-statement-expression -Wno-language-extension-token -Wno-overriding-method-mismatch -Wno-missing-variable-declarations -Rno-module-build -Wno-auto-import -Wno-objc-interface-ivars -Wno-documentation-unknown-command -Wno-reserved-id-macro -Wno-unused-parameter -Wno-gnu-conditional-omitted-operand -Wno-explicit-ownership-type -Wno-date-time -Wno-cast-align -Wno-cstring-format-directive -Wno-double-promotion -Wno-partial-availability -Wno-objc-messaging-id -Wno-direct-ivar-access -Wno-cast-qual -Wno-declaration-after-statement -F/Users/mac/Library/Developer/Xcode/DerivedData/WebDriverAgent-ftyyjphyaxmwnxbquukpkjatjqxc/Build/Products/Debug-iphonesimulator -F/Users/mac/Downloads/Xcode.app/Contents/Developer/Platforms/iPhoneSimulator.platform/Developer/Library/Frameworks -F/Users/mac/Downloads/Xcode.app/Contents/Developer/Platforms/iPhoneSimulator.platform/Developer/Library/PrivateFrameworks -iframework /Users/mac/Downloads/Xcode.app/Contents/Developer/Platforms/iPhoneSimulator.platform/Developer/SDKs/iPhoneSimulator15.2.sdk/Developer/Library/Frameworks -MMD -MT dependencies -MF /Users/mac/Library/Developer/Xcode/DerivedData/WebDriverAgent-ftyyjphyaxmwnxbquukpkjatjqxc/Build/Intermediates.noindex/WebDriverAgent.build/Debug-iphonesimulator/WebDriverAgentLib.build/Objects-normal/x86_64/XCUIElement+FBUtilities.d --serialize-diagnostics /Users/mac/Library/Developer/Xcode/DerivedData/WebDriverAgent-ftyyjphyaxmwnxbquukpkjatjqxc/Build/Intermediates.noindex/WebDriverAgent.build/Debug-iphonesimulator/WebDriverAgentLib.build/Objects-normal/x86_64/XCUIElement+FBUtilities.dia -c /Users/mac/.appium/node_modules/appium-xcuitest-driver/node_modules/appium-webdriveragent/WebDriverAgentLib/Categories/XCUIElement+FBUtilities.m -o /Users/mac/Library/Developer/Xcode/DerivedData/WebDriverAgent-ftyyjphyaxmwnxbquukpkjatjqxc/Build/Intermediates.noindex/WebDriverAgent.build/Debug-iphonesimulator/WebDriverAgentLib.build/Objects-normal/x86_64/XCUIElement+FBUtilities.o
&amp#27;[38;5;93m[c258be5a]&amp#27;[0m&amp#27;[38;5;173m[Xcode]&amp#27;[0m In file included from /Users/mac/.appium/node_modules/appium-xcuitest-driver/node_modules/appium-webdriveragent/WebDriverAgentLib/Categories/XCUIElement+FBUtilities.m:30:
&amp#27;[38;5;93m[c258be5a]&amp#27;[0m&amp#27;[38;5;173m[Xcode]&amp#27;[0m /Users/mac/.appium/node_modules/appium-xcuitest-driver/node_modules/appium-webdriveragent/PrivateHeaders/XCTest/XCUIApplicationProcess.h:19:14: error: no type or protocol named 'OS_dispatch_queue'
&amp#27;[38;5;93m[c258be5a]&amp#27;[0m&amp#27;[38;5;173m[Xcode]&amp#27;[0m     NSObject<OS_dispatch_queue> *_queue;
&amp#27;[38;5;93m[c258be5a]&amp#27;[0m&amp#27;[38;5;173m[Xcode]&amp#27;[0m              ^
&amp#27;[38;5;93m[c258be5a]&amp#27;[0m&amp#27;[38;5;173m[Xcode]&amp#27;[0m In file included from /Users/mac/.appium/node_modules/appium-xcuitest-driver/node_modules/appium-webdriveragent/WebDriverAgentLib/Categories/XCUIElement+FBUtilities.m:33:
&amp#27;[38;5;93m[c258be5a]&amp#27;[0m&amp#27;[38;5;173m[Xcode]&amp#27;[0m In file included from /Users/mac/.appium/node_modules/appium-xcuitest-driver/node_modules/appium-webdriveragent/PrivateHeaders/XCTest/XCTRunnerDaemonSession.h:8:
&amp#27;[38;5;93m[c258be5a]&amp#27;[0m&amp#27;[38;5;173m[Xcode]&amp#27;[0m /Users/mac/.appium/node_modules/appium-xcuitest-driver/node_modules/appium-webdriveragent/PrivateHeaders/XCTest/XCEventGenerator.h:19:12: error: no type or protocol named 'OS_dispatch_queue'
&amp#27;[38;5;93m[c258be5a]&amp#27;[0m&amp#27;[38;5;173m[Xcode]&amp#27;[0m   NSObject<OS_dispatch_queue> *_eventQueue;
&amp#27;[38;5;93m[c258be5a]&amp#27;[0m&amp#27;[38;5;173m[Xcode]&amp#27;[0m            ^
&amp#27;[38;5;93m[c258be5a]&amp#27;[0m&amp#27;[38;5;173m[Xcode]&amp#27;[0m In file included from /Users/mac/.appium/node_modules/appium-xcuitest-driver/node_modules/appium-webdriveragent/WebDriverAgentLib/Categories/XCUIElement+FBUtilities.m:33:
&amp#27;[38;5;93m[c258be5a]&amp#27;[0m&amp#27;[38;5;173m[Xcode]&amp#27;[0m /Users/mac/.appium/node_modules/appium-xcuitest-driver/node_modules/appium-webdriveragent/PrivateHeaders/XCTest/XCTRunnerDaemonSession.h:21:14: error: no type or protocol named 'OS_dispatch_queue'
&amp#27;[38;5;93m[c258be5a]&amp#27;[0m&amp#27;[38;5;173m[Xcode]&amp#27;[0m     NSObject<OS_dispatch_queue> *_queue;
&amp#27;[38;5;93m[c258be5a]&amp#27;[0m&amp#27;[38;5;173m[Xcode]&amp#27;[0m              ^
&amp#27;[38;5;93m[c258be5a]&amp#27;[0m&amp#27;[38;5;173m[Xcode]&amp#27;[0m /Users/mac/.appium/node_modules/appium-xcuitest-driver/node_modules/appium-webdriveragent/PrivateHeaders/XCTest/XCTRunnerDaemonSession.h:28:28: error: no type or protocol named 'OS_dispatch_queue'
&amp#27;[38;5;93m[c258be5a]&amp#27;[0m&amp#27;[38;5;173m[Xcode]&amp#27;[0m @property(retain) NSObject<OS_dispatch_queue> *queue; // @synthesize queue=_queue;
&amp#27;[38;5;93m[c258be5a]&amp#27;[0m&amp#27;[38;5;173m[Xcode]&amp#27;[0m                            ^
&amp#27;[38;5;93m[c258be5a]&amp#27;[0m&amp#27;[38;5;173m[Xcode]&amp#27;[0m 4 errors generated.
&amp#27;[38;5;93m[c258be5a]&amp#27;[0m&amp#27;[38;5;173m[Xcode]&amp#27;[0m 
&amp#27;[38;5;93m[c258be5a]&amp#27;[0m&amp#27;[38;5;173m[Xcode]&amp#27;[0m CompileC /Users/mac/Library/Developer/Xcode/DerivedData/WebDriverAgent-ftyyjphyaxmwnxbquukpkjatjqxc/Build/Intermediates.noindex/WebDriverAgent.build/Debug-iphonesimulator/WebDriverAgentLib.build/Objects-normal/x86_64/XCUIElement+FBUID.o /Users/mac/.appium/node_modules/appium-xcuitest-driver/node_modules/appium-webdriveragent/WebDriverAgentLib/Categories/XCUIElement+FBUID.m normal x86_64 objective-c com.apple.compilers.llvm.clang.1_0.compiler (in target 'WebDriverAgentLib' from project 'WebDriverAgent')
&amp#27;[38;5;93m[c258be5a]&amp#27;[0m&amp#27;[38;5;173m[Xcode]&amp#27;[0m     cd /Users/mac/.appium/node_modules/appium-xcuitest-driver/node_modules/appium-webdriveragent
&amp#27;[38;5;93m[c258be5a]&amp#27;[0m&amp#27;[38;5;173m[Xcode]&amp#27;[0m     export LANG\=en_US.US-ASCII
&amp#27;[38;5;93m[c258be5a]&amp#27;[0m&amp#27;[38;5;173m[Xcode]&amp#27;[0m     /Users/mac/Downloads/Xcode.app/Contents/Developer/Toolchains/XcodeDefault.xctoolchain/usr/bin/clang -x objective-c -target x86_64-apple-ios1.0-simulator -fmessage-length\=0 -fdiagnostics-show-note-include-stack -fmacro-backtrace-limit\=0 -std\=gnu99 -fobjc-arc -fmodules -gmodules -fmodules-cache-path\=/Users/mac/Library/Developer/Xcode/DerivedData/ModuleCache.noindex -fmodules-prune-interval\=86400 -fmodules-prune-after\=345600 -fbuild-session-file\=/Users/mac/Library/Developer/Xcode/DerivedData/ModuleCache.noindex/Session.modulevalidation -fmodules-validate-once-per-build-session -Wno-trigraphs -fpascal-strings -O0 -fno-common -Wmissing-field-initializers -Wno-missing-prototypes -Werror\=return-type -Wunreachable-code -Wquoted-include-in-framework-header -Wno-implicit-atomic-properties -Werror\=deprecated-objc-isa-usage -Wno-objc-interface-ivars -Werror\=objc-root-class -Warc-repeated-use-of-weak -Wno-arc-maybe-repeated-use-of-weak -Wimplicit-retain-self -Wduplicate-method-match -Wno-missing-braces -Wparentheses -Wswitch -Wunused-function -Wno-unused-label -Wunused-parameter -Wunused-variable -Wunused-value -Wempty-body -Wuninitialized -Wconditional-uninitialized -Wno-unknown-pragmas -pedantic -Wshadow -Wno-four-char-constants -Wconversion -Wconstant-conversion -Wint-conversion -Wbool-conversion -Wenum-conversion -Wfloat-conversion -Wnon-literal-null-conversion -Wobjc-literal-conversion -Wassign-enum -Wsign-compare -Wshorten-64-to-32 -Wpointer-sign -Wno-newline-eof -Wno-selector -Wno-strict-selector-match -Wundeclared-selector -Wdeprecated-implementations -DDEBUG\=1 -DOBJC_OLD_DISPATCH_PROTOTYPES\=0 -isysroot /Users/mac/Downloads/Xcode.app/Contents/Developer/Platforms/iPhoneSimulator.platform/Developer/SDKs/iPhoneSimulator15.2.sdk -fasm-blocks -fstrict-aliasing -Wprotocol -Wdeprecated-declarations -g -Wno-sign-conversion -Winfinite-recursion -Wcomma -Wblock-capture-autoreleasing -Wstrict-prototypes -Wno-semicolon-before-method-body -fobjc-abi-version\=2 -fobjc-legacy-dispatch -iquote /Users/mac/Library/Developer/Xcode/DerivedData/WebDriverAgent-ftyyjphyaxmwnxbquukpkjatjqxc/Build/Intermediates.noindex/WebDriverAgent.build/Debug-iphonesimulator/WebDriverAgentLib.build/WebDriverAgentLib-generated-files.hmap -I/Users/mac/Library/Developer/Xcode/DerivedData/WebDriverAgent-ftyyjphyaxmwnxbquukpkjatjqxc/Build/Intermediates.noindex/WebDriverAgent.build/Debug-iphonesimulator/WebDriverAgentLib.build/WebDriverAgentLib-own-target-headers.hmap -I/Users/mac/Library/Developer/Xcode/DerivedData/WebDriverAgent-ftyyjphyaxmwnxbquukpkjatjqxc/Build/Intermediates.noindex/WebDriverAgent.build/Debug-iphonesimulator/WebDriverAgentLib.build/WebDriverAgentLib-all-target-headers.hmap -iquote /Users/mac/Library/Developer/Xcode/DerivedData/WebDriverAgent-ftyyjphyaxmwnxbquukpkjatjqxc/Build/Intermediates.noindex/WebDriverAgent.build/Debug-iphonesimulator/WebDriverAgentLib.build/WebDriverAgentLib-project-headers.hmap -I/Users/mac/Library/Developer/Xcode/DerivedData/WebDriverAgent-ftyyjphyaxmwnxbquukpkjatjqxc/Build/Products/Debug-iphonesimulator/include -I/Users/mac/Downloads/Xcode.app/Contents/Developer/Platforms/iPhoneSimulator.platform/Developer/SDKs/iPhoneSimulator15.2.sdk/usr/include/libxml2 -I/Users/mac/.appium/node_modules/appium-xcuitest-driver/node_modules/appium-webdriveragent/Modules -I/Users/mac/Library/Developer/Xcode/DerivedData/WebDriverAgent-ftyyjphyaxmwnxbquukpkjatjqxc/Build/Intermediates.noindex/WebDriverAgent.build/Debug-iphonesimulator/WebDriverAgentLib.build/DerivedSources-normal/x86_64 -I/Users/mac/Library/Developer/Xcode/DerivedData/WebDriverAgent-ftyyjphyaxmwnxbquukpkjatjqxc/Build/Intermediates.noindex/WebDriverAgent.build/Debug-iphonesimulator/WebDriverAgentLib.build/DerivedSources/x86_64 -I/Users/mac/Library/Developer/Xcode/DerivedData/WebDriverAgent-ftyyjphyaxmwnxbquukpkjatjqxc/Build/Intermediates.noindex/WebDriverAgent.build/Debug-iphonesimulator/WebDriverAgentLib.build/DerivedSources -Weverything -Wno-objc-missing-property-synthesis -Wno-unused-macros -Wno-disabled-macro-expansion -Wno-gnu-statement-expression -Wno-language-extension-token -Wno-overriding-method-mismatch -Wno-missing-variable-declarations -Rno-module-build -Wno-auto-import -Wno-objc-interface-ivars -Wno-documentation-unknown-command -Wno-reserved-id-macro -Wno-unused-parameter -Wno-gnu-conditional-omitted-operand -Wno-explicit-ownership-type -Wno-date-time -Wno-cast-align -Wno-cstring-format-directive -Wno-double-promotion -Wno-partial-availability -Weverything -Wno-objc-missing-property-synthesis -Wno-unused-macros -Wno-disabled-macro-expansion -Wno-gnu-statement-expression -Wno-language-extension-token -Wno-overriding-method-mismatch -Wno-missing-variable-declarations -Rno-module-build -Wno-auto-import -Wno-objc-interface-ivars -Wno-documentation-unknown-command -Wno-reserved-id-macro -Wno-unused-parameter -Wno-gnu-conditional-omitted-operand -Wno-explicit-ownership-type -Wno-date-time -Wno-cast-align -Wno-cstring-format-directive -Wno-double-promotion -Wno-partial-availability -Wno-objc-messaging-id -Wno-direct-ivar-access -Wno-cast-qual -Wno-declaration-after-statement -F/Users/mac/Library/Developer/Xcode/DerivedData/WebDriverAgent-ftyyjphyaxmwnxbquukpkjatjqxc/Build/Products/Debug-iphonesimulator -F/Users/mac/Downloads/Xcode.app/Contents/Developer/Platforms/iPhoneSimulator.platform/Developer/Library/Frameworks -F/Users/mac/Downloads/Xcode.app/Contents/Developer/Platforms/iPhoneSimulator.platform/Developer/Library/PrivateFrameworks -iframework /Users/mac/Downloads/Xcode.app/Contents/Developer/Platforms/iPhoneSimulator.platform/Developer/SDKs/iPhoneSimulator15.2.sdk/Developer/Library/Frameworks -MMD -MT dependencies -MF /Users/mac/Library/Developer/Xcode/DerivedData/WebDriverAgent-ftyyjphyaxmwnxbquukpkjatjqxc/Build/Intermediates.noindex/WebDriverAgent.build/Debug-iphonesimulator/WebDriverAgentLib.build/Objects-normal/x86_64/XCUIElement+FBUID.d --serialize-diagnostics /Users/mac/Library/Developer/Xcode/DerivedData/WebDriverAgent-ftyyjphyaxmwnxbquukpkjatjqxc/Build/Intermediates.noindex/WebDriverAgent.build/Debug-iphonesimulator/WebDriverAgentLib.build/Objects-normal/x86_64/XCUIElement+FBUID.dia -c /Users/mac/.appium/node_modules/appium-xcuitest-driver/node_modules/appium-webdriveragent/WebDriverAgentLib/Categories/XCUIElement+FBUID.m -o /Users/mac/Library/Developer/Xcode/DerivedData/WebDriverAgent-ftyyjphyaxmwnxbquukpkjatjqxc/Build/Intermediates.noindex/WebDriverAgent.build/Debug-iphonesimulator/WebDriverAgentLib.build/Objects-normal/x86_64/XCUIElement+FBUID.o
&amp#27;[38;5;93m[c258be5a]&amp#27;[0m&amp#27;[38;5;173m[Xcode]&amp#27;[0m /Users/mac/.appium/node_modules/appium-xcuitest-driver/node_modules/appium-webdriveragent/WebDriverAgentLib/Categories/XCUIElement+FBUID.m:44:34: warning: unknown warning group '-Wobjc-load-method', ignored [-Wunknown-warning-option]
&amp#27;[38;5;93m[c258be5a]&amp#27;[0m&amp#27;[38;5;173m[Xcode]&amp#27;[0m #pragma clang diagnostic ignored "-Wobjc-load-method"
&amp#27;[38;5;93m[c258be5a]&amp#27;[0m&amp#27;[38;5;173m[Xcode]&amp#27;[0m                                  ^
&amp#27;[38;5;93m[c258be5a]&amp#27;[0m&amp#27;[38;5;173m[Xcode]&amp#27;[0m /Users/mac/.appium/node_modules/appium-xcuitest-driver/node_modules/appium-webdriveragent/WebDriverAgentLib/Categories/XCUIElement+FBUID.m:45:34: warning: unknown warning group '-Wcast-function-type-strict', ignored [-Wunknown-warning-option]
&amp#27;[38;5;93m[c258be5a]&amp#27;[0m&amp#27;[38;5;173m[Xcode]&amp#27;[0m #pragma clang diagnostic ignored "-Wcast-function-type-strict"
&amp#27;[38;5;93m[c258be5a]&amp#27;[0m&amp#27;[38;5;173m[Xcode]&amp#27;[0m                                  ^
&amp#27;[38;5;93m[c258be5a]&amp#27;[0m&amp#27;[38;5;173m[Xcode]&amp#27;[0m 2 warnings generated.
&amp#27;[38;5;93m[c258be5a]&amp#27;[0m&amp#27;[38;5;173m[Xcode]&amp#27;[0m 
&amp#27;[38;5;93m[c258be5a]&amp#27;[0m&amp#27;[38;5;173m[Xcode]&amp#27;[0m CompileC /Users/mac/Library/Developer/Xcode/DerivedData/WebDriverAgent-ftyyjphyaxmwnxbquukpkjatjqxc/Build/Intermediates.noindex/WebDriverAgent.build/Debug-iphonesimulator/WebDriverAgentLib.build/Objects-normal/x86_64/XCUIElement+FBTyping.o /Users/mac/.appium/node_modules/appium-xcuitest-driver/node_modules/appium-webdriveragent/WebDriverAgentLib/Categories/XCUIElement+FBTyping.m normal x86_64 objective-c com.apple.compilers.llvm.clang.1_0.compiler (in target 'WebDriverAgentLib' from project 'WebDriverAgent')
&amp#27;[38;5;93m[c258be5a]&amp#27;[0m&amp#27;[38;5;173m[Xcode]&amp#27;[0m     cd /Users/mac/.appium/node_modules/appium-xcuitest-driver/node_modules/appium-webdriveragent
&amp#27;[38;5;93m[c258be5a]&amp#27;[0m&amp#27;[38;5;173m[Xcode]&amp#27;[0m     export LANG\=en_US.US-ASCII
&amp#27;[38;5;93m[c258be5a]&amp#27;[0m&amp#27;[38;5;173m[Xcode]&amp#27;[0m     /Users/mac/Downloads/Xcode.app/Contents/Developer/Toolchains/XcodeDefault.xctoolchain/usr/bin/clang -x objective-c -target x86_64-apple-ios1.0-simulator -fmessage-length\=0 -fdiagnostics-show-note-include-stack -fmacro-backtrace-limit\=0 -std\=gnu99 -fobjc-arc -fmodules -gmodules -fmodules-cache-path\=/Users/mac/Library/Developer/Xcode/DerivedData/ModuleCache.noindex -fmodules-prune-interval\=86400 -fmodules-prune-after\=345600 -fbuild-session-file\=/Users/mac/Library/Developer/Xcode/DerivedData/ModuleCache.noindex/Session.modulevalidation -fmodules-validate-once-per-build-session -Wno-trigraphs -fpascal-strings -O0 -fno-common -Wmissing-field-initializers -Wno-missing-prototypes -Werror\=return-type -Wunreachable-code -Wquoted-include-in-framework-header -Wno-implicit-atomic-properties -Werror\=deprecated-objc-isa-usage -Wno-objc-interface-ivars -Werror\=objc-root-class -Warc-repeated-use-of-weak -Wno-arc-maybe-repeated-use-of-weak -Wimplicit-retain-self -Wduplicate-method-match -Wno-missing-braces -Wparentheses -Wswitch -Wunused-function -Wno-unused-label -Wunused-parameter -Wunused-variable -Wunused-value -Wempty-body -Wuninitialized -Wconditional-uninitialized -Wno-unknown-pragmas -pedantic -Wshadow -Wno-four-char-constants -Wconversion -Wconstant-conversion -Wint-conversion -Wbool-conversion -Wenum-conversion -Wfloat-conversion -Wnon-literal-null-conversion -Wobjc-literal-conversion -Wassign-enum -Wsign-compare -Wshorten-64-to-32 -Wpointer-sign -Wno-newline-eof -Wno-selector -Wno-strict-selector-match -Wundeclared-selector -Wdeprecated-implementations -DDEBUG\=1 -DOBJC_OLD_DISPATCH_PROTOTYPES\=0 -isysroot /Users/mac/Downloads/Xcode.app/Contents/Developer/Platforms/iPhoneSimulator.platform/Developer/SDKs/iPhoneSimulator15.2.sdk -fasm-blocks -fstrict-aliasing -Wprotocol -Wdeprecated-declarations -g -Wno-sign-conversion -Winfinite-recursion -Wcomma -Wblock-capture-autoreleasing -Wstrict-prototypes -Wno-semicolon-before-method-body -fobjc-abi-version\=2 -fobjc-legacy-dispatch -iquote /Users/mac/Library/Developer/Xcode/DerivedData/WebDriverAgent-ftyyjphyaxmwnxbquukpkjatjqxc/Build/Intermediates.noindex/WebDriverAgent.build/Debug-iphonesimulator/WebDriverAgentLib.build/WebDriverAgentLib-generated-files.hmap -I/Users/mac/Library/Developer/Xcode/DerivedData/WebDriverAgent-ftyyjphyaxmwnxbquukpkjatjqxc/Build/Intermediates.noindex/WebDriverAgent.build/Debug-iphonesimulator/WebDriverAgentLib.build/WebDriverAgentLib-own-target-headers.hmap -I/Users/mac/Library/Developer/Xcode/DerivedData/WebDriverAgent-ftyyjphyaxmwnxbquukpkjatjqxc/Build/Intermediates.noindex/WebDriverAgent.build/Debug-iphonesimulator/WebDriverAgentLib.build/WebDriverAgentLib-all-target-headers.hmap -iquote /Users/mac/Library/Developer/Xcode/DerivedData/WebDriverAgent-ftyyjphyaxmwnxbquukpkjatjqxc/Build/Intermediates.noindex/WebDriverAgent.build/Debug-iphonesimulator/WebDriverAgentLib.build/WebDriverAgentLib-project-headers.hmap -I/Users/mac/Library/Developer/Xcode/DerivedData/WebDriverAgent-ftyyjphyaxmwnxbquukpkjatjqxc/Build/Products/Debug-iphonesimulator/include -I/Users/mac/Downloads/Xcode.app/Contents/Developer/Platforms/iPhoneSimulator.platform/Developer/SDKs/iPhoneSimulator15.2.sdk/usr/include/libxml2 -I/Users/mac/.appium/node_modules/appium-xcuitest-driver/node_modules/appium-webdriveragent/Modules -I/Users/mac/Library/Developer/Xcode/DerivedData/WebDriverAgent-ftyyjphyaxmwnxbquukpkjatjqxc/Build/Intermediates.noindex/WebDriverAgent.build/Debug-iphonesimulator/WebDriverAgentLib.build/DerivedSources-normal/x86_64 -I/Users/mac/Library/Developer/Xcode/DerivedData/WebDriverAgent-ftyyjphyaxmwnxbquukpkjatjqxc/Build/Intermediates.noindex/WebDriverAgent.build/Debug-iphonesimulator/WebDriverAgentLib.build/DerivedSources/x86_64 -I/Users/mac/Library/Developer/Xcode/DerivedData/WebDriverAgent-ftyyjphyaxmwnxbquukpkjatjqxc/Build/Intermediates.noindex/WebDriverAgent.build/Debug-iphonesimulator/WebDriverAgentLib.build/DerivedSources -Weverything -Wno-objc-missing-property-synthesis -Wno-unused-macros -Wno-disabled-macro-expansion -Wno-gnu-statement-expression -Wno-language-extension-token -Wno-overriding-method-mismatch -Wno-missing-variable-declarations -Rno-module-build -Wno-auto-import -Wno-objc-interface-ivars -Wno-documentation-unknown-command -Wno-reserved-id-macro -Wno-unused-parameter -Wno-gnu-conditional-omitted-operand -Wno-explicit-ownership-type -Wno-date-time -Wno-cast-align -Wno-cstring-format-directive -Wno-double-promotion -Wno-partial-availability -Weverything -Wno-objc-missing-property-synthesis -Wno-unused-macros -Wno-disabled-macro-expansion -Wno-gnu-statement-expression -Wno-language-extension-token -Wno-overriding-method-mismatch -Wno-missing-variable-declarations -Rno-module-build -Wno-auto-import -Wno-objc-interface-ivars -Wno-documentation-unknown-command -Wno-reserved-id-macro -Wno-unused-parameter -Wno-gnu-conditional-omitted-operand -Wno-explicit-ownership-type -Wno-date-time -Wno-cast-align -Wno-cstring-format-directive -Wno-double-promotion -Wno-partial-availability -Wno-objc-messaging-id -Wno-direct-ivar-access -Wno-cast-qual -Wno-declaration-after-statement -F/Users/mac/Library/Developer/Xcode/DerivedData/WebDriverAgent-ftyyjphyaxmwnxbquukpkjatjqxc/Build/Products/Debug-iphonesimulator -F/Users/mac/Downloads/Xcode.app/Contents/Developer/Platforms/iPhoneSimulator.platform/Developer/Library/Frameworks -F/Users/mac/Downloads/Xcode.app/Contents/Developer/Platforms/iPhoneSimulator.platform/Developer/Library/PrivateFrameworks -iframework /Users/mac/Downloads/Xcode.app/Contents/Developer/Platforms/iPhoneSimulator.platform/Developer/SDKs/iPhoneSimulator15.2.sdk/Developer/Library/Frameworks -MMD -MT dependencies -MF /Users/mac/Library/Developer/Xcode/DerivedData/WebDriverAgent-ftyyjphyaxmwnxbquukpkjatjqxc/Build/Intermediates.noindex/WebDriverAgent.build/Debug-iphonesimulator/WebDriverAgentLib.build/Objects-normal/x86_64/XCUIElement+FBTyping.d --serialize-diagnostics /Users/mac/Library/Developer/Xcode/DerivedData/WebDriverAgent-ftyyjphyaxmwnxbquukpkjatjqxc/Build/Intermediates.noindex/WebDriverAgent.build/Debug-iphonesimulator/WebDriverAgentLib.build/Objects-normal/x86_64/XCUIElement+FBTyping.dia -c /Users/mac/.appium/node_modules/appium-xcuitest-driver/node_modules/appium-webdriveragent/WebDriverAgentLib/Categories/XCUIElement+FBTyping.m -o /Users/mac/Library/Developer/Xcode/DerivedData/WebDriverAgent-ftyyjphyaxmwnxbquukpkjatjqxc/Build/Intermediates.noindex/WebDriverAgent.build/Debug-iphonesimulator/WebDriverAgentLib.build/Objects-normal/x86_64/XCUIElement+FBTyping.o
&amp#27;[38;5;93m[c258be5a]&amp#27;[0m&amp#27;[38;5;173m[Xcode]&amp#27;[0m 
&amp#27;[38;5;93m[c258be5a]&amp#27;[0m&amp#27;[38;5;173m[Xcode]&amp#27;[0m CompileC /Users/mac/Library/Developer/Xcode/DerivedData/WebDriverAgent-ftyyjphyaxmwnxbquukpkjatjqxc/Build/Intermediates.noindex/WebDriverAgent.build/Debug-iphonesimulator/WebDriverAgentLib.build/Objects-normal/x86_64/XCUIElement+FBTVFocuse.o /Users/mac/.appium/node_modules/appium-xcuitest-driver/node_modules/appium-webdriveragent/WebDriverAgentLib/Categories/XCUIElement+FBTVFocuse.m normal x86_64 objective-c com.apple.compilers.llvm.clang.1_0.compiler (in target 'WebDriverAgentLib' from project 'WebDriverAgent')
&amp#27;[38;5;93m[c258be5a]&amp#27;[0m&amp#27;[38;5;173m[Xcode]&amp#27;[0m     cd /Users/mac/.appium/node_modules/appium-xcuitest-driver/node_modules/appium-webdriveragent
&amp#27;[38;5;93m[c258be5a]&amp#27;[0m&amp#27;[38;5;173m[Xcode]&amp#27;[0m     export LANG\=en_US.US-ASCII
&amp#27;[38;5;93m[c258be5a]&amp#27;[0m&amp#27;[38;5;173m[Xcode]&amp#27;[0m     /Users/mac/Downloads/Xcode.app/Contents/Developer/Toolchains/XcodeDefault.xctoolchain/usr/bin/clang -x objective-c -target x86_64-apple-ios1.0-simulator -fmessage-length\=0 -fdiagnostics-show-note-include-stack -fmacro-backtrace-limit\=0 -std\=gnu99 -fobjc-arc -fmodules -gmodules -fmodules-cache-path\=/Users/mac/Library/Developer/Xcode/DerivedData/ModuleCache.noindex -fmodules-prune-interval\=86400 -fmodules-prune-after\=345600 -fbuild-session-file\=/Users/mac/Library/Developer/Xcode/DerivedData/ModuleCache.noindex/Session.modulevalidation -fmodules-validate-once-per-build-session -Wno-trigraphs -fpascal-strings -O0 -fno-common -Wmissing-field-initializers -Wno-missing-prototypes -Werror\=return-type -Wunreachable-code -Wquoted-include-in-framework-header -Wno-implicit-atomic-properties -Werror\=deprecated-objc-isa-usage -Wno-objc-interface-ivars -Werror\=objc-root-class -Warc-repeated-use-of-weak -Wno-arc-maybe-repeated-use-of-weak -Wimplicit-retain-self -Wduplicate-method-match -Wno-missing-braces -Wparentheses -Wswitch -Wunused-function -Wno-unused-label -Wunused-parameter -Wunused-variable -Wunused-value -Wempty-body -Wuninitialized -Wconditional-uninitialized -Wno-unknown-pragmas -pedantic -Wshadow -Wno-four-char-constants -Wconversion -Wconstant-conversion -Wint-conversion -Wbool-conversion -Wenum-conversion -Wfloat-conversion -Wnon-literal-null-conversion -Wobjc-literal-conversion -Wassign-enum -Wsign-compare -Wshorten-64-to-32 -Wpointer-sign -Wno-newline-eof -Wno-selector -Wno-strict-selector-match -Wundeclared-selector -Wdeprecated-implementations -DDEBUG\=1 -DOBJC_OLD_DISPATCH_PROTOTYPES\=0 -isysroot /Users/mac/Downloads/Xcode.app/Contents/Developer/Platforms/iPhoneSimulator.platform/Developer/SDKs/iPhoneSimulator15.2.sdk -fasm-blocks -fstrict-aliasing -Wprotocol -Wdeprecated-declarations -g -Wno-sign-conversion -Winfinite-recursion -Wcomma -Wblock-capture-autoreleasing -Wstrict-prototypes -Wno-semicolon-before-method-body -fobjc-abi-version\=2 -fobjc-legacy-dispatch -iquote /Users/mac/Library/Developer/Xcode/DerivedData/WebDriverAgent-ftyyjphyaxmwnxbquukpkjatjqxc/Build/Intermediates.noindex/WebDriverAgent.build/Debug-iphonesimulator/WebDriverAgentLib.build/WebDriverAgentLib-generated-files.hmap -I/Users/mac/Library/Developer/Xcode/DerivedData/WebDriverAgent-ftyyjphyaxmwnxbquukpkjatjqxc/Build/Intermediates.noindex/WebDriverAgent.build/Debug-iphonesimulator/WebDriverAgentLib.build/WebDriverAgentLib-own-target-headers.hmap -I/Users/mac/Library/Developer/Xcode/DerivedData/WebDriverAgent-ftyyjphyaxmwnxbquukpkjatjqxc/Build/Intermediates.noindex/WebDriverAgent.build/Debug-iphonesimulator/WebDriverAgentLib.build/WebDriverAgentLib-all-target-headers.hmap -iquote /Users/mac/Library/Developer/Xcode/DerivedData/WebDriverAgent-ftyyjphyaxmwnxbquukpkjatjqxc/Build/Intermediates.noindex/WebDriverAgent.build/Debug-iphonesimulator/WebDriverAgentLib.build/WebDriverAgentLib-project-headers.hmap -I/Users/mac/Library/Developer/Xcode/DerivedData/WebDriverAgent-ftyyjphyaxmwnxbquukpkjatjqxc/Build/Products/Debug-iphonesimulator/include -I/Users/mac/Downloads/Xcode.app/Contents/Developer/Platforms/iPhoneSimulator.platform/Developer/SDKs/iPhoneSimulator15.2.sdk/usr/include/libxml2 -I/Users/mac/.appium/node_modules/appium-xcuitest-driver/node_modules/appium-webdriveragent/Modules -I/Users/mac/Library/Developer/Xcode/DerivedData/WebDriverAgent-ftyyjphyaxmwnxbquukpkjatjqxc/Build/Intermediates.noindex/WebDriverAgent.build/Debug-iphonesimulator/WebDriverAgentLib.build/DerivedSources-normal/x86_64 -I/Users/mac/Library/Developer/Xcode/DerivedData/WebDriverAgent-ftyyjphyaxmwnxbquukpkjatjqxc/Build/Intermediates.noindex/WebDriverAgent.build/Debug-iphonesimulator/WebDriverAgentLib.build/DerivedSources/x86_64 -I/Users/mac/Library/Developer/Xcode/DerivedData/WebDriverAgent-ftyyjphyaxmwnxbquukpkjatjqxc/Build/Intermediates.noindex/WebDriverAgent.build/Debug-iphonesimulator/WebDriverAgentLib.build/DerivedSources -Weverything -Wno-objc-missing-property-synthesis -Wno-unused-macros -Wno-disabled-macro-expansion -Wno-gnu-statement-expression -Wno-language-extension-token -Wno-overriding-method-mismatch -Wno-missing-variable-declarations -Rno-module-build -Wno-auto-import -Wno-objc-interface-ivars -Wno-documentation-unknown-command -Wno-reserved-id-macro -Wno-unused-parameter -Wno-gnu-conditional-omitted-operand -Wno-explicit-ownership-type -Wno-date-time -Wno-cast-align -Wno-cstring-format-directive -Wno-double-promotion -Wno-partial-availability -Weverything -Wno-objc-missing-property-synthesis -Wno-unused-macros -Wno-disabled-macro-expansion -Wno-gnu-statement-expression -Wno-language-extension-token -Wno-overriding-method-mismatch -Wno-missing-variable-declarations -Rno-module-build -Wno-auto-import -Wno-objc-interface-ivars -Wno-documentation-unknown-command -Wno-reserved-id-macro -Wno-unused-parameter -Wno-gnu-conditional-omitted-operand -Wno-explicit-ownership-type -Wno-date-time -Wno-cast-align -Wno-cstring-format-directive -Wno-double-promotion -Wno-partial-availability -Wno-objc-messaging-id -Wno-direct-ivar-access -Wno-cast-qual -Wno-declaration-after-statement -F/Users/mac/Library/Developer/Xcode/DerivedData/WebDriverAgent-ftyyjphyaxmwnxbquukpkjatjqxc/Build/Products/Debug-iphonesimulator -F/Users/mac/Downloads/Xcode.app/Contents/Developer/Platforms/iPhoneSimulator.platform/Developer/Library/Frameworks -F/Users/mac/Downloads/Xcode.app/Contents/Developer/Platforms/iPhoneSimulator.platform/Developer/Library/PrivateFrameworks -iframework /Users/mac/Downloads/Xcode.app/Contents/Developer/Platforms/iPhoneSimulator.platform/Developer/SDKs/iPhoneSimulator15.2.sdk/Developer/Library/Frameworks -MMD -MT dependencies -MF /Users/mac/Library/Developer/Xcode/DerivedData/WebDriverAgent-ftyyjphyaxmwnxbquukpkjatjqxc/Build/Intermediates.noindex/WebDriverAgent.build/Debug-iphonesimulator/WebDriverAgentLib.build/Objects-normal/x86_64/XCUIElement+FBTVFocuse.d --serialize-diagnostics /Users/mac/Library/Developer/Xcode/DerivedData/WebDriverAgent-ftyyjphyaxmwnxbquukpkjatjqxc/Build/Intermediates.noindex/WebDriverAgent.build/Debug-iphonesimulator/WebDriverAgentLib.build/Objects-normal/x86_64/XCUIElement+FBTVFocuse.dia -c /Users/mac/.appium/node_modules/appium-xcuitest-driver/node_modules/appium-webdriveragent/WebDriverAgentLib/Categories/XCUIElement+FBTVFocuse.m -o /Users/mac/Library/Developer/Xcode/DerivedData/WebDriverAgent-ftyyjphyaxmwnxbquukpkjatjqxc/Build/Intermediates.noindex/WebDriverAgent.build/Debug-iphonesimulator/WebDriverAgentLib.build/Objects-normal/x86_64/XCUIElement+FBTVFocuse.o
&amp#27;[38;5;93m[c258be5a]&amp#27;[0m&amp#27;[38;5;173m[Xcode]&amp#27;[0m 
&amp#27;[38;5;93m[c258be5a]&amp#27;[0m&amp#27;[38;5;173m[Xcode]&amp#27;[0m CompileC /Users/mac/Library/Developer/Xcode/DerivedData/WebDriverAgent-ftyyjphyaxmwnxbquukpkjatjqxc/Build/Intermediates.noindex/WebDriverAgent.build/Debug-iphonesimulator/WebDriverAgentLib.build/Objects-normal/x86_64/XCUIElement+FBSwiping.o /Users/mac/.appium/node_modules/appium-xcuitest-driver/node_modules/appium-webdriveragent/WebDriverAgentLib/Categories/XCUIElement+FBSwiping.m normal x86_64 objective-c com.apple.compilers.llvm.clang.1_0.compiler (in target 'WebDriverAgentLib' from project 'WebDriverAgent')
&amp#27;[38;5;93m[c258be5a]&amp#27;[0m&amp#27;[38;5;173m[Xcode]&amp#27;[0m     cd /Users/mac/.appium/node_modules/appium-xcuitest-driver/node_modules/appium-webdriveragent
&amp#27;[38;5;93m[c258be5a]&amp#27;[0m&amp#27;[38;5;173m[Xcode]&amp#27;[0m     export LANG\=en_US.US-ASCII
&amp#27;[38;5;93m[c258be5a]&amp#27;[0m&amp#27;[38;5;173m[Xcode]&amp#27;[0m     /Users/mac/Downloads/Xcode.app/Contents/Developer/Toolchains/XcodeDefault.xctoolchain/usr/bin/clang -x objective-c -target x86_64-apple-ios1.0-simulator -fmessage-length\=0 -fdiagnostics-show-note-include-stack -fmacro-backtrace-limit\=0 -std\=gnu99 -fobjc-arc -fmodules -gmodules -fmodules-cache-path\=/Users/mac/Library/Developer/Xcode/DerivedData/ModuleCache.noindex -fmodules-prune-interval\=86400 -fmodules-prune-after\=345600 -fbuild-session-file\=/Users/mac/Library/Developer/Xcode/DerivedData/ModuleCache.noindex/Session.modulevalidation -fmodules-validate-once-per-build-session -Wno-trigraphs -fpascal-strings -O0 -fno-common -Wmissing-field-initializers -Wno-missing-prototypes -Werror\=return-type -Wunreachable-code -Wquoted-include-in-framework-header -Wno-implicit-atomic-properties -Werror\=deprecated-objc-isa-usage -Wno-objc-interface-ivars -Werror\=objc-root-class -Warc-repeated-use-of-weak -Wno-arc-maybe-repeated-use-of-weak -Wimplicit-retain-self -Wduplicate-method-match -Wno-missing-braces -Wparentheses -Wswitch -Wunused-function -Wno-unused-label -Wunused-parameter -Wunused-variable -Wunused-value -Wempty-body -Wuninitialized -Wconditional-uninitialized -Wno-unknown-pragmas -pedantic -Wshadow -Wno-four-char-constants -Wconversion -Wconstant-conversion -Wint-conversion -Wbool-conversion -Wenum-conversion -Wfloat-conversion -Wnon-literal-null-conversion -Wobjc-literal-conversion -Wassign-enum -Wsign-compare -Wshorten-64-to-32 -Wpointer-sign -Wno-newline-eof -Wno-selector -Wno-strict-selector-match -Wundeclared-selector -Wdeprecated-implementations -DDEBUG\=1 -DOBJC_OLD_DISPATCH_PROTOTYPES\=0 -isysroot /Users/mac/Downloads/Xcode.app/Contents/Developer/Platforms/iPhoneSimulator.platform/Developer/SDKs/iPhoneSimulator15.2.sdk -fasm-blocks -fstrict-aliasing -Wprotocol -Wdeprecated-declarations -g -Wno-sign-conversion -Winfinite-recursion -Wcomma -Wblock-capture-autoreleasing -Wstrict-prototypes -Wno-semicolon-before-method-body -fobjc-abi-version\=2 -fobjc-legacy-dispatch -iquote /Users/mac/Library/Developer/Xcode/DerivedData/WebDriverAgent-ftyyjphyaxmwnxbquukpkjatjqxc/Build/Intermediates.noindex/WebDriverAgent.build/Debug-iphonesimulator/WebDriverAgentLib.build/WebDriverAgentLib-generated-files.hmap -I/Users/mac/Library/Developer/Xcode/DerivedData/WebDriverAgent-ftyyjphyaxmwnxbquukpkjatjqxc/Build/Intermediates.noindex/WebDriverAgent.build/Debug-iphonesimulator/WebDriverAgentLib.build/WebDriverAgentLib-own-target-headers.hmap -I/Users/mac/Library/Developer/Xcode/DerivedData/WebDriverAgent-ftyyjphyaxmwnxbquukpkjatjqxc/Build/Intermediates.noindex/WebDriverAgent.build/Debug-iphonesimulator/WebDriverAgentLib.build/WebDriverAgentLib-all-target-headers.hmap -iquote /Users/mac/Library/Developer/Xcode/DerivedData/WebDriverAgent-ftyyjphyaxmwnxbquukpkjatjqxc/Build/Intermediates.noindex/WebDriverAgent.build/Debug-iphonesimulator/WebDriverAgentLib.build/WebDriverAgentLib-project-headers.hmap -I/Users/mac/Library/Developer/Xcode/DerivedData/WebDriverAgent-ftyyjphyaxmwnxbquukpkjatjqxc/Build/Products/Debug-iphonesimulator/include -I/Users/mac/Downloads/Xcode.app/Contents/Developer/Platforms/iPhoneSimulator.platform/Developer/SDKs/iPhoneSimulator15.2.sdk/usr/include/libxml2 -I/Users/mac/.appium/node_modules/appium-xcuitest-driver/node_modules/appium-webdriveragent/Modules -I/Users/mac/Library/Developer/Xcode/DerivedData/WebDriverAgent-ftyyjphyaxmwnxbquukpkjatjqxc/Build/Intermediates.noindex/WebDriverAgent.build/Debug-iphonesimulator/WebDriverAgentLib.build/DerivedSources-normal/x86_64 -I/Users/mac/Library/Developer/Xcode/DerivedData/WebDriverAgent-ftyyjphyaxmwnxbquukpkjatjqxc/Build/Intermediates.noindex/WebDriverAgent.build/Debug-iphonesimulator/WebDriverAgentLib.build/DerivedSources/x86_64 -I/Users/mac/Library/Developer/Xcode/DerivedData/WebDriverAgent-ftyyjphyaxmwnxbquukpkjatjqxc/Build/Intermediates.noindex/WebDriverAgent.build/Debug-iphonesimulator/WebDriverAgentLib.build/DerivedSources -Weverything -Wno-objc-missing-property-synthesis -Wno-unused-macros -Wno-disabled-macro-expansion -Wno-gnu-statement-expression -Wno-language-extension-token -Wno-overriding-method-mismatch -Wno-missing-variable-declarations -Rno-module-build -Wno-auto-import -Wno-objc-interface-ivars -Wno-documentation-unknown-command -Wno-reserved-id-macro -Wno-unused-parameter -Wno-gnu-conditional-omitted-operand -Wno-explicit-ownership-type -Wno-date-time -Wno-cast-align -Wno-cstring-format-directive -Wno-double-promotion -Wno-partial-availability -Weverything -Wno-objc-missing-property-synthesis -Wno-unused-macros -Wno-disabled-macro-expansion -Wno-gnu-statement-expression -Wno-language-extension-token -Wno-overriding-method-mismatch -Wno-missing-variable-declarations -Rno-module-build -Wno-auto-import -Wno-objc-interface-ivars -Wno-documentation-unknown-command -Wno-reserved-id-macro -Wno-unused-parameter -Wno-gnu-conditional-omitted-operand -Wno-explicit-ownership-type -Wno-date-time -Wno-cast-align -Wno-cstring-format-directive -Wno-double-promotion -Wno-partial-availability -Wno-objc-messaging-id -Wno-direct-ivar-access -Wno-cast-qual -Wno-declaration-after-statement -F/Users/mac/Library/Developer/Xcode/DerivedData/WebDriverAgent-ftyyjphyaxmwnxbquukpkjatjqxc/Build/Products/Debug-iphonesimulator -F/Users/mac/Downloads/Xcode.app/Contents/Developer/Platforms/iPhoneSimulator.platform/Developer/Library/Frameworks -F/Users/mac/Downloads/Xcode.app/Contents/Developer/Platforms/iPhoneSimulator.platform/Developer/Library/PrivateFrameworks -iframework /Users/mac/Downloads/Xcode.app/Contents/Developer/Platforms/iPhoneSimulator.platform/Developer/SDKs/iPhoneSimulator15.2.sdk/Developer/Library/Frameworks -MMD -MT dependencies -MF /Users/mac/Library/Developer/Xcode/DerivedData/WebDriverAgent-ftyyjphyaxmwnxbquukpkjatjqxc/Build/Intermediates.noindex/WebDriverAgent.build/Debug-iphonesimulator/WebDriverAgentLib.build/Objects-normal/x86_64/XCUIElement+FBSwiping.d --serialize-diagnostics /Users/mac/Library/Developer/Xcode/DerivedData/WebDriverAgent-ftyyjphyaxmwnxbquukpkjatjqxc/Build/Intermediates.noindex/WebDriverAgent.build/Debug-iphonesimulator/WebDriverAgentLib.build/Objects-normal/x86_64/XCUIElement+FBSwiping.dia -c /Users/mac/.appium/node_modules/appium-xcuitest-driver/node_modules/appium-webdriveragent/WebDriverAgentLib/Categories/XCUIElement+FBSwiping.m -o /Users/mac/Library/Developer/Xcode/DerivedData/WebDriverAgent-ftyyjphyaxmwnxbquukpkjatjqxc/Build/Intermediates.noindex/WebDriverAgent.build/Debug-iphonesimulator/WebDriverAgentLib.build/Objects-normal/x86_64/XCUIElement+FBSwiping.o
&amp#27;[38;5;93m[c258be5a]&amp#27;[0m&amp#27;[38;5;173m[Xcode]&amp#27;[0m 
&amp#27;[38;5;93m[c258be5a]&amp#27;[0m&amp#27;[38;5;173m[Xcode]&amp#27;[0m /Users/mac/.appium/node_modules/appium-xcuitest-driver/node_modules/appium-webdriveragent/WebDriverAgent.xcodeproj: warning: The iOS Simulator deployment target 'IPHONEOS_DEPLOYMENT_TARGET' is set to 1.0, but the range of supported deployment target versions is 9.0 to 15.2.99. (in target 'WebDriverAgentRunner' from project 'WebDriverAgent')
&amp#27;[38;5;93m[c258be5a]&amp#27;[0m&amp#27;[38;5;173m[Xcode]&amp#27;[0m ** TEST BUILD FAILED **
&amp#27;[38;5;93m[c258be5a]&amp#27;[0m&amp#27;[38;5;173m[Xcode]&amp#27;[0m 
&amp#27;[38;5;93m[c258be5a]&amp#27;[0m&amp#27;[38;5;173m[Xcode]&amp#27;[0m 
&amp#27;[38;5;93m[c258be5a]&amp#27;[0m&amp#27;[38;5;173m[Xcode]&amp#27;[0m The following build commands failed:
&amp#27;[38;5;93m[c258be5a]&amp#27;[0m&amp#27;[38;5;173m[Xcode]&amp#27;[0m 	CompileC /Users/mac/Library/Developer/Xcode/DerivedData/WebDriverAgent-ftyyjphyaxmwnxbquukpkjatjqxc/Build/Intermediates.noindex/WebDriverAgent.build/Debug-iphonesimulator/WebDriverAgentLib.build/Objects-normal/x86_64/XCUIElement+FBUtilities.o /Users/mac/.appium/node_modules/appium-xcuitest-driver/node_modules/appium-webdriveragent/WebDriverAgentLib/Categories/XCUIElement+FBUtilities.m normal x86_64 objective-c com.apple.compilers.llvm.clang.1_0.compiler (in target 'WebDriverAgentLib' from project 'WebDriverAgent')
&amp#27;[38;5;93m[c258be5a]&amp#27;[0m&amp#27;[38;5;173m[Xcode]&amp#27;[0m (1 failure)
&amp#27;[38;5;93m[c258be5a]&amp#27;[0m&amp#27;[38;5;78m[XCUITestDriver@26e2]&amp#27;[0m Matched '/status' to command name 'getStatus'
&amp#27;[38;5;93m[c258be5a]&amp#27;[0m&amp#27;[38;5;78m[XCUITestDriver@26e2]&amp#27;[0m Proxying [GET /status] to [GET http://127.0.0.1:8100/status] with no body
&amp#27;[38;5;93m[c258be5a]&amp#27;[0m&amp#27;[38;5;78m[XCUITestDriver@26e2]&amp#27;[0m connect ECONNREFUSED 127.0.0.1:8100
&amp#27;[38;5;93m[c258be5a]&amp#27;[0m&amp#27;[38;5;78m[XCUITestDriver@26e2]&amp#27;[0m Matched '/status' to command name 'getStatus'
&amp#27;[38;5;93m[c258be5a]&amp#27;[0m&amp#27;[38;5;78m[XCUITestDriver@26e2]&amp#27;[0m Proxying [GET /status] to [GET http://127.0.0.1:8100/status] with no body
&amp#27;[38;5;93m[c258be5a]&amp#27;[0m&amp#27;[38;5;78m[XCUITestDriver@26e2]&amp#27;[0m connect ECONNREFUSED 127.0.0.1:8100
&amp#27;[38;5;93m[c258be5a]&amp#27;[0m&amp#27;[38;5;78m[XCUITestDriver@26e2]&amp#27;[0m Matched '/status' to command name 'getStatus'
&amp#27;[38;5;93m[c258be5a]&amp#27;[0m&amp#27;[38;5;78m[XCUITestDriver@26e2]&amp#27;[0m Proxying [GET /status] to [GET http://127.0.0.1:8100/status] with no body
&amp#27;[38;5;93m[c258be5a]&amp#27;[0m&amp#27;[38;5;78m[XCUITestDriver@26e2]&amp#27;[0m connect ECONNREFUSED 127.0.0.1:8100
&amp#27;[38;5;93m[c258be5a]&amp#27;[0m&amp#27;[38;5;78m[XCUITestDriver@26e2]&amp#27;[0m Matched '/status' to command name 'getStatus'
&amp#27;[38;5;93m[c258be5a]&amp#27;[0m&amp#27;[38;5;78m[XCUITestDriver@26e2]&amp#27;[0m Proxying [GET /status] to [GET http://127.0.0.1:8100/status] with no body
&amp#27;[38;5;93m[c258be5a]&amp#27;[0m&amp#27;[38;5;78m[XCUITestDriver@26e2]&amp#27;[0m connect ECONNREFUSED 127.0.0.1:8100
&amp#27;[38;5;93m[c258be5a]&amp#27;[0m&amp#27;[38;5;78m[XCUITestDriver@26e2]&amp#27;[0m Matched '/status' to command name 'getStatus'
&amp#27;[38;5;93m[c258be5a]&amp#27;[0m&amp#27;[38;5;78m[XCUITestDriver@26e2]&amp#27;[0m Proxying [GET /status] to [GET http://127.0.0.1:8100/status] with no body
&amp#27;[38;5;93m[c258be5a]&amp#27;[0m&amp#27;[38;5;78m[XCUITestDriver@26e2]&amp#27;[0m connect ECONNREFUSED 127.0.0.1:8100
&amp#27;[38;5;93m[c258be5a]&amp#27;[0m&amp#27;[38;5;78m[XCUITestDriver@26e2]&amp#27;[0m Matched '/status' to command name 'getStatus'
&amp#27;[38;5;93m[c258be5a]&amp#27;[0m&amp#27;[38;5;78m[XCUITestDriver@26e2]&amp#27;[0m Proxying [GET /status] to [GET http://127.0.0.1:8100/status] with no body
&amp#27;[38;5;93m[c258be5a]&amp#27;[0m&amp#27;[38;5;78m[XCUITestDriver@26e2]&amp#27;[0m connect ECONNREFUSED 127.0.0.1:8100
&amp#27;[38;5;93m[c258be5a]&amp#27;[0m&amp#27;[38;5;78m[XCUITestDriver@26e2]&amp#27;[0m Matched '/status' to command name 'getStatus'
&amp#27;[38;5;93m[c258be5a]&amp#27;[0m&amp#27;[38;5;78m[XCUITestDriver@26e2]&amp#27;[0m Proxying [GET /status] to [GET http://127.0.0.1:8100/status] with no body
&amp#27;[38;5;93m[c258be5a]&amp#27;[0m&amp#27;[38;5;78m[XCUITestDriver@26e2]&amp#27;[0m connect ECONNREFUSED 127.0.0.1:8100
&amp#27;[38;5;93m[c258be5a]&amp#27;[0m&amp#27;[38;5;78m[XCUITestDriver@26e2]&amp#27;[0m Matched '/status' to command name 'getStatus'
&amp#27;[38;5;93m[c258be5a]&amp#27;[0m&amp#27;[38;5;78m[XCUITestDriver@26e2]&amp#27;[0m Proxying [GET /status] to [GET http://127.0.0.1:8100/status] with no body
&amp#27;[38;5;93m[c258be5a]&amp#27;[0m&amp#27;[38;5;78m[XCUITestDriver@26e2]&amp#27;[0m connect ECONNREFUSED 127.0.0.1:8100
&amp#27;[38;5;93m[c258be5a]&amp#27;[0m&amp#27;[38;5;78m[XCUITestDriver@26e2]&amp#27;[0m Matched '/status' to command name 'getStatus'
&amp#27;[38;5;93m[c258be5a]&amp#27;[0m&amp#27;[38;5;78m[XCUITestDriver@26e2]&amp#27;[0m Proxying [GET /status] to [GET http://127.0.0.1:8100/status] with no body
&amp#27;[38;5;93m[c258be5a]&amp#27;[0m&amp#27;[38;5;78m[XCUITestDriver@26e2]&amp#27;[0m connect ECONNREFUSED 127.0.0.1:8100
&amp#27;[38;5;93m[c258be5a]&amp#27;[0m&amp#27;[38;5;78m[XCUITestDriver@26e2]&amp#27;[0m Matched '/status' to command name 'getStatus'
&amp#27;[38;5;93m[c258be5a]&amp#27;[0m&amp#27;[38;5;78m[XCUITestDriver@26e2]&amp#27;[0m Proxying [GET /status] to [GET http://127.0.0.1:8100/status] with no body
&amp#27;[38;5;93m[c258be5a]&amp#27;[0m&amp#27;[38;5;78m[XCUITestDriver@26e2]&amp#27;[0m connect ECONNREFUSED 127.0.0.1:8100
&amp#27;[38;5;93m[c258be5a]&amp#27;[0m&amp#27;[38;5;173m[Xcode]&amp#27;[0m objc[4963]: Class RSABSSATokenBlinder is implemented in both /Users/mac/Downloads/Xcode.app/Contents/Developer/Platforms/iPhoneOS.platform/Library/Developer/CoreSimulator/Profiles/Runtimes/iOS.simruntime/Contents/Resources/RuntimeRoot/System/Library/PrivateFrameworks/CryptoKitPrivate.framework/CryptoKitPrivate (0x132708368) and /Users/mac/Downloads/Xcode.app/Contents/Developer/Platforms/iPhoneOS.platform/Library/Developer/CoreSimulator/Profiles/Runtimes/iOS.simruntime/Contents/Resources/RuntimeRoot/System/Library/PrivateFrameworks/CryptoKitCBridging.framework/CryptoKitCBridging (0x12be2b470). One of the two will be used. Which one is undefined.
&amp#27;[38;5;93m[c258be5a]&amp#27;[0m&amp#27;[38;5;173m[Xcode]&amp#27;[0m objc[4963]: Class RSABSSATokenWaitingActivation is implemented in both /Users/mac/Downloads/Xcode.app/Contents/Developer/Platforms/iPhoneOS.platform/Library/Developer/CoreSimulator/Profiles/Runtimes/iOS.simruntime/Contents/Resources/RuntimeRoot/System/Library/PrivateFrameworks/CryptoKitPrivate.framework/CryptoKitPrivate (0x132708390) and /Users/mac/Downloads/Xcode.app/Contents/Developer/Platforms/iPhoneOS.platform/Library/Developer/CoreSimulator/Profiles/Runtimes/iOS.simruntime/Contents/Resources/RuntimeRoot/System/Library/PrivateFrameworks/CryptoKitCBridging.framework/CryptoKitCBridging (0x12be2b498). One of the two will be used. Which one is undefined.
&amp#27;[38;5;93m[c258be5a]&amp#27;[0m&amp#27;[38;5;173m[Xcode]&amp#27;[0m objc[4963]: Class RSABSSATokenReady is implemented in both /Users/mac/Downloads/Xcode.app/Contents/Developer/Platforms/iPhoneOS.platform/Library/Developer/CoreSimulator/Profiles/Runtimes/iOS.simruntime/Contents/Resources/RuntimeRoot/System/Library/PrivateFrameworks/CryptoKitPrivate.framework/CryptoKitPrivate (0x1327083e0) and /Users/mac/Downloads/Xcode.app/Contents/Developer/Platforms/iPhoneOS.platform/Library/Developer/CoreSimulator/Profiles/Runtimes/iOS.simruntime/Contents/Resources/RuntimeRoot/System/Library/PrivateFrameworks/CryptoKitCBridging.framework/CryptoKitCBridging (0x12be2b4e8). One of the two will be used. Which one is undefined.
&amp#27;[38;5;93m[c258be5a]&amp#27;[0m&amp#27;[38;5;173m[Xcode]&amp#27;[0m objc[4963]: Class RSABSSATokenIssuer is implemented in both /Users/mac/Downloads/Xcode.app/Contents/Developer/Platforms/iPhoneOS.platform/Library/Developer/CoreSimulator/Profiles/Runtimes/iOS.simruntime/Contents/Resources/RuntimeRoot/System/Library/PrivateFrameworks/CryptoKitPrivate.framework/CryptoKitPrivate (0x132708458) and /Users/mac/Downloads/Xcode.app/Contents/Developer/Platforms/iPhoneOS.platform/Library/Developer/CoreSimulator/Profiles/Runtimes/iOS.simruntime/Contents/Resources/RuntimeRoot/System/Library/PrivateFrameworks/CryptoKitCBridging.framework/CryptoKitCBridging (0x12be2b560). One of the two will be used. Which one is undefined.
&amp#27;[38;5;93m[c258be5a]&amp#27;[0m&amp#27;[38;5;173m[Xcode]&amp#27;[0m 2025-01-06 21:12:09.572218+0700 WebDriverAgentRunner-Runner[4963:65553] Running tests...
&amp#27;[38;5;93m[c258be5a]&amp#27;[0m&amp#27;[38;5;173m[Xcode]&amp#27;[0m Test Suite 'All tests' started at 2025-01-06 21:12:09.977
&amp#27;[38;5;93m[c258be5a]&amp#27;[0m&amp#27;[38;5;173m[Xcode]&amp#27;[0m Test Suite 'WebDriverAgentRunner.xctest' started at 2025-01-06 21:12:09.979
&amp#27;[38;5;93m[c258be5a]&amp#27;[0m&amp#27;[38;5;173m[Xcode]&amp#27;[0m Test Suite 'UITestingUITests' started at 2025-01-06 21:12:09.982
&amp#27;[38;5;93m[c258be5a]&amp#27;[0m&amp#27;[38;5;173m[Xcode]&amp#27;[0m     t =      nans Suite Set Up
&amp#27;[38;5;93m[c258be5a]&amp#27;[0m&amp#27;[38;5;173m[Xcode]&amp#27;[0m Test Case '-[UITestingUITests testRunner]' started.
&amp#27;[38;5;93m[c258be5a]&amp#27;[0m&amp#27;[38;5;173m[Xcode]&amp#27;[0m     t =     0.00s Start Test at 2025-01-06 21:12:10.074
&amp#27;[38;5;93m[c258be5a]&amp#27;[0m&amp#27;[38;5;173m[Xcode]&amp#27;[0m     t =     0.03s Set Up
&amp#27;[38;5;93m[c258be5a]&amp#27;[0m&amp#27;[38;5;173m[Xcode]&amp#27;[0m 2025-01-06 21:12:10.104608+0700 WebDriverAgentRunner-Runner[4963:65553] Built at Jan  5 2025 00:59:43
&amp#27;[38;5;93m[c258be5a]&amp#27;[0m&amp#27;[38;5;78m[XCUITestDriver@26e2]&amp#27;[0m Matched '/status' to command name 'getStatus'
&amp#27;[38;5;93m[c258be5a]&amp#27;[0m&amp#27;[38;5;78m[XCUITestDriver@26e2]&amp#27;[0m Proxying [GET /status] to [GET http://127.0.0.1:8100/status] with no body
&amp#27;[38;5;93m[c258be5a]&amp#27;[0m&amp#27;[38;5;78m[XCUITestDriver@26e2]&amp#27;[0m connect ECONNREFUSED 127.0.0.1:8100
&amp#27;[38;5;93m[c258be5a]&amp#27;[0m&amp#27;[38;5;173m[Xcode]&amp#27;[0m 2025-01-06 21:12:10.155664+0700 WebDriverAgentRunner-Runner[4963:65553] ServerURLHere->http://192.168.1.248:8100<-ServerURLHere
&amp#27;[38;5;93m[c258be5a]&amp#27;[0m&amp#27;[38;5;78m[XCUITestDriver@26e2]&amp#27;[0m Matched '/status' to command name 'getStatus'
&amp#27;[38;5;93m[c258be5a]&amp#27;[0m&amp#27;[38;5;78m[XCUITestDriver@26e2]&amp#27;[0m Proxying [GET /status] to [GET http://127.0.0.1:8100/status] with no body
&amp#27;[38;5;93m[c258be5a]&amp#27;[0m&amp#27;[38;5;173m[Xcode]&amp#27;[0m 2025-01-06 21:12:11.133934+0700 WebDriverAgentRunner-Runner[4963:65553] Using singleton test manager
&amp#27;[38;5;93m[c258be5a]&amp#27;[0m&amp#27;[38;5;78m[XCUITestDriver@26e2]&amp#27;[0m Got response with status 200: {"value":{"build":{"upgradedAt":"1726760607391","version":"8.9.2","time":"Jan  5 2025 00:59:45","productBundleIdentifier":"com.facebook.WebDriverAgentRunner"},"os":{"testmanagerdVersion":28,"name":"iOS","sdkVersion":"15.2","version":"15.2"},"device":"iphone","ios":{"simulatorVersion":"15.2","ip":"192.168.1.248"},"message":"WebDriverAgent is ready to accept commands","state":"success","ready":true},"sessionId":null}
&amp#27;[38;5;93m[c258be5a]&amp#27;[0m&amp#27;[38;5;78m[XCUITestDriver@26e2]&amp#27;[0m WebDriverAgent information:
&amp#27;[38;5;93m[c258be5a]&amp#27;[0m&amp#27;[38;5;78m[XCUITestDriver@26e2]&amp#27;[0m {
  "build": {
    "upgradedAt": "1726760607391",
    "version": "8.9.2",
    "time": "Jan  5 2025 00:59:45",
    "productBundleIdentifier": "com.facebook.WebDriverAgentRunner"
  },
  "os": {
    "testmanagerdVersion": 28,
    "name": "iOS",
    "sdkVersion": "15.2",
    "version": "15.2"
  },
  "device": "iphone",
  "ios": {
    "simulatorVersion": "15.2",
    "ip": "192.168.1.248"
  },
  "message": "WebDriverAgent is ready to accept commands",
  "state": "success",
  "ready": true
}
&amp#27;[38;5;93m[c258be5a]&amp#27;[0m&amp#27;[38;5;78m[XCUITestDriver@26e2]&amp#27;[0m WebDriverAgent successfully started after 20592ms
&amp#27;[38;5;93m[c258be5a]&amp#27;[0m&amp#27;[38;5;78m[XCUITestDriver@26e2]&amp#27;[0m Event 'wdaSessionAttempted' logged at 1736172731300 (21:12:11 GMT+0700 (Indochina Time))
&amp#27;[38;5;93m[c258be5a]&amp#27;[0m&amp#27;[38;5;78m[XCUITestDriver@26e2]&amp#27;[0m Sending createSession command to WDA
&amp#27;[38;5;93m[c258be5a]&amp#27;[0m&amp#27;[38;5;78m[XCUITestDriver@26e2]&amp#27;[0m Matched '/session' to command name 'createSession'
&amp#27;[38;5;93m[c258be5a]&amp#27;[0m&amp#27;[38;5;78m[XCUITestDriver@26e2]&amp#27;[0m Proxying [POST /session] to [POST http://127.0.0.1:8100/session] with body: {"capabilities":{"firstMatch":[{"bundleId":"com.saucelabs.mydemo.app.ios","arguments":[],"environment":{},"eventloopIdleDelaySec":0,"shouldWaitForQuiescence":true,"shouldUseTestManagerForVisibilityDetection":false,"maxTypingFrequency":60,"shouldUseSingletonTestManager":true,"shouldTerminateApp":true,"forceAppLaunch":true,"useNativeCachingStrategy":true,"forceSimulatorSoftwareKeyboardPresence":true}],"alwaysMatch":{}}}
&amp#27;[38;5;93m[c258be5a]&amp#27;[0m&amp#27;[38;5;173m[Xcode]&amp#27;[0m objc[4963]: Class _PathPoint is implemented in both /Users/mac/Downloads/Xcode.app/Contents/Developer/Platforms/iPhoneOS.platform/Library/Developer/CoreSimulator/Profiles/Runtimes/iOS.simruntime/Contents/Resources/RuntimeRoot/System/Library/PrivateFrameworks/UIKitCore.framework/UIKitCore (0x1076f0e30) and /Users/mac/Downloads/Xcode.app/Contents/Developer/Platforms/iPhoneOS.platform/Library/Developer/CoreSimulator/Profiles/Runtimes/iOS.simruntime/Contents/Resources/RuntimeRoot/System/Library/PrivateFrameworks/TextInputUI.framework/TextInputUI (0x1341dc8b8). One of the two will be used. Which one is undefined.
&amp#27;[38;5;93m[c258be5a]&amp#27;[0m&amp#27;[38;5;173m[Xcode]&amp#27;[0m objc[4963]: Class _PointQueue is implemented in both /Users/mac/Downloads/Xcode.app/Contents/Developer/Platforms/iPhoneOS.platform/Library/Developer/CoreSimulator/Profiles/Runtimes/iOS.simruntime/Contents/Resources/RuntimeRoot/System/Library/PrivateFrameworks/UIKitCore.framework/UIKitCore (0x1076f0e08) and /Users/mac/Downloads/Xcode.app/Contents/Developer/Platforms/iPhoneOS.platform/Library/Developer/CoreSimulator/Profiles/Runtimes/iOS.simruntime/Contents/Resources/RuntimeRoot/System/Library/PrivateFrameworks/TextInputUI.framework/TextInputUI (0x1341dc8e0). One of the two will be used. Which one is undefined.
&amp#27;[38;5;93m[c258be5a]&amp#27;[0m&amp#27;[38;5;173m[Xcode]&amp#27;[0m     t =     1.38s Open com.saucelabs.mydemo.app.ios
&amp#27;[38;5;93m[c258be5a]&amp#27;[0m&amp#27;[38;5;173m[Xcode]&amp#27;[0m     t =     1.38s     Launch com.saucelabs.mydemo.app.ios
&amp#27;[38;5;93m[c258be5a]&amp#27;[0m&amp#27;[38;5;173m[Xcode]&amp#27;[0m     t =     2.49s         Setting up automation session
&amp#27;[38;5;93m[c258be5a]&amp#27;[0m&amp#27;[38;5;173m[Xcode]&amp#27;[0m 2025-01-06 21:12:13.633337+0700 WebDriverAgentRunner-Runner[4963:65553] Waiting up to 10s until com.saucelabs.mydemo.app.ios is in idle state (including animations)
&amp#27;[38;5;93m[c258be5a]&amp#27;[0m&amp#27;[38;5;173m[Xcode]&amp#27;[0m     t =     3.57s         Wait for com.saucelabs.mydemo.app.ios to idle
&amp#27;[38;5;93m[c258be5a]&amp#27;[0m&amp#27;[38;5;78m[XCUITestDriver@26e2]&amp#27;[0m Got response with status 200: {"value":{"sessionId":"A980F244-8870-476F-852C-A9AA3E99174A","capabilities":{"sdkVersion":"15.2","device":"iphone"}},"sessionId":"A980F244-8870-476F-852C-A9AA3E99174A"}
&amp#27;[38;5;93m[c258be5a]&amp#27;[0m&amp#27;[38;5;78m[XCUITestDriver@26e2]&amp#27;[0m Determined the downstream protocol as 'W3C'
&amp#27;[38;5;93m[c258be5a]&amp#27;[0m&amp#27;[38;5;78m[XCUITestDriver@26e2]&amp#27;[0m WDA session startup took 3655ms
&amp#27;[38;5;93m[c258be5a]&amp#27;[0m&amp#27;[38;5;78m[XCUITestDriver@26e2]&amp#27;[0m Event 'wdaSessionStarted' logged at 1736172734957 (21:12:14 GMT+0700 (Indochina Time))
&amp#27;[38;5;93m[c258be5a]&amp#27;[0m&amp#27;[38;5;78m[XCUITestDriver@26e2]&amp#27;[0m Event 'wdaStarted' logged at 1736172734957 (21:12:14 GMT+0700 (Indochina Time))
&amp#27;[38;5;93m[c258be5a]&amp#27;[0m&amp#27;[38;5;123m[BaseDriver]&amp#27;[0m The value of 'elementResponseAttributes' setting did not change. Skipping the update for it
&amp#27;[38;5;93m[c258be5a]&amp#27;[0m&amp#27;[38;5;123m[BaseDriver]&amp#27;[0m The value of 'shouldUseCompactResponses' setting did not change. Skipping the update for it
&amp#27;[38;5;93m[c258be5a]&amp#27;[0m&amp#27;[38;5;22m[AppiumDriver@9403]&amp#27;[0m New XCUITestDriver session created successfully, session c258be5a-7f09-4ce3-86e7-5f77a339e236 added to master session list
&amp#27;[38;5;93m[c258be5a]&amp#27;[0m&amp#27;[38;5;22m[AppiumDriver@9403]&amp#27;[0m Event 'newSessionStarted' logged at 1736172734959 (21:12:14 GMT+0700 (Indochina Time))
&amp#27;[38;5;93m[c258be5a]&amp#27;[0m&amp#27;[38;5;78m[XCUITestDriver@26e2]&amp#27;[0m Cached the protocol value 'W3C' for the new session c258be5a-7f09-4ce3-86e7-5f77a339e236
&amp#27;[38;5;93m[c258be5a]&amp#27;[0m&amp#27;[38;5;78m[XCUITestDriver@26e2]&amp#27;[0m Responding to client with driver.createSession() result: {"capabilities":{"webStorageEnabled":false,"locationContextEnabled":false,"browserName":"","platform":"MAC","javascriptEnabled":true,"databaseEnabled":false,"takesScreenshot":true,"networkConnectionEnabled":false,"platformName":"IOS","udid":"1C2AD9B1-C90B-448A-AD73-5B39FE753230","showXcodeLog":true,"deviceName":"iPhone 13 mini","automationName":"XCUITest","app":"/Users/mac/Documents/Appium-Android-IOS-Automation/src/test/resources/iosapp/My Demo App.app","platformVersion":"1.0"}}
&amp#27;[38;5;93m[c258be5a]&amp#27;[0m&amp#27;[38;5;86m[HTTP]&amp#27;[0m &amp#27;[37m<-- POST /session &amp#27;[39m&amp#27;[32m200&amp#27;[39m &amp#27;[90m30001 ms - 545&amp#27;[39m &amp#27;[90m&amp#27;[39m
&amp#27;[38;5;93m[c258be5a]&amp#27;[0m&amp#27;[38;5;86m[HTTP]&amp#27;[0m &amp#27;[37m-->&amp#27;[39m &amp#27;[37mPOST&amp#27;[39m &amp#27;[37m/session/c258be5a-7f09-4ce3-86e7-5f77a339e236/element&amp#27;[39m &amp#27;[90m{"using":"xpath","value":"//XCUIElementTypeButton[@name=\"More-tab-item\"]"}&amp#27;[39m
&amp#27;[38;5;93m[c258be5a]&amp#27;[0m&amp#27;[38;5;78m[XCUITestDriver@26e2]&amp#27;[0m Calling AppiumDriver.findElement() with args: ["xpath","//XCUIElementTypeButton[@name=\"More-tab-item\"]","c258be5a-7f09-4ce3-86e7-5f77a339e236"]
&amp#27;[38;5;93m[c258be5a]&amp#27;[0m&amp#27;[38;5;78m[XCUITestDriver@26e2]&amp#27;[0m Executing command 'findElement'
&amp#27;[38;5;93m[c258be5a]&amp#27;[0m&amp#27;[38;5;78m[XCUITestDriver@26e2]&amp#27;[0m Valid locator strategies for this request: xpath, id, name, class name, -ios predicate string, -ios class chain, accessibility id, css selector
&amp#27;[38;5;93m[c258be5a]&amp#27;[0m&amp#27;[38;5;78m[XCUITestDriver@26e2]&amp#27;[0m Waiting up to 0 ms for condition
&amp#27;[38;5;93m[c258be5a]&amp#27;[0m&amp#27;[38;5;78m[XCUITestDriver@26e2]&amp#27;[0m Matched '/element' to command name 'findElement'
&amp#27;[38;5;93m[c258be5a]&amp#27;[0m&amp#27;[38;5;78m[XCUITestDriver@26e2]&amp#27;[0m Proxying [POST /element] to [POST http://127.0.0.1:8100/session/A980F244-8870-476F-852C-A9AA3E99174A/element] with body: {"using":"xpath","value":"//XCUIElementTypeButton[@name=\"More-tab-item\"]"}
&amp#27;[38;5;93m[c258be5a]&amp#27;[0m&amp#27;[38;5;173m[Xcode]&amp#27;[0m 2025-01-06 21:12:15.080694+0700 WebDriverAgentRunner-Runner[4963:65553] The following attributes were requested to be included into the XML: {(
&amp#27;[38;5;93m[c258be5a]&amp#27;[0m&amp#27;[38;5;173m[Xcode]&amp#27;[0m     FBNameAttribute
&amp#27;[38;5;93m[c258be5a]&amp#27;[0m&amp#27;[38;5;173m[Xcode]&amp#27;[0m )}
&amp#27;[38;5;93m[c258be5a]&amp#27;[0m&amp#27;[38;5;173m[Xcode]&amp#27;[0m     t =     5.01s Requesting snapshot of accessibility hierarchy for app with pid 4978
&amp#27;[38;5;93m[c258be5a]&amp#27;[0m&amp#27;[38;5;173m[Xcode]&amp#27;[0m     t =     5.97s Get all elements bound by index for: Elements matching predicate 'fb_uid IN {"30000000-0000-0000-7213-000000000000"}'
&amp#27;[38;5;93m[c258be5a]&amp#27;[0m&amp#27;[38;5;173m[Xcode]&amp#27;[0m     t =     5.98s     Requesting snapshot of accessibility hierarchy for app with pid 4978
&amp#27;[38;5;93m[c258be5a]&amp#27;[0m&amp#27;[38;5;173m[Xcode]&amp#27;[0m     t =     6.06s     Find: Descendants matching type Button
&amp#27;[38;5;93m[c258be5a]&amp#27;[0m&amp#27;[38;5;173m[Xcode]&amp#27;[0m     t =     6.07s     Find: Elements matching predicate 'fb_uid IN {"30000000-0000-0000-7213-000000000000"}'
&amp#27;[38;5;93m[c258be5a]&amp#27;[0m&amp#27;[38;5;173m[Xcode]&amp#27;[0m     t =     6.08s Requesting snapshot of accessibility hierarchy for app with pid 4978
&amp#27;[38;5;93m[c258be5a]&amp#27;[0m&amp#27;[38;5;173m[Xcode]&amp#27;[0m     t =     6.14s Find: Descendants matching type Button
&amp#27;[38;5;93m[c258be5a]&amp#27;[0m&amp#27;[38;5;173m[Xcode]&amp#27;[0m     t =     6.15s Find: Elements matching predicate 'fb_uid IN {"30000000-0000-0000-7213-000000000000"}'
&amp#27;[38;5;93m[c258be5a]&amp#27;[0m&amp#27;[38;5;173m[Xcode]&amp#27;[0m     t =     6.15s Find: Element at index 0
&amp#27;[38;5;93m[c258be5a]&amp#27;[0m&amp#27;[38;5;78m[XCUITestDriver@26e2]&amp#27;[0m Got response with status 200: {"value":{"ELEMENT":"30000000-0000-0000-7213-000000000000","element-6066-11e4-a52e-4f735466cecf":"30000000-0000-0000-7213-000000000000"},"sessionId":"A980F244-8870-476F-852C-A9AA3E99174A"}
&amp#27;[38;5;93m[c258be5a]&amp#27;[0m&amp#27;[38;5;78m[XCUITestDriver@26e2]&amp#27;[0m Responding to client with driver.findElement() result: {"element-6066-11e4-a52e-4f735466cecf":"30000000-0000-0000-7213-000000000000","ELEMENT":"30000000-0000-0000-7213-000000000000"}
&amp#27;[38;5;93m[c258be5a]&amp#27;[0m&amp#27;[38;5;86m[HTTP]&amp#27;[0m &amp#27;[37m<-- POST /session/c258be5a-7f09-4ce3-86e7-5f77a339e236/element &amp#27;[39m&amp#27;[32m200&amp#27;[39m &amp#27;[90m1207 ms - 137&amp#27;[39m &amp#27;[90m&amp#27;[39m
&amp#27;[38;5;93m[c258be5a]&amp#27;[0m&amp#27;[38;5;86m[HTTP]&amp#27;[0m &amp#27;[37m-->&amp#27;[39m &amp#27;[37mGET&amp#27;[39m &amp#27;[37m/session/c258be5a-7f09-4ce3-86e7-5f77a339e236/element/30000000-0000-0000-7213-000000000000/displayed&amp#27;[39m &amp#27;[90m{}&amp#27;[39m
&amp#27;[38;5;93m[c258be5a]&amp#27;[0m&amp#27;[38;5;78m[XCUITestDriver@26e2]&amp#27;[0m Driver proxy active, passing request on via HTTP proxy
&amp#27;[38;5;93m[c258be5a]&amp#27;[0m&amp#27;[38;5;78m[XCUITestDriver@26e2]&amp#27;[0m Executing command 'proxyReqRes'
&amp#27;[38;5;93m[c258be5a]&amp#27;[0m&amp#27;[38;5;78m[XCUITestDriver@26e2]&amp#27;[0m Matched '/session/c258be5a-7f09-4ce3-86e7-5f77a339e236/element/30000000-0000-0000-7213-000000000000/displayed' to command name 'elementDisplayed'
&amp#27;[38;5;93m[c258be5a]&amp#27;[0m&amp#27;[38;5;78m[XCUITestDriver@26e2]&amp#27;[0m Proxying [GET /session/c258be5a-7f09-4ce3-86e7-5f77a339e236/element/30000000-0000-0000-7213-000000000000/displayed] to [GET http://127.0.0.1:8100/session/A980F244-8870-476F-852C-A9AA3E99174A/element/30000000-0000-0000-7213-000000000000/displayed] with no body
&amp#27;[38;5;93m[c258be5a]&amp#27;[0m&amp#27;[38;5;173m[Xcode]&amp#27;[0m     t =     6.22s Requesting snapshot of accessibility hierarchy for app with pid 4978
&amp#27;[38;5;93m[c258be5a]&amp#27;[0m&amp#27;[38;5;173m[Xcode]&amp#27;[0m     t =     6.27s Find: Descendants matching type Button
&amp#27;[38;5;93m[c258be5a]&amp#27;[0m&amp#27;[38;5;173m[Xcode]&amp#27;[0m     t =     6.27s Find: Elements matching predicate 'fb_uid IN {"30000000-0000-0000-7213-000000000000"}'
&amp#27;[38;5;93m[c258be5a]&amp#27;[0m&amp#27;[38;5;173m[Xcode]&amp#27;[0m     t =     6.27s Find: Element at index 0
&amp#27;[38;5;93m[c258be5a]&amp#27;[0m&amp#27;[38;5;78m[XCUITestDriver@26e2]&amp#27;[0m Got response with status 200: {"value":true,"sessionId":"A980F244-8870-476F-852C-A9AA3E99174A"}
&amp#27;[38;5;93m[c258be5a]&amp#27;[0m&amp#27;[38;5;78m[XCUITestDriver@26e2]&amp#27;[0m Replacing sessionId A980F244-8870-476F-852C-A9AA3E99174A with c258be5a-7f09-4ce3-86e7-5f77a339e236
&amp#27;[38;5;93m[c258be5a]&amp#27;[0m&amp#27;[38;5;86m[HTTP]&amp#27;[0m &amp#27;[37m<-- GET /session/c258be5a-7f09-4ce3-86e7-5f77a339e236/element/30000000-0000-0000-7213-000000000000/displayed &amp#27;[39m&amp#27;[32m200&amp#27;[39m &amp#27;[90m120 ms - 65&amp#27;[39m &amp#27;[90m&amp#27;[39m
&amp#27;[38;5;93m[c258be5a]&amp#27;[0m&amp#27;[38;5;86m[HTTP]&amp#27;[0m &amp#27;[37m-->&amp#27;[39m &amp#27;[37mPOST&amp#27;[39m &amp#27;[37m/session/c258be5a-7f09-4ce3-86e7-5f77a339e236/element/30000000-0000-0000-7213-000000000000/click&amp#27;[39m &amp#27;[90m{"id":"30000000-0000-0000-7213-000000000000"}&amp#27;[39m
&amp#27;[38;5;93m[c258be5a]&amp#27;[0m&amp#27;[38;5;78m[XCUITestDriver@26e2]&amp#27;[0m Driver proxy active, passing request on via HTTP proxy
&amp#27;[38;5;93m[c258be5a]&amp#27;[0m&amp#27;[38;5;78m[XCUITestDriver@26e2]&amp#27;[0m Executing command 'proxyReqRes'
&amp#27;[38;5;93m[c258be5a]&amp#27;[0m&amp#27;[38;5;78m[XCUITestDriver@26e2]&amp#27;[0m Matched '/session/c258be5a-7f09-4ce3-86e7-5f77a339e236/element/30000000-0000-0000-7213-000000000000/click' to command name 'click'
&amp#27;[38;5;93m[c258be5a]&amp#27;[0m&amp#27;[38;5;78m[XCUITestDriver@26e2]&amp#27;[0m Proxying [POST /session/c258be5a-7f09-4ce3-86e7-5f77a339e236/element/30000000-0000-0000-7213-000000000000/click] to [POST http://127.0.0.1:8100/session/A980F244-8870-476F-852C-A9AA3E99174A/element/30000000-0000-0000-7213-000000000000/click] with body: {"id":"30000000-0000-0000-7213-000000000000"}
&amp#27;[38;5;93m[c258be5a]&amp#27;[0m&amp#27;[38;5;173m[Xcode]&amp#27;[0m     t =     6.34s Requesting snapshot of accessibility hierarchy for app with pid 4978
&amp#27;[38;5;93m[c258be5a]&amp#27;[0m&amp#27;[38;5;173m[Xcode]&amp#27;[0m     t =     6.39s Find: Descendants matching type Button
&amp#27;[38;5;93m[c258be5a]&amp#27;[0m&amp#27;[38;5;173m[Xcode]&amp#27;[0m     t =     6.39s Find: Elements matching predicate 'fb_uid IN {"30000000-0000-0000-7213-000000000000"}'
&amp#27;[38;5;93m[c258be5a]&amp#27;[0m&amp#27;[38;5;173m[Xcode]&amp#27;[0m     t =     6.39s Find: Element at index 0
&amp#27;[38;5;93m[c258be5a]&amp#27;[0m&amp#27;[38;5;173m[Xcode]&amp#27;[0m     t =     6.42s Tap "More-tab-item" Button
&amp#27;[38;5;93m[c258be5a]&amp#27;[0m&amp#27;[38;5;173m[Xcode]&amp#27;[0m 2025-01-06 21:12:16.487295+0700 WebDriverAgentRunner-Runner[4963:65553] Waiting up to 10s until com.saucelabs.mydemo.app.ios is in idle state (including animations)
&amp#27;[38;5;93m[c258be5a]&amp#27;[0m&amp#27;[38;5;173m[Xcode]&amp#27;[0m     t =     6.42s     Wait for com.saucelabs.mydemo.app.ios to idle
&amp#27;[38;5;93m[c258be5a]&amp#27;[0m&amp#27;[38;5;173m[Xcode]&amp#27;[0m     t =     6.43s     Find the "More-tab-item" Button
&amp#27;[38;5;93m[c258be5a]&amp#27;[0m&amp#27;[38;5;173m[Xcode]&amp#27;[0m     t =     6.44s         Requesting snapshot of accessibility hierarchy for app with pid 4978
&amp#27;[38;5;93m[c258be5a]&amp#27;[0m&amp#27;[38;5;173m[Xcode]&amp#27;[0m     t =     6.48s         Find: Descendants matching type Button
&amp#27;[38;5;93m[c258be5a]&amp#27;[0m&amp#27;[38;5;173m[Xcode]&amp#27;[0m     t =     6.49s         Find: Elements matching predicate 'fb_uid IN {"30000000-0000-0000-7213-000000000000"}'
&amp#27;[38;5;93m[c258be5a]&amp#27;[0m&amp#27;[38;5;173m[Xcode]&amp#27;[0m     t =     6.49s         Find: Element at index 0
&amp#27;[38;5;93m[c258be5a]&amp#27;[0m&amp#27;[38;5;173m[Xcode]&amp#27;[0m     t =     6.49s     Application is configured to skip UI interruption handling
&amp#27;[38;5;93m[c258be5a]&amp#27;[0m&amp#27;[38;5;173m[Xcode]&amp#27;[0m     t =     6.50s     Synthesize event
&amp#27;[38;5;93m[c258be5a]&amp#27;[0m&amp#27;[38;5;173m[Xcode]&amp#27;[0m 2025-01-06 21:12:16.819046+0700 WebDriverAgentRunner-Runner[4963:65553] Waiting up to 10s until com.saucelabs.mydemo.app.ios is in idle state (including animations)
&amp#27;[38;5;93m[c258be5a]&amp#27;[0m&amp#27;[38;5;173m[Xcode]&amp#27;[0m     t =     6.75s     Wait for com.saucelabs.mydemo.app.ios to idle
&amp#27;[38;5;93m[c258be5a]&amp#27;[0m&amp#27;[38;5;78m[XCUITestDriver@26e2]&amp#27;[0m Got response with status 200: {"value":null,"sessionId":"A980F244-8870-476F-852C-A9AA3E99174A"}
&amp#27;[38;5;93m[c258be5a]&amp#27;[0m&amp#27;[38;5;78m[XCUITestDriver@26e2]&amp#27;[0m Replacing sessionId A980F244-8870-476F-852C-A9AA3E99174A with c258be5a-7f09-4ce3-86e7-5f77a339e236
&amp#27;[38;5;93m[c258be5a]&amp#27;[0m&amp#27;[38;5;86m[HTTP]&amp#27;[0m &amp#27;[37m<-- POST /session/c258be5a-7f09-4ce3-86e7-5f77a339e236/element/30000000-0000-0000-7213-000000000000/click &amp#27;[39m&amp#27;[32m200&amp#27;[39m &amp#27;[90m493 ms - 65&amp#27;[39m &amp#27;[90m&amp#27;[39m
&amp#27;[38;5;93m[c258be5a]&amp#27;[0m&amp#27;[38;5;86m[HTTP]&amp#27;[0m &amp#27;[37m-->&amp#27;[39m &amp#27;[37mPOST&amp#27;[39m &amp#27;[37m/session/c258be5a-7f09-4ce3-86e7-5f77a339e236/element&amp#27;[39m &amp#27;[90m{"using":"xpath","value":"//XCUIElementTypeOther[@name=\"Login Button\"]"}&amp#27;[39m
&amp#27;[38;5;93m[c258be5a]&amp#27;[0m&amp#27;[38;5;78m[XCUITestDriver@26e2]&amp#27;[0m Calling AppiumDriver.findElement() with args: ["xpath","//XCUIElementTypeOther[@name=\"Login Button\"]","c258be5a-7f09-4ce3-86e7-5f77a339e236"]
&amp#27;[38;5;93m[c258be5a]&amp#27;[0m&amp#27;[38;5;78m[XCUITestDriver@26e2]&amp#27;[0m Executing command 'findElement'
&amp#27;[38;5;93m[c258be5a]&amp#27;[0m&amp#27;[38;5;78m[XCUITestDriver@26e2]&amp#27;[0m Valid locator strategies for this request: xpath, id, name, class name, -ios predicate string, -ios class chain, accessibility id, css selector
&amp#27;[38;5;93m[c258be5a]&amp#27;[0m&amp#27;[38;5;78m[XCUITestDriver@26e2]&amp#27;[0m Waiting up to 0 ms for condition
&amp#27;[38;5;93m[c258be5a]&amp#27;[0m&amp#27;[38;5;78m[XCUITestDriver@26e2]&amp#27;[0m Matched '/element' to command name 'findElement'
&amp#27;[38;5;93m[c258be5a]&amp#27;[0m&amp#27;[38;5;78m[XCUITestDriver@26e2]&amp#27;[0m Proxying [POST /element] to [POST http://127.0.0.1:8100/session/A980F244-8870-476F-852C-A9AA3E99174A/element] with body: {"using":"xpath","value":"//XCUIElementTypeOther[@name=\"Login Button\"]"}
&amp#27;[38;5;93m[c258be5a]&amp#27;[0m&amp#27;[38;5;173m[Xcode]&amp#27;[0m 2025-01-06 21:12:17.099876+0700 WebDriverAgentRunner-Runner[4963:65553] The following attributes were requested to be included into the XML: {(
&amp#27;[38;5;93m[c258be5a]&amp#27;[0m&amp#27;[38;5;173m[Xcode]&amp#27;[0m     FBNameAttribute
&amp#27;[38;5;93m[c258be5a]&amp#27;[0m&amp#27;[38;5;173m[Xcode]&amp#27;[0m )}
&amp#27;[38;5;93m[c258be5a]&amp#27;[0m&amp#27;[38;5;173m[Xcode]&amp#27;[0m     t =     7.04s Requesting snapshot of accessibility hierarchy for app with pid 4978
&amp#27;[38;5;93m[c258be5a]&amp#27;[0m&amp#27;[38;5;173m[Xcode]&amp#27;[0m     t =     9.67s Get all elements bound by index for: Elements matching predicate 'fb_uid IN {"74000000-0000-0000-7213-000000000000"}'
&amp#27;[38;5;93m[c258be5a]&amp#27;[0m&amp#27;[38;5;173m[Xcode]&amp#27;[0m     t =     9.68s     Requesting snapshot of accessibility hierarchy for app with pid 4978
&amp#27;[38;5;93m[c258be5a]&amp#27;[0m&amp#27;[38;5;173m[Xcode]&amp#27;[0m     t =     9.74s     Find: Descendants matching type Other
&amp#27;[38;5;93m[c258be5a]&amp#27;[0m&amp#27;[38;5;173m[Xcode]&amp#27;[0m     t =     9.74s     Find: Elements matching predicate 'fb_uid IN {"74000000-0000-0000-7213-000000000000"}'
&amp#27;[38;5;93m[c258be5a]&amp#27;[0m&amp#27;[38;5;173m[Xcode]&amp#27;[0m     t =     9.75s Requesting snapshot of accessibility hierarchy for app with pid 4978
&amp#27;[38;5;93m[c258be5a]&amp#27;[0m&amp#27;[38;5;173m[Xcode]&amp#27;[0m     t =     9.81s Find: Descendants matching type Other
&amp#27;[38;5;93m[c258be5a]&amp#27;[0m&amp#27;[38;5;173m[Xcode]&amp#27;[0m     t =     9.81s Find: Elements matching predicate 'fb_uid IN {"74000000-0000-0000-7213-000000000000"}'
&amp#27;[38;5;93m[c258be5a]&amp#27;[0m&amp#27;[38;5;173m[Xcode]&amp#27;[0m     t =     9.81s Find: Element at index 0
&amp#27;[38;5;93m[c258be5a]&amp#27;[0m&amp#27;[38;5;78m[XCUITestDriver@26e2]&amp#27;[0m Got response with status 200: {"value":{"ELEMENT":"74000000-0000-0000-7213-000000000000","element-6066-11e4-a52e-4f735466cecf":"74000000-0000-0000-7213-000000000000"},"sessionId":"A980F244-8870-476F-852C-A9AA3E99174A"}
&amp#27;[38;5;93m[c258be5a]&amp#27;[0m&amp#27;[38;5;78m[XCUITestDriver@26e2]&amp#27;[0m Responding to client with driver.findElement() result: {"element-6066-11e4-a52e-4f735466cecf":"74000000-0000-0000-7213-000000000000","ELEMENT":"74000000-0000-0000-7213-000000000000"}
&amp#27;[38;5;93m[c258be5a]&amp#27;[0m&amp#27;[38;5;86m[HTTP]&amp#27;[0m &amp#27;[37m<-- POST /session/c258be5a-7f09-4ce3-86e7-5f77a339e236/element &amp#27;[39m&amp#27;[32m200&amp#27;[39m &amp#27;[90m3046 ms - 137&amp#27;[39m &amp#27;[90m&amp#27;[39m
&amp#27;[38;5;93m[c258be5a]&amp#27;[0m&amp#27;[38;5;86m[HTTP]&amp#27;[0m &amp#27;[37m-->&amp#27;[39m &amp#27;[37mGET&amp#27;[39m &amp#27;[37m/session/c258be5a-7f09-4ce3-86e7-5f77a339e236/element/74000000-0000-0000-7213-000000000000/displayed&amp#27;[39m &amp#27;[90m{}&amp#27;[39m
&amp#27;[38;5;93m[c258be5a]&amp#27;[0m&amp#27;[38;5;78m[XCUITestDriver@26e2]&amp#27;[0m Driver proxy active, passing request on via HTTP proxy
&amp#27;[38;5;93m[c258be5a]&amp#27;[0m&amp#27;[38;5;78m[XCUITestDriver@26e2]&amp#27;[0m Executing command 'proxyReqRes'
&amp#27;[38;5;93m[c258be5a]&amp#27;[0m&amp#27;[38;5;78m[XCUITestDriver@26e2]&amp#27;[0m Matched '/session/c258be5a-7f09-4ce3-86e7-5f77a339e236/element/74000000-0000-0000-7213-000000000000/displayed' to command name 'elementDisplayed'
&amp#27;[38;5;93m[c258be5a]&amp#27;[0m&amp#27;[38;5;78m[XCUITestDriver@26e2]&amp#27;[0m Proxying [GET /session/c258be5a-7f09-4ce3-86e7-5f77a339e236/element/74000000-0000-0000-7213-000000000000/displayed] to [GET http://127.0.0.1:8100/session/A980F244-8870-476F-852C-A9AA3E99174A/element/74000000-0000-0000-7213-000000000000/displayed] with no body
&amp#27;[38;5;93m[c258be5a]&amp#27;[0m&amp#27;[38;5;173m[Xcode]&amp#27;[0m     t =     9.92s Requesting snapshot of accessibility hierarchy for app with pid 4978
&amp#27;[38;5;93m[c258be5a]&amp#27;[0m&amp#27;[38;5;173m[Xcode]&amp#27;[0m     t =     9.99s Find: Descendants matching type Other
&amp#27;[38;5;93m[c258be5a]&amp#27;[0m&amp#27;[38;5;173m[Xcode]&amp#27;[0m     t =    10.00s Find: Elements matching predicate 'fb_uid IN {"74000000-0000-0000-7213-000000000000"}'
&amp#27;[38;5;93m[c258be5a]&amp#27;[0m&amp#27;[38;5;173m[Xcode]&amp#27;[0m     t =    10.00s Find: Element at index 0
&amp#27;[38;5;93m[c258be5a]&amp#27;[0m&amp#27;[38;5;78m[XCUITestDriver@26e2]&amp#27;[0m Got response with status 200: {"value":true,"sessionId":"A980F244-8870-476F-852C-A9AA3E99174A"}
&amp#27;[38;5;93m[c258be5a]&amp#27;[0m&amp#27;[38;5;78m[XCUITestDriver@26e2]&amp#27;[0m Replacing sessionId A980F244-8870-476F-852C-A9AA3E99174A with c258be5a-7f09-4ce3-86e7-5f77a339e236
&amp#27;[38;5;93m[c258be5a]&amp#27;[0m&amp#27;[38;5;86m[HTTP]&amp#27;[0m &amp#27;[37m<-- GET /session/c258be5a-7f09-4ce3-86e7-5f77a339e236/element/74000000-0000-0000-7213-000000000000/displayed &amp#27;[39m&amp#27;[32m200&amp#27;[39m &amp#27;[90m116 ms - 65&amp#27;[39m &amp#27;[90m&amp#27;[39m
&amp#27;[38;5;93m[c258be5a]&amp#27;[0m&amp#27;[38;5;86m[HTTP]&amp#27;[0m &amp#27;[37m-->&amp#27;[39m &amp#27;[37mPOST&amp#27;[39m &amp#27;[37m/session/c258be5a-7f09-4ce3-86e7-5f77a339e236/element/74000000-0000-0000-7213-000000000000/click&amp#27;[39m &amp#27;[90m{"id":"74000000-0000-0000-7213-000000000000"}&amp#27;[39m
&amp#27;[38;5;93m[c258be5a]&amp#27;[0m&amp#27;[38;5;78m[XCUITestDriver@26e2]&amp#27;[0m Driver proxy active, passing request on via HTTP proxy
&amp#27;[38;5;93m[c258be5a]&amp#27;[0m&amp#27;[38;5;78m[XCUITestDriver@26e2]&amp#27;[0m Executing command 'proxyReqRes'
&amp#27;[38;5;93m[c258be5a]&amp#27;[0m&amp#27;[38;5;78m[XCUITestDriver@26e2]&amp#27;[0m Matched '/session/c258be5a-7f09-4ce3-86e7-5f77a339e236/element/74000000-0000-0000-7213-000000000000/click' to command name 'click'
&amp#27;[38;5;93m[c258be5a]&amp#27;[0m&amp#27;[38;5;78m[XCUITestDriver@26e2]&amp#27;[0m Proxying [POST /session/c258be5a-7f09-4ce3-86e7-5f77a339e236/element/74000000-0000-0000-7213-000000000000/click] to [POST http://127.0.0.1:8100/session/A980F244-8870-476F-852C-A9AA3E99174A/element/74000000-0000-0000-7213-000000000000/click] with body: {"id":"74000000-0000-0000-7213-000000000000"}
&amp#27;[38;5;93m[c258be5a]&amp#27;[0m&amp#27;[38;5;173m[Xcode]&amp#27;[0m     t =    10.03s Requesting snapshot of accessibility hierarchy for app with pid 4978
&amp#27;[38;5;93m[c258be5a]&amp#27;[0m&amp#27;[38;5;173m[Xcode]&amp#27;[0m     t =    10.09s Find: Descendants matching type Other
&amp#27;[38;5;93m[c258be5a]&amp#27;[0m&amp#27;[38;5;173m[Xcode]&amp#27;[0m     t =    10.09s Find: Elements matching predicate 'fb_uid IN {"74000000-0000-0000-7213-000000000000"}'
&amp#27;[38;5;93m[c258be5a]&amp#27;[0m&amp#27;[38;5;173m[Xcode]&amp#27;[0m     t =    10.09s Find: Element at index 0
&amp#27;[38;5;93m[c258be5a]&amp#27;[0m&amp#27;[38;5;173m[Xcode]&amp#27;[0m     t =    10.11s Tap "Login Button" Other
&amp#27;[38;5;93m[c258be5a]&amp#27;[0m&amp#27;[38;5;173m[Xcode]&amp#27;[0m 2025-01-06 21:12:20.185079+0700 WebDriverAgentRunner-Runner[4963:65553] Waiting up to 10s until com.saucelabs.mydemo.app.ios is in idle state (including animations)
&amp#27;[38;5;93m[c258be5a]&amp#27;[0m&amp#27;[38;5;173m[Xcode]&amp#27;[0m     t =    10.12s     Wait for com.saucelabs.mydemo.app.ios to idle
&amp#27;[38;5;93m[c258be5a]&amp#27;[0m&amp#27;[38;5;173m[Xcode]&amp#27;[0m     t =    10.13s     Find the "Login Button" Other
&amp#27;[38;5;93m[c258be5a]&amp#27;[0m&amp#27;[38;5;173m[Xcode]&amp#27;[0m     t =    10.13s         Requesting snapshot of accessibility hierarchy for app with pid 4978
&amp#27;[38;5;93m[c258be5a]&amp#27;[0m&amp#27;[38;5;173m[Xcode]&amp#27;[0m     t =    10.19s         Find: Descendants matching type Other
&amp#27;[38;5;93m[c258be5a]&amp#27;[0m&amp#27;[38;5;173m[Xcode]&amp#27;[0m     t =    10.19s         Find: Elements matching predicate 'fb_uid IN {"74000000-0000-0000-7213-000000000000"}'
&amp#27;[38;5;93m[c258be5a]&amp#27;[0m&amp#27;[38;5;173m[Xcode]&amp#27;[0m     t =    10.19s         Find: Element at index 0
&amp#27;[38;5;93m[c258be5a]&amp#27;[0m&amp#27;[38;5;173m[Xcode]&amp#27;[0m     t =    10.20s     Application is configured to skip UI interruption handling
&amp#27;[38;5;93m[c258be5a]&amp#27;[0m&amp#27;[38;5;173m[Xcode]&amp#27;[0m     t =    10.21s     Synthesize event
&amp#27;[38;5;93m[c258be5a]&amp#27;[0m&amp#27;[38;5;173m[Xcode]&amp#27;[0m 2025-01-06 21:12:20.396541+0700 WebDriverAgentRunner-Runner[4963:65553] Waiting up to 10s until com.saucelabs.mydemo.app.ios is in idle state (including animations)
&amp#27;[38;5;93m[c258be5a]&amp#27;[0m&amp#27;[38;5;173m[Xcode]&amp#27;[0m     t =    10.33s     Wait for com.saucelabs.mydemo.app.ios to idle
&amp#27;[38;5;93m[c258be5a]&amp#27;[0m&amp#27;[38;5;78m[XCUITestDriver@26e2]&amp#27;[0m Got response with status 200: {"value":null,"sessionId":"A980F244-8870-476F-852C-A9AA3E99174A"}
&amp#27;[38;5;93m[c258be5a]&amp#27;[0m&amp#27;[38;5;78m[XCUITestDriver@26e2]&amp#27;[0m Replacing sessionId A980F244-8870-476F-852C-A9AA3E99174A with c258be5a-7f09-4ce3-86e7-5f77a339e236
&amp#27;[38;5;93m[c258be5a]&amp#27;[0m&amp#27;[38;5;86m[HTTP]&amp#27;[0m &amp#27;[37m<-- POST /session/c258be5a-7f09-4ce3-86e7-5f77a339e236/element/74000000-0000-0000-7213-000000000000/click &amp#27;[39m&amp#27;[32m200&amp#27;[39m &amp#27;[90m404 ms - 65&amp#27;[39m &amp#27;[90m&amp#27;[39m
&amp#27;[38;5;93m[c258be5a]&amp#27;[0m&amp#27;[38;5;86m[HTTP]&amp#27;[0m &amp#27;[37m-->&amp#27;[39m &amp#27;[37mPOST&amp#27;[39m &amp#27;[37m/session/c258be5a-7f09-4ce3-86e7-5f77a339e236/execute/sync&amp#27;[39m &amp#27;[90m{"script":"mobile:swipe","args":[{"direction":"up"}]}&amp#27;[39m
&amp#27;[38;5;93m[c258be5a]&amp#27;[0m&amp#27;[38;5;78m[XCUITestDriver@26e2]&amp#27;[0m Calling AppiumDriver.execute() with args: ["mobile:swipe",[{"direction":"up"}],"c258be5a-7f09-4ce3-86e7-5f77a339e236"]
&amp#27;[38;5;93m[c258be5a]&amp#27;[0m&amp#27;[38;5;78m[XCUITestDriver@26e2]&amp#27;[0m Executing command 'execute'
&amp#27;[38;5;93m[c258be5a]&amp#27;[0m&amp#27;[38;5;78m[XCUITestDriver@26e2]&amp#27;[0m Proxying to WDA with an unknown route: POST /wda/swipe
&amp#27;[38;5;93m[c258be5a]&amp#27;[0m&amp#27;[38;5;78m[XCUITestDriver@26e2]&amp#27;[0m Proxying [POST /wda/swipe] to [POST http://127.0.0.1:8100/session/A980F244-8870-476F-852C-A9AA3E99174A/wda/swipe] with body: {"direction":"up"}
&amp#27;[38;5;93m[c258be5a]&amp#27;[0m&amp#27;[38;5;173m[Xcode]&amp#27;[0m     t =    10.89s Swipe up Application 'com.saucelabs.mydemo.app.ios'
&amp#27;[38;5;93m[c258be5a]&amp#27;[0m&amp#27;[38;5;173m[Xcode]&amp#27;[0m 2025-01-06 21:12:20.961299+0700 WebDriverAgentRunner-Runner[4963:65553] Waiting up to 10s until com.saucelabs.mydemo.app.ios is in idle state (including animations)
&amp#27;[38;5;93m[c258be5a]&amp#27;[0m&amp#27;[38;5;173m[Xcode]&amp#27;[0m     t =    10.89s     Wait for com.saucelabs.mydemo.app.ios to idle
&amp#27;[38;5;93m[c258be5a]&amp#27;[0m&amp#27;[38;5;173m[Xcode]&amp#27;[0m     t =    10.97s     Find the Application 'com.saucelabs.mydemo.app.ios'
&amp#27;[38;5;93m[c258be5a]&amp#27;[0m&amp#27;[38;5;173m[Xcode]&amp#27;[0m     t =    10.97s         Requesting snapshot of accessibility hierarchy for app with pid 4978
&amp#27;[38;5;93m[c258be5a]&amp#27;[0m&amp#27;[38;5;173m[Xcode]&amp#27;[0m     t =    11.03s     Application is configured to skip UI interruption handling
&amp#27;[38;5;93m[c258be5a]&amp#27;[0m&amp#27;[38;5;173m[Xcode]&amp#27;[0m     t =    11.04s     Synthesize event
&amp#27;[38;5;93m[c258be5a]&amp#27;[0m&amp#27;[38;5;173m[Xcode]&amp#27;[0m 2025-01-06 21:12:21.339864+0700 WebDriverAgentRunner-Runner[4963:65553] Waiting up to 10s until com.saucelabs.mydemo.app.ios is in idle state (including animations)
&amp#27;[38;5;93m[c258be5a]&amp#27;[0m&amp#27;[38;5;173m[Xcode]&amp#27;[0m     t =    11.27s     Wait for com.saucelabs.mydemo.app.ios to idle
&amp#27;[38;5;93m[c258be5a]&amp#27;[0m&amp#27;[38;5;78m[XCUITestDriver@26e2]&amp#27;[0m Got response with status 200: {"value":null,"sessionId":"A980F244-8870-476F-852C-A9AA3E99174A"}
&amp#27;[38;5;93m[c258be5a]&amp#27;[0m&amp#27;[38;5;78m[XCUITestDriver@26e2]&amp#27;[0m Responding to client with driver.execute() result: null
&amp#27;[38;5;93m[c258be5a]&amp#27;[0m&amp#27;[38;5;86m[HTTP]&amp#27;[0m &amp#27;[37m<-- POST /session/c258be5a-7f09-4ce3-86e7-5f77a339e236/execute/sync &amp#27;[39m&amp#27;[32m200&amp#27;[39m &amp#27;[90m1463 ms - 14&amp#27;[39m &amp#27;[90m&amp#27;[39m
&amp#27;[38;5;93m[c258be5a]&amp#27;[0m&amp#27;[38;5;86m[HTTP]&amp#27;[0m &amp#27;[37m-->&amp#27;[39m &amp#27;[37mPOST&amp#27;[39m &amp#27;[37m/session/c258be5a-7f09-4ce3-86e7-5f77a339e236/element&amp#27;[39m &amp#27;[90m{"using":"xpath","value":"//XCUIElementTypeStaticText[@name=\"bob@example.com\"]"}&amp#27;[39m
&amp#27;[38;5;93m[c258be5a]&amp#27;[0m&amp#27;[38;5;78m[XCUITestDriver@26e2]&amp#27;[0m Calling AppiumDriver.findElement() with args: ["xpath","//XCUIElementTypeStaticText[@name=\"bob@example.com\"]","c258be5a-7f09-4ce3-86e7-5f77a339e236"]
&amp#27;[38;5;93m[c258be5a]&amp#27;[0m&amp#27;[38;5;78m[XCUITestDriver@26e2]&amp#27;[0m Executing command 'findElement'
&amp#27;[38;5;93m[c258be5a]&amp#27;[0m&amp#27;[38;5;78m[XCUITestDriver@26e2]&amp#27;[0m Valid locator strategies for this request: xpath, id, name, class name, -ios predicate string, -ios class chain, accessibility id, css selector
&amp#27;[38;5;93m[c258be5a]&amp#27;[0m&amp#27;[38;5;78m[XCUITestDriver@26e2]&amp#27;[0m Waiting up to 0 ms for condition
&amp#27;[38;5;93m[c258be5a]&amp#27;[0m&amp#27;[38;5;78m[XCUITestDriver@26e2]&amp#27;[0m Matched '/element' to command name 'findElement'
&amp#27;[38;5;93m[c258be5a]&amp#27;[0m&amp#27;[38;5;78m[XCUITestDriver@26e2]&amp#27;[0m Proxying [POST /element] to [POST http://127.0.0.1:8100/session/A980F244-8870-476F-852C-A9AA3E99174A/element] with body: {"using":"xpath","value":"//XCUIElementTypeStaticText[@name=\"bob@example.com\"]"}
&amp#27;[38;5;93m[c258be5a]&amp#27;[0m&amp#27;[38;5;173m[Xcode]&amp#27;[0m 2025-01-06 21:12:22.027443+0700 WebDriverAgentRunner-Runner[4963:65553] The following attributes were requested to be included into the XML: {(
&amp#27;[38;5;93m[c258be5a]&amp#27;[0m&amp#27;[38;5;173m[Xcode]&amp#27;[0m     FBNameAttribute
&amp#27;[38;5;93m[c258be5a]&amp#27;[0m&amp#27;[38;5;173m[Xcode]&amp#27;[0m )}
&amp#27;[38;5;93m[c258be5a]&amp#27;[0m&amp#27;[38;5;173m[Xcode]&amp#27;[0m     t =    11.96s Requesting snapshot of accessibility hierarchy for app with pid 4978
&amp#27;[38;5;93m[c258be5a]&amp#27;[0m&amp#27;[38;5;173m[Xcode]&amp#27;[0m     t =    12.71s Get all elements bound by index for: Elements matching predicate 'fb_uid IN {"EB000000-0000-0000-7213-000000000000"}'
&amp#27;[38;5;93m[c258be5a]&amp#27;[0m&amp#27;[38;5;173m[Xcode]&amp#27;[0m     t =    12.71s     Requesting snapshot of accessibility hierarchy for app with pid 4978
&amp#27;[38;5;93m[c258be5a]&amp#27;[0m&amp#27;[38;5;173m[Xcode]&amp#27;[0m     t =    12.74s     Find: Descendants matching type StaticText
&amp#27;[38;5;93m[c258be5a]&amp#27;[0m&amp#27;[38;5;173m[Xcode]&amp#27;[0m     t =    12.74s     Find: Elements matching predicate 'fb_uid IN {"EB000000-0000-0000-7213-000000000000"}'
&amp#27;[38;5;93m[c258be5a]&amp#27;[0m&amp#27;[38;5;173m[Xcode]&amp#27;[0m     t =    12.75s Requesting snapshot of accessibility hierarchy for app with pid 4978
&amp#27;[38;5;93m[c258be5a]&amp#27;[0m&amp#27;[38;5;173m[Xcode]&amp#27;[0m     t =    12.78s Find: Descendants matching type StaticText
&amp#27;[38;5;93m[c258be5a]&amp#27;[0m&amp#27;[38;5;173m[Xcode]&amp#27;[0m     t =    12.78s Find: Elements matching predicate 'fb_uid IN {"EB000000-0000-0000-7213-000000000000"}'
&amp#27;[38;5;93m[c258be5a]&amp#27;[0m&amp#27;[38;5;173m[Xcode]&amp#27;[0m     t =    12.78s Find: Element at index 0
&amp#27;[38;5;93m[c258be5a]&amp#27;[0m&amp#27;[38;5;78m[XCUITestDriver@26e2]&amp#27;[0m Got response with status 200: {"value":{"ELEMENT":"EB000000-0000-0000-7213-000000000000","element-6066-11e4-a52e-4f735466cecf":"EB000000-0000-0000-7213-000000000000"},"sessionId":"A980F244-8870-476F-852C-A9AA3E99174A"}
&amp#27;[38;5;93m[c258be5a]&amp#27;[0m&amp#27;[38;5;78m[XCUITestDriver@26e2]&amp#27;[0m Responding to client with driver.findElement() result: {"element-6066-11e4-a52e-4f735466cecf":"EB000000-0000-0000-7213-000000000000","ELEMENT":"EB000000-0000-0000-7213-000000000000"}
&amp#27;[38;5;93m[c258be5a]&amp#27;[0m&amp#27;[38;5;86m[HTTP]&amp#27;[0m &amp#27;[37m<-- POST /session/c258be5a-7f09-4ce3-86e7-5f77a339e236/element &amp#27;[39m&amp#27;[32m200&amp#27;[39m &amp#27;[90m865 ms - 137&amp#27;[39m &amp#27;[90m&amp#27;[39m
&amp#27;[38;5;93m[c258be5a]&amp#27;[0m&amp#27;[38;5;86m[HTTP]&amp#27;[0m &amp#27;[37m-->&amp#27;[39m &amp#27;[37mPOST&amp#27;[39m &amp#27;[37m/session/c258be5a-7f09-4ce3-86e7-5f77a339e236/element/EB000000-0000-0000-7213-000000000000/click&amp#27;[39m &amp#27;[90m{"id":"EB000000-0000-0000-7213-000000000000"}&amp#27;[39m
&amp#27;[38;5;93m[c258be5a]&amp#27;[0m&amp#27;[38;5;78m[XCUITestDriver@26e2]&amp#27;[0m Driver proxy active, passing request on via HTTP proxy
&amp#27;[38;5;93m[c258be5a]&amp#27;[0m&amp#27;[38;5;78m[XCUITestDriver@26e2]&amp#27;[0m Executing command 'proxyReqRes'
&amp#27;[38;5;93m[c258be5a]&amp#27;[0m&amp#27;[38;5;78m[XCUITestDriver@26e2]&amp#27;[0m Matched '/session/c258be5a-7f09-4ce3-86e7-5f77a339e236/element/EB000000-0000-0000-7213-000000000000/click' to command name 'click'
&amp#27;[38;5;93m[c258be5a]&amp#27;[0m&amp#27;[38;5;78m[XCUITestDriver@26e2]&amp#27;[0m Proxying [POST /session/c258be5a-7f09-4ce3-86e7-5f77a339e236/element/EB000000-0000-0000-7213-000000000000/click] to [POST http://127.0.0.1:8100/session/A980F244-8870-476F-852C-A9AA3E99174A/element/EB000000-0000-0000-7213-000000000000/click] with body: {"id":"EB000000-0000-0000-7213-000000000000"}
&amp#27;[38;5;93m[c258be5a]&amp#27;[0m&amp#27;[38;5;173m[Xcode]&amp#27;[0m     t =    12.83s Requesting snapshot of accessibility hierarchy for app with pid 4978
&amp#27;[38;5;93m[c258be5a]&amp#27;[0m&amp#27;[38;5;173m[Xcode]&amp#27;[0m     t =    12.86s Find: Descendants matching type StaticText
&amp#27;[38;5;93m[c258be5a]&amp#27;[0m&amp#27;[38;5;173m[Xcode]&amp#27;[0m     t =    12.87s Find: Elements matching predicate 'fb_uid IN {"EB000000-0000-0000-7213-000000000000"}'
&amp#27;[38;5;93m[c258be5a]&amp#27;[0m&amp#27;[38;5;173m[Xcode]&amp#27;[0m     t =    12.87s Find: Element at index 0
&amp#27;[38;5;93m[c258be5a]&amp#27;[0m&amp#27;[38;5;173m[Xcode]&amp#27;[0m     t =    12.88s Tap "bob@example.com" StaticText
&amp#27;[38;5;93m[c258be5a]&amp#27;[0m&amp#27;[38;5;173m[Xcode]&amp#27;[0m 2025-01-06 21:12:22.954059+0700 WebDriverAgentRunner-Runner[4963:65553] Waiting up to 10s until com.saucelabs.mydemo.app.ios is in idle state (including animations)
&amp#27;[38;5;93m[c258be5a]&amp#27;[0m&amp#27;[38;5;173m[Xcode]&amp#27;[0m     t =    12.88s     Wait for com.saucelabs.mydemo.app.ios to idle
&amp#27;[38;5;93m[c258be5a]&amp#27;[0m&amp#27;[38;5;173m[Xcode]&amp#27;[0m     t =    12.90s     Find the "bob@example.com" StaticText
&amp#27;[38;5;93m[c258be5a]&amp#27;[0m&amp#27;[38;5;173m[Xcode]&amp#27;[0m     t =    12.90s         Requesting snapshot of accessibility hierarchy for app with pid 4978
&amp#27;[38;5;93m[c258be5a]&amp#27;[0m&amp#27;[38;5;173m[Xcode]&amp#27;[0m     t =    12.94s         Find: Descendants matching type StaticText
&amp#27;[38;5;93m[c258be5a]&amp#27;[0m&amp#27;[38;5;173m[Xcode]&amp#27;[0m     t =    12.95s         Find: Elements matching predicate 'fb_uid IN {"EB000000-0000-0000-7213-000000000000"}'
&amp#27;[38;5;93m[c258be5a]&amp#27;[0m&amp#27;[38;5;173m[Xcode]&amp#27;[0m     t =    12.96s         Find: Element at index 0
&amp#27;[38;5;93m[c258be5a]&amp#27;[0m&amp#27;[38;5;173m[Xcode]&amp#27;[0m     t =    12.97s     Application is configured to skip UI interruption handling
&amp#27;[38;5;93m[c258be5a]&amp#27;[0m&amp#27;[38;5;173m[Xcode]&amp#27;[0m     t =    12.97s     Synthesize event
&amp#27;[38;5;93m[c258be5a]&amp#27;[0m&amp#27;[38;5;173m[Xcode]&amp#27;[0m 2025-01-06 21:12:23.177536+0700 WebDriverAgentRunner-Runner[4963:65553] Waiting up to 10s until com.saucelabs.mydemo.app.ios is in idle state (including animations)
&amp#27;[38;5;93m[c258be5a]&amp#27;[0m&amp#27;[38;5;173m[Xcode]&amp#27;[0m     t =    13.11s     Wait for com.saucelabs.mydemo.app.ios to idle
&amp#27;[38;5;93m[c258be5a]&amp#27;[0m&amp#27;[38;5;78m[XCUITestDriver@26e2]&amp#27;[0m Got response with status 200: {"value":null,"sessionId":"A980F244-8870-476F-852C-A9AA3E99174A"}
&amp#27;[38;5;93m[c258be5a]&amp#27;[0m&amp#27;[38;5;78m[XCUITestDriver@26e2]&amp#27;[0m Replacing sessionId A980F244-8870-476F-852C-A9AA3E99174A with c258be5a-7f09-4ce3-86e7-5f77a339e236
&amp#27;[38;5;93m[c258be5a]&amp#27;[0m&amp#27;[38;5;86m[HTTP]&amp#27;[0m &amp#27;[37m<-- POST /session/c258be5a-7f09-4ce3-86e7-5f77a339e236/element/EB000000-0000-0000-7213-000000000000/click &amp#27;[39m&amp#27;[32m200&amp#27;[39m &amp#27;[90m375 ms - 65&amp#27;[39m &amp#27;[90m&amp#27;[39m
&amp#27;[38;5;93m[c258be5a]&amp#27;[0m&amp#27;[38;5;86m[HTTP]&amp#27;[0m &amp#27;[37m-->&amp#27;[39m &amp#27;[37mPOST&amp#27;[39m &amp#27;[37m/session/c258be5a-7f09-4ce3-86e7-5f77a339e236/element&amp#27;[39m &amp#27;[90m{"using":"xpath","value":"(//XCUIElementTypeStaticText[@name=\"Login\"])[2]"}&amp#27;[39m
&amp#27;[38;5;93m[c258be5a]&amp#27;[0m&amp#27;[38;5;78m[XCUITestDriver@26e2]&amp#27;[0m Calling AppiumDriver.findElement() with args: ["xpath","(//XCUIElementTypeStaticText[@name=\"Login\"])[2]","c258be5a-7f09-4ce3-86e7-5f77a339e236"]
&amp#27;[38;5;93m[c258be5a]&amp#27;[0m&amp#27;[38;5;78m[XCUITestDriver@26e2]&amp#27;[0m Executing command 'findElement'
&amp#27;[38;5;93m[c258be5a]&amp#27;[0m&amp#27;[38;5;78m[XCUITestDriver@26e2]&amp#27;[0m Valid locator strategies for this request: xpath, id, name, class name, -ios predicate string, -ios class chain, accessibility id, css selector
&amp#27;[38;5;93m[c258be5a]&amp#27;[0m&amp#27;[38;5;78m[XCUITestDriver@26e2]&amp#27;[0m Waiting up to 0 ms for condition
&amp#27;[38;5;93m[c258be5a]&amp#27;[0m&amp#27;[38;5;78m[XCUITestDriver@26e2]&amp#27;[0m Matched '/element' to command name 'findElement'
&amp#27;[38;5;93m[c258be5a]&amp#27;[0m&amp#27;[38;5;78m[XCUITestDriver@26e2]&amp#27;[0m Proxying [POST /element] to [POST http://127.0.0.1:8100/session/A980F244-8870-476F-852C-A9AA3E99174A/element] with body: {"using":"xpath","value":"(//XCUIElementTypeStaticText[@name=\"Login\"])[2]"}
&amp#27;[38;5;93m[c258be5a]&amp#27;[0m&amp#27;[38;5;173m[Xcode]&amp#27;[0m 2025-01-06 21:12:23.282159+0700 WebDriverAgentRunner-Runner[4963:65553] The following attributes were requested to be included into the XML: {(
&amp#27;[38;5;93m[c258be5a]&amp#27;[0m&amp#27;[38;5;173m[Xcode]&amp#27;[0m     FBNameAttribute
&amp#27;[38;5;93m[c258be5a]&amp#27;[0m&amp#27;[38;5;173m[Xcode]&amp#27;[0m )}
&amp#27;[38;5;93m[c258be5a]&amp#27;[0m&amp#27;[38;5;173m[Xcode]&amp#27;[0m     t =    13.21s Requesting snapshot of accessibility hierarchy for app with pid 4978
&amp#27;[38;5;93m[c258be5a]&amp#27;[0m&amp#27;[38;5;173m[Xcode]&amp#27;[0m     t =    13.85s Get all elements bound by index for: Elements matching predicate 'fb_uid IN {"CF000000-0000-0000-7213-000000000000"}'
&amp#27;[38;5;93m[c258be5a]&amp#27;[0m&amp#27;[38;5;173m[Xcode]&amp#27;[0m     t =    13.86s     Requesting snapshot of accessibility hierarchy for app with pid 4978
&amp#27;[38;5;93m[c258be5a]&amp#27;[0m&amp#27;[38;5;173m[Xcode]&amp#27;[0m     t =    13.90s     Find: Descendants matching type StaticText
&amp#27;[38;5;93m[c258be5a]&amp#27;[0m&amp#27;[38;5;173m[Xcode]&amp#27;[0m     t =    13.90s     Find: Elements matching predicate 'fb_uid IN {"CF000000-0000-0000-7213-000000000000"}'
&amp#27;[38;5;93m[c258be5a]&amp#27;[0m&amp#27;[38;5;173m[Xcode]&amp#27;[0m     t =    13.90s Requesting snapshot of accessibility hierarchy for app with pid 4978
&amp#27;[38;5;93m[c258be5a]&amp#27;[0m&amp#27;[38;5;173m[Xcode]&amp#27;[0m     t =    14.00s Find: Descendants matching type StaticText
&amp#27;[38;5;93m[c258be5a]&amp#27;[0m&amp#27;[38;5;173m[Xcode]&amp#27;[0m     t =    14.00s Find: Elements matching predicate 'fb_uid IN {"CF000000-0000-0000-7213-000000000000"}'
&amp#27;[38;5;93m[c258be5a]&amp#27;[0m&amp#27;[38;5;173m[Xcode]&amp#27;[0m     t =    14.00s Find: Element at index 0
&amp#27;[38;5;93m[c258be5a]&amp#27;[0m&amp#27;[38;5;78m[XCUITestDriver@26e2]&amp#27;[0m Got response with status 200: {"value":{"ELEMENT":"CF000000-0000-0000-7213-000000000000","element-6066-11e4-a52e-4f735466cecf":"CF000000-0000-0000-7213-000000000000"},"sessionId":"A980F244-8870-476F-852C-A9AA3E99174A"}
&amp#27;[38;5;93m[c258be5a]&amp#27;[0m&amp#27;[38;5;78m[XCUITestDriver@26e2]&amp#27;[0m Responding to client with driver.findElement() result: {"element-6066-11e4-a52e-4f735466cecf":"CF000000-0000-0000-7213-000000000000","ELEMENT":"CF000000-0000-0000-7213-000000000000"}
&amp#27;[38;5;93m[c258be5a]&amp#27;[0m&amp#27;[38;5;86m[HTTP]&amp#27;[0m &amp#27;[37m<-- POST /session/c258be5a-7f09-4ce3-86e7-5f77a339e236/element &amp#27;[39m&amp#27;[32m200&amp#27;[39m &amp#27;[90m825 ms - 137&amp#27;[39m &amp#27;[90m&amp#27;[39m
&amp#27;[38;5;93m[c258be5a]&amp#27;[0m&amp#27;[38;5;86m[HTTP]&amp#27;[0m &amp#27;[37m-->&amp#27;[39m &amp#27;[37mGET&amp#27;[39m &amp#27;[37m/session/c258be5a-7f09-4ce3-86e7-5f77a339e236/element/CF000000-0000-0000-7213-000000000000/displayed&amp#27;[39m &amp#27;[90m{}&amp#27;[39m
&amp#27;[38;5;93m[c258be5a]&amp#27;[0m&amp#27;[38;5;78m[XCUITestDriver@26e2]&amp#27;[0m Driver proxy active, passing request on via HTTP proxy
&amp#27;[38;5;93m[c258be5a]&amp#27;[0m&amp#27;[38;5;78m[XCUITestDriver@26e2]&amp#27;[0m Executing command 'proxyReqRes'
&amp#27;[38;5;93m[c258be5a]&amp#27;[0m&amp#27;[38;5;78m[XCUITestDriver@26e2]&amp#27;[0m Matched '/session/c258be5a-7f09-4ce3-86e7-5f77a339e236/element/CF000000-0000-0000-7213-000000000000/displayed' to command name 'elementDisplayed'
&amp#27;[38;5;93m[c258be5a]&amp#27;[0m&amp#27;[38;5;78m[XCUITestDriver@26e2]&amp#27;[0m Proxying [GET /session/c258be5a-7f09-4ce3-86e7-5f77a339e236/element/CF000000-0000-0000-7213-000000000000/displayed] to [GET http://127.0.0.1:8100/session/A980F244-8870-476F-852C-A9AA3E99174A/element/CF000000-0000-0000-7213-000000000000/displayed] with no body
&amp#27;[38;5;93m[c258be5a]&amp#27;[0m&amp#27;[38;5;173m[Xcode]&amp#27;[0m     t =    14.05s Requesting snapshot of accessibility hierarchy for app with pid 4978
&amp#27;[38;5;93m[c258be5a]&amp#27;[0m&amp#27;[38;5;173m[Xcode]&amp#27;[0m     t =    14.08s Find: Descendants matching type StaticText
&amp#27;[38;5;93m[c258be5a]&amp#27;[0m&amp#27;[38;5;173m[Xcode]&amp#27;[0m     t =    14.08s Find: Elements matching predicate 'fb_uid IN {"CF000000-0000-0000-7213-000000000000"}'
&amp#27;[38;5;93m[c258be5a]&amp#27;[0m&amp#27;[38;5;173m[Xcode]&amp#27;[0m     t =    14.08s Find: Element at index 0
&amp#27;[38;5;93m[c258be5a]&amp#27;[0m&amp#27;[38;5;78m[XCUITestDriver@26e2]&amp#27;[0m Got response with status 200: {"value":true,"sessionId":"A980F244-8870-476F-852C-A9AA3E99174A"}
&amp#27;[38;5;93m[c258be5a]&amp#27;[0m&amp#27;[38;5;78m[XCUITestDriver@26e2]&amp#27;[0m Replacing sessionId A980F244-8870-476F-852C-A9AA3E99174A with c258be5a-7f09-4ce3-86e7-5f77a339e236
&amp#27;[38;5;93m[c258be5a]&amp#27;[0m&amp#27;[38;5;86m[HTTP]&amp#27;[0m &amp#27;[37m<-- GET /session/c258be5a-7f09-4ce3-86e7-5f77a339e236/element/CF000000-0000-0000-7213-000000000000/displayed &amp#27;[39m&amp#27;[32m200&amp#27;[39m &amp#27;[90m74 ms - 65&amp#27;[39m &amp#27;[90m&amp#27;[39m
&amp#27;[38;5;93m[c258be5a]&amp#27;[0m&amp#27;[38;5;86m[HTTP]&amp#27;[0m &amp#27;[37m-->&amp#27;[39m &amp#27;[37mPOST&amp#27;[39m &amp#27;[37m/session/c258be5a-7f09-4ce3-86e7-5f77a339e236/element/CF000000-0000-0000-7213-000000000000/click&amp#27;[39m &amp#27;[90m{"id":"CF000000-0000-0000-7213-000000000000"}&amp#27;[39m
&amp#27;[38;5;93m[c258be5a]&amp#27;[0m&amp#27;[38;5;78m[XCUITestDriver@26e2]&amp#27;[0m Driver proxy active, passing request on via HTTP proxy
&amp#27;[38;5;93m[c258be5a]&amp#27;[0m&amp#27;[38;5;78m[XCUITestDriver@26e2]&amp#27;[0m Executing command 'proxyReqRes'
&amp#27;[38;5;93m[c258be5a]&amp#27;[0m&amp#27;[38;5;78m[XCUITestDriver@26e2]&amp#27;[0m Matched '/session/c258be5a-7f09-4ce3-86e7-5f77a339e236/element/CF000000-0000-0000-7213-000000000000/click' to command name 'click'
&amp#27;[38;5;93m[c258be5a]&amp#27;[0m&amp#27;[38;5;78m[XCUITestDriver@26e2]&amp#27;[0m Proxying [POST /session/c258be5a-7f09-4ce3-86e7-5f77a339e236/element/CF000000-0000-0000-7213-000000000000/click] to [POST http://127.0.0.1:8100/session/A980F244-8870-476F-852C-A9AA3E99174A/element/CF000000-0000-0000-7213-000000000000/click] with body: {"id":"CF000000-0000-0000-7213-000000000000"}
&amp#27;[38;5;93m[c258be5a]&amp#27;[0m&amp#27;[38;5;173m[Xcode]&amp#27;[0m     t =    14.12s Requesting snapshot of accessibility hierarchy for app with pid 4978
&amp#27;[38;5;93m[c258be5a]&amp#27;[0m&amp#27;[38;5;173m[Xcode]&amp#27;[0m     t =    14.15s Find: Descendants matching type StaticText
&amp#27;[38;5;93m[c258be5a]&amp#27;[0m&amp#27;[38;5;173m[Xcode]&amp#27;[0m     t =    14.15s Find: Elements matching predicate 'fb_uid IN {"CF000000-0000-0000-7213-000000000000"}'
&amp#27;[38;5;93m[c258be5a]&amp#27;[0m&amp#27;[38;5;173m[Xcode]&amp#27;[0m     t =    14.16s Find: Element at index 0
&amp#27;[38;5;93m[c258be5a]&amp#27;[0m&amp#27;[38;5;173m[Xcode]&amp#27;[0m     t =    14.17s Tap "Login" StaticText
&amp#27;[38;5;93m[c258be5a]&amp#27;[0m&amp#27;[38;5;173m[Xcode]&amp#27;[0m 2025-01-06 21:12:24.242325+0700 WebDriverAgentRunner-Runner[4963:65553] Waiting up to 10s until com.saucelabs.mydemo.app.ios is in idle state (including animations)
&amp#27;[38;5;93m[c258be5a]&amp#27;[0m&amp#27;[38;5;173m[Xcode]&amp#27;[0m     t =    14.17s     Wait for com.saucelabs.mydemo.app.ios to idle
&amp#27;[38;5;93m[c258be5a]&amp#27;[0m&amp#27;[38;5;173m[Xcode]&amp#27;[0m     t =    14.18s     Find the "Login" StaticText
&amp#27;[38;5;93m[c258be5a]&amp#27;[0m&amp#27;[38;5;173m[Xcode]&amp#27;[0m     t =    14.19s         Requesting snapshot of accessibility hierarchy for app with pid 4978
&amp#27;[38;5;93m[c258be5a]&amp#27;[0m&amp#27;[38;5;173m[Xcode]&amp#27;[0m     t =    14.22s         Find: Descendants matching type StaticText
&amp#27;[38;5;93m[c258be5a]&amp#27;[0m&amp#27;[38;5;173m[Xcode]&amp#27;[0m     t =    14.22s         Find: Elements matching predicate 'fb_uid IN {"CF000000-0000-0000-7213-000000000000"}'
&amp#27;[38;5;93m[c258be5a]&amp#27;[0m&amp#27;[38;5;173m[Xcode]&amp#27;[0m     t =    14.22s         Find: Element at index 0
&amp#27;[38;5;93m[c258be5a]&amp#27;[0m&amp#27;[38;5;173m[Xcode]&amp#27;[0m     t =    14.23s     Application is configured to skip UI interruption handling
&amp#27;[38;5;93m[c258be5a]&amp#27;[0m&amp#27;[38;5;173m[Xcode]&amp#27;[0m     t =    14.23s     Synthesize event
&amp#27;[38;5;93m[c258be5a]&amp#27;[0m&amp#27;[38;5;173m[Xcode]&amp#27;[0m 2025-01-06 21:12:24.432635+0700 WebDriverAgentRunner-Runner[4963:65553] Waiting up to 10s until com.saucelabs.mydemo.app.ios is in idle state (including animations)
&amp#27;[38;5;93m[c258be5a]&amp#27;[0m&amp#27;[38;5;173m[Xcode]&amp#27;[0m     t =    14.36s     Wait for com.saucelabs.mydemo.app.ios to idle
&amp#27;[38;5;93m[c258be5a]&amp#27;[0m&amp#27;[38;5;78m[XCUITestDriver@26e2]&amp#27;[0m Got response with status 200: {"value":null,"sessionId":"A980F244-8870-476F-852C-A9AA3E99174A"}
&amp#27;[38;5;93m[c258be5a]&amp#27;[0m&amp#27;[38;5;78m[XCUITestDriver@26e2]&amp#27;[0m Replacing sessionId A980F244-8870-476F-852C-A9AA3E99174A with c258be5a-7f09-4ce3-86e7-5f77a339e236
&amp#27;[38;5;93m[c258be5a]&amp#27;[0m&amp#27;[38;5;86m[HTTP]&amp#27;[0m &amp#27;[37m<-- POST /session/c258be5a-7f09-4ce3-86e7-5f77a339e236/element/CF000000-0000-0000-7213-000000000000/click &amp#27;[39m&amp#27;[32m200&amp#27;[39m &amp#27;[90m329 ms - 65&amp#27;[39m &amp#27;[90m&amp#27;[39m
&amp#27;[38;5;93m[c258be5a]&amp#27;[0m&amp#27;[38;5;86m[HTTP]&amp#27;[0m &amp#27;[37m-->&amp#27;[39m &amp#27;[37mPOST&amp#27;[39m &amp#27;[37m/session/c258be5a-7f09-4ce3-86e7-5f77a339e236/element&amp#27;[39m &amp#27;[90m{"using":"xpath","value":"(//XCUIElementTypeImage[@name=\"Product Image\"])[1]"}&amp#27;[39m
&amp#27;[38;5;93m[c258be5a]&amp#27;[0m&amp#27;[38;5;78m[XCUITestDriver@26e2]&amp#27;[0m Calling AppiumDriver.findElement() with args: ["xpath","(//XCUIElementTypeImage[@name=\"Product Image\"])[1]","c258be5a-7f09-4ce3-86e7-5f77a339e236"]
&amp#27;[38;5;93m[c258be5a]&amp#27;[0m&amp#27;[38;5;78m[XCUITestDriver@26e2]&amp#27;[0m Executing command 'findElement'
&amp#27;[38;5;93m[c258be5a]&amp#27;[0m&amp#27;[38;5;78m[XCUITestDriver@26e2]&amp#27;[0m Valid locator strategies for this request: xpath, id, name, class name, -ios predicate string, -ios class chain, accessibility id, css selector
&amp#27;[38;5;93m[c258be5a]&amp#27;[0m&amp#27;[38;5;78m[XCUITestDriver@26e2]&amp#27;[0m Waiting up to 0 ms for condition
&amp#27;[38;5;93m[c258be5a]&amp#27;[0m&amp#27;[38;5;78m[XCUITestDriver@26e2]&amp#27;[0m Matched '/element' to command name 'findElement'
&amp#27;[38;5;93m[c258be5a]&amp#27;[0m&amp#27;[38;5;78m[XCUITestDriver@26e2]&amp#27;[0m Proxying [POST /element] to [POST http://127.0.0.1:8100/session/A980F244-8870-476F-852C-A9AA3E99174A/element] with body: {"using":"xpath","value":"(//XCUIElementTypeImage[@name=\"Product Image\"])[1]"}
&amp#27;[38;5;93m[c258be5a]&amp#27;[0m&amp#27;[38;5;173m[Xcode]&amp#27;[0m 2025-01-06 21:12:24.677237+0700 WebDriverAgentRunner-Runner[4963:65553] The following attributes were requested to be included into the XML: {(
&amp#27;[38;5;93m[c258be5a]&amp#27;[0m&amp#27;[38;5;173m[Xcode]&amp#27;[0m     FBNameAttribute
&amp#27;[38;5;93m[c258be5a]&amp#27;[0m&amp#27;[38;5;173m[Xcode]&amp#27;[0m )}
&amp#27;[38;5;93m[c258be5a]&amp#27;[0m&amp#27;[38;5;173m[Xcode]&amp#27;[0m     t =    14.61s Requesting snapshot of accessibility hierarchy for app with pid 4978
&amp#27;[38;5;93m[c258be5a]&amp#27;[0m&amp#27;[38;5;173m[Xcode]&amp#27;[0m     t =    16.70s Get all elements bound by index for: Elements matching predicate 'fb_uid IN {"25010000-0000-0000-7213-000000000000"}'
&amp#27;[38;5;93m[c258be5a]&amp#27;[0m&amp#27;[38;5;173m[Xcode]&amp#27;[0m     t =    16.70s     Requesting snapshot of accessibility hierarchy for app with pid 4978
&amp#27;[38;5;93m[c258be5a]&amp#27;[0m&amp#27;[38;5;173m[Xcode]&amp#27;[0m     t =    16.77s     Find: Descendants matching type Image
&amp#27;[38;5;93m[c258be5a]&amp#27;[0m&amp#27;[38;5;173m[Xcode]&amp#27;[0m     t =    16.77s     Find: Elements matching predicate 'fb_uid IN {"25010000-0000-0000-7213-000000000000"}'
&amp#27;[38;5;93m[c258be5a]&amp#27;[0m&amp#27;[38;5;173m[Xcode]&amp#27;[0m     t =    16.78s Requesting snapshot of accessibility hierarchy for app with pid 4978
&amp#27;[38;5;93m[c258be5a]&amp#27;[0m&amp#27;[38;5;173m[Xcode]&amp#27;[0m     t =    16.84s Find: Descendants matching type Image
&amp#27;[38;5;93m[c258be5a]&amp#27;[0m&amp#27;[38;5;173m[Xcode]&amp#27;[0m     t =    16.84s Find: Elements matching predicate 'fb_uid IN {"25010000-0000-0000-7213-000000000000"}'
&amp#27;[38;5;93m[c258be5a]&amp#27;[0m&amp#27;[38;5;173m[Xcode]&amp#27;[0m     t =    16.85s Find: Element at index 0
&amp#27;[38;5;93m[c258be5a]&amp#27;[0m&amp#27;[38;5;78m[XCUITestDriver@26e2]&amp#27;[0m Got response with status 200: {"value":{"ELEMENT":"25010000-0000-0000-7213-000000000000","element-6066-11e4-a52e-4f735466cecf":"25010000-0000-0000-7213-000000000000"},"sessionId":"A980F244-8870-476F-852C-A9AA3E99174A"}
&amp#27;[38;5;93m[c258be5a]&amp#27;[0m&amp#27;[38;5;78m[XCUITestDriver@26e2]&amp#27;[0m Responding to client with driver.findElement() result: {"element-6066-11e4-a52e-4f735466cecf":"25010000-0000-0000-7213-000000000000","ELEMENT":"25010000-0000-0000-7213-000000000000"}
&amp#27;[38;5;93m[c258be5a]&amp#27;[0m&amp#27;[38;5;86m[HTTP]&amp#27;[0m &amp#27;[37m<-- POST /session/c258be5a-7f09-4ce3-86e7-5f77a339e236/element &amp#27;[39m&amp#27;[32m200&amp#27;[39m &amp#27;[90m2442 ms - 137&amp#27;[39m &amp#27;[90m&amp#27;[39m
&amp#27;[38;5;93m[c258be5a]&amp#27;[0m&amp#27;[38;5;86m[HTTP]&amp#27;[0m &amp#27;[37m-->&amp#27;[39m &amp#27;[37mGET&amp#27;[39m &amp#27;[37m/session/c258be5a-7f09-4ce3-86e7-5f77a339e236/element/25010000-0000-0000-7213-000000000000/displayed&amp#27;[39m &amp#27;[90m{}&amp#27;[39m
&amp#27;[38;5;93m[c258be5a]&amp#27;[0m&amp#27;[38;5;78m[XCUITestDriver@26e2]&amp#27;[0m Driver proxy active, passing request on via HTTP proxy
&amp#27;[38;5;93m[c258be5a]&amp#27;[0m&amp#27;[38;5;78m[XCUITestDriver@26e2]&amp#27;[0m Executing command 'proxyReqRes'
&amp#27;[38;5;93m[c258be5a]&amp#27;[0m&amp#27;[38;5;78m[XCUITestDriver@26e2]&amp#27;[0m Matched '/session/c258be5a-7f09-4ce3-86e7-5f77a339e236/element/25010000-0000-0000-7213-000000000000/displayed' to command name 'elementDisplayed'
&amp#27;[38;5;93m[c258be5a]&amp#27;[0m&amp#27;[38;5;78m[XCUITestDriver@26e2]&amp#27;[0m Proxying [GET /session/c258be5a-7f09-4ce3-86e7-5f77a339e236/element/25010000-0000-0000-7213-000000000000/displayed] to [GET http://127.0.0.1:8100/session/A980F244-8870-476F-852C-A9AA3E99174A/element/25010000-0000-0000-7213-000000000000/displayed] with no body
&amp#27;[38;5;93m[c258be5a]&amp#27;[0m&amp#27;[38;5;173m[Xcode]&amp#27;[0m     t =    16.93s Requesting snapshot of accessibility hierarchy for app with pid 4978
&amp#27;[38;5;93m[c258be5a]&amp#27;[0m&amp#27;[38;5;173m[Xcode]&amp#27;[0m     t =    16.98s Find: Descendants matching type Image
&amp#27;[38;5;93m[c258be5a]&amp#27;[0m&amp#27;[38;5;173m[Xcode]&amp#27;[0m     t =    16.98s Find: Elements matching predicate 'fb_uid IN {"25010000-0000-0000-7213-000000000000"}'
&amp#27;[38;5;93m[c258be5a]&amp#27;[0m&amp#27;[38;5;173m[Xcode]&amp#27;[0m     t =    16.99s Find: Element at index 0
&amp#27;[38;5;93m[c258be5a]&amp#27;[0m&amp#27;[38;5;78m[XCUITestDriver@26e2]&amp#27;[0m Got response with status 200: {"value":true,"sessionId":"A980F244-8870-476F-852C-A9AA3E99174A"}
&amp#27;[38;5;93m[c258be5a]&amp#27;[0m&amp#27;[38;5;78m[XCUITestDriver@26e2]&amp#27;[0m Replacing sessionId A980F244-8870-476F-852C-A9AA3E99174A with c258be5a-7f09-4ce3-86e7-5f77a339e236
&amp#27;[38;5;93m[c258be5a]&amp#27;[0m&amp#27;[38;5;86m[HTTP]&amp#27;[0m &amp#27;[37m<-- GET /session/c258be5a-7f09-4ce3-86e7-5f77a339e236/element/25010000-0000-0000-7213-000000000000/displayed &amp#27;[39m&amp#27;[32m200&amp#27;[39m &amp#27;[90m97 ms - 65&amp#27;[39m &amp#27;[90m&amp#27;[39m
&amp#27;[38;5;93m[c258be5a]&amp#27;[0m&amp#27;[38;5;86m[HTTP]&amp#27;[0m &amp#27;[37m-->&amp#27;[39m &amp#27;[37mGET&amp#27;[39m &amp#27;[37m/session/c258be5a-7f09-4ce3-86e7-5f77a339e236/element/25010000-0000-0000-7213-000000000000/enabled&amp#27;[39m &amp#27;[90m{}&amp#27;[39m
&amp#27;[38;5;93m[c258be5a]&amp#27;[0m&amp#27;[38;5;78m[XCUITestDriver@26e2]&amp#27;[0m Driver proxy active, passing request on via HTTP proxy
&amp#27;[38;5;93m[c258be5a]&amp#27;[0m&amp#27;[38;5;78m[XCUITestDriver@26e2]&amp#27;[0m Executing command 'proxyReqRes'
&amp#27;[38;5;93m[c258be5a]&amp#27;[0m&amp#27;[38;5;78m[XCUITestDriver@26e2]&amp#27;[0m Matched '/session/c258be5a-7f09-4ce3-86e7-5f77a339e236/element/25010000-0000-0000-7213-000000000000/enabled' to command name 'elementEnabled'
&amp#27;[38;5;93m[c258be5a]&amp#27;[0m&amp#27;[38;5;78m[XCUITestDriver@26e2]&amp#27;[0m Proxying [GET /session/c258be5a-7f09-4ce3-86e7-5f77a339e236/element/25010000-0000-0000-7213-000000000000/enabled] to [GET http://127.0.0.1:8100/session/A980F244-8870-476F-852C-A9AA3E99174A/element/25010000-0000-0000-7213-000000000000/enabled] with no body
&amp#27;[38;5;93m[c258be5a]&amp#27;[0m&amp#27;[38;5;173m[Xcode]&amp#27;[0m     t =    17.03s Requesting snapshot of accessibility hierarchy for app with pid 4978
&amp#27;[38;5;93m[c258be5a]&amp#27;[0m&amp#27;[38;5;173m[Xcode]&amp#27;[0m     t =    17.09s Find: Descendants matching type Image
&amp#27;[38;5;93m[c258be5a]&amp#27;[0m&amp#27;[38;5;173m[Xcode]&amp#27;[0m     t =    17.10s Find: Elements matching predicate 'fb_uid IN {"25010000-0000-0000-7213-000000000000"}'
&amp#27;[38;5;93m[c258be5a]&amp#27;[0m&amp#27;[38;5;173m[Xcode]&amp#27;[0m     t =    17.10s Find: Element at index 0
&amp#27;[38;5;93m[c258be5a]&amp#27;[0m&amp#27;[38;5;78m[XCUITestDriver@26e2]&amp#27;[0m Got response with status 200: {"value":true,"sessionId":"A980F244-8870-476F-852C-A9AA3E99174A"}
&amp#27;[38;5;93m[c258be5a]&amp#27;[0m&amp#27;[38;5;78m[XCUITestDriver@26e2]&amp#27;[0m Replacing sessionId A980F244-8870-476F-852C-A9AA3E99174A with c258be5a-7f09-4ce3-86e7-5f77a339e236
&amp#27;[38;5;93m[c258be5a]&amp#27;[0m&amp#27;[38;5;86m[HTTP]&amp#27;[0m &amp#27;[37m<-- GET /session/c258be5a-7f09-4ce3-86e7-5f77a339e236/element/25010000-0000-0000-7213-000000000000/enabled &amp#27;[39m&amp#27;[32m200&amp#27;[39m &amp#27;[90m86 ms - 65&amp#27;[39m &amp#27;[90m&amp#27;[39m
&amp#27;[38;5;93m[c258be5a]&amp#27;[0m&amp#27;[38;5;86m[HTTP]&amp#27;[0m &amp#27;[37m-->&amp#27;[39m &amp#27;[37mPOST&amp#27;[39m &amp#27;[37m/session/c258be5a-7f09-4ce3-86e7-5f77a339e236/element/25010000-0000-0000-7213-000000000000/click&amp#27;[39m &amp#27;[90m{"id":"25010000-0000-0000-7213-000000000000"}&amp#27;[39m
&amp#27;[38;5;93m[c258be5a]&amp#27;[0m&amp#27;[38;5;78m[XCUITestDriver@26e2]&amp#27;[0m Driver proxy active, passing request on via HTTP proxy
&amp#27;[38;5;93m[c258be5a]&amp#27;[0m&amp#27;[38;5;78m[XCUITestDriver@26e2]&amp#27;[0m Executing command 'proxyReqRes'
&amp#27;[38;5;93m[c258be5a]&amp#27;[0m&amp#27;[38;5;78m[XCUITestDriver@26e2]&amp#27;[0m Matched '/session/c258be5a-7f09-4ce3-86e7-5f77a339e236/element/25010000-0000-0000-7213-000000000000/click' to command name 'click'
&amp#27;[38;5;93m[c258be5a]&amp#27;[0m&amp#27;[38;5;78m[XCUITestDriver@26e2]&amp#27;[0m Proxying [POST /session/c258be5a-7f09-4ce3-86e7-5f77a339e236/element/25010000-0000-0000-7213-000000000000/click] to [POST http://127.0.0.1:8100/session/A980F244-8870-476F-852C-A9AA3E99174A/element/25010000-0000-0000-7213-000000000000/click] with body: {"id":"25010000-0000-0000-7213-000000000000"}
&amp#27;[38;5;93m[c258be5a]&amp#27;[0m&amp#27;[38;5;173m[Xcode]&amp#27;[0m     t =    17.12s Requesting snapshot of accessibility hierarchy for app with pid 4978
&amp#27;[38;5;93m[c258be5a]&amp#27;[0m&amp#27;[38;5;173m[Xcode]&amp#27;[0m     t =    17.17s Find: Descendants matching type Image
&amp#27;[38;5;93m[c258be5a]&amp#27;[0m&amp#27;[38;5;173m[Xcode]&amp#27;[0m     t =    17.17s Find: Elements matching predicate 'fb_uid IN {"25010000-0000-0000-7213-000000000000"}'
&amp#27;[38;5;93m[c258be5a]&amp#27;[0m&amp#27;[38;5;173m[Xcode]&amp#27;[0m     t =    17.18s Find: Element at index 0
&amp#27;[38;5;93m[c258be5a]&amp#27;[0m&amp#27;[38;5;173m[Xcode]&amp#27;[0m     t =    17.20s Tap "Product Image" Image
&amp#27;[38;5;93m[c258be5a]&amp#27;[0m&amp#27;[38;5;173m[Xcode]&amp#27;[0m 2025-01-06 21:12:27.266779+0700 WebDriverAgentRunner-Runner[4963:65553] Waiting up to 10s until com.saucelabs.mydemo.app.ios is in idle state (including animations)
&amp#27;[38;5;93m[c258be5a]&amp#27;[0m&amp#27;[38;5;173m[Xcode]&amp#27;[0m     t =    17.20s     Wait for com.saucelabs.mydemo.app.ios to idle
&amp#27;[38;5;93m[c258be5a]&amp#27;[0m&amp#27;[38;5;173m[Xcode]&amp#27;[0m     t =    17.21s     Find the "Product Image" Image
&amp#27;[38;5;93m[c258be5a]&amp#27;[0m&amp#27;[38;5;173m[Xcode]&amp#27;[0m     t =    17.21s         Requesting snapshot of accessibility hierarchy for app with pid 4978
&amp#27;[38;5;93m[c258be5a]&amp#27;[0m&amp#27;[38;5;173m[Xcode]&amp#27;[0m     t =    17.26s         Find: Descendants matching type Image
&amp#27;[38;5;93m[c258be5a]&amp#27;[0m&amp#27;[38;5;173m[Xcode]&amp#27;[0m     t =    17.26s         Find: Elements matching predicate 'fb_uid IN {"25010000-0000-0000-7213-000000000000"}'
&amp#27;[38;5;93m[c258be5a]&amp#27;[0m&amp#27;[38;5;173m[Xcode]&amp#27;[0m     t =    17.27s         Find: Element at index 0
&amp#27;[38;5;93m[c258be5a]&amp#27;[0m&amp#27;[38;5;173m[Xcode]&amp#27;[0m     t =    17.27s     Application is configured to skip UI interruption handling
&amp#27;[38;5;93m[c258be5a]&amp#27;[0m&amp#27;[38;5;173m[Xcode]&amp#27;[0m     t =    17.28s     Synthesize event
&amp#27;[38;5;93m[c258be5a]&amp#27;[0m&amp#27;[38;5;173m[Xcode]&amp#27;[0m 2025-01-06 21:12:27.474803+0700 WebDriverAgentRunner-Runner[4963:65553] Waiting up to 10s until com.saucelabs.mydemo.app.ios is in idle state (including animations)
&amp#27;[38;5;93m[c258be5a]&amp#27;[0m&amp#27;[38;5;173m[Xcode]&amp#27;[0m     t =    17.40s     Wait for com.saucelabs.mydemo.app.ios to idle
&amp#27;[38;5;93m[c258be5a]&amp#27;[0m&amp#27;[38;5;78m[XCUITestDriver@26e2]&amp#27;[0m Got response with status 200: {"value":null,"sessionId":"A980F244-8870-476F-852C-A9AA3E99174A"}
&amp#27;[38;5;93m[c258be5a]&amp#27;[0m&amp#27;[38;5;78m[XCUITestDriver@26e2]&amp#27;[0m Replacing sessionId A980F244-8870-476F-852C-A9AA3E99174A with c258be5a-7f09-4ce3-86e7-5f77a339e236
&amp#27;[38;5;93m[c258be5a]&amp#27;[0m&amp#27;[38;5;86m[HTTP]&amp#27;[0m &amp#27;[37m<-- POST /session/c258be5a-7f09-4ce3-86e7-5f77a339e236/element/25010000-0000-0000-7213-000000000000/click &amp#27;[39m&amp#27;[32m200&amp#27;[39m &amp#27;[90m388 ms - 65&amp#27;[39m &amp#27;[90m&amp#27;[39m
&amp#27;[38;5;93m[c258be5a]&amp#27;[0m&amp#27;[38;5;86m[HTTP]&amp#27;[0m &amp#27;[37m-->&amp#27;[39m &amp#27;[37mPOST&amp#27;[39m &amp#27;[37m/session/c258be5a-7f09-4ce3-86e7-5f77a339e236/element&amp#27;[39m &amp#27;[90m{"using":"xpath","value":"//XCUIElementTypeButton[@name=\"AddToCart\"]"}&amp#27;[39m
&amp#27;[38;5;93m[c258be5a]&amp#27;[0m&amp#27;[38;5;78m[XCUITestDriver@26e2]&amp#27;[0m Calling AppiumDriver.findElement() with args: ["xpath","//XCUIElementTypeButton[@name=\"AddToCart\"]","c258be5a-7f09-4ce3-86e7-5f77a339e236"]
&amp#27;[38;5;93m[c258be5a]&amp#27;[0m&amp#27;[38;5;78m[XCUITestDriver@26e2]&amp#27;[0m Executing command 'findElement'
&amp#27;[38;5;93m[c258be5a]&amp#27;[0m&amp#27;[38;5;78m[XCUITestDriver@26e2]&amp#27;[0m Valid locator strategies for this request: xpath, id, name, class name, -ios predicate string, -ios class chain, accessibility id, css selector
&amp#27;[38;5;93m[c258be5a]&amp#27;[0m&amp#27;[38;5;78m[XCUITestDriver@26e2]&amp#27;[0m Waiting up to 0 ms for condition
&amp#27;[38;5;93m[c258be5a]&amp#27;[0m&amp#27;[38;5;78m[XCUITestDriver@26e2]&amp#27;[0m Matched '/element' to command name 'findElement'
&amp#27;[38;5;93m[c258be5a]&amp#27;[0m&amp#27;[38;5;78m[XCUITestDriver@26e2]&amp#27;[0m Proxying [POST /element] to [POST http://127.0.0.1:8100/session/A980F244-8870-476F-852C-A9AA3E99174A/element] with body: {"using":"xpath","value":"//XCUIElementTypeButton[@name=\"AddToCart\"]"}
&amp#27;[38;5;93m[c258be5a]&amp#27;[0m&amp#27;[38;5;173m[Xcode]&amp#27;[0m 2025-01-06 21:12:29.604454+0700 WebDriverAgentRunner-Runner[4963:65553] The following attributes were requested to be included into the XML: {(
&amp#27;[38;5;93m[c258be5a]&amp#27;[0m&amp#27;[38;5;173m[Xcode]&amp#27;[0m     FBNameAttribute
&amp#27;[38;5;93m[c258be5a]&amp#27;[0m&amp#27;[38;5;173m[Xcode]&amp#27;[0m )}
&amp#27;[38;5;93m[c258be5a]&amp#27;[0m&amp#27;[38;5;173m[Xcode]&amp#27;[0m     t =    19.53s Requesting snapshot of accessibility hierarchy for app with pid 4978
&amp#27;[38;5;93m[c258be5a]&amp#27;[0m&amp#27;[38;5;173m[Xcode]&amp#27;[0m     t =    20.20s Get all elements bound by index for: Elements matching predicate 'fb_uid IN {"61010000-0000-0000-7213-000000000000"}'
&amp#27;[38;5;93m[c258be5a]&amp#27;[0m&amp#27;[38;5;173m[Xcode]&amp#27;[0m     t =    20.21s     Requesting snapshot of accessibility hierarchy for app with pid 4978
&amp#27;[38;5;93m[c258be5a]&amp#27;[0m&amp#27;[38;5;173m[Xcode]&amp#27;[0m     t =    20.26s     Find: Descendants matching type Button
&amp#27;[38;5;93m[c258be5a]&amp#27;[0m&amp#27;[38;5;173m[Xcode]&amp#27;[0m     t =    20.27s     Find: Elements matching predicate 'fb_uid IN {"61010000-0000-0000-7213-000000000000"}'
&amp#27;[38;5;93m[c258be5a]&amp#27;[0m&amp#27;[38;5;173m[Xcode]&amp#27;[0m     t =    20.27s Requesting snapshot of accessibility hierarchy for app with pid 4978
&amp#27;[38;5;93m[c258be5a]&amp#27;[0m&amp#27;[38;5;173m[Xcode]&amp#27;[0m     t =    20.33s Find: Descendants matching type Button
&amp#27;[38;5;93m[c258be5a]&amp#27;[0m&amp#27;[38;5;173m[Xcode]&amp#27;[0m     t =    20.33s Find: Elements matching predicate 'fb_uid IN {"61010000-0000-0000-7213-000000000000"}'
&amp#27;[38;5;93m[c258be5a]&amp#27;[0m&amp#27;[38;5;173m[Xcode]&amp#27;[0m     t =    20.34s Find: Element at index 0
&amp#27;[38;5;93m[c258be5a]&amp#27;[0m&amp#27;[38;5;78m[XCUITestDriver@26e2]&amp#27;[0m Got response with status 200: {"value":{"ELEMENT":"61010000-0000-0000-7213-000000000000","element-6066-11e4-a52e-4f735466cecf":"61010000-0000-0000-7213-000000000000"},"sessionId":"A980F244-8870-476F-852C-A9AA3E99174A"}
&amp#27;[38;5;93m[c258be5a]&amp#27;[0m&amp#27;[38;5;78m[XCUITestDriver@26e2]&amp#27;[0m Responding to client with driver.findElement() result: {"element-6066-11e4-a52e-4f735466cecf":"61010000-0000-0000-7213-000000000000","ELEMENT":"61010000-0000-0000-7213-000000000000"}
&amp#27;[38;5;93m[c258be5a]&amp#27;[0m&amp#27;[38;5;86m[HTTP]&amp#27;[0m &amp#27;[37m<-- POST /session/c258be5a-7f09-4ce3-86e7-5f77a339e236/element &amp#27;[39m&amp#27;[32m200&amp#27;[39m &amp#27;[90m852 ms - 137&amp#27;[39m &amp#27;[90m&amp#27;[39m
&amp#27;[38;5;93m[c258be5a]&amp#27;[0m&amp#27;[38;5;86m[HTTP]&amp#27;[0m &amp#27;[37m-->&amp#27;[39m &amp#27;[37mPOST&amp#27;[39m &amp#27;[37m/session/c258be5a-7f09-4ce3-86e7-5f77a339e236/element/61010000-0000-0000-7213-000000000000/click&amp#27;[39m &amp#27;[90m{"id":"61010000-0000-0000-7213-000000000000"}&amp#27;[39m
&amp#27;[38;5;93m[c258be5a]&amp#27;[0m&amp#27;[38;5;78m[XCUITestDriver@26e2]&amp#27;[0m Driver proxy active, passing request on via HTTP proxy
&amp#27;[38;5;93m[c258be5a]&amp#27;[0m&amp#27;[38;5;78m[XCUITestDriver@26e2]&amp#27;[0m Executing command 'proxyReqRes'
&amp#27;[38;5;93m[c258be5a]&amp#27;[0m&amp#27;[38;5;78m[XCUITestDriver@26e2]&amp#27;[0m Matched '/session/c258be5a-7f09-4ce3-86e7-5f77a339e236/element/61010000-0000-0000-7213-000000000000/click' to command name 'click'
&amp#27;[38;5;93m[c258be5a]&amp#27;[0m&amp#27;[38;5;78m[XCUITestDriver@26e2]&amp#27;[0m Proxying [POST /session/c258be5a-7f09-4ce3-86e7-5f77a339e236/element/61010000-0000-0000-7213-000000000000/click] to [POST http://127.0.0.1:8100/session/A980F244-8870-476F-852C-A9AA3E99174A/element/61010000-0000-0000-7213-000000000000/click] with body: {"id":"61010000-0000-0000-7213-000000000000"}
&amp#27;[38;5;93m[c258be5a]&amp#27;[0m&amp#27;[38;5;173m[Xcode]&amp#27;[0m     t =    20.40s Requesting snapshot of accessibility hierarchy for app with pid 4978
&amp#27;[38;5;93m[c258be5a]&amp#27;[0m&amp#27;[38;5;173m[Xcode]&amp#27;[0m     t =    20.44s Find: Descendants matching type Button
&amp#27;[38;5;93m[c258be5a]&amp#27;[0m&amp#27;[38;5;173m[Xcode]&amp#27;[0m     t =    20.45s Find: Elements matching predicate 'fb_uid IN {"61010000-0000-0000-7213-000000000000"}'
&amp#27;[38;5;93m[c258be5a]&amp#27;[0m&amp#27;[38;5;173m[Xcode]&amp#27;[0m     t =    20.45s Find: Element at index 0
&amp#27;[38;5;93m[c258be5a]&amp#27;[0m&amp#27;[38;5;173m[Xcode]&amp#27;[0m     t =    20.47s Tap "AddToCart" Button
&amp#27;[38;5;93m[c258be5a]&amp#27;[0m&amp#27;[38;5;173m[Xcode]&amp#27;[0m 2025-01-06 21:12:30.547077+0700 WebDriverAgentRunner-Runner[4963:65553] Waiting up to 10s until com.saucelabs.mydemo.app.ios is in idle state (including animations)
&amp#27;[38;5;93m[c258be5a]&amp#27;[0m&amp#27;[38;5;173m[Xcode]&amp#27;[0m     t =    20.48s     Wait for com.saucelabs.mydemo.app.ios to idle
&amp#27;[38;5;93m[c258be5a]&amp#27;[0m&amp#27;[38;5;173m[Xcode]&amp#27;[0m     t =    20.49s     Find the "AddToCart" Button
&amp#27;[38;5;93m[c258be5a]&amp#27;[0m&amp#27;[38;5;173m[Xcode]&amp#27;[0m     t =    20.50s         Requesting snapshot of accessibility hierarchy for app with pid 4978
&amp#27;[38;5;93m[c258be5a]&amp#27;[0m&amp#27;[38;5;173m[Xcode]&amp#27;[0m     t =    20.53s         Find: Descendants matching type Button
&amp#27;[38;5;93m[c258be5a]&amp#27;[0m&amp#27;[38;5;173m[Xcode]&amp#27;[0m     t =    20.53s         Find: Elements matching predicate 'fb_uid IN {"61010000-0000-0000-7213-000000000000"}'
&amp#27;[38;5;93m[c258be5a]&amp#27;[0m&amp#27;[38;5;173m[Xcode]&amp#27;[0m     t =    20.54s         Find: Element at index 0
&amp#27;[38;5;93m[c258be5a]&amp#27;[0m&amp#27;[38;5;173m[Xcode]&amp#27;[0m     t =    20.54s     Application is configured to skip UI interruption handling
&amp#27;[38;5;93m[c258be5a]&amp#27;[0m&amp#27;[38;5;173m[Xcode]&amp#27;[0m     t =    20.55s     Synthesize event
&amp#27;[38;5;93m[c258be5a]&amp#27;[0m&amp#27;[38;5;173m[Xcode]&amp#27;[0m 2025-01-06 21:12:30.731708+0700 WebDriverAgentRunner-Runner[4963:65553] Waiting up to 10s until com.saucelabs.mydemo.app.ios is in idle state (including animations)
&amp#27;[38;5;93m[c258be5a]&amp#27;[0m&amp#27;[38;5;173m[Xcode]&amp#27;[0m     t =    20.66s     Wait for com.saucelabs.mydemo.app.ios to idle
&amp#27;[38;5;93m[c258be5a]&amp#27;[0m&amp#27;[38;5;78m[XCUITestDriver@26e2]&amp#27;[0m Got response with status 200: {"value":null,"sessionId":"A980F244-8870-476F-852C-A9AA3E99174A"}
&amp#27;[38;5;93m[c258be5a]&amp#27;[0m&amp#27;[38;5;78m[XCUITestDriver@26e2]&amp#27;[0m Replacing sessionId A980F244-8870-476F-852C-A9AA3E99174A with c258be5a-7f09-4ce3-86e7-5f77a339e236
&amp#27;[38;5;93m[c258be5a]&amp#27;[0m&amp#27;[38;5;86m[HTTP]&amp#27;[0m &amp#27;[37m<-- POST /session/c258be5a-7f09-4ce3-86e7-5f77a339e236/element/61010000-0000-0000-7213-000000000000/click &amp#27;[39m&amp#27;[32m200&amp#27;[39m &amp#27;[90m292 ms - 65&amp#27;[39m &amp#27;[90m&amp#27;[39m
&amp#27;[38;5;93m[c258be5a]&amp#27;[0m&amp#27;[38;5;86m[HTTP]&amp#27;[0m &amp#27;[37m-->&amp#27;[39m &amp#27;[37mPOST&amp#27;[39m &amp#27;[37m/session/c258be5a-7f09-4ce3-86e7-5f77a339e236/element&amp#27;[39m &amp#27;[90m{"using":"accessibility id","value":"Cart-tab-item"}&amp#27;[39m
&amp#27;[38;5;93m[c258be5a]&amp#27;[0m&amp#27;[38;5;78m[XCUITestDriver@26e2]&amp#27;[0m Calling AppiumDriver.findElement() with args: ["accessibility id","Cart-tab-item","c258be5a-7f09-4ce3-86e7-5f77a339e236"]
&amp#27;[38;5;93m[c258be5a]&amp#27;[0m&amp#27;[38;5;78m[XCUITestDriver@26e2]&amp#27;[0m Executing command 'findElement'
&amp#27;[38;5;93m[c258be5a]&amp#27;[0m&amp#27;[38;5;78m[XCUITestDriver@26e2]&amp#27;[0m Valid locator strategies for this request: xpath, id, name, class name, -ios predicate string, -ios class chain, accessibility id, css selector
&amp#27;[38;5;93m[c258be5a]&amp#27;[0m&amp#27;[38;5;78m[XCUITestDriver@26e2]&amp#27;[0m Waiting up to 0 ms for condition
&amp#27;[38;5;93m[c258be5a]&amp#27;[0m&amp#27;[38;5;78m[XCUITestDriver@26e2]&amp#27;[0m Matched '/element' to command name 'findElement'
&amp#27;[38;5;93m[c258be5a]&amp#27;[0m&amp#27;[38;5;78m[XCUITestDriver@26e2]&amp#27;[0m Proxying [POST /element] to [POST http://127.0.0.1:8100/session/A980F244-8870-476F-852C-A9AA3E99174A/element] with body: {"using":"accessibility id","value":"Cart-tab-item"}
&amp#27;[38;5;93m[c258be5a]&amp#27;[0m&amp#27;[38;5;173m[Xcode]&amp#27;[0m     t =    20.70s Get all elements bound by accessibility element for: Elements matching predicate 'BLOCKPREDICATE(0x600002b49290)'
&amp#27;[38;5;93m[c258be5a]&amp#27;[0m&amp#27;[38;5;173m[Xcode]&amp#27;[0m     t =    20.71s     Requesting snapshot of accessibility hierarchy for app with pid 4978
&amp#27;[38;5;93m[c258be5a]&amp#27;[0m&amp#27;[38;5;173m[Xcode]&amp#27;[0m     t =    20.78s     Find: Descendants matching type Any
&amp#27;[38;5;93m[c258be5a]&amp#27;[0m&amp#27;[38;5;173m[Xcode]&amp#27;[0m     t =    20.78s     Find: Elements matching predicate 'BLOCKPREDICATE(0x600002b49290)'
&amp#27;[38;5;93m[c258be5a]&amp#27;[0m&amp#27;[38;5;173m[Xcode]&amp#27;[0m     t =    20.80s Requesting snapshot of accessibility hierarchy for app with pid 4978
&amp#27;[38;5;93m[c258be5a]&amp#27;[0m&amp#27;[38;5;173m[Xcode]&amp#27;[0m     t =    20.86s Find: Descendants matching type Any
&amp#27;[38;5;93m[c258be5a]&amp#27;[0m&amp#27;[38;5;173m[Xcode]&amp#27;[0m     t =    20.86s Find: Elements matching predicate 'BLOCKPREDICATE(0x600002b49290)'
&amp#27;[38;5;93m[c258be5a]&amp#27;[0m&amp#27;[38;5;173m[Xcode]&amp#27;[0m     t =    20.87s Find: Identity Binding
&amp#27;[38;5;93m[c258be5a]&amp#27;[0m&amp#27;[38;5;78m[XCUITestDriver@26e2]&amp#27;[0m Got response with status 200: {"value":{"ELEMENT":"67010000-0000-0000-7213-000000000000","element-6066-11e4-a52e-4f735466cecf":"67010000-0000-0000-7213-000000000000"},"sessionId":"A980F244-8870-476F-852C-A9AA3E99174A"}
&amp#27;[38;5;93m[c258be5a]&amp#27;[0m&amp#27;[38;5;78m[XCUITestDriver@26e2]&amp#27;[0m Responding to client with driver.findElement() result: {"element-6066-11e4-a52e-4f735466cecf":"67010000-0000-0000-7213-000000000000","ELEMENT":"67010000-0000-0000-7213-000000000000"}
&amp#27;[38;5;93m[c258be5a]&amp#27;[0m&amp#27;[38;5;86m[HTTP]&amp#27;[0m &amp#27;[37m<-- POST /session/c258be5a-7f09-4ce3-86e7-5f77a339e236/element &amp#27;[39m&amp#27;[32m200&amp#27;[39m &amp#27;[90m178 ms - 137&amp#27;[39m &amp#27;[90m&amp#27;[39m
&amp#27;[38;5;93m[c258be5a]&amp#27;[0m&amp#27;[38;5;86m[HTTP]&amp#27;[0m &amp#27;[37m-->&amp#27;[39m &amp#27;[37mPOST&amp#27;[39m &amp#27;[37m/session/c258be5a-7f09-4ce3-86e7-5f77a339e236/element/67010000-0000-0000-7213-000000000000/click&amp#27;[39m &amp#27;[90m{"id":"67010000-0000-0000-7213-000000000000"}&amp#27;[39m
&amp#27;[38;5;93m[c258be5a]&amp#27;[0m&amp#27;[38;5;78m[XCUITestDriver@26e2]&amp#27;[0m Driver proxy active, passing request on via HTTP proxy
&amp#27;[38;5;93m[c258be5a]&amp#27;[0m&amp#27;[38;5;78m[XCUITestDriver@26e2]&amp#27;[0m Executing command 'proxyReqRes'
&amp#27;[38;5;93m[c258be5a]&amp#27;[0m&amp#27;[38;5;78m[XCUITestDriver@26e2]&amp#27;[0m Matched '/session/c258be5a-7f09-4ce3-86e7-5f77a339e236/element/67010000-0000-0000-7213-000000000000/click' to command name 'click'
&amp#27;[38;5;93m[c258be5a]&amp#27;[0m&amp#27;[38;5;78m[XCUITestDriver@26e2]&amp#27;[0m Proxying [POST /session/c258be5a-7f09-4ce3-86e7-5f77a339e236/element/67010000-0000-0000-7213-000000000000/click] to [POST http://127.0.0.1:8100/session/A980F244-8870-476F-852C-A9AA3E99174A/element/67010000-0000-0000-7213-000000000000/click] with body: {"id":"67010000-0000-0000-7213-000000000000"}
&amp#27;[38;5;93m[c258be5a]&amp#27;[0m&amp#27;[38;5;173m[Xcode]&amp#27;[0m     t =    20.89s Requesting snapshot of accessibility hierarchy for app with pid 4978
&amp#27;[38;5;93m[c258be5a]&amp#27;[0m&amp#27;[38;5;173m[Xcode]&amp#27;[0m     t =    20.95s Find: Descendants matching type Any
&amp#27;[38;5;93m[c258be5a]&amp#27;[0m&amp#27;[38;5;173m[Xcode]&amp#27;[0m     t =    20.96s Find: Elements matching predicate 'BLOCKPREDICATE(0x600002b49290)'
&amp#27;[38;5;93m[c258be5a]&amp#27;[0m&amp#27;[38;5;173m[Xcode]&amp#27;[0m     t =    20.97s Find: Identity Binding
&amp#27;[38;5;93m[c258be5a]&amp#27;[0m&amp#27;[38;5;173m[Xcode]&amp#27;[0m     t =    20.99s Tap "Cart-tab-item" Button
&amp#27;[38;5;93m[c258be5a]&amp#27;[0m&amp#27;[38;5;173m[Xcode]&amp#27;[0m 2025-01-06 21:12:31.062296+0700 WebDriverAgentRunner-Runner[4963:65553] Waiting up to 10s until com.saucelabs.mydemo.app.ios is in idle state (including animations)
&amp#27;[38;5;93m[c258be5a]&amp#27;[0m&amp#27;[38;5;173m[Xcode]&amp#27;[0m     t =    20.99s     Wait for com.saucelabs.mydemo.app.ios to idle
&amp#27;[38;5;93m[c258be5a]&amp#27;[0m&amp#27;[38;5;173m[Xcode]&amp#27;[0m     t =    21.01s     Find the "Cart-tab-item" Button
&amp#27;[38;5;93m[c258be5a]&amp#27;[0m&amp#27;[38;5;173m[Xcode]&amp#27;[0m     t =    21.01s         Requesting snapshot of accessibility hierarchy for app with pid 4978
&amp#27;[38;5;93m[c258be5a]&amp#27;[0m&amp#27;[38;5;173m[Xcode]&amp#27;[0m     t =    21.08s         Find: Descendants matching type Any
&amp#27;[38;5;93m[c258be5a]&amp#27;[0m&amp#27;[38;5;173m[Xcode]&amp#27;[0m     t =    21.08s         Find: Elements matching predicate 'BLOCKPREDICATE(0x600002b49290)'
&amp#27;[38;5;93m[c258be5a]&amp#27;[0m&amp#27;[38;5;173m[Xcode]&amp#27;[0m     t =    21.09s         Find: Identity Binding
&amp#27;[38;5;93m[c258be5a]&amp#27;[0m&amp#27;[38;5;173m[Xcode]&amp#27;[0m     t =    21.09s     Application is configured to skip UI interruption handling
&amp#27;[38;5;93m[c258be5a]&amp#27;[0m&amp#27;[38;5;173m[Xcode]&amp#27;[0m     t =    21.09s     Synthesize event
&amp#27;[38;5;93m[c258be5a]&amp#27;[0m&amp#27;[38;5;173m[Xcode]&amp#27;[0m 2025-01-06 21:12:31.274362+0700 WebDriverAgentRunner-Runner[4963:65553] Waiting up to 10s until com.saucelabs.mydemo.app.ios is in idle state (including animations)
&amp#27;[38;5;93m[c258be5a]&amp#27;[0m&amp#27;[38;5;173m[Xcode]&amp#27;[0m     t =    21.20s     Wait for com.saucelabs.mydemo.app.ios to idle
&amp#27;[38;5;93m[c258be5a]&amp#27;[0m&amp#27;[38;5;78m[XCUITestDriver@26e2]&amp#27;[0m Got response with status 200: {"value":null,"sessionId":"A980F244-8870-476F-852C-A9AA3E99174A"}
&amp#27;[38;5;93m[c258be5a]&amp#27;[0m&amp#27;[38;5;78m[XCUITestDriver@26e2]&amp#27;[0m Replacing sessionId A980F244-8870-476F-852C-A9AA3E99174A with c258be5a-7f09-4ce3-86e7-5f77a339e236
&amp#27;[38;5;93m[c258be5a]&amp#27;[0m&amp#27;[38;5;86m[HTTP]&amp#27;[0m &amp#27;[37m<-- POST /session/c258be5a-7f09-4ce3-86e7-5f77a339e236/element/67010000-0000-0000-7213-000000000000/click &amp#27;[39m&amp#27;[32m200&amp#27;[39m &amp#27;[90m413 ms - 65&amp#27;[39m &amp#27;[90m&amp#27;[39m
&amp#27;[38;5;93m[c258be5a]&amp#27;[0m&amp#27;[38;5;86m[HTTP]&amp#27;[0m &amp#27;[37m-->&amp#27;[39m &amp#27;[37mPOST&amp#27;[39m &amp#27;[37m/session/c258be5a-7f09-4ce3-86e7-5f77a339e236/element&amp#27;[39m &amp#27;[90m{"using":"xpath","value":"//XCUIElementTypeButton[@name=\"ProceedToCheckout\"]"}&amp#27;[39m
&amp#27;[38;5;93m[c258be5a]&amp#27;[0m&amp#27;[38;5;78m[XCUITestDriver@26e2]&amp#27;[0m Calling AppiumDriver.findElement() with args: ["xpath","//XCUIElementTypeButton[@name=\"ProceedToCheckout\"]","c258be5a-7f09-4ce3-86e7-5f77a339e236"]
&amp#27;[38;5;93m[c258be5a]&amp#27;[0m&amp#27;[38;5;78m[XCUITestDriver@26e2]&amp#27;[0m Executing command 'findElement'
&amp#27;[38;5;93m[c258be5a]&amp#27;[0m&amp#27;[38;5;78m[XCUITestDriver@26e2]&amp#27;[0m Valid locator strategies for this request: xpath, id, name, class name, -ios predicate string, -ios class chain, accessibility id, css selector
&amp#27;[38;5;93m[c258be5a]&amp#27;[0m&amp#27;[38;5;78m[XCUITestDriver@26e2]&amp#27;[0m Waiting up to 0 ms for condition
&amp#27;[38;5;93m[c258be5a]&amp#27;[0m&amp#27;[38;5;78m[XCUITestDriver@26e2]&amp#27;[0m Matched '/element' to command name 'findElement'
&amp#27;[38;5;93m[c258be5a]&amp#27;[0m&amp#27;[38;5;78m[XCUITestDriver@26e2]&amp#27;[0m Proxying [POST /element] to [POST http://127.0.0.1:8100/session/A980F244-8870-476F-852C-A9AA3E99174A/element] with body: {"using":"xpath","value":"//XCUIElementTypeButton[@name=\"ProceedToCheckout\"]"}
&amp#27;[38;5;93m[c258be5a]&amp#27;[0m&amp#27;[38;5;173m[Xcode]&amp#27;[0m 2025-01-06 21:12:31.480661+0700 WebDriverAgentRunner-Runner[4963:65553] The following attributes were requested to be included into the XML: {(
&amp#27;[38;5;93m[c258be5a]&amp#27;[0m&amp#27;[38;5;173m[Xcode]&amp#27;[0m     FBNameAttribute
&amp#27;[38;5;93m[c258be5a]&amp#27;[0m&amp#27;[38;5;173m[Xcode]&amp#27;[0m )}
&amp#27;[38;5;93m[c258be5a]&amp#27;[0m&amp#27;[38;5;173m[Xcode]&amp#27;[0m     t =    21.41s Requesting snapshot of accessibility hierarchy for app with pid 4978
&amp#27;[38;5;93m[c258be5a]&amp#27;[0m&amp#27;[38;5;173m[Xcode]&amp#27;[0m     t =    23.15s Get all elements bound by index for: Elements matching predicate 'fb_uid IN {"96010000-0000-0000-7213-000000000000"}'
&amp#27;[38;5;93m[c258be5a]&amp#27;[0m&amp#27;[38;5;173m[Xcode]&amp#27;[0m     t =    23.15s     Requesting snapshot of accessibility hierarchy for app with pid 4978
&amp#27;[38;5;93m[c258be5a]&amp#27;[0m&amp#27;[38;5;173m[Xcode]&amp#27;[0m     t =    23.21s     Find: Descendants matching type Button
&amp#27;[38;5;93m[c258be5a]&amp#27;[0m&amp#27;[38;5;173m[Xcode]&amp#27;[0m     t =    23.21s     Find: Elements matching predicate 'fb_uid IN {"96010000-0000-0000-7213-000000000000"}'
&amp#27;[38;5;93m[c258be5a]&amp#27;[0m&amp#27;[38;5;173m[Xcode]&amp#27;[0m     t =    23.22s Requesting snapshot of accessibility hierarchy for app with pid 4978
&amp#27;[38;5;93m[c258be5a]&amp#27;[0m&amp#27;[38;5;173m[Xcode]&amp#27;[0m     t =    23.27s Find: Descendants matching type Button
&amp#27;[38;5;93m[c258be5a]&amp#27;[0m&amp#27;[38;5;173m[Xcode]&amp#27;[0m     t =    23.28s Find: Elements matching predicate 'fb_uid IN {"96010000-0000-0000-7213-000000000000"}'
&amp#27;[38;5;93m[c258be5a]&amp#27;[0m&amp#27;[38;5;173m[Xcode]&amp#27;[0m     t =    23.28s Find: Element at index 0
&amp#27;[38;5;93m[c258be5a]&amp#27;[0m&amp#27;[38;5;78m[XCUITestDriver@26e2]&amp#27;[0m Got response with status 200: {"value":{"ELEMENT":"96010000-0000-0000-7213-000000000000","element-6066-11e4-a52e-4f735466cecf":"96010000-0000-0000-7213-000000000000"},"sessionId":"A980F244-8870-476F-852C-A9AA3E99174A"}
&amp#27;[38;5;93m[c258be5a]&amp#27;[0m&amp#27;[38;5;78m[XCUITestDriver@26e2]&amp#27;[0m Responding to client with driver.findElement() result: {"element-6066-11e4-a52e-4f735466cecf":"96010000-0000-0000-7213-000000000000","ELEMENT":"96010000-0000-0000-7213-000000000000"}
&amp#27;[38;5;93m[c258be5a]&amp#27;[0m&amp#27;[38;5;86m[HTTP]&amp#27;[0m &amp#27;[37m<-- POST /session/c258be5a-7f09-4ce3-86e7-5f77a339e236/element &amp#27;[39m&amp#27;[32m200&amp#27;[39m &amp#27;[90m2019 ms - 137&amp#27;[39m &amp#27;[90m&amp#27;[39m
&amp#27;[38;5;93m[c258be5a]&amp#27;[0m&amp#27;[38;5;86m[HTTP]&amp#27;[0m &amp#27;[37m-->&amp#27;[39m &amp#27;[37mPOST&amp#27;[39m &amp#27;[37m/session/c258be5a-7f09-4ce3-86e7-5f77a339e236/element/96010000-0000-0000-7213-000000000000/click&amp#27;[39m &amp#27;[90m{"id":"96010000-0000-0000-7213-000000000000"}&amp#27;[39m
&amp#27;[38;5;93m[c258be5a]&amp#27;[0m&amp#27;[38;5;78m[XCUITestDriver@26e2]&amp#27;[0m Driver proxy active, passing request on via HTTP proxy
&amp#27;[38;5;93m[c258be5a]&amp#27;[0m&amp#27;[38;5;78m[XCUITestDriver@26e2]&amp#27;[0m Executing command 'proxyReqRes'
&amp#27;[38;5;93m[c258be5a]&amp#27;[0m&amp#27;[38;5;78m[XCUITestDriver@26e2]&amp#27;[0m Matched '/session/c258be5a-7f09-4ce3-86e7-5f77a339e236/element/96010000-0000-0000-7213-000000000000/click' to command name 'click'
&amp#27;[38;5;93m[c258be5a]&amp#27;[0m&amp#27;[38;5;78m[XCUITestDriver@26e2]&amp#27;[0m Proxying [POST /session/c258be5a-7f09-4ce3-86e7-5f77a339e236/element/96010000-0000-0000-7213-000000000000/click] to [POST http://127.0.0.1:8100/session/A980F244-8870-476F-852C-A9AA3E99174A/element/96010000-0000-0000-7213-000000000000/click] with body: {"id":"96010000-0000-0000-7213-000000000000"}
&amp#27;[38;5;93m[c258be5a]&amp#27;[0m&amp#27;[38;5;173m[Xcode]&amp#27;[0m     t =    23.36s Requesting snapshot of accessibility hierarchy for app with pid 4978
&amp#27;[38;5;93m[c258be5a]&amp#27;[0m&amp#27;[38;5;173m[Xcode]&amp#27;[0m     t =    23.40s Find: Descendants matching type Button
&amp#27;[38;5;93m[c258be5a]&amp#27;[0m&amp#27;[38;5;173m[Xcode]&amp#27;[0m     t =    23.40s Find: Elements matching predicate 'fb_uid IN {"96010000-0000-0000-7213-000000000000"}'
&amp#27;[38;5;93m[c258be5a]&amp#27;[0m&amp#27;[38;5;173m[Xcode]&amp#27;[0m     t =    23.40s Find: Element at index 0
&amp#27;[38;5;93m[c258be5a]&amp#27;[0m&amp#27;[38;5;173m[Xcode]&amp#27;[0m     t =    23.43s Tap "ProceedToCheckout" Button
&amp#27;[38;5;93m[c258be5a]&amp#27;[0m&amp#27;[38;5;173m[Xcode]&amp#27;[0m 2025-01-06 21:12:33.497698+0700 WebDriverAgentRunner-Runner[4963:65553] Waiting up to 10s until com.saucelabs.mydemo.app.ios is in idle state (including animations)
&amp#27;[38;5;93m[c258be5a]&amp#27;[0m&amp#27;[38;5;173m[Xcode]&amp#27;[0m     t =    23.43s     Wait for com.saucelabs.mydemo.app.ios to idle
&amp#27;[38;5;93m[c258be5a]&amp#27;[0m&amp#27;[38;5;173m[Xcode]&amp#27;[0m     t =    23.45s     Find the "ProceedToCheckout" Button
&amp#27;[38;5;93m[c258be5a]&amp#27;[0m&amp#27;[38;5;173m[Xcode]&amp#27;[0m     t =    23.46s         Requesting snapshot of accessibility hierarchy for app with pid 4978
&amp#27;[38;5;93m[c258be5a]&amp#27;[0m&amp#27;[38;5;173m[Xcode]&amp#27;[0m     t =    23.50s         Find: Descendants matching type Button
&amp#27;[38;5;93m[c258be5a]&amp#27;[0m&amp#27;[38;5;173m[Xcode]&amp#27;[0m     t =    23.50s         Find: Elements matching predicate 'fb_uid IN {"96010000-0000-0000-7213-000000000000"}'
&amp#27;[38;5;93m[c258be5a]&amp#27;[0m&amp#27;[38;5;173m[Xcode]&amp#27;[0m     t =    23.51s         Find: Element at index 0
&amp#27;[38;5;93m[c258be5a]&amp#27;[0m&amp#27;[38;5;173m[Xcode]&amp#27;[0m     t =    23.51s     Application is configured to skip UI interruption handling
&amp#27;[38;5;93m[c258be5a]&amp#27;[0m&amp#27;[38;5;173m[Xcode]&amp#27;[0m     t =    23.52s     Synthesize event
&amp#27;[38;5;93m[c258be5a]&amp#27;[0m&amp#27;[38;5;173m[Xcode]&amp#27;[0m 2025-01-06 21:12:33.733110+0700 WebDriverAgentRunner-Runner[4963:65553] Waiting up to 10s until com.saucelabs.mydemo.app.ios is in idle state (including animations)
&amp#27;[38;5;93m[c258be5a]&amp#27;[0m&amp#27;[38;5;173m[Xcode]&amp#27;[0m     t =    23.66s     Wait for com.saucelabs.mydemo.app.ios to idle
&amp#27;[38;5;93m[c258be5a]&amp#27;[0m&amp#27;[38;5;78m[XCUITestDriver@26e2]&amp#27;[0m Got response with status 200: {"value":null,"sessionId":"A980F244-8870-476F-852C-A9AA3E99174A"}
&amp#27;[38;5;93m[c258be5a]&amp#27;[0m&amp#27;[38;5;78m[XCUITestDriver@26e2]&amp#27;[0m Replacing sessionId A980F244-8870-476F-852C-A9AA3E99174A with c258be5a-7f09-4ce3-86e7-5f77a339e236
&amp#27;[38;5;93m[c258be5a]&amp#27;[0m&amp#27;[38;5;86m[HTTP]&amp#27;[0m &amp#27;[37m<-- POST /session/c258be5a-7f09-4ce3-86e7-5f77a339e236/element/96010000-0000-0000-7213-000000000000/click &amp#27;[39m&amp#27;[32m200&amp#27;[39m &amp#27;[90m435 ms - 65&amp#27;[39m &amp#27;[90m&amp#27;[39m
&amp#27;[38;5;93m[c258be5a]&amp#27;[0m&amp#27;[38;5;86m[HTTP]&amp#27;[0m &amp#27;[37m-->&amp#27;[39m &amp#27;[37mPOST&amp#27;[39m &amp#27;[37m/session/c258be5a-7f09-4ce3-86e7-5f77a339e236/element&amp#27;[39m &amp#27;[90m{"using":"xpath","value":"//XCUIElementTypeTextField[@value=\"Rebecca Winter\"]"}&amp#27;[39m
&amp#27;[38;5;93m[c258be5a]&amp#27;[0m&amp#27;[38;5;78m[XCUITestDriver@26e2]&amp#27;[0m Calling AppiumDriver.findElement() with args: ["xpath","//XCUIElementTypeTextField[@value=\"Rebecca Winter\"]","c258be5a-7f09-4ce3-86e7-5f77a339e236"]
&amp#27;[38;5;93m[c258be5a]&amp#27;[0m&amp#27;[38;5;78m[XCUITestDriver@26e2]&amp#27;[0m Executing command 'findElement'
&amp#27;[38;5;93m[c258be5a]&amp#27;[0m&amp#27;[38;5;78m[XCUITestDriver@26e2]&amp#27;[0m Valid locator strategies for this request: xpath, id, name, class name, -ios predicate string, -ios class chain, accessibility id, css selector
&amp#27;[38;5;93m[c258be5a]&amp#27;[0m&amp#27;[38;5;78m[XCUITestDriver@26e2]&amp#27;[0m Waiting up to 0 ms for condition
&amp#27;[38;5;93m[c258be5a]&amp#27;[0m&amp#27;[38;5;78m[XCUITestDriver@26e2]&amp#27;[0m Matched '/element' to command name 'findElement'
&amp#27;[38;5;93m[c258be5a]&amp#27;[0m&amp#27;[38;5;78m[XCUITestDriver@26e2]&amp#27;[0m Proxying [POST /element] to [POST http://127.0.0.1:8100/session/A980F244-8870-476F-852C-A9AA3E99174A/element] with body: {"using":"xpath","value":"//XCUIElementTypeTextField[@value=\"Rebecca Winter\"]"}
&amp#27;[38;5;93m[c258be5a]&amp#27;[0m&amp#27;[38;5;173m[Xcode]&amp#27;[0m 2025-01-06 21:12:33.986089+0700 WebDriverAgentRunner-Runner[4963:65553] The following attributes were requested to be included into the XML: {(
&amp#27;[38;5;93m[c258be5a]&amp#27;[0m&amp#27;[38;5;173m[Xcode]&amp#27;[0m     FBValueAttribute
&amp#27;[38;5;93m[c258be5a]&amp#27;[0m&amp#27;[38;5;173m[Xcode]&amp#27;[0m )}
&amp#27;[38;5;93m[c258be5a]&amp#27;[0m&amp#27;[38;5;173m[Xcode]&amp#27;[0m     t =    23.92s Requesting snapshot of accessibility hierarchy for app with pid 4978
&amp#27;[38;5;93m[c258be5a]&amp#27;[0m&amp#27;[38;5;173m[Xcode]&amp#27;[0m     t =    25.64s Get all elements bound by index for: Elements matching predicate 'fb_uid IN {"F1010000-0000-0000-7213-000000000000"}'
&amp#27;[38;5;93m[c258be5a]&amp#27;[0m&amp#27;[38;5;173m[Xcode]&amp#27;[0m     t =    25.65s     Requesting snapshot of accessibility hierarchy for app with pid 4978
&amp#27;[38;5;93m[c258be5a]&amp#27;[0m&amp#27;[38;5;173m[Xcode]&amp#27;[0m     t =    25.70s     Find: Descendants matching type TextField
&amp#27;[38;5;93m[c258be5a]&amp#27;[0m&amp#27;[38;5;173m[Xcode]&amp#27;[0m     t =    25.70s     Find: Elements matching predicate 'fb_uid IN {"F1010000-0000-0000-7213-000000000000"}'
&amp#27;[38;5;93m[c258be5a]&amp#27;[0m&amp#27;[38;5;173m[Xcode]&amp#27;[0m     t =    25.71s Requesting snapshot of accessibility hierarchy for app with pid 4978
&amp#27;[38;5;93m[c258be5a]&amp#27;[0m&amp#27;[38;5;173m[Xcode]&amp#27;[0m     t =    25.75s Find: Descendants matching type TextField
&amp#27;[38;5;93m[c258be5a]&amp#27;[0m&amp#27;[38;5;173m[Xcode]&amp#27;[0m     t =    25.76s Find: Elements matching predicate 'fb_uid IN {"F1010000-0000-0000-7213-000000000000"}'
&amp#27;[38;5;93m[c258be5a]&amp#27;[0m&amp#27;[38;5;173m[Xcode]&amp#27;[0m     t =    25.76s Find: Element at index 0
&amp#27;[38;5;93m[c258be5a]&amp#27;[0m&amp#27;[38;5;78m[XCUITestDriver@26e2]&amp#27;[0m Got response with status 200: {"value":{"ELEMENT":"F1010000-0000-0000-7213-000000000000","element-6066-11e4-a52e-4f735466cecf":"F1010000-0000-0000-7213-000000000000"},"sessionId":"A980F244-8870-476F-852C-A9AA3E99174A"}
&amp#27;[38;5;93m[c258be5a]&amp#27;[0m&amp#27;[38;5;78m[XCUITestDriver@26e2]&amp#27;[0m Responding to client with driver.findElement() result: {"element-6066-11e4-a52e-4f735466cecf":"F1010000-0000-0000-7213-000000000000","ELEMENT":"F1010000-0000-0000-7213-000000000000"}
&amp#27;[38;5;93m[c258be5a]&amp#27;[0m&amp#27;[38;5;86m[HTTP]&amp#27;[0m &amp#27;[37m<-- POST /session/c258be5a-7f09-4ce3-86e7-5f77a339e236/element &amp#27;[39m&amp#27;[32m200&amp#27;[39m &amp#27;[90m1932 ms - 137&amp#27;[39m &amp#27;[90m&amp#27;[39m
&amp#27;[38;5;93m[c258be5a]&amp#27;[0m&amp#27;[38;5;86m[HTTP]&amp#27;[0m &amp#27;[37m-->&amp#27;[39m &amp#27;[37mPOST&amp#27;[39m &amp#27;[37m/session/c258be5a-7f09-4ce3-86e7-5f77a339e236/element/F1010000-0000-0000-7213-000000000000/value&amp#27;[39m &amp#27;[90m{"id":"F1010000-0000-0000-7213-000000000000","text":"test01","value":["t","e","s","t","0","1"]}&amp#27;[39m
&amp#27;[38;5;93m[c258be5a]&amp#27;[0m&amp#27;[38;5;78m[XCUITestDriver@26e2]&amp#27;[0m Calling AppiumDriver.setValue() with args: [["t","e","s","t","0","1"],"F1010000-0000-0000-7213-000000000000","c258be5a-7f09-4ce3-86e7-5f77a339e236"]
&amp#27;[38;5;93m[c258be5a]&amp#27;[0m&amp#27;[38;5;78m[XCUITestDriver@26e2]&amp#27;[0m Executing command 'setValue'
&amp#27;[38;5;93m[c258be5a]&amp#27;[0m&amp#27;[38;5;78m[XCUITestDriver@26e2]&amp#27;[0m Matched '/element/F1010000-0000-0000-7213-000000000000/value' to command name 'setValue'
&amp#27;[38;5;93m[c258be5a]&amp#27;[0m&amp#27;[38;5;78m[XCUITestDriver@26e2]&amp#27;[0m Added 'text' property "test01" to 'setValue' request body
&amp#27;[38;5;93m[c258be5a]&amp#27;[0m&amp#27;[38;5;78m[XCUITestDriver@26e2]&amp#27;[0m Proxying [POST /element/F1010000-0000-0000-7213-000000000000/value] to [POST http://127.0.0.1:8100/session/A980F244-8870-476F-852C-A9AA3E99174A/element/F1010000-0000-0000-7213-000000000000/value] with body: {"value":["t","e","s","t","0","1"],"text":"test01"}
&amp#27;[38;5;93m[c258be5a]&amp#27;[0m&amp#27;[38;5;173m[Xcode]&amp#27;[0m     t =    25.83s Requesting snapshot of accessibility hierarchy for app with pid 4978
&amp#27;[38;5;93m[c258be5a]&amp#27;[0m&amp#27;[38;5;173m[Xcode]&amp#27;[0m     t =    25.87s Find: Descendants matching type TextField
&amp#27;[38;5;93m[c258be5a]&amp#27;[0m&amp#27;[38;5;173m[Xcode]&amp#27;[0m     t =    25.87s Find: Elements matching predicate 'fb_uid IN {"F1010000-0000-0000-7213-000000000000"}'
&amp#27;[38;5;93m[c258be5a]&amp#27;[0m&amp#27;[38;5;173m[Xcode]&amp#27;[0m     t =    25.87s Find: Element at index 0
&amp#27;[38;5;93m[c258be5a]&amp#27;[0m&amp#27;[38;5;173m[Xcode]&amp#27;[0m 2025-01-06 21:12:35.952734+0700 WebDriverAgentRunner-Runner[4963:65553] Neither the "XCUIElementTypeTextField" element itself nor its accessible descendants have the keyboard input focus
&amp#27;[38;5;93m[c258be5a]&amp#27;[0m&amp#27;[38;5;173m[Xcode]&amp#27;[0m 2025-01-06 21:12:35.954782+0700 WebDriverAgentRunner-Runner[4963:65553] Trying to tap the "XCUIElementTypeTextField" element to have it focused
&amp#27;[38;5;93m[c258be5a]&amp#27;[0m&amp#27;[38;5;173m[Xcode]&amp#27;[0m     t =    25.89s Tap "Rebecca Winter" TextField
&amp#27;[38;5;93m[c258be5a]&amp#27;[0m&amp#27;[38;5;173m[Xcode]&amp#27;[0m 2025-01-06 21:12:35.963468+0700 WebDriverAgentRunner-Runner[4963:65553] Waiting up to 10s until com.saucelabs.mydemo.app.ios is in idle state (including animations)
&amp#27;[38;5;93m[c258be5a]&amp#27;[0m&amp#27;[38;5;173m[Xcode]&amp#27;[0m     t =    25.89s     Wait for com.saucelabs.mydemo.app.ios to idle
&amp#27;[38;5;93m[c258be5a]&amp#27;[0m&amp#27;[38;5;173m[Xcode]&amp#27;[0m     t =    25.91s     Find the "Rebecca Winter" TextField
&amp#27;[38;5;93m[c258be5a]&amp#27;[0m&amp#27;[38;5;173m[Xcode]&amp#27;[0m     t =    25.91s         Requesting snapshot of accessibility hierarchy for app with pid 4978
&amp#27;[38;5;93m[c258be5a]&amp#27;[0m&amp#27;[38;5;173m[Xcode]&amp#27;[0m     t =    25.96s         Find: Descendants matching type TextField
&amp#27;[38;5;93m[c258be5a]&amp#27;[0m&amp#27;[38;5;173m[Xcode]&amp#27;[0m     t =    25.96s         Find: Elements matching predicate 'fb_uid IN {"F1010000-0000-0000-7213-000000000000"}'
&amp#27;[38;5;93m[c258be5a]&amp#27;[0m&amp#27;[38;5;173m[Xcode]&amp#27;[0m     t =    25.96s         Find: Element at index 0
&amp#27;[38;5;93m[c258be5a]&amp#27;[0m&amp#27;[38;5;173m[Xcode]&amp#27;[0m     t =    25.97s     Application is configured to skip UI interruption handling
&amp#27;[38;5;93m[c258be5a]&amp#27;[0m&amp#27;[38;5;173m[Xcode]&amp#27;[0m     t =    25.97s     Synthesize event
&amp#27;[38;5;93m[c258be5a]&amp#27;[0m&amp#27;[38;5;173m[Xcode]&amp#27;[0m 2025-01-06 21:12:36.156428+0700 WebDriverAgentRunner-Runner[4963:65553] Waiting up to 10s until com.saucelabs.mydemo.app.ios is in idle state (including animations)
&amp#27;[38;5;93m[c258be5a]&amp#27;[0m&amp#27;[38;5;173m[Xcode]&amp#27;[0m     t =    26.09s     Wait for com.saucelabs.mydemo.app.ios to idle
&amp#27;[38;5;93m[c258be5a]&amp#27;[0m&amp#27;[38;5;173m[Xcode]&amp#27;[0m     t =    26.66s Requesting snapshot of accessibility hierarchy for app with pid 4978
&amp#27;[38;5;93m[c258be5a]&amp#27;[0m&amp#27;[38;5;173m[Xcode]&amp#27;[0m     t =    27.09s Find: Descendants matching type TextField
&amp#27;[38;5;93m[c258be5a]&amp#27;[0m&amp#27;[38;5;173m[Xcode]&amp#27;[0m     t =    27.10s Find: Elements matching predicate 'fb_uid IN {"F1010000-0000-0000-7213-000000000000"}'
&amp#27;[38;5;93m[c258be5a]&amp#27;[0m&amp#27;[38;5;173m[Xcode]&amp#27;[0m     t =    27.11s Find: Element at index 0
&amp#27;[38;5;93m[c258be5a]&amp#27;[0m&amp#27;[38;5;78m[XCUITestDriver@26e2]&amp#27;[0m Got response with status 200: {"value":null,"sessionId":"A980F244-8870-476F-852C-A9AA3E99174A"}
&amp#27;[38;5;93m[c258be5a]&amp#27;[0m&amp#27;[38;5;78m[XCUITestDriver@26e2]&amp#27;[0m Responding to client with driver.setValue() result: null
&amp#27;[38;5;93m[c258be5a]&amp#27;[0m&amp#27;[38;5;86m[HTTP]&amp#27;[0m &amp#27;[37m<-- POST /session/c258be5a-7f09-4ce3-86e7-5f77a339e236/element/F1010000-0000-0000-7213-000000000000/value &amp#27;[39m&amp#27;[32m200&amp#27;[39m &amp#27;[90m1528 ms - 14&amp#27;[39m &amp#27;[90m&amp#27;[39m
&amp#27;[38;5;93m[c258be5a]&amp#27;[0m&amp#27;[38;5;86m[HTTP]&amp#27;[0m &amp#27;[37m-->&amp#27;[39m &amp#27;[37mPOST&amp#27;[39m &amp#27;[37m/session/c258be5a-7f09-4ce3-86e7-5f77a339e236/execute/sync&amp#27;[39m &amp#27;[90m{"script":"mobile:swipe","args":[{"direction":"up"}]}&amp#27;[39m
&amp#27;[38;5;93m[c258be5a]&amp#27;[0m&amp#27;[38;5;78m[XCUITestDriver@26e2]&amp#27;[0m Calling AppiumDriver.execute() with args: ["mobile:swipe",[{"direction":"up"}],"c258be5a-7f09-4ce3-86e7-5f77a339e236"]
&amp#27;[38;5;93m[c258be5a]&amp#27;[0m&amp#27;[38;5;78m[XCUITestDriver@26e2]&amp#27;[0m Executing command 'execute'
&amp#27;[38;5;93m[c258be5a]&amp#27;[0m&amp#27;[38;5;78m[XCUITestDriver@26e2]&amp#27;[0m Proxying to WDA with an unknown route: POST /wda/swipe
&amp#27;[38;5;93m[c258be5a]&amp#27;[0m&amp#27;[38;5;78m[XCUITestDriver@26e2]&amp#27;[0m Proxying [POST /wda/swipe] to [POST http://127.0.0.1:8100/session/A980F244-8870-476F-852C-A9AA3E99174A/wda/swipe] with body: {"direction":"up"}
&amp#27;[38;5;93m[c258be5a]&amp#27;[0m&amp#27;[38;5;173m[Xcode]&amp#27;[0m     t =    27.43s Swipe up Application 'com.saucelabs.mydemo.app.ios'
&amp#27;[38;5;93m[c258be5a]&amp#27;[0m&amp#27;[38;5;173m[Xcode]&amp#27;[0m 2025-01-06 21:12:37.505837+0700 WebDriverAgentRunner-Runner[4963:65553] Waiting up to 10s until com.saucelabs.mydemo.app.ios is in idle state (including animations)
&amp#27;[38;5;93m[c258be5a]&amp#27;[0m&amp#27;[38;5;173m[Xcode]&amp#27;[0m     t =    27.44s     Wait for com.saucelabs.mydemo.app.ios to idle
&amp#27;[38;5;93m[c258be5a]&amp#27;[0m&amp#27;[38;5;173m[Xcode]&amp#27;[0m     t =    27.45s     Find the Application 'com.saucelabs.mydemo.app.ios'
&amp#27;[38;5;93m[c258be5a]&amp#27;[0m&amp#27;[38;5;173m[Xcode]&amp#27;[0m     t =    27.45s         Requesting snapshot of accessibility hierarchy for app with pid 4978
&amp#27;[38;5;93m[c258be5a]&amp#27;[0m&amp#27;[38;5;173m[Xcode]&amp#27;[0m     t =    27.54s     Application is configured to skip UI interruption handling
&amp#27;[38;5;93m[c258be5a]&amp#27;[0m&amp#27;[38;5;173m[Xcode]&amp#27;[0m     t =    27.55s     Synthesize event
&amp#27;[38;5;93m[c258be5a]&amp#27;[0m&amp#27;[38;5;173m[Xcode]&amp#27;[0m 2025-01-06 21:12:37.853608+0700 WebDriverAgentRunner-Runner[4963:65553] Waiting up to 10s until com.saucelabs.mydemo.app.ios is in idle state (including animations)
&amp#27;[38;5;93m[c258be5a]&amp#27;[0m&amp#27;[38;5;173m[Xcode]&amp#27;[0m     t =    27.78s     Wait for com.saucelabs.mydemo.app.ios to idle
&amp#27;[38;5;93m[c258be5a]&amp#27;[0m&amp#27;[38;5;78m[XCUITestDriver@26e2]&amp#27;[0m Got response with status 200: {"value":null,"sessionId":"A980F244-8870-476F-852C-A9AA3E99174A"}
&amp#27;[38;5;93m[c258be5a]&amp#27;[0m&amp#27;[38;5;78m[XCUITestDriver@26e2]&amp#27;[0m Responding to client with driver.execute() result: null
&amp#27;[38;5;93m[c258be5a]&amp#27;[0m&amp#27;[38;5;86m[HTTP]&amp#27;[0m &amp#27;[37m<-- POST /session/c258be5a-7f09-4ce3-86e7-5f77a339e236/execute/sync &amp#27;[39m&amp#27;[32m200&amp#27;[39m &amp#27;[90m1084 ms - 14&amp#27;[39m &amp#27;[90m&amp#27;[39m
&amp#27;[38;5;93m[c258be5a]&amp#27;[0m&amp#27;[38;5;86m[HTTP]&amp#27;[0m &amp#27;[37m-->&amp#27;[39m &amp#27;[37mPOST&amp#27;[39m &amp#27;[37m/session/c258be5a-7f09-4ce3-86e7-5f77a339e236/element&amp#27;[39m &amp#27;[90m{"using":"xpath","value":"//XCUIElementTypeTextField[@value=\"Truro\"]"}&amp#27;[39m
&amp#27;[38;5;93m[c258be5a]&amp#27;[0m&amp#27;[38;5;78m[XCUITestDriver@26e2]&amp#27;[0m Calling AppiumDriver.findElement() with args: ["xpath","//XCUIElementTypeTextField[@value=\"Truro\"]","c258be5a-7f09-4ce3-86e7-5f77a339e236"]
&amp#27;[38;5;93m[c258be5a]&amp#27;[0m&amp#27;[38;5;78m[XCUITestDriver@26e2]&amp#27;[0m Executing command 'findElement'
&amp#27;[38;5;93m[c258be5a]&amp#27;[0m&amp#27;[38;5;78m[XCUITestDriver@26e2]&amp#27;[0m Valid locator strategies for this request: xpath, id, name, class name, -ios predicate string, -ios class chain, accessibility id, css selector
&amp#27;[38;5;93m[c258be5a]&amp#27;[0m&amp#27;[38;5;78m[XCUITestDriver@26e2]&amp#27;[0m Waiting up to 0 ms for condition
&amp#27;[38;5;93m[c258be5a]&amp#27;[0m&amp#27;[38;5;78m[XCUITestDriver@26e2]&amp#27;[0m Matched '/element' to command name 'findElement'
&amp#27;[38;5;93m[c258be5a]&amp#27;[0m&amp#27;[38;5;78m[XCUITestDriver@26e2]&amp#27;[0m Proxying [POST /element] to [POST http://127.0.0.1:8100/session/A980F244-8870-476F-852C-A9AA3E99174A/element] with body: {"using":"xpath","value":"//XCUIElementTypeTextField[@value=\"Truro\"]"}
&amp#27;[38;5;93m[c258be5a]&amp#27;[0m&amp#27;[38;5;173m[Xcode]&amp#27;[0m 2025-01-06 21:12:38.594350+0700 WebDriverAgentRunner-Runner[4963:65553] The following attributes were requested to be included into the XML: {(
&amp#27;[38;5;93m[c258be5a]&amp#27;[0m&amp#27;[38;5;173m[Xcode]&amp#27;[0m     FBValueAttribute
&amp#27;[38;5;93m[c258be5a]&amp#27;[0m&amp#27;[38;5;173m[Xcode]&amp#27;[0m )}
&amp#27;[38;5;93m[c258be5a]&amp#27;[0m&amp#27;[38;5;173m[Xcode]&amp#27;[0m     t =    28.53s Requesting snapshot of accessibility hierarchy for app with pid 4978
&amp#27;[38;5;93m[c258be5a]&amp#27;[0m&amp#27;[38;5;173m[Xcode]&amp#27;[0m     t =    29.93s Get all elements bound by index for: Elements matching predicate 'fb_uid IN {"08020000-0000-0000-7213-000000000000"}'
&amp#27;[38;5;93m[c258be5a]&amp#27;[0m&amp#27;[38;5;173m[Xcode]&amp#27;[0m     t =    29.94s     Requesting snapshot of accessibility hierarchy for app with pid 4978
&amp#27;[38;5;93m[c258be5a]&amp#27;[0m&amp#27;[38;5;173m[Xcode]&amp#27;[0m     t =    30.02s     Find: Descendants matching type TextField
&amp#27;[38;5;93m[c258be5a]&amp#27;[0m&amp#27;[38;5;173m[Xcode]&amp#27;[0m     t =    30.02s     Find: Elements matching predicate 'fb_uid IN {"08020000-0000-0000-7213-000000000000"}'
&amp#27;[38;5;93m[c258be5a]&amp#27;[0m&amp#27;[38;5;173m[Xcode]&amp#27;[0m     t =    30.03s Requesting snapshot of accessibility hierarchy for app with pid 4978
&amp#27;[38;5;93m[c258be5a]&amp#27;[0m&amp#27;[38;5;173m[Xcode]&amp#27;[0m     t =    30.13s Find: Descendants matching type TextField
&amp#27;[38;5;93m[c258be5a]&amp#27;[0m&amp#27;[38;5;173m[Xcode]&amp#27;[0m     t =    30.13s Find: Elements matching predicate 'fb_uid IN {"08020000-0000-0000-7213-000000000000"}'
&amp#27;[38;5;93m[c258be5a]&amp#27;[0m&amp#27;[38;5;173m[Xcode]&amp#27;[0m     t =    30.13s Find: Element at index 0
&amp#27;[38;5;93m[c258be5a]&amp#27;[0m&amp#27;[38;5;78m[XCUITestDriver@26e2]&amp#27;[0m Got response with status 200: {"value":{"ELEMENT":"08020000-0000-0000-7213-000000000000","element-6066-11e4-a52e-4f735466cecf":"08020000-0000-0000-7213-000000000000"},"sessionId":"A980F244-8870-476F-852C-A9AA3E99174A"}
&amp#27;[38;5;93m[c258be5a]&amp#27;[0m&amp#27;[38;5;78m[XCUITestDriver@26e2]&amp#27;[0m Responding to client with driver.findElement() result: {"element-6066-11e4-a52e-4f735466cecf":"08020000-0000-0000-7213-000000000000","ELEMENT":"08020000-0000-0000-7213-000000000000"}
&amp#27;[38;5;93m[c258be5a]&amp#27;[0m&amp#27;[38;5;86m[HTTP]&amp#27;[0m &amp#27;[37m<-- POST /session/c258be5a-7f09-4ce3-86e7-5f77a339e236/element &amp#27;[39m&amp#27;[32m200&amp#27;[39m &amp#27;[90m1730 ms - 137&amp#27;[39m &amp#27;[90m&amp#27;[39m
&amp#27;[38;5;93m[c258be5a]&amp#27;[0m&amp#27;[38;5;86m[HTTP]&amp#27;[0m &amp#27;[37m-->&amp#27;[39m &amp#27;[37mPOST&amp#27;[39m &amp#27;[37m/session/c258be5a-7f09-4ce3-86e7-5f77a339e236/element/08020000-0000-0000-7213-000000000000/value&amp#27;[39m &amp#27;[90m{"id":"08020000-0000-0000-7213-000000000000","text":"city","value":["c","i","t","y"]}&amp#27;[39m
&amp#27;[38;5;93m[c258be5a]&amp#27;[0m&amp#27;[38;5;78m[XCUITestDriver@26e2]&amp#27;[0m Calling AppiumDriver.setValue() with args: [["c","i","t","y"],"08020000-0000-0000-7213-000000000000","c258be5a-7f09-4ce3-86e7-5f77a339e236"]
&amp#27;[38;5;93m[c258be5a]&amp#27;[0m&amp#27;[38;5;78m[XCUITestDriver@26e2]&amp#27;[0m Executing command 'setValue'
&amp#27;[38;5;93m[c258be5a]&amp#27;[0m&amp#27;[38;5;78m[XCUITestDriver@26e2]&amp#27;[0m Matched '/element/08020000-0000-0000-7213-000000000000/value' to command name 'setValue'
&amp#27;[38;5;93m[c258be5a]&amp#27;[0m&amp#27;[38;5;78m[XCUITestDriver@26e2]&amp#27;[0m Added 'text' property "city" to 'setValue' request body
&amp#27;[38;5;93m[c258be5a]&amp#27;[0m&amp#27;[38;5;78m[XCUITestDriver@26e2]&amp#27;[0m Proxying [POST /element/08020000-0000-0000-7213-000000000000/value] to [POST http://127.0.0.1:8100/session/A980F244-8870-476F-852C-A9AA3E99174A/element/08020000-0000-0000-7213-000000000000/value] with body: {"value":["c","i","t","y"],"text":"city"}
&amp#27;[38;5;93m[c258be5a]&amp#27;[0m&amp#27;[38;5;173m[Xcode]&amp#27;[0m     t =    30.19s Requesting snapshot of accessibility hierarchy for app with pid 4978
&amp#27;[38;5;93m[c258be5a]&amp#27;[0m&amp#27;[38;5;173m[Xcode]&amp#27;[0m     t =    30.25s Find: Descendants matching type TextField
&amp#27;[38;5;93m[c258be5a]&amp#27;[0m&amp#27;[38;5;173m[Xcode]&amp#27;[0m     t =    30.26s Find: Elements matching predicate 'fb_uid IN {"08020000-0000-0000-7213-000000000000"}'
&amp#27;[38;5;93m[c258be5a]&amp#27;[0m&amp#27;[38;5;173m[Xcode]&amp#27;[0m     t =    30.26s Find: Element at index 0
&amp#27;[38;5;93m[c258be5a]&amp#27;[0m&amp#27;[38;5;173m[Xcode]&amp#27;[0m 2025-01-06 21:12:40.340163+0700 WebDriverAgentRunner-Runner[4963:65553] Neither the "XCUIElementTypeTextField" element itself nor its accessible descendants have the keyboard input focus
&amp#27;[38;5;93m[c258be5a]&amp#27;[0m&amp#27;[38;5;173m[Xcode]&amp#27;[0m 2025-01-06 21:12:40.341131+0700 WebDriverAgentRunner-Runner[4963:65553] Trying to tap the "XCUIElementTypeTextField" element to have it focused
&amp#27;[38;5;93m[c258be5a]&amp#27;[0m&amp#27;[38;5;173m[Xcode]&amp#27;[0m     t =    30.28s Tap "Truro" TextField
&amp#27;[38;5;93m[c258be5a]&amp#27;[0m&amp#27;[38;5;173m[Xcode]&amp#27;[0m 2025-01-06 21:12:40.350606+0700 WebDriverAgentRunner-Runner[4963:65553] Waiting up to 10s until com.saucelabs.mydemo.app.ios is in idle state (including animations)
&amp#27;[38;5;93m[c258be5a]&amp#27;[0m&amp#27;[38;5;173m[Xcode]&amp#27;[0m     t =    30.28s     Wait for com.saucelabs.mydemo.app.ios to idle
&amp#27;[38;5;93m[c258be5a]&amp#27;[0m&amp#27;[38;5;173m[Xcode]&amp#27;[0m     t =    30.29s     Find the "Truro" TextField
&amp#27;[38;5;93m[c258be5a]&amp#27;[0m&amp#27;[38;5;173m[Xcode]&amp#27;[0m     t =    30.30s         Requesting snapshot of accessibility hierarchy for app with pid 4978
&amp#27;[38;5;93m[c258be5a]&amp#27;[0m&amp#27;[38;5;173m[Xcode]&amp#27;[0m     t =    30.36s         Find: Descendants matching type TextField
&amp#27;[38;5;93m[c258be5a]&amp#27;[0m&amp#27;[38;5;173m[Xcode]&amp#27;[0m     t =    30.37s         Find: Elements matching predicate 'fb_uid IN {"08020000-0000-0000-7213-000000000000"}'
&amp#27;[38;5;93m[c258be5a]&amp#27;[0m&amp#27;[38;5;173m[Xcode]&amp#27;[0m     t =    30.37s         Find: Element at index 0
&amp#27;[38;5;93m[c258be5a]&amp#27;[0m&amp#27;[38;5;173m[Xcode]&amp#27;[0m     t =    30.37s     Application is configured to skip UI interruption handling
&amp#27;[38;5;93m[c258be5a]&amp#27;[0m&amp#27;[38;5;173m[Xcode]&amp#27;[0m     t =    30.38s     Synthesize event
&amp#27;[38;5;93m[c258be5a]&amp#27;[0m&amp#27;[38;5;173m[Xcode]&amp#27;[0m 2025-01-06 21:12:40.573917+0700 WebDriverAgentRunner-Runner[4963:65553] Waiting up to 10s until com.saucelabs.mydemo.app.ios is in idle state (including animations)
&amp#27;[38;5;93m[c258be5a]&amp#27;[0m&amp#27;[38;5;173m[Xcode]&amp#27;[0m     t =    30.50s     Wait for com.saucelabs.mydemo.app.ios to idle
&amp#27;[38;5;93m[c258be5a]&amp#27;[0m&amp#27;[38;5;173m[Xcode]&amp#27;[0m     t =    30.65s Requesting snapshot of accessibility hierarchy for app with pid 4978
&amp#27;[38;5;93m[c258be5a]&amp#27;[0m&amp#27;[38;5;173m[Xcode]&amp#27;[0m     t =    30.73s Find: Descendants matching type TextField
&amp#27;[38;5;93m[c258be5a]&amp#27;[0m&amp#27;[38;5;173m[Xcode]&amp#27;[0m     t =    30.74s Find: Elements matching predicate 'fb_uid IN {"08020000-0000-0000-7213-000000000000"}'
&amp#27;[38;5;93m[c258be5a]&amp#27;[0m&amp#27;[38;5;173m[Xcode]&amp#27;[0m     t =    30.74s Find: Element at index 0
&amp#27;[38;5;93m[c258be5a]&amp#27;[0m&amp#27;[38;5;78m[XCUITestDriver@26e2]&amp#27;[0m Got response with status 200: {"value":null,"sessionId":"A980F244-8870-476F-852C-A9AA3E99174A"}
&amp#27;[38;5;93m[c258be5a]&amp#27;[0m&amp#27;[38;5;78m[XCUITestDriver@26e2]&amp#27;[0m Responding to client with driver.setValue() result: null
&amp#27;[38;5;93m[c258be5a]&amp#27;[0m&amp#27;[38;5;86m[HTTP]&amp#27;[0m &amp#27;[37m<-- POST /session/c258be5a-7f09-4ce3-86e7-5f77a339e236/element/08020000-0000-0000-7213-000000000000/value &amp#27;[39m&amp#27;[32m200&amp#27;[39m &amp#27;[90m675 ms - 14&amp#27;[39m &amp#27;[90m&amp#27;[39m
&amp#27;[38;5;93m[c258be5a]&amp#27;[0m&amp#27;[38;5;86m[HTTP]&amp#27;[0m &amp#27;[37m-->&amp#27;[39m &amp#27;[37mPOST&amp#27;[39m &amp#27;[37m/session/c258be5a-7f09-4ce3-86e7-5f77a339e236/element&amp#27;[39m &amp#27;[90m{"using":"xpath","value":"//XCUIElementTypeTextField[@value=\"Cornwall\"]"}&amp#27;[39m
&amp#27;[38;5;93m[c258be5a]&amp#27;[0m&amp#27;[38;5;78m[XCUITestDriver@26e2]&amp#27;[0m Calling AppiumDriver.findElement() with args: ["xpath","//XCUIElementTypeTextField[@value=\"Cornwall\"]","c258be5a-7f09-4ce3-86e7-5f77a339e236"]
&amp#27;[38;5;93m[c258be5a]&amp#27;[0m&amp#27;[38;5;78m[XCUITestDriver@26e2]&amp#27;[0m Executing command 'findElement'
&amp#27;[38;5;93m[c258be5a]&amp#27;[0m&amp#27;[38;5;78m[XCUITestDriver@26e2]&amp#27;[0m Valid locator strategies for this request: xpath, id, name, class name, -ios predicate string, -ios class chain, accessibility id, css selector
&amp#27;[38;5;93m[c258be5a]&amp#27;[0m&amp#27;[38;5;78m[XCUITestDriver@26e2]&amp#27;[0m Waiting up to 0 ms for condition
&amp#27;[38;5;93m[c258be5a]&amp#27;[0m&amp#27;[38;5;78m[XCUITestDriver@26e2]&amp#27;[0m Matched '/element' to command name 'findElement'
&amp#27;[38;5;93m[c258be5a]&amp#27;[0m&amp#27;[38;5;78m[XCUITestDriver@26e2]&amp#27;[0m Proxying [POST /element] to [POST http://127.0.0.1:8100/session/A980F244-8870-476F-852C-A9AA3E99174A/element] with body: {"using":"xpath","value":"//XCUIElementTypeTextField[@value=\"Cornwall\"]"}
&amp#27;[38;5;93m[c258be5a]&amp#27;[0m&amp#27;[38;5;173m[Xcode]&amp#27;[0m 2025-01-06 21:12:40.942628+0700 WebDriverAgentRunner-Runner[4963:65553] The following attributes were requested to be included into the XML: {(
&amp#27;[38;5;93m[c258be5a]&amp#27;[0m&amp#27;[38;5;173m[Xcode]&amp#27;[0m     FBValueAttribute
&amp#27;[38;5;93m[c258be5a]&amp#27;[0m&amp#27;[38;5;173m[Xcode]&amp#27;[0m )}
&amp#27;[38;5;93m[c258be5a]&amp#27;[0m&amp#27;[38;5;173m[Xcode]&amp#27;[0m     t =    30.88s Requesting snapshot of accessibility hierarchy for app with pid 4978
&amp#27;[38;5;93m[c258be5a]&amp#27;[0m&amp#27;[38;5;173m[Xcode]&amp#27;[0m     t =    31.95s Get all elements bound by index for: Elements matching predicate 'fb_uid IN {"0A020000-0000-0000-7213-000000000000"}'
&amp#27;[38;5;93m[c258be5a]&amp#27;[0m&amp#27;[38;5;173m[Xcode]&amp#27;[0m     t =    31.95s     Requesting snapshot of accessibility hierarchy for app with pid 4978
&amp#27;[38;5;93m[c258be5a]&amp#27;[0m&amp#27;[38;5;173m[Xcode]&amp#27;[0m     t =    32.03s     Find: Descendants matching type TextField
&amp#27;[38;5;93m[c258be5a]&amp#27;[0m&amp#27;[38;5;173m[Xcode]&amp#27;[0m     t =    32.03s     Find: Elements matching predicate 'fb_uid IN {"0A020000-0000-0000-7213-000000000000"}'
&amp#27;[38;5;93m[c258be5a]&amp#27;[0m&amp#27;[38;5;173m[Xcode]&amp#27;[0m     t =    32.04s Requesting snapshot of accessibility hierarchy for app with pid 4978
&amp#27;[38;5;93m[c258be5a]&amp#27;[0m&amp#27;[38;5;173m[Xcode]&amp#27;[0m     t =    32.11s Find: Descendants matching type TextField
&amp#27;[38;5;93m[c258be5a]&amp#27;[0m&amp#27;[38;5;173m[Xcode]&amp#27;[0m     t =    32.11s Find: Elements matching predicate 'fb_uid IN {"0A020000-0000-0000-7213-000000000000"}'
&amp#27;[38;5;93m[c258be5a]&amp#27;[0m&amp#27;[38;5;173m[Xcode]&amp#27;[0m     t =    32.11s Find: Element at index 0
&amp#27;[38;5;93m[c258be5a]&amp#27;[0m&amp#27;[38;5;78m[XCUITestDriver@26e2]&amp#27;[0m Got response with status 200: {"value":{"ELEMENT":"0A020000-0000-0000-7213-000000000000","element-6066-11e4-a52e-4f735466cecf":"0A020000-0000-0000-7213-000000000000"},"sessionId":"A980F244-8870-476F-852C-A9AA3E99174A"}
&amp#27;[38;5;93m[c258be5a]&amp#27;[0m&amp#27;[38;5;78m[XCUITestDriver@26e2]&amp#27;[0m Responding to client with driver.findElement() result: {"element-6066-11e4-a52e-4f735466cecf":"0A020000-0000-0000-7213-000000000000","ELEMENT":"0A020000-0000-0000-7213-000000000000"}
&amp#27;[38;5;93m[c258be5a]&amp#27;[0m&amp#27;[38;5;86m[HTTP]&amp#27;[0m &amp#27;[37m<-- POST /session/c258be5a-7f09-4ce3-86e7-5f77a339e236/element &amp#27;[39m&amp#27;[32m200&amp#27;[39m &amp#27;[90m1281 ms - 137&amp#27;[39m &amp#27;[90m&amp#27;[39m
&amp#27;[38;5;93m[c258be5a]&amp#27;[0m&amp#27;[38;5;86m[HTTP]&amp#27;[0m &amp#27;[37m-->&amp#27;[39m &amp#27;[37mPOST&amp#27;[39m &amp#27;[37m/session/c258be5a-7f09-4ce3-86e7-5f77a339e236/element/0A020000-0000-0000-7213-000000000000/value&amp#27;[39m &amp#27;[90m{"id":"0A020000-0000-0000-7213-000000000000","text":"State","value":["S","t","a","t","e"]}&amp#27;[39m
&amp#27;[38;5;93m[c258be5a]&amp#27;[0m&amp#27;[38;5;78m[XCUITestDriver@26e2]&amp#27;[0m Calling AppiumDriver.setValue() with args: [["S","t","a","t","e"],"0A020000-0000-0000-7213-000000000000","c258be5a-7f09-4ce3-86e7-5f77a339e236"]
&amp#27;[38;5;93m[c258be5a]&amp#27;[0m&amp#27;[38;5;78m[XCUITestDriver@26e2]&amp#27;[0m Executing command 'setValue'
&amp#27;[38;5;93m[c258be5a]&amp#27;[0m&amp#27;[38;5;78m[XCUITestDriver@26e2]&amp#27;[0m Matched '/element/0A020000-0000-0000-7213-000000000000/value' to command name 'setValue'
&amp#27;[38;5;93m[c258be5a]&amp#27;[0m&amp#27;[38;5;78m[XCUITestDriver@26e2]&amp#27;[0m Added 'text' property "State" to 'setValue' request body
&amp#27;[38;5;93m[c258be5a]&amp#27;[0m&amp#27;[38;5;78m[XCUITestDriver@26e2]&amp#27;[0m Proxying [POST /element/0A020000-0000-0000-7213-000000000000/value] to [POST http://127.0.0.1:8100/session/A980F244-8870-476F-852C-A9AA3E99174A/element/0A020000-0000-0000-7213-000000000000/value] with body: {"value":["S","t","a","t","e"],"text":"State"}
&amp#27;[38;5;93m[c258be5a]&amp#27;[0m&amp#27;[38;5;173m[Xcode]&amp#27;[0m     t =    32.16s Requesting snapshot of accessibility hierarchy for app with pid 4978
&amp#27;[38;5;93m[c258be5a]&amp#27;[0m&amp#27;[38;5;173m[Xcode]&amp#27;[0m     t =    32.23s Find: Descendants matching type TextField
&amp#27;[38;5;93m[c258be5a]&amp#27;[0m&amp#27;[38;5;173m[Xcode]&amp#27;[0m     t =    32.23s Find: Elements matching predicate 'fb_uid IN {"0A020000-0000-0000-7213-000000000000"}'
&amp#27;[38;5;93m[c258be5a]&amp#27;[0m&amp#27;[38;5;173m[Xcode]&amp#27;[0m     t =    32.23s Find: Element at index 0
&amp#27;[38;5;93m[c258be5a]&amp#27;[0m&amp#27;[38;5;173m[Xcode]&amp#27;[0m 2025-01-06 21:12:42.311800+0700 WebDriverAgentRunner-Runner[4963:65553] Neither the "XCUIElementTypeTextField" element itself nor its accessible descendants have the keyboard input focus
&amp#27;[38;5;93m[c258be5a]&amp#27;[0m&amp#27;[38;5;173m[Xcode]&amp#27;[0m 2025-01-06 21:12:42.313215+0700 WebDriverAgentRunner-Runner[4963:65553] Trying to tap the "XCUIElementTypeTextField" element to have it focused
&amp#27;[38;5;93m[c258be5a]&amp#27;[0m&amp#27;[38;5;173m[Xcode]&amp#27;[0m     t =    32.25s Tap "Cornwall" TextField
&amp#27;[38;5;93m[c258be5a]&amp#27;[0m&amp#27;[38;5;173m[Xcode]&amp#27;[0m 2025-01-06 21:12:42.320690+0700 WebDriverAgentRunner-Runner[4963:65553] Waiting up to 10s until com.saucelabs.mydemo.app.ios is in idle state (including animations)
&amp#27;[38;5;93m[c258be5a]&amp#27;[0m&amp#27;[38;5;173m[Xcode]&amp#27;[0m     t =    32.25s     Wait for com.saucelabs.mydemo.app.ios to idle
&amp#27;[38;5;93m[c258be5a]&amp#27;[0m&amp#27;[38;5;173m[Xcode]&amp#27;[0m     t =    32.27s     Find the "Cornwall" TextField
&amp#27;[38;5;93m[c258be5a]&amp#27;[0m&amp#27;[38;5;173m[Xcode]&amp#27;[0m     t =    32.27s         Requesting snapshot of accessibility hierarchy for app with pid 4978
&amp#27;[38;5;93m[c258be5a]&amp#27;[0m&amp#27;[38;5;173m[Xcode]&amp#27;[0m     t =    32.33s         Find: Descendants matching type TextField
&amp#27;[38;5;93m[c258be5a]&amp#27;[0m&amp#27;[38;5;173m[Xcode]&amp#27;[0m     t =    32.33s         Find: Elements matching predicate 'fb_uid IN {"0A020000-0000-0000-7213-000000000000"}'
&amp#27;[38;5;93m[c258be5a]&amp#27;[0m&amp#27;[38;5;173m[Xcode]&amp#27;[0m     t =    32.33s         Find: Element at index 0
&amp#27;[38;5;93m[c258be5a]&amp#27;[0m&amp#27;[38;5;173m[Xcode]&amp#27;[0m     t =    32.34s     Application is configured to skip UI interruption handling
&amp#27;[38;5;93m[c258be5a]&amp#27;[0m&amp#27;[38;5;173m[Xcode]&amp#27;[0m     t =    32.34s     Synthesize event
&amp#27;[38;5;93m[c258be5a]&amp#27;[0m&amp#27;[38;5;173m[Xcode]&amp#27;[0m 2025-01-06 21:12:42.539754+0700 WebDriverAgentRunner-Runner[4963:65553] Waiting up to 10s until com.saucelabs.mydemo.app.ios is in idle state (including animations)
&amp#27;[38;5;93m[c258be5a]&amp#27;[0m&amp#27;[38;5;173m[Xcode]&amp#27;[0m     t =    32.47s     Wait for com.saucelabs.mydemo.app.ios to idle
&amp#27;[38;5;93m[c258be5a]&amp#27;[0m&amp#27;[38;5;173m[Xcode]&amp#27;[0m     t =    32.62s Requesting snapshot of accessibility hierarchy for app with pid 4978
&amp#27;[38;5;93m[c258be5a]&amp#27;[0m&amp#27;[38;5;173m[Xcode]&amp#27;[0m     t =    32.68s Find: Descendants matching type TextField
&amp#27;[38;5;93m[c258be5a]&amp#27;[0m&amp#27;[38;5;173m[Xcode]&amp#27;[0m     t =    32.69s Find: Elements matching predicate 'fb_uid IN {"0A020000-0000-0000-7213-000000000000"}'
&amp#27;[38;5;93m[c258be5a]&amp#27;[0m&amp#27;[38;5;173m[Xcode]&amp#27;[0m     t =    32.69s Find: Element at index 0
&amp#27;[38;5;93m[c258be5a]&amp#27;[0m&amp#27;[38;5;78m[XCUITestDriver@26e2]&amp#27;[0m Got response with status 200: {"value":null,"sessionId":"A980F244-8870-476F-852C-A9AA3E99174A"}
&amp#27;[38;5;93m[c258be5a]&amp#27;[0m&amp#27;[38;5;78m[XCUITestDriver@26e2]&amp#27;[0m Responding to client with driver.setValue() result: null
&amp#27;[38;5;93m[c258be5a]&amp#27;[0m&amp#27;[38;5;86m[HTTP]&amp#27;[0m &amp#27;[37m<-- POST /session/c258be5a-7f09-4ce3-86e7-5f77a339e236/element/0A020000-0000-0000-7213-000000000000/value &amp#27;[39m&amp#27;[32m200&amp#27;[39m &amp#27;[90m693 ms - 14&amp#27;[39m &amp#27;[90m&amp#27;[39m
&amp#27;[38;5;93m[c258be5a]&amp#27;[0m&amp#27;[38;5;86m[HTTP]&amp#27;[0m &amp#27;[37m-->&amp#27;[39m &amp#27;[37mPOST&amp#27;[39m &amp#27;[37m/session/c258be5a-7f09-4ce3-86e7-5f77a339e236/element&amp#27;[39m &amp#27;[90m{"using":"xpath","value":"//XCUIElementTypeTextField[@value=\"89750\"]"}&amp#27;[39m
&amp#27;[38;5;93m[c258be5a]&amp#27;[0m&amp#27;[38;5;78m[XCUITestDriver@26e2]&amp#27;[0m Calling AppiumDriver.findElement() with args: ["xpath","//XCUIElementTypeTextField[@value=\"89750\"]","c258be5a-7f09-4ce3-86e7-5f77a339e236"]
&amp#27;[38;5;93m[c258be5a]&amp#27;[0m&amp#27;[38;5;78m[XCUITestDriver@26e2]&amp#27;[0m Executing command 'findElement'
&amp#27;[38;5;93m[c258be5a]&amp#27;[0m&amp#27;[38;5;78m[XCUITestDriver@26e2]&amp#27;[0m Valid locator strategies for this request: xpath, id, name, class name, -ios predicate string, -ios class chain, accessibility id, css selector
&amp#27;[38;5;93m[c258be5a]&amp#27;[0m&amp#27;[38;5;78m[XCUITestDriver@26e2]&amp#27;[0m Waiting up to 0 ms for condition
&amp#27;[38;5;93m[c258be5a]&amp#27;[0m&amp#27;[38;5;78m[XCUITestDriver@26e2]&amp#27;[0m Matched '/element' to command name 'findElement'
&amp#27;[38;5;93m[c258be5a]&amp#27;[0m&amp#27;[38;5;78m[XCUITestDriver@26e2]&amp#27;[0m Proxying [POST /element] to [POST http://127.0.0.1:8100/session/A980F244-8870-476F-852C-A9AA3E99174A/element] with body: {"using":"xpath","value":"//XCUIElementTypeTextField[@value=\"89750\"]"}
&amp#27;[38;5;93m[c258be5a]&amp#27;[0m&amp#27;[38;5;173m[Xcode]&amp#27;[0m 2025-01-06 21:12:42.929666+0700 WebDriverAgentRunner-Runner[4963:65553] The following attributes were requested to be included into the XML: {(
&amp#27;[38;5;93m[c258be5a]&amp#27;[0m&amp#27;[38;5;173m[Xcode]&amp#27;[0m     FBValueAttribute
&amp#27;[38;5;93m[c258be5a]&amp#27;[0m&amp#27;[38;5;173m[Xcode]&amp#27;[0m )}
&amp#27;[38;5;93m[c258be5a]&amp#27;[0m&amp#27;[38;5;173m[Xcode]&amp#27;[0m     t =    32.86s Requesting snapshot of accessibility hierarchy for app with pid 4978
&amp#27;[38;5;93m[c258be5a]&amp#27;[0m&amp#27;[38;5;173m[Xcode]&amp#27;[0m     t =    34.00s Get all elements bound by index for: Elements matching predicate 'fb_uid IN {"09020000-0000-0000-7213-000000000000"}'
&amp#27;[38;5;93m[c258be5a]&amp#27;[0m&amp#27;[38;5;173m[Xcode]&amp#27;[0m     t =    34.01s     Requesting snapshot of accessibility hierarchy for app with pid 4978
&amp#27;[38;5;93m[c258be5a]&amp#27;[0m&amp#27;[38;5;173m[Xcode]&amp#27;[0m     t =    34.10s     Find: Descendants matching type TextField
&amp#27;[38;5;93m[c258be5a]&amp#27;[0m&amp#27;[38;5;173m[Xcode]&amp#27;[0m     t =    34.10s     Find: Elements matching predicate 'fb_uid IN {"09020000-0000-0000-7213-000000000000"}'
&amp#27;[38;5;93m[c258be5a]&amp#27;[0m&amp#27;[38;5;173m[Xcode]&amp#27;[0m     t =    34.11s Requesting snapshot of accessibility hierarchy for app with pid 4978
&amp#27;[38;5;93m[c258be5a]&amp#27;[0m&amp#27;[38;5;173m[Xcode]&amp#27;[0m     t =    34.17s Find: Descendants matching type TextField
&amp#27;[38;5;93m[c258be5a]&amp#27;[0m&amp#27;[38;5;173m[Xcode]&amp#27;[0m     t =    34.18s Find: Elements matching predicate 'fb_uid IN {"09020000-0000-0000-7213-000000000000"}'
&amp#27;[38;5;93m[c258be5a]&amp#27;[0m&amp#27;[38;5;173m[Xcode]&amp#27;[0m     t =    34.18s Find: Element at index 0
&amp#27;[38;5;93m[c258be5a]&amp#27;[0m&amp#27;[38;5;78m[XCUITestDriver@26e2]&amp#27;[0m Got response with status 200: {"value":{"ELEMENT":"09020000-0000-0000-7213-000000000000","element-6066-11e4-a52e-4f735466cecf":"09020000-0000-0000-7213-000000000000"},"sessionId":"A980F244-8870-476F-852C-A9AA3E99174A"}
&amp#27;[38;5;93m[c258be5a]&amp#27;[0m&amp#27;[38;5;78m[XCUITestDriver@26e2]&amp#27;[0m Responding to client with driver.findElement() result: {"element-6066-11e4-a52e-4f735466cecf":"09020000-0000-0000-7213-000000000000","ELEMENT":"09020000-0000-0000-7213-000000000000"}
&amp#27;[38;5;93m[c258be5a]&amp#27;[0m&amp#27;[38;5;86m[HTTP]&amp#27;[0m &amp#27;[37m<-- POST /session/c258be5a-7f09-4ce3-86e7-5f77a339e236/element &amp#27;[39m&amp#27;[32m200&amp#27;[39m &amp#27;[90m1369 ms - 137&amp#27;[39m &amp#27;[90m&amp#27;[39m
&amp#27;[38;5;93m[c258be5a]&amp#27;[0m&amp#27;[38;5;86m[HTTP]&amp#27;[0m &amp#27;[37m-->&amp#27;[39m &amp#27;[37mPOST&amp#27;[39m &amp#27;[37m/session/c258be5a-7f09-4ce3-86e7-5f77a339e236/element/09020000-0000-0000-7213-000000000000/value&amp#27;[39m &amp#27;[90m{"id":"09020000-0000-0000-7213-000000000000","text":"123","value":["1","2","3"]}&amp#27;[39m
&amp#27;[38;5;93m[c258be5a]&amp#27;[0m&amp#27;[38;5;78m[XCUITestDriver@26e2]&amp#27;[0m Calling AppiumDriver.setValue() with args: [["1","2","3"],"09020000-0000-0000-7213-000000000000","c258be5a-7f09-4ce3-86e7-5f77a339e236"]
&amp#27;[38;5;93m[c258be5a]&amp#27;[0m&amp#27;[38;5;78m[XCUITestDriver@26e2]&amp#27;[0m Executing command 'setValue'
&amp#27;[38;5;93m[c258be5a]&amp#27;[0m&amp#27;[38;5;78m[XCUITestDriver@26e2]&amp#27;[0m Matched '/element/09020000-0000-0000-7213-000000000000/value' to command name 'setValue'
&amp#27;[38;5;93m[c258be5a]&amp#27;[0m&amp#27;[38;5;78m[XCUITestDriver@26e2]&amp#27;[0m Added 'text' property "123" to 'setValue' request body
&amp#27;[38;5;93m[c258be5a]&amp#27;[0m&amp#27;[38;5;78m[XCUITestDriver@26e2]&amp#27;[0m Proxying [POST /element/09020000-0000-0000-7213-000000000000/value] to [POST http://127.0.0.1:8100/session/A980F244-8870-476F-852C-A9AA3E99174A/element/09020000-0000-0000-7213-000000000000/value] with body: {"value":["1","2","3"],"text":"123"}
&amp#27;[38;5;93m[c258be5a]&amp#27;[0m&amp#27;[38;5;173m[Xcode]&amp#27;[0m     t =    34.23s Requesting snapshot of accessibility hierarchy for app with pid 4978
&amp#27;[38;5;93m[c258be5a]&amp#27;[0m&amp#27;[38;5;173m[Xcode]&amp#27;[0m     t =    34.29s Find: Descendants matching type TextField
&amp#27;[38;5;93m[c258be5a]&amp#27;[0m&amp#27;[38;5;173m[Xcode]&amp#27;[0m     t =    34.29s Find: Elements matching predicate 'fb_uid IN {"09020000-0000-0000-7213-000000000000"}'
&amp#27;[38;5;93m[c258be5a]&amp#27;[0m&amp#27;[38;5;173m[Xcode]&amp#27;[0m     t =    34.29s Find: Element at index 0
&amp#27;[38;5;93m[c258be5a]&amp#27;[0m&amp#27;[38;5;173m[Xcode]&amp#27;[0m 2025-01-06 21:12:44.371195+0700 WebDriverAgentRunner-Runner[4963:65553] Neither the "XCUIElementTypeTextField" element itself nor its accessible descendants have the keyboard input focus
&amp#27;[38;5;93m[c258be5a]&amp#27;[0m&amp#27;[38;5;173m[Xcode]&amp#27;[0m 2025-01-06 21:12:44.371613+0700 WebDriverAgentRunner-Runner[4963:65553] Trying to tap the "XCUIElementTypeTextField" element to have it focused
&amp#27;[38;5;93m[c258be5a]&amp#27;[0m&amp#27;[38;5;173m[Xcode]&amp#27;[0m     t =    34.31s Tap "89750" TextField
&amp#27;[38;5;93m[c258be5a]&amp#27;[0m&amp#27;[38;5;173m[Xcode]&amp#27;[0m 2025-01-06 21:12:44.378751+0700 WebDriverAgentRunner-Runner[4963:65553] Waiting up to 10s until com.saucelabs.mydemo.app.ios is in idle state (including animations)
&amp#27;[38;5;93m[c258be5a]&amp#27;[0m&amp#27;[38;5;173m[Xcode]&amp#27;[0m     t =    34.31s     Wait for com.saucelabs.mydemo.app.ios to idle
&amp#27;[38;5;93m[c258be5a]&amp#27;[0m&amp#27;[38;5;173m[Xcode]&amp#27;[0m     t =    34.32s     Find the "89750" TextField
&amp#27;[38;5;93m[c258be5a]&amp#27;[0m&amp#27;[38;5;173m[Xcode]&amp#27;[0m     t =    34.32s         Requesting snapshot of accessibility hierarchy for app with pid 4978
&amp#27;[38;5;93m[c258be5a]&amp#27;[0m&amp#27;[38;5;173m[Xcode]&amp#27;[0m     t =    34.39s         Find: Descendants matching type TextField
&amp#27;[38;5;93m[c258be5a]&amp#27;[0m&amp#27;[38;5;173m[Xcode]&amp#27;[0m     t =    34.40s         Find: Elements matching predicate 'fb_uid IN {"09020000-0000-0000-7213-000000000000"}'
&amp#27;[38;5;93m[c258be5a]&amp#27;[0m&amp#27;[38;5;173m[Xcode]&amp#27;[0m     t =    34.40s         Find: Element at index 0
&amp#27;[38;5;93m[c258be5a]&amp#27;[0m&amp#27;[38;5;173m[Xcode]&amp#27;[0m     t =    34.41s     Application is configured to skip UI interruption handling
&amp#27;[38;5;93m[c258be5a]&amp#27;[0m&amp#27;[38;5;173m[Xcode]&amp#27;[0m     t =    34.41s     Synthesize event
&amp#27;[38;5;93m[c258be5a]&amp#27;[0m&amp#27;[38;5;173m[Xcode]&amp#27;[0m 2025-01-06 21:12:44.600151+0700 WebDriverAgentRunner-Runner[4963:65553] Waiting up to 10s until com.saucelabs.mydemo.app.ios is in idle state (including animations)
&amp#27;[38;5;93m[c258be5a]&amp#27;[0m&amp#27;[38;5;173m[Xcode]&amp#27;[0m     t =    34.53s     Wait for com.saucelabs.mydemo.app.ios to idle
&amp#27;[38;5;93m[c258be5a]&amp#27;[0m&amp#27;[38;5;173m[Xcode]&amp#27;[0m     t =    34.68s Requesting snapshot of accessibility hierarchy for app with pid 4978
&amp#27;[38;5;93m[c258be5a]&amp#27;[0m&amp#27;[38;5;173m[Xcode]&amp#27;[0m     t =    34.79s Find: Descendants matching type TextField
&amp#27;[38;5;93m[c258be5a]&amp#27;[0m&amp#27;[38;5;173m[Xcode]&amp#27;[0m     t =    34.79s Find: Elements matching predicate 'fb_uid IN {"09020000-0000-0000-7213-000000000000"}'
&amp#27;[38;5;93m[c258be5a]&amp#27;[0m&amp#27;[38;5;173m[Xcode]&amp#27;[0m     t =    34.80s Find: Element at index 0
&amp#27;[38;5;93m[c258be5a]&amp#27;[0m&amp#27;[38;5;78m[XCUITestDriver@26e2]&amp#27;[0m Got response with status 200: {"value":null,"sessionId":"A980F244-8870-476F-852C-A9AA3E99174A"}
&amp#27;[38;5;93m[c258be5a]&amp#27;[0m&amp#27;[38;5;78m[XCUITestDriver@26e2]&amp#27;[0m Responding to client with driver.setValue() result: null
&amp#27;[38;5;93m[c258be5a]&amp#27;[0m&amp#27;[38;5;86m[HTTP]&amp#27;[0m &amp#27;[37m<-- POST /session/c258be5a-7f09-4ce3-86e7-5f77a339e236/element/09020000-0000-0000-7213-000000000000/value &amp#27;[39m&amp#27;[32m200&amp#27;[39m &amp#27;[90m686 ms - 14&amp#27;[39m &amp#27;[90m&amp#27;[39m
&amp#27;[38;5;93m[c258be5a]&amp#27;[0m&amp#27;[38;5;86m[HTTP]&amp#27;[0m &amp#27;[37m-->&amp#27;[39m &amp#27;[37mPOST&amp#27;[39m &amp#27;[37m/session/c258be5a-7f09-4ce3-86e7-5f77a339e236/element&amp#27;[39m &amp#27;[90m{"using":"xpath","value":"//XCUIElementTypeTextField[@value=\"United Kingdom\"]"}&amp#27;[39m
&amp#27;[38;5;93m[c258be5a]&amp#27;[0m&amp#27;[38;5;78m[XCUITestDriver@26e2]&amp#27;[0m Calling AppiumDriver.findElement() with args: ["xpath","//XCUIElementTypeTextField[@value=\"United Kingdom\"]","c258be5a-7f09-4ce3-86e7-5f77a339e236"]
&amp#27;[38;5;93m[c258be5a]&amp#27;[0m&amp#27;[38;5;78m[XCUITestDriver@26e2]&amp#27;[0m Executing command 'findElement'
&amp#27;[38;5;93m[c258be5a]&amp#27;[0m&amp#27;[38;5;78m[XCUITestDriver@26e2]&amp#27;[0m Valid locator strategies for this request: xpath, id, name, class name, -ios predicate string, -ios class chain, accessibility id, css selector
&amp#27;[38;5;93m[c258be5a]&amp#27;[0m&amp#27;[38;5;78m[XCUITestDriver@26e2]&amp#27;[0m Waiting up to 0 ms for condition
&amp#27;[38;5;93m[c258be5a]&amp#27;[0m&amp#27;[38;5;78m[XCUITestDriver@26e2]&amp#27;[0m Matched '/element' to command name 'findElement'
&amp#27;[38;5;93m[c258be5a]&amp#27;[0m&amp#27;[38;5;78m[XCUITestDriver@26e2]&amp#27;[0m Proxying [POST /element] to [POST http://127.0.0.1:8100/session/A980F244-8870-476F-852C-A9AA3E99174A/element] with body: {"using":"xpath","value":"//XCUIElementTypeTextField[@value=\"United Kingdom\"]"}
&amp#27;[38;5;93m[c258be5a]&amp#27;[0m&amp#27;[38;5;173m[Xcode]&amp#27;[0m 2025-01-06 21:12:44.994814+0700 WebDriverAgentRunner-Runner[4963:65553] The following attributes were requested to be included into the XML: {(
&amp#27;[38;5;93m[c258be5a]&amp#27;[0m&amp#27;[38;5;173m[Xcode]&amp#27;[0m     FBValueAttribute
&amp#27;[38;5;93m[c258be5a]&amp#27;[0m&amp#27;[38;5;173m[Xcode]&amp#27;[0m )}
&amp#27;[38;5;93m[c258be5a]&amp#27;[0m&amp#27;[38;5;173m[Xcode]&amp#27;[0m     t =    34.93s Requesting snapshot of accessibility hierarchy for app with pid 4978
&amp#27;[38;5;93m[c258be5a]&amp#27;[0m&amp#27;[38;5;173m[Xcode]&amp#27;[0m     t =    36.01s Get all elements bound by index for: Elements matching predicate 'fb_uid IN {"0B020000-0000-0000-7213-000000000000"}'
&amp#27;[38;5;93m[c258be5a]&amp#27;[0m&amp#27;[38;5;173m[Xcode]&amp#27;[0m     t =    36.02s     Requesting snapshot of accessibility hierarchy for app with pid 4978
&amp#27;[38;5;93m[c258be5a]&amp#27;[0m&amp#27;[38;5;173m[Xcode]&amp#27;[0m     t =    36.07s     Find: Descendants matching type TextField
&amp#27;[38;5;93m[c258be5a]&amp#27;[0m&amp#27;[38;5;173m[Xcode]&amp#27;[0m     t =    36.08s     Find: Elements matching predicate 'fb_uid IN {"0B020000-0000-0000-7213-000000000000"}'
&amp#27;[38;5;93m[c258be5a]&amp#27;[0m&amp#27;[38;5;173m[Xcode]&amp#27;[0m     t =    36.08s Requesting snapshot of accessibility hierarchy for app with pid 4978
&amp#27;[38;5;93m[c258be5a]&amp#27;[0m&amp#27;[38;5;173m[Xcode]&amp#27;[0m     t =    36.13s Find: Descendants matching type TextField
&amp#27;[38;5;93m[c258be5a]&amp#27;[0m&amp#27;[38;5;173m[Xcode]&amp#27;[0m     t =    36.14s Find: Elements matching predicate 'fb_uid IN {"0B020000-0000-0000-7213-000000000000"}'
&amp#27;[38;5;93m[c258be5a]&amp#27;[0m&amp#27;[38;5;173m[Xcode]&amp#27;[0m     t =    36.14s Find: Element at index 0
&amp#27;[38;5;93m[c258be5a]&amp#27;[0m&amp#27;[38;5;78m[XCUITestDriver@26e2]&amp#27;[0m Got response with status 200: {"value":{"ELEMENT":"0B020000-0000-0000-7213-000000000000","element-6066-11e4-a52e-4f735466cecf":"0B020000-0000-0000-7213-000000000000"},"sessionId":"A980F244-8870-476F-852C-A9AA3E99174A"}
&amp#27;[38;5;93m[c258be5a]&amp#27;[0m&amp#27;[38;5;78m[XCUITestDriver@26e2]&amp#27;[0m Responding to client with driver.findElement() result: {"element-6066-11e4-a52e-4f735466cecf":"0B020000-0000-0000-7213-000000000000","ELEMENT":"0B020000-0000-0000-7213-000000000000"}
&amp#27;[38;5;93m[c258be5a]&amp#27;[0m&amp#27;[38;5;86m[HTTP]&amp#27;[0m &amp#27;[37m<-- POST /session/c258be5a-7f09-4ce3-86e7-5f77a339e236/element &amp#27;[39m&amp#27;[32m200&amp#27;[39m &amp#27;[90m1250 ms - 137&amp#27;[39m &amp#27;[90m&amp#27;[39m
&amp#27;[38;5;93m[c258be5a]&amp#27;[0m&amp#27;[38;5;86m[HTTP]&amp#27;[0m &amp#27;[37m-->&amp#27;[39m &amp#27;[37mPOST&amp#27;[39m &amp#27;[37m/session/c258be5a-7f09-4ce3-86e7-5f77a339e236/element/0B020000-0000-0000-7213-000000000000/value&amp#27;[39m &amp#27;[90m{"id":"0B020000-0000-0000-7213-000000000000","text":"HN","value":["H","N"]}&amp#27;[39m
&amp#27;[38;5;93m[c258be5a]&amp#27;[0m&amp#27;[38;5;78m[XCUITestDriver@26e2]&amp#27;[0m Calling AppiumDriver.setValue() with args: [["H","N"],"0B020000-0000-0000-7213-000000000000","c258be5a-7f09-4ce3-86e7-5f77a339e236"]
&amp#27;[38;5;93m[c258be5a]&amp#27;[0m&amp#27;[38;5;78m[XCUITestDriver@26e2]&amp#27;[0m Executing command 'setValue'
&amp#27;[38;5;93m[c258be5a]&amp#27;[0m&amp#27;[38;5;78m[XCUITestDriver@26e2]&amp#27;[0m Matched '/element/0B020000-0000-0000-7213-000000000000/value' to command name 'setValue'
&amp#27;[38;5;93m[c258be5a]&amp#27;[0m&amp#27;[38;5;78m[XCUITestDriver@26e2]&amp#27;[0m Added 'text' property "HN" to 'setValue' request body
&amp#27;[38;5;93m[c258be5a]&amp#27;[0m&amp#27;[38;5;78m[XCUITestDriver@26e2]&amp#27;[0m Proxying [POST /element/0B020000-0000-0000-7213-000000000000/value] to [POST http://127.0.0.1:8100/session/A980F244-8870-476F-852C-A9AA3E99174A/element/0B020000-0000-0000-7213-000000000000/value] with body: {"value":["H","N"],"text":"HN"}
&amp#27;[38;5;93m[c258be5a]&amp#27;[0m&amp#27;[38;5;173m[Xcode]&amp#27;[0m     t =    36.17s Requesting snapshot of accessibility hierarchy for app with pid 4978
&amp#27;[38;5;93m[c258be5a]&amp#27;[0m&amp#27;[38;5;173m[Xcode]&amp#27;[0m     t =    36.22s Find: Descendants matching type TextField
&amp#27;[38;5;93m[c258be5a]&amp#27;[0m&amp#27;[38;5;173m[Xcode]&amp#27;[0m     t =    36.22s Find: Elements matching predicate 'fb_uid IN {"0B020000-0000-0000-7213-000000000000"}'
&amp#27;[38;5;93m[c258be5a]&amp#27;[0m&amp#27;[38;5;173m[Xcode]&amp#27;[0m     t =    36.23s Find: Element at index 0
&amp#27;[38;5;93m[c258be5a]&amp#27;[0m&amp#27;[38;5;173m[Xcode]&amp#27;[0m 2025-01-06 21:12:46.308339+0700 WebDriverAgentRunner-Runner[4963:65553] Neither the "XCUIElementTypeTextField" element itself nor its accessible descendants have the keyboard input focus
&amp#27;[38;5;93m[c258be5a]&amp#27;[0m&amp#27;[38;5;173m[Xcode]&amp#27;[0m 2025-01-06 21:12:46.308924+0700 WebDriverAgentRunner-Runner[4963:65553] Trying to tap the "XCUIElementTypeTextField" element to have it focused
&amp#27;[38;5;93m[c258be5a]&amp#27;[0m&amp#27;[38;5;173m[Xcode]&amp#27;[0m     t =    36.25s Tap "United Kingdom" TextField
&amp#27;[38;5;93m[c258be5a]&amp#27;[0m&amp#27;[38;5;173m[Xcode]&amp#27;[0m 2025-01-06 21:12:46.316772+0700 WebDriverAgentRunner-Runner[4963:65553] Waiting up to 10s until com.saucelabs.mydemo.app.ios is in idle state (including animations)
&amp#27;[38;5;93m[c258be5a]&amp#27;[0m&amp#27;[38;5;173m[Xcode]&amp#27;[0m     t =    36.25s     Wait for com.saucelabs.mydemo.app.ios to idle
&amp#27;[38;5;93m[c258be5a]&amp#27;[0m&amp#27;[38;5;173m[Xcode]&amp#27;[0m     t =    36.26s     Find the "United Kingdom" TextField
&amp#27;[38;5;93m[c258be5a]&amp#27;[0m&amp#27;[38;5;173m[Xcode]&amp#27;[0m     t =    36.26s         Requesting snapshot of accessibility hierarchy for app with pid 4978
&amp#27;[38;5;93m[c258be5a]&amp#27;[0m&amp#27;[38;5;173m[Xcode]&amp#27;[0m     t =    36.30s         Find: Descendants matching type TextField
&amp#27;[38;5;93m[c258be5a]&amp#27;[0m&amp#27;[38;5;173m[Xcode]&amp#27;[0m     t =    36.31s         Find: Elements matching predicate 'fb_uid IN {"0B020000-0000-0000-7213-000000000000"}'
&amp#27;[38;5;93m[c258be5a]&amp#27;[0m&amp#27;[38;5;173m[Xcode]&amp#27;[0m     t =    36.31s         Find: Element at index 0
&amp#27;[38;5;93m[c258be5a]&amp#27;[0m&amp#27;[38;5;173m[Xcode]&amp#27;[0m     t =    36.32s     Application is configured to skip UI interruption handling
&amp#27;[38;5;93m[c258be5a]&amp#27;[0m&amp#27;[38;5;173m[Xcode]&amp#27;[0m     t =    36.32s     Synthesize event
&amp#27;[38;5;93m[c258be5a]&amp#27;[0m&amp#27;[38;5;173m[Xcode]&amp#27;[0m 2025-01-06 21:12:46.533743+0700 WebDriverAgentRunner-Runner[4963:65553] Waiting up to 10s until com.saucelabs.mydemo.app.ios is in idle state (including animations)
&amp#27;[38;5;93m[c258be5a]&amp#27;[0m&amp#27;[38;5;173m[Xcode]&amp#27;[0m     t =    36.46s     Wait for com.saucelabs.mydemo.app.ios to idle
&amp#27;[38;5;93m[c258be5a]&amp#27;[0m&amp#27;[38;5;173m[Xcode]&amp#27;[0m     t =    36.58s Requesting snapshot of accessibility hierarchy for app with pid 4978
&amp#27;[38;5;93m[c258be5a]&amp#27;[0m&amp#27;[38;5;173m[Xcode]&amp#27;[0m     t =    36.66s Find: Descendants matching type TextField
&amp#27;[38;5;93m[c258be5a]&amp#27;[0m&amp#27;[38;5;173m[Xcode]&amp#27;[0m     t =    36.66s Find: Elements matching predicate 'fb_uid IN {"0B020000-0000-0000-7213-000000000000"}'
&amp#27;[38;5;93m[c258be5a]&amp#27;[0m&amp#27;[38;5;173m[Xcode]&amp#27;[0m     t =    36.66s Find: Element at index 0
&amp#27;[38;5;93m[c258be5a]&amp#27;[0m&amp#27;[38;5;78m[XCUITestDriver@26e2]&amp#27;[0m Got response with status 200: {"value":null,"sessionId":"A980F244-8870-476F-852C-A9AA3E99174A"}
&amp#27;[38;5;93m[c258be5a]&amp#27;[0m&amp#27;[38;5;78m[XCUITestDriver@26e2]&amp#27;[0m Responding to client with driver.setValue() result: null
&amp#27;[38;5;93m[c258be5a]&amp#27;[0m&amp#27;[38;5;86m[HTTP]&amp#27;[0m &amp#27;[37m<-- POST /session/c258be5a-7f09-4ce3-86e7-5f77a339e236/element/0B020000-0000-0000-7213-000000000000/value &amp#27;[39m&amp#27;[32m200&amp#27;[39m &amp#27;[90m602 ms - 14&amp#27;[39m &amp#27;[90m&amp#27;[39m
&amp#27;[38;5;93m[c258be5a]&amp#27;[0m&amp#27;[38;5;86m[HTTP]&amp#27;[0m &amp#27;[37m-->&amp#27;[39m &amp#27;[37mPOST&amp#27;[39m &amp#27;[37m/session/c258be5a-7f09-4ce3-86e7-5f77a339e236/element&amp#27;[39m &amp#27;[90m{"using":"xpath","value":"//XCUIElementTypeTextField[@value=\"Mandorley 112\"]"}&amp#27;[39m
&amp#27;[38;5;93m[c258be5a]&amp#27;[0m&amp#27;[38;5;78m[XCUITestDriver@26e2]&amp#27;[0m Calling AppiumDriver.findElement() with args: ["xpath","//XCUIElementTypeTextField[@value=\"Mandorley 112\"]","c258be5a-7f09-4ce3-86e7-5f77a339e236"]
&amp#27;[38;5;93m[c258be5a]&amp#27;[0m&amp#27;[38;5;78m[XCUITestDriver@26e2]&amp#27;[0m Executing command 'findElement'
&amp#27;[38;5;93m[c258be5a]&amp#27;[0m&amp#27;[38;5;78m[XCUITestDriver@26e2]&amp#27;[0m Valid locator strategies for this request: xpath, id, name, class name, -ios predicate string, -ios class chain, accessibility id, css selector
&amp#27;[38;5;93m[c258be5a]&amp#27;[0m&amp#27;[38;5;78m[XCUITestDriver@26e2]&amp#27;[0m Waiting up to 0 ms for condition
&amp#27;[38;5;93m[c258be5a]&amp#27;[0m&amp#27;[38;5;78m[XCUITestDriver@26e2]&amp#27;[0m Matched '/element' to command name 'findElement'
&amp#27;[38;5;93m[c258be5a]&amp#27;[0m&amp#27;[38;5;78m[XCUITestDriver@26e2]&amp#27;[0m Proxying [POST /element] to [POST http://127.0.0.1:8100/session/A980F244-8870-476F-852C-A9AA3E99174A/element] with body: {"using":"xpath","value":"//XCUIElementTypeTextField[@value=\"Mandorley 112\"]"}
&amp#27;[38;5;93m[c258be5a]&amp#27;[0m&amp#27;[38;5;173m[Xcode]&amp#27;[0m 2025-01-06 21:12:46.851225+0700 WebDriverAgentRunner-Runner[4963:65553] The following attributes were requested to be included into the XML: {(
&amp#27;[38;5;93m[c258be5a]&amp#27;[0m&amp#27;[38;5;173m[Xcode]&amp#27;[0m     FBValueAttribute
&amp#27;[38;5;93m[c258be5a]&amp#27;[0m&amp#27;[38;5;173m[Xcode]&amp#27;[0m )}
&amp#27;[38;5;93m[c258be5a]&amp#27;[0m&amp#27;[38;5;173m[Xcode]&amp#27;[0m     t =    36.78s Requesting snapshot of accessibility hierarchy for app with pid 4978
&amp#27;[38;5;93m[c258be5a]&amp#27;[0m&amp#27;[38;5;173m[Xcode]&amp#27;[0m     t =    37.85s Get all elements bound by index for: Elements matching predicate 'fb_uid IN {"F2010000-0000-0000-7213-000000000000"}'
&amp#27;[38;5;93m[c258be5a]&amp#27;[0m&amp#27;[38;5;173m[Xcode]&amp#27;[0m     t =    37.85s     Requesting snapshot of accessibility hierarchy for app with pid 4978
&amp#27;[38;5;93m[c258be5a]&amp#27;[0m&amp#27;[38;5;173m[Xcode]&amp#27;[0m     t =    37.93s     Find: Descendants matching type TextField
&amp#27;[38;5;93m[c258be5a]&amp#27;[0m&amp#27;[38;5;173m[Xcode]&amp#27;[0m     t =    37.93s     Find: Elements matching predicate 'fb_uid IN {"F2010000-0000-0000-7213-000000000000"}'
&amp#27;[38;5;93m[c258be5a]&amp#27;[0m&amp#27;[38;5;173m[Xcode]&amp#27;[0m     t =    37.94s Requesting snapshot of accessibility hierarchy for app with pid 4978
&amp#27;[38;5;93m[c258be5a]&amp#27;[0m&amp#27;[38;5;173m[Xcode]&amp#27;[0m     t =    38.01s Find: Descendants matching type TextField
&amp#27;[38;5;93m[c258be5a]&amp#27;[0m&amp#27;[38;5;173m[Xcode]&amp#27;[0m     t =    38.02s Find: Elements matching predicate 'fb_uid IN {"F2010000-0000-0000-7213-000000000000"}'
&amp#27;[38;5;93m[c258be5a]&amp#27;[0m&amp#27;[38;5;173m[Xcode]&amp#27;[0m     t =    38.02s Find: Element at index 0
&amp#27;[38;5;93m[c258be5a]&amp#27;[0m&amp#27;[38;5;78m[XCUITestDriver@26e2]&amp#27;[0m Got response with status 200: {"value":{"ELEMENT":"F2010000-0000-0000-7213-000000000000","element-6066-11e4-a52e-4f735466cecf":"F2010000-0000-0000-7213-000000000000"},"sessionId":"A980F244-8870-476F-852C-A9AA3E99174A"}
&amp#27;[38;5;93m[c258be5a]&amp#27;[0m&amp#27;[38;5;78m[XCUITestDriver@26e2]&amp#27;[0m Responding to client with driver.findElement() result: {"element-6066-11e4-a52e-4f735466cecf":"F2010000-0000-0000-7213-000000000000","ELEMENT":"F2010000-0000-0000-7213-000000000000"}
&amp#27;[38;5;93m[c258be5a]&amp#27;[0m&amp#27;[38;5;86m[HTTP]&amp#27;[0m &amp#27;[37m<-- POST /session/c258be5a-7f09-4ce3-86e7-5f77a339e236/element &amp#27;[39m&amp#27;[32m200&amp#27;[39m &amp#27;[90m1293 ms - 137&amp#27;[39m &amp#27;[90m&amp#27;[39m
&amp#27;[38;5;93m[c258be5a]&amp#27;[0m&amp#27;[38;5;86m[HTTP]&amp#27;[0m &amp#27;[37m-->&amp#27;[39m &amp#27;[37mPOST&amp#27;[39m &amp#27;[37m/session/c258be5a-7f09-4ce3-86e7-5f77a339e236/element/F2010000-0000-0000-7213-000000000000/value&amp#27;[39m &amp#27;[90m{"id":"F2010000-0000-0000-7213-000000000000","text":"test01","value":["t","e","s","t","0","1"]}&amp#27;[39m
&amp#27;[38;5;93m[c258be5a]&amp#27;[0m&amp#27;[38;5;78m[XCUITestDriver@26e2]&amp#27;[0m Calling AppiumDriver.setValue() with args: [["t","e","s","t","0","1"],"F2010000-0000-0000-7213-000000000000","c258be5a-7f09-4ce3-86e7-5f77a339e236"]
&amp#27;[38;5;93m[c258be5a]&amp#27;[0m&amp#27;[38;5;78m[XCUITestDriver@26e2]&amp#27;[0m Executing command 'setValue'
&amp#27;[38;5;93m[c258be5a]&amp#27;[0m&amp#27;[38;5;78m[XCUITestDriver@26e2]&amp#27;[0m Matched '/element/F2010000-0000-0000-7213-000000000000/value' to command name 'setValue'
&amp#27;[38;5;93m[c258be5a]&amp#27;[0m&amp#27;[38;5;78m[XCUITestDriver@26e2]&amp#27;[0m Added 'text' property "test01" to 'setValue' request body
&amp#27;[38;5;93m[c258be5a]&amp#27;[0m&amp#27;[38;5;78m[XCUITestDriver@26e2]&amp#27;[0m Proxying [POST /element/F2010000-0000-0000-7213-000000000000/value] to [POST http://127.0.0.1:8100/session/A980F244-8870-476F-852C-A9AA3E99174A/element/F2010000-0000-0000-7213-000000000000/value] with body: {"value":["t","e","s","t","0","1"],"text":"test01"}
&amp#27;[38;5;93m[c258be5a]&amp#27;[0m&amp#27;[38;5;173m[Xcode]&amp#27;[0m     t =    38.08s Requesting snapshot of accessibility hierarchy for app with pid 4978
&amp#27;[38;5;93m[c258be5a]&amp#27;[0m&amp#27;[38;5;173m[Xcode]&amp#27;[0m     t =    38.14s Find: Descendants matching type TextField
&amp#27;[38;5;93m[c258be5a]&amp#27;[0m&amp#27;[38;5;173m[Xcode]&amp#27;[0m     t =    38.14s Find: Elements matching predicate 'fb_uid IN {"F2010000-0000-0000-7213-000000000000"}'
&amp#27;[38;5;93m[c258be5a]&amp#27;[0m&amp#27;[38;5;173m[Xcode]&amp#27;[0m     t =    38.14s Find: Element at index 0
&amp#27;[38;5;93m[c258be5a]&amp#27;[0m&amp#27;[38;5;173m[Xcode]&amp#27;[0m 2025-01-06 21:12:48.227781+0700 WebDriverAgentRunner-Runner[4963:65553] Neither the "XCUIElementTypeTextField" element itself nor its accessible descendants have the keyboard input focus
&amp#27;[38;5;93m[c258be5a]&amp#27;[0m&amp#27;[38;5;173m[Xcode]&amp#27;[0m 2025-01-06 21:12:48.228199+0700 WebDriverAgentRunner-Runner[4963:65553] Trying to tap the "XCUIElementTypeTextField" element to have it focused
&amp#27;[38;5;93m[c258be5a]&amp#27;[0m&amp#27;[38;5;173m[Xcode]&amp#27;[0m     t =    38.17s Tap "Mandorley 112" TextField
&amp#27;[38;5;93m[c258be5a]&amp#27;[0m&amp#27;[38;5;173m[Xcode]&amp#27;[0m 2025-01-06 21:12:48.246036+0700 WebDriverAgentRunner-Runner[4963:65553] Waiting up to 10s until com.saucelabs.mydemo.app.ios is in idle state (including animations)
&amp#27;[38;5;93m[c258be5a]&amp#27;[0m&amp#27;[38;5;173m[Xcode]&amp#27;[0m     t =    38.18s     Wait for com.saucelabs.mydemo.app.ios to idle
&amp#27;[38;5;93m[c258be5a]&amp#27;[0m&amp#27;[38;5;173m[Xcode]&amp#27;[0m     t =    38.19s     Find the "Mandorley 112" TextField
&amp#27;[38;5;93m[c258be5a]&amp#27;[0m&amp#27;[38;5;173m[Xcode]&amp#27;[0m     t =    38.19s         Requesting snapshot of accessibility hierarchy for app with pid 4978
&amp#27;[38;5;93m[c258be5a]&amp#27;[0m&amp#27;[38;5;173m[Xcode]&amp#27;[0m     t =    38.27s         Find: Descendants matching type TextField
&amp#27;[38;5;93m[c258be5a]&amp#27;[0m&amp#27;[38;5;173m[Xcode]&amp#27;[0m     t =    38.28s         Find: Elements matching predicate 'fb_uid IN {"F2010000-0000-0000-7213-000000000000"}'
&amp#27;[38;5;93m[c258be5a]&amp#27;[0m&amp#27;[38;5;173m[Xcode]&amp#27;[0m     t =    38.28s         Find: Element at index 0
&amp#27;[38;5;93m[c258be5a]&amp#27;[0m&amp#27;[38;5;173m[Xcode]&amp#27;[0m     t =    38.29s     Application is configured to skip UI interruption handling
&amp#27;[38;5;93m[c258be5a]&amp#27;[0m&amp#27;[38;5;173m[Xcode]&amp#27;[0m     t =    38.30s     Synthesize event
&amp#27;[38;5;93m[c258be5a]&amp#27;[0m&amp#27;[38;5;173m[Xcode]&amp#27;[0m 2025-01-06 21:12:48.504386+0700 WebDriverAgentRunner-Runner[4963:65553] Waiting up to 10s until com.saucelabs.mydemo.app.ios is in idle state (including animations)
&amp#27;[38;5;93m[c258be5a]&amp#27;[0m&amp#27;[38;5;173m[Xcode]&amp#27;[0m     t =    38.43s     Wait for com.saucelabs.mydemo.app.ios to idle
&amp#27;[38;5;93m[c258be5a]&amp#27;[0m&amp#27;[38;5;173m[Xcode]&amp#27;[0m     t =    38.54s Requesting snapshot of accessibility hierarchy for app with pid 4978
&amp#27;[38;5;93m[c258be5a]&amp#27;[0m&amp#27;[38;5;173m[Xcode]&amp#27;[0m     t =    38.65s Find: Descendants matching type TextField
&amp#27;[38;5;93m[c258be5a]&amp#27;[0m&amp#27;[38;5;173m[Xcode]&amp#27;[0m     t =    38.66s Find: Elements matching predicate 'fb_uid IN {"F2010000-0000-0000-7213-000000000000"}'
&amp#27;[38;5;93m[c258be5a]&amp#27;[0m&amp#27;[38;5;173m[Xcode]&amp#27;[0m     t =    38.67s Find: Element at index 0
&amp#27;[38;5;93m[c258be5a]&amp#27;[0m&amp#27;[38;5;78m[XCUITestDriver@26e2]&amp#27;[0m Got response with status 200: {"value":null,"sessionId":"A980F244-8870-476F-852C-A9AA3E99174A"}
&amp#27;[38;5;93m[c258be5a]&amp#27;[0m&amp#27;[38;5;78m[XCUITestDriver@26e2]&amp#27;[0m Responding to client with driver.setValue() result: null
&amp#27;[38;5;93m[c258be5a]&amp#27;[0m&amp#27;[38;5;86m[HTTP]&amp#27;[0m &amp#27;[37m<-- POST /session/c258be5a-7f09-4ce3-86e7-5f77a339e236/element/F2010000-0000-0000-7213-000000000000/value &amp#27;[39m&amp#27;[32m200&amp#27;[39m &amp#27;[90m771 ms - 14&amp#27;[39m &amp#27;[90m&amp#27;[39m
&amp#27;[38;5;93m[c258be5a]&amp#27;[0m&amp#27;[38;5;86m[HTTP]&amp#27;[0m &amp#27;[37m-->&amp#27;[39m &amp#27;[37mPOST&amp#27;[39m &amp#27;[37m/session/c258be5a-7f09-4ce3-86e7-5f77a339e236/element&amp#27;[39m &amp#27;[90m{"using":"xpath","value":"//XCUIElementTypeTextField[@value=\"Entrance 1\"]"}&amp#27;[39m
&amp#27;[38;5;93m[c258be5a]&amp#27;[0m&amp#27;[38;5;78m[XCUITestDriver@26e2]&amp#27;[0m Calling AppiumDriver.findElement() with args: ["xpath","//XCUIElementTypeTextField[@value=\"Entrance 1\"]","c258be5a-7f09-4ce3-86e7-5f77a339e236"]
&amp#27;[38;5;93m[c258be5a]&amp#27;[0m&amp#27;[38;5;78m[XCUITestDriver@26e2]&amp#27;[0m Executing command 'findElement'
&amp#27;[38;5;93m[c258be5a]&amp#27;[0m&amp#27;[38;5;78m[XCUITestDriver@26e2]&amp#27;[0m Valid locator strategies for this request: xpath, id, name, class name, -ios predicate string, -ios class chain, accessibility id, css selector
&amp#27;[38;5;93m[c258be5a]&amp#27;[0m&amp#27;[38;5;78m[XCUITestDriver@26e2]&amp#27;[0m Waiting up to 0 ms for condition
&amp#27;[38;5;93m[c258be5a]&amp#27;[0m&amp#27;[38;5;78m[XCUITestDriver@26e2]&amp#27;[0m Matched '/element' to command name 'findElement'
&amp#27;[38;5;93m[c258be5a]&amp#27;[0m&amp#27;[38;5;78m[XCUITestDriver@26e2]&amp#27;[0m Proxying [POST /element] to [POST http://127.0.0.1:8100/session/A980F244-8870-476F-852C-A9AA3E99174A/element] with body: {"using":"xpath","value":"//XCUIElementTypeTextField[@value=\"Entrance 1\"]"}
&amp#27;[38;5;93m[c258be5a]&amp#27;[0m&amp#27;[38;5;173m[Xcode]&amp#27;[0m 2025-01-06 21:12:48.940585+0700 WebDriverAgentRunner-Runner[4963:65553] The following attributes were requested to be included into the XML: {(
&amp#27;[38;5;93m[c258be5a]&amp#27;[0m&amp#27;[38;5;173m[Xcode]&amp#27;[0m     FBValueAttribute
&amp#27;[38;5;93m[c258be5a]&amp#27;[0m&amp#27;[38;5;173m[Xcode]&amp#27;[0m )}
&amp#27;[38;5;93m[c258be5a]&amp#27;[0m&amp#27;[38;5;173m[Xcode]&amp#27;[0m     t =    38.88s Requesting snapshot of accessibility hierarchy for app with pid 4978
&amp#27;[38;5;93m[c258be5a]&amp#27;[0m&amp#27;[38;5;173m[Xcode]&amp#27;[0m     t =    40.08s Get all elements bound by index for: Elements matching predicate 'fb_uid IN {"F3010000-0000-0000-7213-000000000000"}'
&amp#27;[38;5;93m[c258be5a]&amp#27;[0m&amp#27;[38;5;173m[Xcode]&amp#27;[0m     t =    40.09s     Requesting snapshot of accessibility hierarchy for app with pid 4978
&amp#27;[38;5;93m[c258be5a]&amp#27;[0m&amp#27;[38;5;173m[Xcode]&amp#27;[0m     t =    40.17s     Find: Descendants matching type TextField
&amp#27;[38;5;93m[c258be5a]&amp#27;[0m&amp#27;[38;5;173m[Xcode]&amp#27;[0m     t =    40.18s     Find: Elements matching predicate 'fb_uid IN {"F3010000-0000-0000-7213-000000000000"}'
&amp#27;[38;5;93m[c258be5a]&amp#27;[0m&amp#27;[38;5;173m[Xcode]&amp#27;[0m     t =    40.19s Requesting snapshot of accessibility hierarchy for app with pid 4978
&amp#27;[38;5;93m[c258be5a]&amp#27;[0m&amp#27;[38;5;173m[Xcode]&amp#27;[0m     t =    40.27s Find: Descendants matching type TextField
&amp#27;[38;5;93m[c258be5a]&amp#27;[0m&amp#27;[38;5;173m[Xcode]&amp#27;[0m     t =    40.27s Find: Elements matching predicate 'fb_uid IN {"F3010000-0000-0000-7213-000000000000"}'
&amp#27;[38;5;93m[c258be5a]&amp#27;[0m&amp#27;[38;5;173m[Xcode]&amp#27;[0m     t =    40.28s Find: Element at index 0
&amp#27;[38;5;93m[c258be5a]&amp#27;[0m&amp#27;[38;5;78m[XCUITestDriver@26e2]&amp#27;[0m Got response with status 200: {"value":{"ELEMENT":"F3010000-0000-0000-7213-000000000000","element-6066-11e4-a52e-4f735466cecf":"F3010000-0000-0000-7213-000000000000"},"sessionId":"A980F244-8870-476F-852C-A9AA3E99174A"}
&amp#27;[38;5;93m[c258be5a]&amp#27;[0m&amp#27;[38;5;78m[XCUITestDriver@26e2]&amp#27;[0m Responding to client with driver.findElement() result: {"element-6066-11e4-a52e-4f735466cecf":"F3010000-0000-0000-7213-000000000000","ELEMENT":"F3010000-0000-0000-7213-000000000000"}
&amp#27;[38;5;93m[c258be5a]&amp#27;[0m&amp#27;[38;5;86m[HTTP]&amp#27;[0m &amp#27;[37m<-- POST /session/c258be5a-7f09-4ce3-86e7-5f77a339e236/element &amp#27;[39m&amp#27;[32m200&amp#27;[39m &amp#27;[90m1487 ms - 137&amp#27;[39m &amp#27;[90m&amp#27;[39m
&amp#27;[38;5;93m[c258be5a]&amp#27;[0m&amp#27;[38;5;86m[HTTP]&amp#27;[0m &amp#27;[37m-->&amp#27;[39m &amp#27;[37mPOST&amp#27;[39m &amp#27;[37m/session/c258be5a-7f09-4ce3-86e7-5f77a339e236/element/F3010000-0000-0000-7213-000000000000/value&amp#27;[39m &amp#27;[90m{"id":"F3010000-0000-0000-7213-000000000000","text":"test","value":["t","e","s","t"]}&amp#27;[39m
&amp#27;[38;5;93m[c258be5a]&amp#27;[0m&amp#27;[38;5;78m[XCUITestDriver@26e2]&amp#27;[0m Calling AppiumDriver.setValue() with args: [["t","e","s","t"],"F3010000-0000-0000-7213-000000000000","c258be5a-7f09-4ce3-86e7-5f77a339e236"]
&amp#27;[38;5;93m[c258be5a]&amp#27;[0m&amp#27;[38;5;78m[XCUITestDriver@26e2]&amp#27;[0m Executing command 'setValue'
&amp#27;[38;5;93m[c258be5a]&amp#27;[0m&amp#27;[38;5;78m[XCUITestDriver@26e2]&amp#27;[0m Matched '/element/F3010000-0000-0000-7213-000000000000/value' to command name 'setValue'
&amp#27;[38;5;93m[c258be5a]&amp#27;[0m&amp#27;[38;5;78m[XCUITestDriver@26e2]&amp#27;[0m Added 'text' property "test" to 'setValue' request body
&amp#27;[38;5;93m[c258be5a]&amp#27;[0m&amp#27;[38;5;78m[XCUITestDriver@26e2]&amp#27;[0m Proxying [POST /element/F3010000-0000-0000-7213-000000000000/value] to [POST http://127.0.0.1:8100/session/A980F244-8870-476F-852C-A9AA3E99174A/element/F3010000-0000-0000-7213-000000000000/value] with body: {"value":["t","e","s","t"],"text":"test"}
&amp#27;[38;5;93m[c258be5a]&amp#27;[0m&amp#27;[38;5;173m[Xcode]&amp#27;[0m     t =    40.38s Requesting snapshot of accessibility hierarchy for app with pid 4978
&amp#27;[38;5;93m[c258be5a]&amp#27;[0m&amp#27;[38;5;173m[Xcode]&amp#27;[0m     t =    40.46s Find: Descendants matching type TextField
&amp#27;[38;5;93m[c258be5a]&amp#27;[0m&amp#27;[38;5;173m[Xcode]&amp#27;[0m     t =    40.46s Find: Elements matching predicate 'fb_uid IN {"F3010000-0000-0000-7213-000000000000"}'
&amp#27;[38;5;93m[c258be5a]&amp#27;[0m&amp#27;[38;5;173m[Xcode]&amp#27;[0m     t =    40.47s Find: Element at index 0
&amp#27;[38;5;93m[c258be5a]&amp#27;[0m&amp#27;[38;5;173m[Xcode]&amp#27;[0m 2025-01-06 21:12:50.544191+0700 WebDriverAgentRunner-Runner[4963:65553] Neither the "XCUIElementTypeTextField" element itself nor its accessible descendants have the keyboard input focus
&amp#27;[38;5;93m[c258be5a]&amp#27;[0m&amp#27;[38;5;173m[Xcode]&amp#27;[0m 2025-01-06 21:12:50.544533+0700 WebDriverAgentRunner-Runner[4963:65553] Trying to tap the "XCUIElementTypeTextField" element to have it focused
&amp#27;[38;5;93m[c258be5a]&amp#27;[0m&amp#27;[38;5;173m[Xcode]&amp#27;[0m     t =    40.48s Tap "Entrance 1" TextField
&amp#27;[38;5;93m[c258be5a]&amp#27;[0m&amp#27;[38;5;173m[Xcode]&amp#27;[0m 2025-01-06 21:12:50.554591+0700 WebDriverAgentRunner-Runner[4963:65553] Waiting up to 10s until com.saucelabs.mydemo.app.ios is in idle state (including animations)
&amp#27;[38;5;93m[c258be5a]&amp#27;[0m&amp#27;[38;5;173m[Xcode]&amp#27;[0m     t =    40.48s     Wait for com.saucelabs.mydemo.app.ios to idle
&amp#27;[38;5;93m[c258be5a]&amp#27;[0m&amp#27;[38;5;173m[Xcode]&amp#27;[0m     t =    40.50s     Find the "Entrance 1" TextField
&amp#27;[38;5;93m[c258be5a]&amp#27;[0m&amp#27;[38;5;173m[Xcode]&amp#27;[0m     t =    40.50s         Requesting snapshot of accessibility hierarchy for app with pid 4978
&amp#27;[38;5;93m[c258be5a]&amp#27;[0m&amp#27;[38;5;173m[Xcode]&amp#27;[0m     t =    40.57s         Find: Descendants matching type TextField
&amp#27;[38;5;93m[c258be5a]&amp#27;[0m&amp#27;[38;5;173m[Xcode]&amp#27;[0m     t =    40.57s         Find: Elements matching predicate 'fb_uid IN {"F3010000-0000-0000-7213-000000000000"}'
&amp#27;[38;5;93m[c258be5a]&amp#27;[0m&amp#27;[38;5;173m[Xcode]&amp#27;[0m     t =    40.57s         Find: Element at index 0
&amp#27;[38;5;93m[c258be5a]&amp#27;[0m&amp#27;[38;5;173m[Xcode]&amp#27;[0m     t =    40.58s     Application is configured to skip UI interruption handling
&amp#27;[38;5;93m[c258be5a]&amp#27;[0m&amp#27;[38;5;173m[Xcode]&amp#27;[0m     t =    40.58s     Synthesize event
&amp#27;[38;5;93m[c258be5a]&amp#27;[0m&amp#27;[38;5;173m[Xcode]&amp#27;[0m 2025-01-06 21:12:50.775042+0700 WebDriverAgentRunner-Runner[4963:65553] Waiting up to 10s until com.saucelabs.mydemo.app.ios is in idle state (including animations)
&amp#27;[38;5;93m[c258be5a]&amp#27;[0m&amp#27;[38;5;173m[Xcode]&amp#27;[0m     t =    40.71s     Wait for com.saucelabs.mydemo.app.ios to idle
&amp#27;[38;5;93m[c258be5a]&amp#27;[0m&amp#27;[38;5;173m[Xcode]&amp#27;[0m     t =    40.84s Requesting snapshot of accessibility hierarchy for app with pid 4978
&amp#27;[38;5;93m[c258be5a]&amp#27;[0m&amp#27;[38;5;173m[Xcode]&amp#27;[0m     t =    40.91s Find: Descendants matching type TextField
&amp#27;[38;5;93m[c258be5a]&amp#27;[0m&amp#27;[38;5;173m[Xcode]&amp#27;[0m     t =    40.91s Find: Elements matching predicate 'fb_uid IN {"F3010000-0000-0000-7213-000000000000"}'
&amp#27;[38;5;93m[c258be5a]&amp#27;[0m&amp#27;[38;5;173m[Xcode]&amp#27;[0m     t =    40.91s Find: Element at index 0
&amp#27;[38;5;93m[c258be5a]&amp#27;[0m&amp#27;[38;5;78m[XCUITestDriver@26e2]&amp#27;[0m Got response with status 200: {"value":null,"sessionId":"A980F244-8870-476F-852C-A9AA3E99174A"}
&amp#27;[38;5;93m[c258be5a]&amp#27;[0m&amp#27;[38;5;78m[XCUITestDriver@26e2]&amp#27;[0m Responding to client with driver.setValue() result: null
&amp#27;[38;5;93m[c258be5a]&amp#27;[0m&amp#27;[38;5;86m[HTTP]&amp#27;[0m &amp#27;[37m<-- POST /session/c258be5a-7f09-4ce3-86e7-5f77a339e236/element/F3010000-0000-0000-7213-000000000000/value &amp#27;[39m&amp#27;[32m200&amp#27;[39m &amp#27;[90m665 ms - 14&amp#27;[39m &amp#27;[90m&amp#27;[39m
&amp#27;[38;5;93m[c258be5a]&amp#27;[0m&amp#27;[38;5;86m[HTTP]&amp#27;[0m &amp#27;[37m-->&amp#27;[39m &amp#27;[37mPOST&amp#27;[39m &amp#27;[37m/session/c258be5a-7f09-4ce3-86e7-5f77a339e236/element&amp#27;[39m &amp#27;[90m{"using":"xpath","value":"//XCUIElementTypeTextField[@value=\"test01\"]"}&amp#27;[39m
&amp#27;[38;5;93m[c258be5a]&amp#27;[0m&amp#27;[38;5;78m[XCUITestDriver@26e2]&amp#27;[0m Calling AppiumDriver.findElement() with args: ["xpath","//XCUIElementTypeTextField[@value=\"test01\"]","c258be5a-7f09-4ce3-86e7-5f77a339e236"]
&amp#27;[38;5;93m[c258be5a]&amp#27;[0m&amp#27;[38;5;78m[XCUITestDriver@26e2]&amp#27;[0m Executing command 'findElement'
&amp#27;[38;5;93m[c258be5a]&amp#27;[0m&amp#27;[38;5;78m[XCUITestDriver@26e2]&amp#27;[0m Valid locator strategies for this request: xpath, id, name, class name, -ios predicate string, -ios class chain, accessibility id, css selector
&amp#27;[38;5;93m[c258be5a]&amp#27;[0m&amp#27;[38;5;78m[XCUITestDriver@26e2]&amp#27;[0m Waiting up to 0 ms for condition
&amp#27;[38;5;93m[c258be5a]&amp#27;[0m&amp#27;[38;5;78m[XCUITestDriver@26e2]&amp#27;[0m Matched '/element' to command name 'findElement'
&amp#27;[38;5;93m[c258be5a]&amp#27;[0m&amp#27;[38;5;78m[XCUITestDriver@26e2]&amp#27;[0m Proxying [POST /element] to [POST http://127.0.0.1:8100/session/A980F244-8870-476F-852C-A9AA3E99174A/element] with body: {"using":"xpath","value":"//XCUIElementTypeTextField[@value=\"test01\"]"}
&amp#27;[38;5;93m[c258be5a]&amp#27;[0m&amp#27;[38;5;173m[Xcode]&amp#27;[0m 2025-01-06 21:12:51.113568+0700 WebDriverAgentRunner-Runner[4963:65553] The following attributes were requested to be included into the XML: {(
&amp#27;[38;5;93m[c258be5a]&amp#27;[0m&amp#27;[38;5;173m[Xcode]&amp#27;[0m     FBValueAttribute
&amp#27;[38;5;93m[c258be5a]&amp#27;[0m&amp#27;[38;5;173m[Xcode]&amp#27;[0m )}
&amp#27;[38;5;93m[c258be5a]&amp#27;[0m&amp#27;[38;5;173m[Xcode]&amp#27;[0m     t =    41.04s Requesting snapshot of accessibility hierarchy for app with pid 4978
&amp#27;[38;5;93m[c258be5a]&amp#27;[0m&amp#27;[38;5;173m[Xcode]&amp#27;[0m     t =    42.14s Get all elements bound by index for: Elements matching predicate 'fb_uid IN {"F1010000-0000-0000-7213-000000000000"}'
&amp#27;[38;5;93m[c258be5a]&amp#27;[0m&amp#27;[38;5;173m[Xcode]&amp#27;[0m     t =    42.15s     Requesting snapshot of accessibility hierarchy for app with pid 4978
&amp#27;[38;5;93m[c258be5a]&amp#27;[0m&amp#27;[38;5;173m[Xcode]&amp#27;[0m     t =    42.23s     Find: Descendants matching type TextField
&amp#27;[38;5;93m[c258be5a]&amp#27;[0m&amp#27;[38;5;173m[Xcode]&amp#27;[0m     t =    42.23s     Find: Elements matching predicate 'fb_uid IN {"F1010000-0000-0000-7213-000000000000"}'
&amp#27;[38;5;93m[c258be5a]&amp#27;[0m&amp#27;[38;5;173m[Xcode]&amp#27;[0m     t =    42.24s Requesting snapshot of accessibility hierarchy for app with pid 4978
&amp#27;[38;5;93m[c258be5a]&amp#27;[0m&amp#27;[38;5;173m[Xcode]&amp#27;[0m     t =    42.32s Find: Descendants matching type TextField
&amp#27;[38;5;93m[c258be5a]&amp#27;[0m&amp#27;[38;5;173m[Xcode]&amp#27;[0m     t =    42.32s Find: Elements matching predicate 'fb_uid IN {"F1010000-0000-0000-7213-000000000000"}'
&amp#27;[38;5;93m[c258be5a]&amp#27;[0m&amp#27;[38;5;173m[Xcode]&amp#27;[0m     t =    42.33s Find: Element at index 0
&amp#27;[38;5;93m[c258be5a]&amp#27;[0m&amp#27;[38;5;78m[XCUITestDriver@26e2]&amp#27;[0m Got response with status 200: {"value":{"ELEMENT":"F1010000-0000-0000-7213-000000000000","element-6066-11e4-a52e-4f735466cecf":"F1010000-0000-0000-7213-000000000000"},"sessionId":"A980F244-8870-476F-852C-A9AA3E99174A"}
&amp#27;[38;5;93m[c258be5a]&amp#27;[0m&amp#27;[38;5;78m[XCUITestDriver@26e2]&amp#27;[0m Responding to client with driver.findElement() result: {"element-6066-11e4-a52e-4f735466cecf":"F1010000-0000-0000-7213-000000000000","ELEMENT":"F1010000-0000-0000-7213-000000000000"}
&amp#27;[38;5;93m[c258be5a]&amp#27;[0m&amp#27;[38;5;86m[HTTP]&amp#27;[0m &amp#27;[37m<-- POST /session/c258be5a-7f09-4ce3-86e7-5f77a339e236/element &amp#27;[39m&amp#27;[32m200&amp#27;[39m &amp#27;[90m1329 ms - 137&amp#27;[39m &amp#27;[90m&amp#27;[39m
&amp#27;[38;5;93m[c258be5a]&amp#27;[0m&amp#27;[38;5;86m[HTTP]&amp#27;[0m &amp#27;[37m-->&amp#27;[39m &amp#27;[37mPOST&amp#27;[39m &amp#27;[37m/session/c258be5a-7f09-4ce3-86e7-5f77a339e236/element/F1010000-0000-0000-7213-000000000000/click&amp#27;[39m &amp#27;[90m{"id":"F1010000-0000-0000-7213-000000000000"}&amp#27;[39m
&amp#27;[38;5;93m[c258be5a]&amp#27;[0m&amp#27;[38;5;78m[XCUITestDriver@26e2]&amp#27;[0m Driver proxy active, passing request on via HTTP proxy
&amp#27;[38;5;93m[c258be5a]&amp#27;[0m&amp#27;[38;5;78m[XCUITestDriver@26e2]&amp#27;[0m Executing command 'proxyReqRes'
&amp#27;[38;5;93m[c258be5a]&amp#27;[0m&amp#27;[38;5;78m[XCUITestDriver@26e2]&amp#27;[0m Matched '/session/c258be5a-7f09-4ce3-86e7-5f77a339e236/element/F1010000-0000-0000-7213-000000000000/click' to command name 'click'
&amp#27;[38;5;93m[c258be5a]&amp#27;[0m&amp#27;[38;5;78m[XCUITestDriver@26e2]&amp#27;[0m Proxying [POST /session/c258be5a-7f09-4ce3-86e7-5f77a339e236/element/F1010000-0000-0000-7213-000000000000/click] to [POST http://127.0.0.1:8100/session/A980F244-8870-476F-852C-A9AA3E99174A/element/F1010000-0000-0000-7213-000000000000/click] with body: {"id":"F1010000-0000-0000-7213-000000000000"}
&amp#27;[38;5;93m[c258be5a]&amp#27;[0m&amp#27;[38;5;173m[Xcode]&amp#27;[0m     t =    42.38s Requesting snapshot of accessibility hierarchy for app with pid 4978
&amp#27;[38;5;93m[c258be5a]&amp#27;[0m&amp#27;[38;5;173m[Xcode]&amp#27;[0m     t =    42.44s Find: Descendants matching type TextField
&amp#27;[38;5;93m[c258be5a]&amp#27;[0m&amp#27;[38;5;173m[Xcode]&amp#27;[0m     t =    42.44s Find: Elements matching predicate 'fb_uid IN {"F1010000-0000-0000-7213-000000000000"}'
&amp#27;[38;5;93m[c258be5a]&amp#27;[0m&amp#27;[38;5;173m[Xcode]&amp#27;[0m     t =    42.44s Find: Element at index 0
&amp#27;[38;5;93m[c258be5a]&amp#27;[0m&amp#27;[38;5;173m[Xcode]&amp#27;[0m     t =    42.46s Tap "test01" TextField
&amp#27;[38;5;93m[c258be5a]&amp#27;[0m&amp#27;[38;5;173m[Xcode]&amp#27;[0m 2025-01-06 21:12:52.527672+0700 WebDriverAgentRunner-Runner[4963:65553] Waiting up to 10s until com.saucelabs.mydemo.app.ios is in idle state (including animations)
&amp#27;[38;5;93m[c258be5a]&amp#27;[0m&amp#27;[38;5;173m[Xcode]&amp#27;[0m     t =    42.46s     Wait for com.saucelabs.mydemo.app.ios to idle
&amp#27;[38;5;93m[c258be5a]&amp#27;[0m&amp#27;[38;5;173m[Xcode]&amp#27;[0m     t =    42.47s     Find the "test01" TextField
&amp#27;[38;5;93m[c258be5a]&amp#27;[0m&amp#27;[38;5;173m[Xcode]&amp#27;[0m     t =    42.47s         Requesting snapshot of accessibility hierarchy for app with pid 4978
&amp#27;[38;5;93m[c258be5a]&amp#27;[0m&amp#27;[38;5;173m[Xcode]&amp#27;[0m     t =    42.55s         Find: Descendants matching type TextField
&amp#27;[38;5;93m[c258be5a]&amp#27;[0m&amp#27;[38;5;173m[Xcode]&amp#27;[0m     t =    42.55s         Find: Elements matching predicate 'fb_uid IN {"F1010000-0000-0000-7213-000000000000"}'
&amp#27;[38;5;93m[c258be5a]&amp#27;[0m&amp#27;[38;5;173m[Xcode]&amp#27;[0m     t =    42.56s         Find: Element at index 0
&amp#27;[38;5;93m[c258be5a]&amp#27;[0m&amp#27;[38;5;173m[Xcode]&amp#27;[0m     t =    42.57s     Application is configured to skip UI interruption handling
&amp#27;[38;5;93m[c258be5a]&amp#27;[0m&amp#27;[38;5;173m[Xcode]&amp#27;[0m     t =    42.58s     Synthesize event
&amp#27;[38;5;93m[c258be5a]&amp#27;[0m&amp#27;[38;5;173m[Xcode]&amp#27;[0m 2025-01-06 21:12:52.805268+0700 WebDriverAgentRunner-Runner[4963:65553] Waiting up to 10s until com.saucelabs.mydemo.app.ios is in idle state (including animations)
&amp#27;[38;5;93m[c258be5a]&amp#27;[0m&amp#27;[38;5;173m[Xcode]&amp#27;[0m     t =    42.74s     Wait for com.saucelabs.mydemo.app.ios to idle
&amp#27;[38;5;93m[c258be5a]&amp#27;[0m&amp#27;[38;5;78m[XCUITestDriver@26e2]&amp#27;[0m Got response with status 200: {"value":null,"sessionId":"A980F244-8870-476F-852C-A9AA3E99174A"}
&amp#27;[38;5;93m[c258be5a]&amp#27;[0m&amp#27;[38;5;78m[XCUITestDriver@26e2]&amp#27;[0m Replacing sessionId A980F244-8870-476F-852C-A9AA3E99174A with c258be5a-7f09-4ce3-86e7-5f77a339e236
&amp#27;[38;5;93m[c258be5a]&amp#27;[0m&amp#27;[38;5;86m[HTTP]&amp#27;[0m &amp#27;[37m<-- POST /session/c258be5a-7f09-4ce3-86e7-5f77a339e236/element/F1010000-0000-0000-7213-000000000000/click &amp#27;[39m&amp#27;[32m200&amp#27;[39m &amp#27;[90m493 ms - 65&amp#27;[39m &amp#27;[90m&amp#27;[39m
&amp#27;[38;5;93m[c258be5a]&amp#27;[0m&amp#27;[38;5;86m[HTTP]&amp#27;[0m &amp#27;[37m-->&amp#27;[39m &amp#27;[37mGET&amp#27;[39m &amp#27;[37m/session/c258be5a-7f09-4ce3-86e7-5f77a339e236/window/rect&amp#27;[39m &amp#27;[90m{}&amp#27;[39m
&amp#27;[38;5;93m[c258be5a]&amp#27;[0m&amp#27;[38;5;78m[XCUITestDriver@26e2]&amp#27;[0m Calling AppiumDriver.getWindowRect() with args: ["c258be5a-7f09-4ce3-86e7-5f77a339e236"]
&amp#27;[38;5;93m[c258be5a]&amp#27;[0m&amp#27;[38;5;78m[XCUITestDriver@26e2]&amp#27;[0m Executing command 'getWindowRect'
&amp#27;[38;5;93m[c258be5a]&amp#27;[0m&amp#27;[38;5;78m[XCUITestDriver@26e2]&amp#27;[0m Proxying [GET /window/size] to [GET http://127.0.0.1:8100/session/A980F244-8870-476F-852C-A9AA3E99174A/window/size] with no body
&amp#27;[38;5;93m[c258be5a]&amp#27;[0m&amp#27;[38;5;173m[Xcode]&amp#27;[0m     t =    42.93s Requesting snapshot of accessibility hierarchy for app with pid 4978
&amp#27;[38;5;93m[c258be5a]&amp#27;[0m&amp#27;[38;5;78m[XCUITestDriver@26e2]&amp#27;[0m Got response with status 200: {"value":{"width":375,"height":812},"sessionId":"A980F244-8870-476F-852C-A9AA3E99174A"}
&amp#27;[38;5;93m[c258be5a]&amp#27;[0m&amp#27;[38;5;78m[XCUITestDriver@26e2]&amp#27;[0m Responding to client with driver.getWindowRect() result: {"width":375,"height":812,"x":0,"y":0}
&amp#27;[38;5;93m[c258be5a]&amp#27;[0m&amp#27;[38;5;86m[HTTP]&amp#27;[0m &amp#27;[37m<-- GET /session/c258be5a-7f09-4ce3-86e7-5f77a339e236/window/rect &amp#27;[39m&amp#27;[32m200&amp#27;[39m &amp#27;[90m115 ms - 48&amp#27;[39m &amp#27;[90m&amp#27;[39m
&amp#27;[38;5;93m[c258be5a]&amp#27;[0m&amp#27;[38;5;86m[HTTP]&amp#27;[0m &amp#27;[37m-->&amp#27;[39m &amp#27;[37mPOST&amp#27;[39m &amp#27;[37m/session/c258be5a-7f09-4ce3-86e7-5f77a339e236/execute/sync&amp#27;[39m &amp#27;[90m{"script":"mobile: tap","args":[{"x":187,"y":406}]}&amp#27;[39m
&amp#27;[38;5;93m[c258be5a]&amp#27;[0m&amp#27;[38;5;78m[XCUITestDriver@26e2]&amp#27;[0m Calling AppiumDriver.execute() with args: ["mobile: tap",[{"x":187,"y":406}],"c258be5a-7f09-4ce3-86e7-5f77a339e236"]
&amp#27;[38;5;93m[c258be5a]&amp#27;[0m&amp#27;[38;5;78m[XCUITestDriver@26e2]&amp#27;[0m Executing command 'execute'
&amp#27;[38;5;93m[c258be5a]&amp#27;[0m&amp#27;[38;5;78m[XCUITestDriver@26e2]&amp#27;[0m Proxying to WDA with an unknown route: POST /wda/tap
&amp#27;[38;5;93m[c258be5a]&amp#27;[0m&amp#27;[38;5;78m[XCUITestDriver@26e2]&amp#27;[0m Proxying [POST /wda/tap] to [POST http://127.0.0.1:8100/session/A980F244-8870-476F-852C-A9AA3E99174A/wda/tap] with body: {"x":187,"y":406}
&amp#27;[38;5;93m[c258be5a]&amp#27;[0m&amp#27;[38;5;173m[Xcode]&amp#27;[0m     t =    43.05s Tap Application 'com.saucelabs.mydemo.app.ios'[0.00, 0.00] -> (187.0, 406.0)
&amp#27;[38;5;93m[c258be5a]&amp#27;[0m&amp#27;[38;5;173m[Xcode]&amp#27;[0m 2025-01-06 21:12:53.121969+0700 WebDriverAgentRunner-Runner[4963:65553] Waiting up to 10s until com.saucelabs.mydemo.app.ios is in idle state (including animations)
&amp#27;[38;5;93m[c258be5a]&amp#27;[0m&amp#27;[38;5;173m[Xcode]&amp#27;[0m     t =    43.05s     Wait for com.saucelabs.mydemo.app.ios to idle
&amp#27;[38;5;93m[c258be5a]&amp#27;[0m&amp#27;[38;5;173m[Xcode]&amp#27;[0m     t =    43.06s     Find the Application 'com.saucelabs.mydemo.app.ios'
&amp#27;[38;5;93m[c258be5a]&amp#27;[0m&amp#27;[38;5;173m[Xcode]&amp#27;[0m     t =    43.07s         Requesting snapshot of accessibility hierarchy for app with pid 4978
&amp#27;[38;5;93m[c258be5a]&amp#27;[0m&amp#27;[38;5;173m[Xcode]&amp#27;[0m     t =    43.16s     Application is configured to skip UI interruption handling
&amp#27;[38;5;93m[c258be5a]&amp#27;[0m&amp#27;[38;5;173m[Xcode]&amp#27;[0m     t =    43.16s     Synthesize event
&amp#27;[38;5;93m[c258be5a]&amp#27;[0m&amp#27;[38;5;173m[Xcode]&amp#27;[0m     t =    43.17s         Find the Application 'com.saucelabs.mydemo.app.ios'
&amp#27;[38;5;93m[c258be5a]&amp#27;[0m&amp#27;[38;5;173m[Xcode]&amp#27;[0m     t =    43.17s             Requesting snapshot of accessibility hierarchy for app with pid 4978
&amp#27;[38;5;93m[c258be5a]&amp#27;[0m&amp#27;[38;5;173m[Xcode]&amp#27;[0m 2025-01-06 21:12:53.405444+0700 WebDriverAgentRunner-Runner[4963:65553] Waiting up to 10s until com.saucelabs.mydemo.app.ios is in idle state (including animations)
&amp#27;[38;5;93m[c258be5a]&amp#27;[0m&amp#27;[38;5;173m[Xcode]&amp#27;[0m     t =    43.34s     Wait for com.saucelabs.mydemo.app.ios to idle
&amp#27;[38;5;93m[c258be5a]&amp#27;[0m&amp#27;[38;5;78m[XCUITestDriver@26e2]&amp#27;[0m Got response with status 200: {"value":null,"sessionId":"A980F244-8870-476F-852C-A9AA3E99174A"}
&amp#27;[38;5;93m[c258be5a]&amp#27;[0m&amp#27;[38;5;78m[XCUITestDriver@26e2]&amp#27;[0m Responding to client with driver.execute() result: null
&amp#27;[38;5;93m[c258be5a]&amp#27;[0m&amp#27;[38;5;86m[HTTP]&amp#27;[0m &amp#27;[37m<-- POST /session/c258be5a-7f09-4ce3-86e7-5f77a339e236/execute/sync &amp#27;[39m&amp#27;[32m200&amp#27;[39m &amp#27;[90m327 ms - 14&amp#27;[39m &amp#27;[90m&amp#27;[39m
&amp#27;[38;5;93m[c258be5a]&amp#27;[0m&amp#27;[38;5;86m[HTTP]&amp#27;[0m &amp#27;[37m-->&amp#27;[39m &amp#27;[37mPOST&amp#27;[39m &amp#27;[37m/session/c258be5a-7f09-4ce3-86e7-5f77a339e236/element&amp#27;[39m &amp#27;[90m{"using":"xpath","value":"//XCUIElementTypeStaticText[@name=\"To Payment\"]"}&amp#27;[39m
&amp#27;[38;5;93m[c258be5a]&amp#27;[0m&amp#27;[38;5;78m[XCUITestDriver@26e2]&amp#27;[0m Calling AppiumDriver.findElement() with args: ["xpath","//XCUIElementTypeStaticText[@name=\"To Payment\"]","c258be5a-7f09-4ce3-86e7-5f77a339e236"]
&amp#27;[38;5;93m[c258be5a]&amp#27;[0m&amp#27;[38;5;78m[XCUITestDriver@26e2]&amp#27;[0m Executing command 'findElement'
&amp#27;[38;5;93m[c258be5a]&amp#27;[0m&amp#27;[38;5;78m[XCUITestDriver@26e2]&amp#27;[0m Valid locator strategies for this request: xpath, id, name, class name, -ios predicate string, -ios class chain, accessibility id, css selector
&amp#27;[38;5;93m[c258be5a]&amp#27;[0m&amp#27;[38;5;78m[XCUITestDriver@26e2]&amp#27;[0m Waiting up to 0 ms for condition
&amp#27;[38;5;93m[c258be5a]&amp#27;[0m&amp#27;[38;5;78m[XCUITestDriver@26e2]&amp#27;[0m Matched '/element' to command name 'findElement'
&amp#27;[38;5;93m[c258be5a]&amp#27;[0m&amp#27;[38;5;78m[XCUITestDriver@26e2]&amp#27;[0m Proxying [POST /element] to [POST http://127.0.0.1:8100/session/A980F244-8870-476F-852C-A9AA3E99174A/element] with body: {"using":"xpath","value":"//XCUIElementTypeStaticText[@name=\"To Payment\"]"}
&amp#27;[38;5;93m[c258be5a]&amp#27;[0m&amp#27;[38;5;173m[Xcode]&amp#27;[0m 2025-01-06 21:12:53.430419+0700 WebDriverAgentRunner-Runner[4963:65553] The following attributes were requested to be included into the XML: {(
&amp#27;[38;5;93m[c258be5a]&amp#27;[0m&amp#27;[38;5;173m[Xcode]&amp#27;[0m     FBNameAttribute
&amp#27;[38;5;93m[c258be5a]&amp#27;[0m&amp#27;[38;5;173m[Xcode]&amp#27;[0m )}
&amp#27;[38;5;93m[c258be5a]&amp#27;[0m&amp#27;[38;5;173m[Xcode]&amp#27;[0m     t =    43.36s Requesting snapshot of accessibility hierarchy for app with pid 4978
&amp#27;[38;5;93m[c258be5a]&amp#27;[0m&amp#27;[38;5;173m[Xcode]&amp#27;[0m     t =    45.15s Get all elements bound by index for: Elements matching predicate 'fb_uid IN {"DA010000-0000-0000-7213-000000000000"}'
&amp#27;[38;5;93m[c258be5a]&amp#27;[0m&amp#27;[38;5;173m[Xcode]&amp#27;[0m     t =    45.16s     Requesting snapshot of accessibility hierarchy for app with pid 4978
&amp#27;[38;5;93m[c258be5a]&amp#27;[0m&amp#27;[38;5;173m[Xcode]&amp#27;[0m     t =    45.22s     Find: Descendants matching type StaticText
&amp#27;[38;5;93m[c258be5a]&amp#27;[0m&amp#27;[38;5;173m[Xcode]&amp#27;[0m     t =    45.23s     Find: Elements matching predicate 'fb_uid IN {"DA010000-0000-0000-7213-000000000000"}'
&amp#27;[38;5;93m[c258be5a]&amp#27;[0m&amp#27;[38;5;173m[Xcode]&amp#27;[0m     t =    45.23s Requesting snapshot of accessibility hierarchy for app with pid 4978
&amp#27;[38;5;93m[c258be5a]&amp#27;[0m&amp#27;[38;5;173m[Xcode]&amp#27;[0m     t =    45.29s Find: Descendants matching type StaticText
&amp#27;[38;5;93m[c258be5a]&amp#27;[0m&amp#27;[38;5;173m[Xcode]&amp#27;[0m     t =    45.29s Find: Elements matching predicate 'fb_uid IN {"DA010000-0000-0000-7213-000000000000"}'
&amp#27;[38;5;93m[c258be5a]&amp#27;[0m&amp#27;[38;5;173m[Xcode]&amp#27;[0m     t =    45.29s Find: Element at index 0
&amp#27;[38;5;93m[c258be5a]&amp#27;[0m&amp#27;[38;5;78m[XCUITestDriver@26e2]&amp#27;[0m Got response with status 200: {"value":{"ELEMENT":"DA010000-0000-0000-7213-000000000000","element-6066-11e4-a52e-4f735466cecf":"DA010000-0000-0000-7213-000000000000"},"sessionId":"A980F244-8870-476F-852C-A9AA3E99174A"}
&amp#27;[38;5;93m[c258be5a]&amp#27;[0m&amp#27;[38;5;78m[XCUITestDriver@26e2]&amp#27;[0m Responding to client with driver.findElement() result: {"element-6066-11e4-a52e-4f735466cecf":"DA010000-0000-0000-7213-000000000000","ELEMENT":"DA010000-0000-0000-7213-000000000000"}
&amp#27;[38;5;93m[c258be5a]&amp#27;[0m&amp#27;[38;5;86m[HTTP]&amp#27;[0m &amp#27;[37m<-- POST /session/c258be5a-7f09-4ce3-86e7-5f77a339e236/element &amp#27;[39m&amp#27;[32m200&amp#27;[39m &amp#27;[90m1994 ms - 137&amp#27;[39m &amp#27;[90m&amp#27;[39m
&amp#27;[38;5;93m[c258be5a]&amp#27;[0m&amp#27;[38;5;86m[HTTP]&amp#27;[0m &amp#27;[37m-->&amp#27;[39m &amp#27;[37mPOST&amp#27;[39m &amp#27;[37m/session/c258be5a-7f09-4ce3-86e7-5f77a339e236/element/DA010000-0000-0000-7213-000000000000/click&amp#27;[39m &amp#27;[90m{"id":"DA010000-0000-0000-7213-000000000000"}&amp#27;[39m
&amp#27;[38;5;93m[c258be5a]&amp#27;[0m&amp#27;[38;5;78m[XCUITestDriver@26e2]&amp#27;[0m Driver proxy active, passing request on via HTTP proxy
&amp#27;[38;5;93m[c258be5a]&amp#27;[0m&amp#27;[38;5;78m[XCUITestDriver@26e2]&amp#27;[0m Executing command 'proxyReqRes'
&amp#27;[38;5;93m[c258be5a]&amp#27;[0m&amp#27;[38;5;78m[XCUITestDriver@26e2]&amp#27;[0m Matched '/session/c258be5a-7f09-4ce3-86e7-5f77a339e236/element/DA010000-0000-0000-7213-000000000000/click' to command name 'click'
&amp#27;[38;5;93m[c258be5a]&amp#27;[0m&amp#27;[38;5;78m[XCUITestDriver@26e2]&amp#27;[0m Proxying [POST /session/c258be5a-7f09-4ce3-86e7-5f77a339e236/element/DA010000-0000-0000-7213-000000000000/click] to [POST http://127.0.0.1:8100/session/A980F244-8870-476F-852C-A9AA3E99174A/element/DA010000-0000-0000-7213-000000000000/click] with body: {"id":"DA010000-0000-0000-7213-000000000000"}
&amp#27;[38;5;93m[c258be5a]&amp#27;[0m&amp#27;[38;5;173m[Xcode]&amp#27;[0m     t =    45.37s Requesting snapshot of accessibility hierarchy for app with pid 4978
&amp#27;[38;5;93m[c258be5a]&amp#27;[0m&amp#27;[38;5;173m[Xcode]&amp#27;[0m     t =    45.43s Find: Descendants matching type StaticText
&amp#27;[38;5;93m[c258be5a]&amp#27;[0m&amp#27;[38;5;173m[Xcode]&amp#27;[0m     t =    45.43s Find: Elements matching predicate 'fb_uid IN {"DA010000-0000-0000-7213-000000000000"}'
&amp#27;[38;5;93m[c258be5a]&amp#27;[0m&amp#27;[38;5;173m[Xcode]&amp#27;[0m     t =    45.43s Find: Element at index 0
&amp#27;[38;5;93m[c258be5a]&amp#27;[0m&amp#27;[38;5;173m[Xcode]&amp#27;[0m     t =    45.46s Tap "To Payment" StaticText
&amp#27;[38;5;93m[c258be5a]&amp#27;[0m&amp#27;[38;5;173m[Xcode]&amp#27;[0m 2025-01-06 21:12:55.530762+0700 WebDriverAgentRunner-Runner[4963:65553] Waiting up to 10s until com.saucelabs.mydemo.app.ios is in idle state (including animations)
&amp#27;[38;5;93m[c258be5a]&amp#27;[0m&amp#27;[38;5;173m[Xcode]&amp#27;[0m     t =    45.46s     Wait for com.saucelabs.mydemo.app.ios to idle
&amp#27;[38;5;93m[c258be5a]&amp#27;[0m&amp#27;[38;5;173m[Xcode]&amp#27;[0m     t =    45.48s     Find the "To Payment" StaticText
&amp#27;[38;5;93m[c258be5a]&amp#27;[0m&amp#27;[38;5;173m[Xcode]&amp#27;[0m     t =    45.48s         Requesting snapshot of accessibility hierarchy for app with pid 4978
&amp#27;[38;5;93m[c258be5a]&amp#27;[0m&amp#27;[38;5;173m[Xcode]&amp#27;[0m     t =    45.54s         Find: Descendants matching type StaticText
&amp#27;[38;5;93m[c258be5a]&amp#27;[0m&amp#27;[38;5;173m[Xcode]&amp#27;[0m     t =    45.55s         Find: Elements matching predicate 'fb_uid IN {"DA010000-0000-0000-7213-000000000000"}'
&amp#27;[38;5;93m[c258be5a]&amp#27;[0m&amp#27;[38;5;173m[Xcode]&amp#27;[0m     t =    45.55s         Find: Element at index 0
&amp#27;[38;5;93m[c258be5a]&amp#27;[0m&amp#27;[38;5;173m[Xcode]&amp#27;[0m     t =    45.56s     Application is configured to skip UI interruption handling
&amp#27;[38;5;93m[c258be5a]&amp#27;[0m&amp#27;[38;5;173m[Xcode]&amp#27;[0m     t =    45.56s     Synthesize event
&amp#27;[38;5;93m[c258be5a]&amp#27;[0m&amp#27;[38;5;173m[Xcode]&amp#27;[0m     t =    45.60s         Scroll element to visible
&amp#27;[38;5;93m[c258be5a]&amp#27;[0m&amp#27;[38;5;173m[Xcode]&amp#27;[0m     t =    45.63s         Find the "To Payment" StaticText
&amp#27;[38;5;93m[c258be5a]&amp#27;[0m&amp#27;[38;5;173m[Xcode]&amp#27;[0m     t =    45.64s             Requesting snapshot of accessibility hierarchy for app with pid 4978
&amp#27;[38;5;93m[c258be5a]&amp#27;[0m&amp#27;[38;5;173m[Xcode]&amp#27;[0m     t =    45.71s             Find: Descendants matching type StaticText
&amp#27;[38;5;93m[c258be5a]&amp#27;[0m&amp#27;[38;5;173m[Xcode]&amp#27;[0m     t =    45.71s             Find: Elements matching predicate 'fb_uid IN {"DA010000-0000-0000-7213-000000000000"}'
&amp#27;[38;5;93m[c258be5a]&amp#27;[0m&amp#27;[38;5;173m[Xcode]&amp#27;[0m     t =    45.71s             Find: Element at index 0
&amp#27;[38;5;93m[c258be5a]&amp#27;[0m&amp#27;[38;5;173m[Xcode]&amp#27;[0m     t =    45.75s         Computed hit point {-1, -1} after scrolling to visible
&amp#27;[38;5;93m[c258be5a]&amp#27;[0m&amp#27;[38;5;173m[Xcode]&amp#27;[0m     t =    45.75s         Failed: Failed to scroll to visible (by AX action) StaticText, {{141.0, 667.0}, {93.0, 18.0}}, error: Error kAXErrorCannotComplete performing AXAction kAXScrollToVisibleAction on element AX element pid: 4978, elementOrHash.elementID: 140474140437824.474
&amp#27;[38;5;93m[c258be5a]&amp#27;[0m&amp#27;[38;5;173m[Xcode]&amp#27;[0m     t =    46.76s     Retrying `Tap "To Payment" StaticText` (attempt #2)
&amp#27;[38;5;93m[c258be5a]&amp#27;[0m&amp#27;[38;5;173m[Xcode]&amp#27;[0m 2025-01-06 21:12:56.833090+0700 WebDriverAgentRunner-Runner[4963:65553] Waiting up to 10s until com.saucelabs.mydemo.app.ios is in idle state (including animations)
&amp#27;[38;5;93m[c258be5a]&amp#27;[0m&amp#27;[38;5;173m[Xcode]&amp#27;[0m     t =    46.76s         Wait for com.saucelabs.mydemo.app.ios to idle
&amp#27;[38;5;93m[c258be5a]&amp#27;[0m&amp#27;[38;5;173m[Xcode]&amp#27;[0m     t =    46.79s         Find the "To Payment" StaticText
&amp#27;[38;5;93m[c258be5a]&amp#27;[0m&amp#27;[38;5;173m[Xcode]&amp#27;[0m     t =    46.80s             Requesting snapshot of accessibility hierarchy for app with pid 4978
&amp#27;[38;5;93m[c258be5a]&amp#27;[0m&amp#27;[38;5;173m[Xcode]&amp#27;[0m     t =    46.86s             Find: Descendants matching type StaticText
&amp#27;[38;5;93m[c258be5a]&amp#27;[0m&amp#27;[38;5;173m[Xcode]&amp#27;[0m     t =    46.86s             Find: Elements matching predicate 'fb_uid IN {"DA010000-0000-0000-7213-000000000000"}'
&amp#27;[38;5;93m[c258be5a]&amp#27;[0m&amp#27;[38;5;173m[Xcode]&amp#27;[0m     t =    46.86s             Find: Element at index 0
&amp#27;[38;5;93m[c258be5a]&amp#27;[0m&amp#27;[38;5;173m[Xcode]&amp#27;[0m     t =    46.87s         Application is configured to skip UI interruption handling
&amp#27;[38;5;93m[c258be5a]&amp#27;[0m&amp#27;[38;5;173m[Xcode]&amp#27;[0m     t =    46.87s         Synthesize event
&amp#27;[38;5;93m[c258be5a]&amp#27;[0m&amp#27;[38;5;173m[Xcode]&amp#27;[0m     t =    46.91s             Scroll element to visible
&amp#27;[38;5;93m[c258be5a]&amp#27;[0m&amp#27;[38;5;173m[Xcode]&amp#27;[0m     t =    46.93s             Find the "To Payment" StaticText
&amp#27;[38;5;93m[c258be5a]&amp#27;[0m&amp#27;[38;5;173m[Xcode]&amp#27;[0m     t =    46.93s                 Requesting snapshot of accessibility hierarchy for app with pid 4978
&amp#27;[38;5;93m[c258be5a]&amp#27;[0m&amp#27;[38;5;173m[Xcode]&amp#27;[0m     t =    46.98s                 Find: Descendants matching type StaticText
&amp#27;[38;5;93m[c258be5a]&amp#27;[0m&amp#27;[38;5;173m[Xcode]&amp#27;[0m     t =    46.98s                 Find: Elements matching predicate 'fb_uid IN {"DA010000-0000-0000-7213-000000000000"}'
&amp#27;[38;5;93m[c258be5a]&amp#27;[0m&amp#27;[38;5;173m[Xcode]&amp#27;[0m     t =    46.99s                 Find: Element at index 0
&amp#27;[38;5;93m[c258be5a]&amp#27;[0m&amp#27;[38;5;173m[Xcode]&amp#27;[0m     t =    47.03s             Computed hit point {-1, -1} after scrolling to visible
&amp#27;[38;5;93m[c258be5a]&amp#27;[0m&amp#27;[38;5;173m[Xcode]&amp#27;[0m     t =    47.03s             Failed: Failed to scroll to visible (by AX action) StaticText, {{141.0, 667.0}, {93.0, 18.0}}, error: Error kAXErrorCannotComplete performing AXAction kAXScrollToVisibleAction on element AX element pid: 4978, elementOrHash.elementID: 140474140437824.474
&amp#27;[38;5;93m[c258be5a]&amp#27;[0m&amp#27;[38;5;173m[Xcode]&amp#27;[0m     t =    48.04s     Retrying `Tap "To Payment" StaticText` (attempt #3)
&amp#27;[38;5;93m[c258be5a]&amp#27;[0m&amp#27;[38;5;173m[Xcode]&amp#27;[0m 2025-01-06 21:12:58.110899+0700 WebDriverAgentRunner-Runner[4963:65553] Waiting up to 10s until com.saucelabs.mydemo.app.ios is in idle state (including animations)
&amp#27;[38;5;93m[c258be5a]&amp#27;[0m&amp#27;[38;5;173m[Xcode]&amp#27;[0m     t =    48.04s         Wait for com.saucelabs.mydemo.app.ios to idle
&amp#27;[38;5;93m[c258be5a]&amp#27;[0m&amp#27;[38;5;173m[Xcode]&amp#27;[0m     t =    48.06s         Find the "To Payment" StaticText
&amp#27;[38;5;93m[c258be5a]&amp#27;[0m&amp#27;[38;5;173m[Xcode]&amp#27;[0m     t =    48.06s             Requesting snapshot of accessibility hierarchy for app with pid 4978
&amp#27;[38;5;93m[c258be5a]&amp#27;[0m&amp#27;[38;5;173m[Xcode]&amp#27;[0m     t =    48.12s             Find: Descendants matching type StaticText
&amp#27;[38;5;93m[c258be5a]&amp#27;[0m&amp#27;[38;5;173m[Xcode]&amp#27;[0m     t =    48.12s             Find: Elements matching predicate 'fb_uid IN {"DA010000-0000-0000-7213-000000000000"}'
&amp#27;[38;5;93m[c258be5a]&amp#27;[0m&amp#27;[38;5;173m[Xcode]&amp#27;[0m     t =    48.12s             Find: Element at index 0
&amp#27;[38;5;93m[c258be5a]&amp#27;[0m&amp#27;[38;5;173m[Xcode]&amp#27;[0m     t =    48.13s         Application is configured to skip UI interruption handling
&amp#27;[38;5;93m[c258be5a]&amp#27;[0m&amp#27;[38;5;173m[Xcode]&amp#27;[0m     t =    48.13s         Synthesize event
&amp#27;[38;5;93m[c258be5a]&amp#27;[0m&amp#27;[38;5;173m[Xcode]&amp#27;[0m     t =    48.16s             Scroll element to visible
&amp#27;[38;5;93m[c258be5a]&amp#27;[0m&amp#27;[38;5;173m[Xcode]&amp#27;[0m     t =    48.18s             Find the "To Payment" StaticText
&amp#27;[38;5;93m[c258be5a]&amp#27;[0m&amp#27;[38;5;173m[Xcode]&amp#27;[0m     t =    48.19s                 Requesting snapshot of accessibility hierarchy for app with pid 4978
&amp#27;[38;5;93m[c258be5a]&amp#27;[0m&amp#27;[38;5;173m[Xcode]&amp#27;[0m     t =    48.23s                 Find: Descendants matching type StaticText
&amp#27;[38;5;93m[c258be5a]&amp#27;[0m&amp#27;[38;5;173m[Xcode]&amp#27;[0m     t =    48.24s                 Find: Elements matching predicate 'fb_uid IN {"DA010000-0000-0000-7213-000000000000"}'
&amp#27;[38;5;93m[c258be5a]&amp#27;[0m&amp#27;[38;5;173m[Xcode]&amp#27;[0m     t =    48.25s                 Find: Element at index 0
&amp#27;[38;5;93m[c258be5a]&amp#27;[0m&amp#27;[38;5;173m[Xcode]&amp#27;[0m     t =    48.28s             Computed hit point {-1, -1} after scrolling to visible
&amp#27;[38;5;93m[c258be5a]&amp#27;[0m&amp#27;[38;5;173m[Xcode]&amp#27;[0m     t =    48.28s             Failed: Failed to scroll to visible (by AX action) StaticText, {{141.0, 667.0}, {93.0, 18.0}}, error: Error kAXErrorCannotComplete performing AXAction kAXScrollToVisibleAction on element AX element pid: 4978, elementOrHash.elementID: 140474140437824.474
&amp#27;[38;5;93m[c258be5a]&amp#27;[0m&amp#27;[38;5;173m[Xcode]&amp#27;[0m 2025-01-06 21:12:58.365720+0700 WebDriverAgentRunner-Runner[4963:65553] Issue type: 0
&amp#27;[38;5;93m[c258be5a]&amp#27;[0m&amp#27;[38;5;173m[Xcode]&amp#27;[0m 2025-01-06 21:12:58.365997+0700 WebDriverAgentRunner-Runner[4963:65553] Enqueue Failure: Failed to synthesize event: Failed to scroll to visible (by AX action) StaticText, {{141.0, 667.0}, {93.0, 18.0}}, error: Error kAXErrorCannotComplete performing AXAction kAXScrollToVisibleAction on element AX element pid: 4978, elementOrHash.elementID: 140474140437824.474. (Underlying Error: Error kAXErrorCannotComplete performing AXAction kAXScrollToVisibleAction on element AX element pid: 4978, elementOrHash.elementID: 140474140437824.474) ((null)) (null) 0 0
&amp#27;[38;5;93m[c258be5a]&amp#27;[0m&amp#27;[38;5;78m[XCUITestDriver@26e2]&amp#27;[0m Got response with status 200: {"value":null,"sessionId":"A980F244-8870-476F-852C-A9AA3E99174A"}
&amp#27;[38;5;93m[c258be5a]&amp#27;[0m&amp#27;[38;5;78m[XCUITestDriver@26e2]&amp#27;[0m Replacing sessionId A980F244-8870-476F-852C-A9AA3E99174A with c258be5a-7f09-4ce3-86e7-5f77a339e236
&amp#27;[38;5;93m[c258be5a]&amp#27;[0m&amp#27;[38;5;86m[HTTP]&amp#27;[0m &amp#27;[37m<-- POST /session/c258be5a-7f09-4ce3-86e7-5f77a339e236/element/DA010000-0000-0000-7213-000000000000/click &amp#27;[39m&amp#27;[32m200&amp#27;[39m &amp#27;[90m2947 ms - 65&amp#27;[39m &amp#27;[90m&amp#27;[39m
&amp#27;[38;5;93m[c258be5a]&amp#27;[0m&amp#27;[38;5;86m[HTTP]&amp#27;[0m &amp#27;[37m-->&amp#27;[39m &amp#27;[37mPOST&amp#27;[39m &amp#27;[37m/session/c258be5a-7f09-4ce3-86e7-5f77a339e236/element&amp#27;[39m &amp#27;[90m{"using":"xpath","value":"//XCUIElementTypeTextField[@value=\"Maxim Winter\"]"}&amp#27;[39m
&amp#27;[38;5;93m[c258be5a]&amp#27;[0m&amp#27;[38;5;78m[XCUITestDriver@26e2]&amp#27;[0m Calling AppiumDriver.findElement() with args: ["xpath","//XCUIElementTypeTextField[@value=\"Maxim Winter\"]","c258be5a-7f09-4ce3-86e7-5f77a339e236"]
&amp#27;[38;5;93m[c258be5a]&amp#27;[0m&amp#27;[38;5;78m[XCUITestDriver@26e2]&amp#27;[0m Executing command 'findElement'
&amp#27;[38;5;93m[c258be5a]&amp#27;[0m&amp#27;[38;5;78m[XCUITestDriver@26e2]&amp#27;[0m Valid locator strategies for this request: xpath, id, name, class name, -ios predicate string, -ios class chain, accessibility id, css selector
&amp#27;[38;5;93m[c258be5a]&amp#27;[0m&amp#27;[38;5;78m[XCUITestDriver@26e2]&amp#27;[0m Waiting up to 0 ms for condition
&amp#27;[38;5;93m[c258be5a]&amp#27;[0m&amp#27;[38;5;78m[XCUITestDriver@26e2]&amp#27;[0m Matched '/element' to command name 'findElement'
&amp#27;[38;5;93m[c258be5a]&amp#27;[0m&amp#27;[38;5;78m[XCUITestDriver@26e2]&amp#27;[0m Proxying [POST /element] to [POST http://127.0.0.1:8100/session/A980F244-8870-476F-852C-A9AA3E99174A/element] with body: {"using":"xpath","value":"//XCUIElementTypeTextField[@value=\"Maxim Winter\"]"}
&amp#27;[38;5;93m[c258be5a]&amp#27;[0m&amp#27;[38;5;173m[Xcode]&amp#27;[0m 2025-01-06 21:13:28.399509+0700 WebDriverAgentRunner-Runner[4963:65553] The following attributes were requested to be included into the XML: {(
&amp#27;[38;5;93m[c258be5a]&amp#27;[0m&amp#27;[38;5;173m[Xcode]&amp#27;[0m     FBValueAttribute
&amp#27;[38;5;93m[c258be5a]&amp#27;[0m&amp#27;[38;5;173m[Xcode]&amp#27;[0m )}
&amp#27;[38;5;93m[c258be5a]&amp#27;[0m&amp#27;[38;5;173m[Xcode]&amp#27;[0m     t =    78.33s Requesting snapshot of accessibility hierarchy for app with pid 4978
&amp#27;[38;5;93m[c258be5a]&amp#27;[0m&amp#27;[38;5;78m[XCUITestDriver@26e2]&amp#27;[0m Got response with status 404: {"value":{"error":"no such element","message":"unable to find an element using 'xpath', value '//XCUIElementTypeTextField[@value=\"Maxim Winter\"]'","traceback":"(\n\t0   WebDriverAgentLib                   0x00000001343511f2 FBNoSuchElementErrorResponseForRequest + 290\n\t1   WebDriverAgentLib                   0x0000000134350fcc +[FBFindElementCommands handleFindElement:] + 364\n\t2   WebDriverAgentLib                   0x0000000134310e0c -[FBRoute_TargetAction mountRequest:intoResponse:] + 172\n\t3   WebDriverAgentLib                   0x00000001342f7a94 __37-[FBWebServer registerRouteHandlers:]_block_invoke + 500\n\t4   WebDriverAgentLib                   0x00000001343345dd -[RoutingHTTPServer handleRoute:withRequest:response:] + 189\n\t5   WebDriverAgentLib                   0x00000001343353e1 __72-[RoutingHTTPServer routeMethod:withPath:parameters:request:connection:]_block_invoke + 65\n\t6   libdispatch.dylib                   0x000000010ccfd83a _dispatch_client_callout + 8\n\t7   libdispatch.dylib ...
&amp#27;[38;5;93m[c258be5a]&amp#27;[0m&amp#27;[38;5;123m[W3C]&amp#27;[0m Matched W3C error code 'no such element' to NoSuchElementError
&amp#27;[38;5;93m[c258be5a]&amp#27;[0m&amp#27;[38;5;78m[XCUITestDriver@26e2]&amp#27;[0m Encountered internal error running command: NoSuchElementError: An element could not be located on the page using the given search parameters.
    at XCUITestDriver.doNativeFind (/Users/mac/.appium/node_modules/appium-xcuitest-driver/lib/commands/find.js:143:13)
    at processTicksAndRejections (node:internal/process/task_queues:95:5)
    at XCUITestDriver.findNativeElementOrElements (/Users/mac/.appium/node_modules/appium-xcuitest-driver/lib/commands/find.js:97:12)
    at XCUITestDriver.findElOrEls (/Users/mac/.appium/node_modules/appium-xcuitest-driver/lib/commands/find.js:24:14)
    at XCUITestDriver.findElOrElsWithProcessing (/usr/local/lib/node_modules/appium/node_modules/@appium/base-driver/lib/basedriver/commands/find.ts:60:12)
    at XCUITestDriver.findElement (/usr/local/lib/node_modules/appium/node_modules/@appium/base-driver/lib/basedriver/commands/find.ts:75:12)
&amp#27;[38;5;93m[c258be5a]&amp#27;[0m&amp#27;[38;5;86m[HTTP]&amp#27;[0m &amp#27;[37m<-- POST /session/c258be5a-7f09-4ce3-86e7-5f77a339e236/element &amp#27;[39m&amp#27;[33m404&amp#27;[39m &amp#27;[90m1351 ms - 992&amp#27;[39m &amp#27;[90m&amp#27;[39m
]]></system-out>
    <system-err><![CDATA[SLF4J(W): No SLF4J providers were found.
SLF4J(W): Defaulting to no-operation (NOP) logger implementation
SLF4J(W): See https://www.slf4j.org/codes.html#noProviders for further details.
]]></system-err>
  </testcase>
  <testcase name="setUpAndroid" classname="com.thoaikx.android.LoginTest" time="169.295">
    <failure message="Could not start a new session. Response code 500. Message: An unknown server-side error occurred while processing the command. Original error: Could not find a connected Android device in 20000ms &#10;Host info: host: &apos;192.168.1.248.non-exists.ptr.local&apos;, ip: &apos;2402:800:6d3e:e88d:0:0:0:3%en0&apos;&#10;Build info: version: &apos;4.27.0&apos;, revision: &apos;d6e718d134&apos;&#10;System info: os.name: &apos;Mac OS X&apos;, os.arch: &apos;x86_64&apos;, os.version: &apos;12.7.4&apos;, java.version: &apos;17.0.13&apos;&#10;Driver info: io.appium.java_client.android.AndroidDriver&#10;Command: [null, newSession {capabilities=[Capabilities {appium:app: /Users/mac/Documents/Appium..., appium:appActivity: com.saucelabs.mydemoapp.and..., appium:appPackage: com.saucelabs.mydemoapp.and..., appium:automationName: UiAutomator2, appium:deviceName: emulator-5554, appium:platformVersion: 15, platformName: ANDROID}]}]&#10;Capabilities {appium:app: /Users/mac/Documents/Appium..., appium:appActivity: com.saucelabs.mydemoapp.and..., appium:appPackage: com.saucelabs.mydemoapp.and..., appium:automationName: UiAutomator2, appium:deviceName: emulator-5554, appium:platformVersion: 15, platformName: ANDROID}" type="org.openqa.selenium.SessionNotCreatedException"><![CDATA[org.openqa.selenium.SessionNotCreatedException: 
Could not start a new session. Response code 500. Message: An unknown server-side error occurred while processing the command. Original error: Could not find a connected Android device in 20000ms 
Host info: host: '192.168.1.248.non-exists.ptr.local', ip: '2402:800:6d3e:e88d:0:0:0:3%en0'
Build info: version: '4.27.0', revision: 'd6e718d134'
System info: os.name: 'Mac OS X', os.arch: 'x86_64', os.version: '12.7.4', java.version: '17.0.13'
Driver info: io.appium.java_client.android.AndroidDriver
Command: [null, newSession {capabilities=[Capabilities {appium:app: /Users/mac/Documents/Appium..., appium:appActivity: com.saucelabs.mydemoapp.and..., appium:appPackage: com.saucelabs.mydemoapp.and..., appium:automationName: UiAutomator2, appium:deviceName: emulator-5554, appium:platformVersion: 15, platformName: ANDROID}]}]
Capabilities {appium:app: /Users/mac/Documents/Appium..., appium:appActivity: com.saucelabs.mydemoapp.and..., appium:appPackage: com.saucelabs.mydemoapp.and..., appium:automationName: UiAutomator2, appium:deviceName: emulator-5554, appium:platformVersion: 15, platformName: ANDROID}
	at org.openqa.selenium.remote.ProtocolHandshake.createSession(ProtocolHandshake.java:114)
	at org.openqa.selenium.remote.ProtocolHandshake.createSession(ProtocolHandshake.java:75)
	at org.openqa.selenium.remote.ProtocolHandshake.createSession(ProtocolHandshake.java:61)
	at io.appium.java_client.remote.AppiumCommandExecutor.createSession(AppiumCommandExecutor.java:176)
	at io.appium.java_client.remote.AppiumCommandExecutor.execute(AppiumCommandExecutor.java:237)
	at org.openqa.selenium.remote.RemoteWebDriver.execute(RemoteWebDriver.java:545)
	at io.appium.java_client.AppiumDriver.startSession(AppiumDriver.java:270)
	at org.openqa.selenium.remote.RemoteWebDriver.<init>(RemoteWebDriver.java:174)
	at io.appium.java_client.AppiumDriver.<init>(AppiumDriver.java:91)
	at io.appium.java_client.AppiumDriver.<init>(AppiumDriver.java:103)
	at io.appium.java_client.android.AndroidDriver.<init>(AndroidDriver.java:109)
	at com.thoaikx.base.BaseMobileAndroid.setUpAndroid(BaseMobileAndroid.java:44)
	at java.base/jdk.internal.reflect.NativeMethodAccessorImpl.invoke0(Native Method)
	at java.base/jdk.internal.reflect.NativeMethodAccessorImpl.invoke(NativeMethodAccessorImpl.java:77)
	at java.base/jdk.internal.reflect.DelegatingMethodAccessorImpl.invoke(DelegatingMethodAccessorImpl.java:43)
	at java.base/java.lang.reflect.Method.invoke(Method.java:569)
	at org.testng.internal.invokers.MethodInvocationHelper.invokeMethod(MethodInvocationHelper.java:139)
	at org.testng.internal.invokers.MethodInvocationHelper.invokeMethodConsideringTimeout(MethodInvocationHelper.java:69)
	at org.testng.internal.invokers.ConfigInvoker.invokeConfigurationMethod(ConfigInvoker.java:390)
	at org.testng.internal.invokers.ConfigInvoker.invokeConfigurations(ConfigInvoker.java:325)
	at org.testng.internal.invokers.TestInvoker.runConfigMethods(TestInvoker.java:810)
	at org.testng.internal.invokers.TestInvoker.invokeMethod(TestInvoker.java:577)
	at org.testng.internal.invokers.TestInvoker.invokeTestMethod(TestInvoker.java:227)
	at org.testng.internal.invokers.MethodRunner.runInSequence(MethodRunner.java:50)
	at org.testng.internal.invokers.TestInvoker$MethodInvocationAgent.invoke(TestInvoker.java:957)
	at org.testng.internal.invokers.TestInvoker.invokeTestMethods(TestInvoker.java:200)
	at org.testng.internal.invokers.TestMethodWorker.invokeTestMethods(TestMethodWorker.java:148)
	at org.testng.internal.invokers.TestMethodWorker.run(TestMethodWorker.java:128)
	at java.base/java.util.ArrayList.forEach(ArrayList.java:1511)
	at org.testng.TestRunner.privateRun(TestRunner.java:848)
	at org.testng.TestRunner.run(TestRunner.java:621)
	at org.testng.SuiteRunner.runTest(SuiteRunner.java:443)
	at org.testng.SuiteRunner.runSequentially(SuiteRunner.java:437)
	at org.testng.SuiteRunner.privateRun(SuiteRunner.java:397)
	at org.testng.SuiteRunner.run(SuiteRunner.java:336)
	at org.testng.SuiteRunnerWorker.runSuite(SuiteRunnerWorker.java:52)
	at org.testng.SuiteRunnerWorker.run(SuiteRunnerWorker.java:95)
	at org.testng.TestNG.runSuitesSequentially(TestNG.java:1280)
	at org.testng.TestNG.runSuitesLocally(TestNG.java:1200)
	at org.testng.TestNG.runSuites(TestNG.java:1114)
	at org.testng.TestNG.run(TestNG.java:1082)
	at org.apache.maven.surefire.testng.TestNGExecutor.run(TestNGExecutor.java:155)
	at org.apache.maven.surefire.testng.TestNGDirectoryTestSuite.executeMulti(TestNGDirectoryTestSuite.java:169)
	at org.apache.maven.surefire.testng.TestNGDirectoryTestSuite.execute(TestNGDirectoryTestSuite.java:88)
	at org.apache.maven.surefire.testng.TestNGProvider.invoke(TestNGProvider.java:137)
	at org.apache.maven.surefire.booter.ForkedBooter.runSuitesInProcess(ForkedBooter.java:385)
	at org.apache.maven.surefire.booter.ForkedBooter.execute(ForkedBooter.java:162)
	at org.apache.maven.surefire.booter.ForkedBooter.run(ForkedBooter.java:507)
	at org.apache.maven.surefire.booter.ForkedBooter.main(ForkedBooter.java:495)
]]></failure>
    <system-out><![CDATA[&amp#27;[38;5;93m[c258be5a]&amp#27;[0m&amp#27;[38;5;86m[HTTP]&amp#27;[0m &amp#27;[37m-->&amp#27;[39m &amp#27;[37mDELETE&amp#27;[39m &amp#27;[37m/session/c258be5a-7f09-4ce3-86e7-5f77a339e236&amp#27;[39m &amp#27;[90m{}&amp#27;[39m
&amp#27;[38;5;93m[c258be5a]&amp#27;[0m&amp#27;[38;5;78m[XCUITestDriver@26e2]&amp#27;[0m Calling AppiumDriver.deleteSession() with args: ["c258be5a-7f09-4ce3-86e7-5f77a339e236"]
&amp#27;[38;5;93m[c258be5a]&amp#27;[0m&amp#27;[38;5;22m[AppiumDriver@9403]&amp#27;[0m Event 'quitSessionRequested' logged at 1736172809776 (21:13:29 GMT+0700 (Indochina Time))
&amp#27;[38;5;93m[c258be5a]&amp#27;[0m&amp#27;[38;5;22m[AppiumDriver@9403]&amp#27;[0m Removing session c258be5a-7f09-4ce3-86e7-5f77a339e236 from our master session list
&amp#27;[38;5;93m[c258be5a]&amp#27;[0m&amp#27;[38;5;78m[XCUITestDriver@26e2]&amp#27;[0m Matched '/session/c258be5a-7f09-4ce3-86e7-5f77a339e236' to command name 'deleteSession'
&amp#27;[38;5;93m[c258be5a]&amp#27;[0m&amp#27;[38;5;78m[XCUITestDriver@26e2]&amp#27;[0m Proxying [DELETE /session/c258be5a-7f09-4ce3-86e7-5f77a339e236] to [DELETE http://127.0.0.1:8100/session/A980F244-8870-476F-852C-A9AA3E99174A] with no body
&amp#27;[38;5;93m[c258be5a]&amp#27;[0m&amp#27;[38;5;173m[Xcode]&amp#27;[0m     t =    79.76s Terminate com.saucelabs.mydemo.app.ios:4978
&amp#27;[38;5;93m[c258be5a]&amp#27;[0m&amp#27;[38;5;78m[XCUITestDriver@26e2]&amp#27;[0m Got response with status 200: {"value":null,"sessionId":null}
&amp#27;[38;5;93m[c258be5a]&amp#27;[0m&amp#27;[38;5;23m[DevCon Factory]&amp#27;[0m Releasing connections for 1C2AD9B1-C90B-448A-AD73-5B39FE753230 device on any port number
&amp#27;[38;5;93m[c258be5a]&amp#27;[0m&amp#27;[38;5;23m[DevCon Factory]&amp#27;[0m Found cached connections to release: ["1C2AD9B1-C90B-448A-AD73-5B39FE753230:8100"]
&amp#27;[38;5;93m[c258be5a]&amp#27;[0m&amp#27;[38;5;23m[DevCon Factory]&amp#27;[0m Cached connections count: 0
&amp#27;[38;5;93m[c258be5a]&amp#27;[0m&amp#27;[38;5;78m[XCUITestDriver@26e2]&amp#27;[0m Not clearing log files. Use `clearSystemFiles` capability to turn on.
&amp#27;[38;5;93m[c258be5a]&amp#27;[0m&amp#27;[38;5;78m[XCUITestDriver@26e2]&amp#27;[0m Stopping iOS log capture
&amp#27;[38;5;93m[c258be5a]&amp#27;[0m&amp#27;[38;5;22m[AppiumDriver@9403]&amp#27;[0m Event 'quitSessionFinished' logged at 1736172810928 (21:13:30 GMT+0700 (Indochina Time))
&amp#27;[38;5;93m[c258be5a]&amp#27;[0m&amp#27;[38;5;22m[AppiumDriver@9403]&amp#27;[0m Received response: null
&amp#27;[38;5;93m[c258be5a]&amp#27;[0m&amp#27;[38;5;22m[AppiumDriver@9403]&amp#27;[0m But deleting session, so not returning
&amp#27;[38;5;93m[c258be5a]&amp#27;[0m&amp#27;[38;5;22m[AppiumDriver@9403]&amp#27;[0m Responding to client with driver.deleteSession() result: null
&amp#27;[38;5;93m[c258be5a]&amp#27;[0m&amp#27;[38;5;86m[HTTP]&amp#27;[0m &amp#27;[37m<-- DELETE /session/c258be5a-7f09-4ce3-86e7-5f77a339e236 &amp#27;[39m&amp#27;[32m200&amp#27;[39m &amp#27;[90m1154 ms - 14&amp#27;[39m &amp#27;[90m&amp#27;[39m
Killed Appium on port 9999.
&amp#27;[38;5;112m[Appium]&amp#27;[0m Received SIGTERM - shutting down
&amp#27;[38;5;22m[AppiumDriver@9403]&amp#27;[0m There are no active sessions for cleanup
&amp#27;[38;5;86m[HTTP]&amp#27;[0m Closing Appium HTTP server
&amp#27;[38;5;86m[HTTP]&amp#27;[0m Appium HTTP server has been succesfully closed after 2ms
Killed Appium on port 8888.
Appium started on port 8888.
&amp#27;[38;5;112m[Appium]&amp#27;[0m Welcome to Appium v2.13.1
&amp#27;[38;5;112m[Appium]&amp#27;[0m Non-default server args:
&amp#27;[38;5;112m[Appium]&amp#27;[0m { port: &amp#27;[33m8888&amp#27;[39m }
&amp#27;[38;5;112m[Appium]&amp#27;[0m The autodetected Appium home path: /Users/mac/.appium
&amp#27;[38;5;112m[Appium]&amp#27;[0m Attempting to load driver xcuitest...
&amp#27;[38;5;112m[Appium]&amp#27;[0m Attempting to load driver uiautomator2...
&amp#27;[38;5;112m[Appium]&amp#27;[0m Requiring driver at /Users/mac/.appium/node_modules/appium-uiautomator2-driver/build/index.js
&amp#27;[38;5;112m[Appium]&amp#27;[0m Requiring driver at /Users/mac/.appium/node_modules/appium-xcuitest-driver/build/index.js
&amp#27;[38;5;112m[Appium]&amp#27;[0m AndroidUiautomator2Driver has been successfully loaded in 4.362s
&amp#27;[38;5;112m[Appium]&amp#27;[0m XCUITestDriver has been successfully loaded in 4.367s
&amp#27;[38;5;112m[Appium]&amp#27;[0m Appium REST http interface listener started on http://0.0.0.0:8888
&amp#27;[38;5;112m[Appium]&amp#27;[0m You can provide the following URLs in your client code to connect to this server:
	http://127.0.0.1:8888/ (only accessible from the same host)
	http://192.168.1.248:8888/
&amp#27;[38;5;112m[Appium]&amp#27;[0m Available drivers:
&amp#27;[38;5;112m[Appium]&amp#27;[0m   - xcuitest@7.26.4 (automationName 'XCUITest')
&amp#27;[38;5;112m[Appium]&amp#27;[0m   - uiautomator2@3.8.0 (automationName 'UiAutomator2')
&amp#27;[38;5;112m[Appium]&amp#27;[0m No plugins have been installed. Use the "appium plugin" command to install the one(s) you want to use.
Capabilities {appium:app: /Users/mac/Documents/Appium..., appium:appActivity: com.saucelabs.mydemoapp.and..., appium:appPackage: com.saucelabs.mydemoapp.and..., appium:automationName: UiAutomator2, appium:deviceName: emulator-5554, appium:platformVersion: 15, platformName: ANDROID}
&amp#27;[38;5;86m[HTTP]&amp#27;[0m Request idempotency key: 13de6d78-0cee-4cba-b641-c2a369c014d3
&amp#27;[38;5;86m[HTTP]&amp#27;[0m &amp#27;[37m-->&amp#27;[39m &amp#27;[37mPOST&amp#27;[39m &amp#27;[37m/session&amp#27;[39m &amp#27;[90m{"capabilities":{"firstMatch":[{"appium:appActivity":"com.saucelabs.mydemoapp.android.view.activities.SplashActivity","appium:deviceName":"emulator-5554","platformName":"ANDROID","appium:automationName":"UiAutomator2","appium:app":"/Users/mac/Documents/Appium-Android-IOS-Automation/src/test/resources/androidapp/app-android.apk","appium:platformVersion":"15","appium:appPackage":"com.saucelabs.mydemoapp.android"}]}}&amp#27;[39m
&amp#27;[38;5;48m[AppiumDriver@9377]&amp#27;[0m Calling AppiumDriver.createSession() with args: [null,null,{"firstMatch":[{"appium:appActivity":"com.saucelabs.mydemoapp.android.view.activities.SplashActivity","appium:deviceName":"emulator-5554","platformName":"ANDROID","appium:automationName":"UiAutomator2","appium:app":"/Users/mac/Documents/Appium-Android-IOS-Automation/src/test/resources/androidapp/app-android.apk","appium:platformVersion":"15","appium:appPackage":"com.saucelabs.mydemoapp.android"}]}]
&amp#27;[38;5;48m[AppiumDriver@9377]&amp#27;[0m Event 'newSessionRequested' logged at 1736172881098 (21:14:41 GMT+0700 (Indochina Time))
&amp#27;[38;5;112m[Appium]&amp#27;[0m Attempting to find matching driver for automationName 'UiAutomator2' and platformName 'ANDROID'
&amp#27;[38;5;112m[Appium]&amp#27;[0m The 'uiautomator2' driver was installed and matched caps.
&amp#27;[38;5;112m[Appium]&amp#27;[0m Will require it at /Users/mac/.appium/node_modules/appium-uiautomator2-driver
&amp#27;[38;5;112m[Appium]&amp#27;[0m Requiring driver at /Users/mac/.appium/node_modules/appium-uiautomator2-driver/build/index.js
&amp#27;[38;5;48m[AppiumDriver@9377]&amp#27;[0m Appium v2.13.1 creating new AndroidUiautomator2Driver (v3.8.0) session
&amp#27;[38;5;48m[AppiumDriver@9377]&amp#27;[0m Checking BaseDriver versions for Appium and AndroidUiautomator2Driver
&amp#27;[38;5;48m[AppiumDriver@9377]&amp#27;[0m Appium's BaseDriver version is 9.13.1
&amp#27;[38;5;48m[AppiumDriver@9377]&amp#27;[0m AndroidUiautomator2Driver's BaseDriver version is 9.13.1
&amp#27;[38;5;-118m[AndroidUiautomator2Driver@8328]&amp#27;[0m 
&amp#27;[38;5;-118m[AndroidUiautomator2Driver@8328]&amp#27;[0m Creating session with W3C capabilities: {
  "alwaysMatch": {
    "platformName": "ANDROID",
    "appium:appActivity": "com.saucelabs.mydemoapp.android.view.activities.SplashActivity",
    "appium:deviceName": "emulator-5554",
    "appium:automationName": "UiAutomator2",
    "appium:app": "/Users/mac/Documents/Appium-Android-IOS-Automation/src/test/resources/androidapp/app-android.apk",
    "appium:platformVersion": "15",
    "appium:appPackage": "com.saucelabs.mydemoapp.android"
  },
  "firstMatch": [
    {}
  ]
}
&amp#27;[38;5;199m[c479743b]&amp#27;[0m&amp#27;[38;5;-118m[AndroidUiautomator2Driver@8328]&amp#27;[0m Session created with session id: c479743b-ae63-41f1-a627-59325bafa5aa
&amp#27;[38;5;199m[c479743b]&amp#27;[0m&amp#27;[38;5;229m[ADB]&amp#27;[0m Found 3 'build-tools' folders under '/Users/mac/Library/Android/sdk' (newest first):
&amp#27;[38;5;199m[c479743b]&amp#27;[0m&amp#27;[38;5;229m[ADB]&amp#27;[0m     /Users/mac/Library/Android/sdk/build-tools/36.0.0-rc3
&amp#27;[38;5;199m[c479743b]&amp#27;[0m&amp#27;[38;5;229m[ADB]&amp#27;[0m     /Users/mac/Library/Android/sdk/build-tools/35.0.0
&amp#27;[38;5;199m[c479743b]&amp#27;[0m&amp#27;[38;5;229m[ADB]&amp#27;[0m     /Users/mac/Library/Android/sdk/build-tools/30.0.2
&amp#27;[38;5;199m[c479743b]&amp#27;[0m&amp#27;[38;5;229m[ADB]&amp#27;[0m Using 'adb' from '/Users/mac/Library/Android/sdk/platform-tools/adb'
&amp#27;[38;5;199m[c479743b]&amp#27;[0m&amp#27;[38;5;229m[ADB]&amp#27;[0m Running '/Users/mac/Library/Android/sdk/platform-tools/adb -P 5037 start-server'
&amp#27;[38;5;199m[c479743b]&amp#27;[0m&amp#27;[38;5;-118m[AndroidUiautomator2Driver@8328]&amp#27;[0m Retrieving device list
&amp#27;[38;5;199m[c479743b]&amp#27;[0m&amp#27;[38;5;229m[ADB]&amp#27;[0m Trying to find connected Android devices
&amp#27;[38;5;199m[c479743b]&amp#27;[0m&amp#27;[38;5;229m[ADB]&amp#27;[0m Getting connected devices
&amp#27;[38;5;199m[c479743b]&amp#27;[0m&amp#27;[38;5;229m[ADB]&amp#27;[0m No connected devices have been detected
&amp#27;[38;5;199m[c479743b]&amp#27;[0m&amp#27;[38;5;229m[ADB]&amp#27;[0m Could not find online devices
&amp#27;[38;5;199m[c479743b]&amp#27;[0m&amp#27;[38;5;229m[ADB]&amp#27;[0m Reconnecting adb (target offline)
&amp#27;[38;5;199m[c479743b]&amp#27;[0m&amp#27;[38;5;229m[ADB]&amp#27;[0m Running '/Users/mac/Library/Android/sdk/platform-tools/adb -P 5037 reconnect offline'
&amp#27;[38;5;199m[c479743b]&amp#27;[0m&amp#27;[38;5;229m[ADB]&amp#27;[0m Getting connected devices
&amp#27;[38;5;199m[c479743b]&amp#27;[0m&amp#27;[38;5;229m[ADB]&amp#27;[0m No connected devices have been detected
&amp#27;[38;5;199m[c479743b]&amp#27;[0m&amp#27;[38;5;229m[ADB]&amp#27;[0m Could not find online devices
&amp#27;[38;5;199m[c479743b]&amp#27;[0m&amp#27;[38;5;229m[ADB]&amp#27;[0m Reconnecting adb (target offline)
&amp#27;[38;5;199m[c479743b]&amp#27;[0m&amp#27;[38;5;229m[ADB]&amp#27;[0m Running '/Users/mac/Library/Android/sdk/platform-tools/adb -P 5037 reconnect offline'
&amp#27;[38;5;199m[c479743b]&amp#27;[0m&amp#27;[38;5;229m[ADB]&amp#27;[0m Getting connected devices
&amp#27;[38;5;199m[c479743b]&amp#27;[0m&amp#27;[38;5;229m[ADB]&amp#27;[0m No connected devices have been detected
&amp#27;[38;5;199m[c479743b]&amp#27;[0m&amp#27;[38;5;229m[ADB]&amp#27;[0m Could not find online devices
&amp#27;[38;5;199m[c479743b]&amp#27;[0m&amp#27;[38;5;229m[ADB]&amp#27;[0m Reconnecting adb (target offline)
&amp#27;[38;5;199m[c479743b]&amp#27;[0m&amp#27;[38;5;229m[ADB]&amp#27;[0m Running '/Users/mac/Library/Android/sdk/platform-tools/adb -P 5037 reconnect offline'
&amp#27;[38;5;199m[c479743b]&amp#27;[0m&amp#27;[38;5;229m[ADB]&amp#27;[0m Getting connected devices
&amp#27;[38;5;199m[c479743b]&amp#27;[0m&amp#27;[38;5;229m[ADB]&amp#27;[0m No connected devices have been detected
&amp#27;[38;5;199m[c479743b]&amp#27;[0m&amp#27;[38;5;229m[ADB]&amp#27;[0m Could not find online devices
&amp#27;[38;5;199m[c479743b]&amp#27;[0m&amp#27;[38;5;229m[ADB]&amp#27;[0m Reconnecting adb (target offline)
&amp#27;[38;5;199m[c479743b]&amp#27;[0m&amp#27;[38;5;229m[ADB]&amp#27;[0m Running '/Users/mac/Library/Android/sdk/platform-tools/adb -P 5037 reconnect offline'
&amp#27;[38;5;199m[c479743b]&amp#27;[0m&amp#27;[38;5;229m[ADB]&amp#27;[0m Getting connected devices
&amp#27;[38;5;199m[c479743b]&amp#27;[0m&amp#27;[38;5;229m[ADB]&amp#27;[0m No connected devices have been detected
&amp#27;[38;5;199m[c479743b]&amp#27;[0m&amp#27;[38;5;229m[ADB]&amp#27;[0m Could not find online devices
&amp#27;[38;5;199m[c479743b]&amp#27;[0m&amp#27;[38;5;229m[ADB]&amp#27;[0m Reconnecting adb (target offline)
&amp#27;[38;5;199m[c479743b]&amp#27;[0m&amp#27;[38;5;229m[ADB]&amp#27;[0m Running '/Users/mac/Library/Android/sdk/platform-tools/adb -P 5037 reconnect offline'
&amp#27;[38;5;199m[c479743b]&amp#27;[0m&amp#27;[38;5;229m[ADB]&amp#27;[0m Getting connected devices
&amp#27;[38;5;199m[c479743b]&amp#27;[0m&amp#27;[38;5;229m[ADB]&amp#27;[0m No connected devices have been detected
&amp#27;[38;5;199m[c479743b]&amp#27;[0m&amp#27;[38;5;229m[ADB]&amp#27;[0m Could not find online devices
&amp#27;[38;5;199m[c479743b]&amp#27;[0m&amp#27;[38;5;229m[ADB]&amp#27;[0m Reconnecting adb (target offline)
&amp#27;[38;5;199m[c479743b]&amp#27;[0m&amp#27;[38;5;229m[ADB]&amp#27;[0m Running '/Users/mac/Library/Android/sdk/platform-tools/adb -P 5037 reconnect offline'
&amp#27;[38;5;199m[c479743b]&amp#27;[0m&amp#27;[38;5;229m[ADB]&amp#27;[0m Getting connected devices
&amp#27;[38;5;199m[c479743b]&amp#27;[0m&amp#27;[38;5;229m[ADB]&amp#27;[0m No connected devices have been detected
&amp#27;[38;5;199m[c479743b]&amp#27;[0m&amp#27;[38;5;229m[ADB]&amp#27;[0m Could not find online devices
&amp#27;[38;5;199m[c479743b]&amp#27;[0m&amp#27;[38;5;229m[ADB]&amp#27;[0m Reconnecting adb (target offline)
&amp#27;[38;5;199m[c479743b]&amp#27;[0m&amp#27;[38;5;229m[ADB]&amp#27;[0m Running '/Users/mac/Library/Android/sdk/platform-tools/adb -P 5037 reconnect offline'
&amp#27;[38;5;199m[c479743b]&amp#27;[0m&amp#27;[38;5;229m[ADB]&amp#27;[0m Getting connected devices
&amp#27;[38;5;199m[c479743b]&amp#27;[0m&amp#27;[38;5;229m[ADB]&amp#27;[0m No connected devices have been detected
&amp#27;[38;5;199m[c479743b]&amp#27;[0m&amp#27;[38;5;229m[ADB]&amp#27;[0m Could not find online devices
&amp#27;[38;5;199m[c479743b]&amp#27;[0m&amp#27;[38;5;229m[ADB]&amp#27;[0m Reconnecting adb (target offline)
&amp#27;[38;5;199m[c479743b]&amp#27;[0m&amp#27;[38;5;229m[ADB]&amp#27;[0m Running '/Users/mac/Library/Android/sdk/platform-tools/adb -P 5037 reconnect offline'
&amp#27;[38;5;199m[c479743b]&amp#27;[0m&amp#27;[38;5;229m[ADB]&amp#27;[0m Getting connected devices
&amp#27;[38;5;199m[c479743b]&amp#27;[0m&amp#27;[38;5;229m[ADB]&amp#27;[0m No connected devices have been detected
&amp#27;[38;5;199m[c479743b]&amp#27;[0m&amp#27;[38;5;229m[ADB]&amp#27;[0m Could not find online devices
&amp#27;[38;5;199m[c479743b]&amp#27;[0m&amp#27;[38;5;229m[ADB]&amp#27;[0m Reconnecting adb (target offline)
&amp#27;[38;5;199m[c479743b]&amp#27;[0m&amp#27;[38;5;229m[ADB]&amp#27;[0m Running '/Users/mac/Library/Android/sdk/platform-tools/adb -P 5037 reconnect offline'
&amp#27;[38;5;199m[c479743b]&amp#27;[0m&amp#27;[38;5;229m[ADB]&amp#27;[0m Getting connected devices
&amp#27;[38;5;199m[c479743b]&amp#27;[0m&amp#27;[38;5;229m[ADB]&amp#27;[0m No connected devices have been detected
&amp#27;[38;5;199m[c479743b]&amp#27;[0m&amp#27;[38;5;229m[ADB]&amp#27;[0m Could not find online devices
&amp#27;[38;5;199m[c479743b]&amp#27;[0m&amp#27;[38;5;229m[ADB]&amp#27;[0m Reconnecting adb (target offline)
&amp#27;[38;5;199m[c479743b]&amp#27;[0m&amp#27;[38;5;229m[ADB]&amp#27;[0m Running '/Users/mac/Library/Android/sdk/platform-tools/adb -P 5037 reconnect offline'
&amp#27;[38;5;199m[c479743b]&amp#27;[0m&amp#27;[38;5;229m[ADB]&amp#27;[0m Getting connected devices
&amp#27;[38;5;199m[c479743b]&amp#27;[0m&amp#27;[38;5;229m[ADB]&amp#27;[0m No connected devices have been detected
&amp#27;[38;5;199m[c479743b]&amp#27;[0m&amp#27;[38;5;229m[ADB]&amp#27;[0m Could not find online devices
&amp#27;[38;5;199m[c479743b]&amp#27;[0m&amp#27;[38;5;229m[ADB]&amp#27;[0m Reconnecting adb (target offline)
&amp#27;[38;5;199m[c479743b]&amp#27;[0m&amp#27;[38;5;229m[ADB]&amp#27;[0m Running '/Users/mac/Library/Android/sdk/platform-tools/adb -P 5037 reconnect offline'
&amp#27;[38;5;199m[c479743b]&amp#27;[0m&amp#27;[38;5;229m[ADB]&amp#27;[0m Getting connected devices
&amp#27;[38;5;199m[c479743b]&amp#27;[0m&amp#27;[38;5;229m[ADB]&amp#27;[0m No connected devices have been detected
&amp#27;[38;5;199m[c479743b]&amp#27;[0m&amp#27;[38;5;229m[ADB]&amp#27;[0m Could not find online devices
&amp#27;[38;5;199m[c479743b]&amp#27;[0m&amp#27;[38;5;229m[ADB]&amp#27;[0m Reconnecting adb (target offline)
&amp#27;[38;5;199m[c479743b]&amp#27;[0m&amp#27;[38;5;229m[ADB]&amp#27;[0m Running '/Users/mac/Library/Android/sdk/platform-tools/adb -P 5037 reconnect offline'
&amp#27;[38;5;199m[c479743b]&amp#27;[0m&amp#27;[38;5;229m[ADB]&amp#27;[0m Getting connected devices
&amp#27;[38;5;199m[c479743b]&amp#27;[0m&amp#27;[38;5;229m[ADB]&amp#27;[0m No connected devices have been detected
&amp#27;[38;5;199m[c479743b]&amp#27;[0m&amp#27;[38;5;229m[ADB]&amp#27;[0m Could not find online devices
&amp#27;[38;5;199m[c479743b]&amp#27;[0m&amp#27;[38;5;229m[ADB]&amp#27;[0m Reconnecting adb (target offline)
&amp#27;[38;5;199m[c479743b]&amp#27;[0m&amp#27;[38;5;229m[ADB]&amp#27;[0m Running '/Users/mac/Library/Android/sdk/platform-tools/adb -P 5037 reconnect offline'
&amp#27;[38;5;199m[c479743b]&amp#27;[0m&amp#27;[38;5;229m[ADB]&amp#27;[0m Getting connected devices
&amp#27;[38;5;199m[c479743b]&amp#27;[0m&amp#27;[38;5;229m[ADB]&amp#27;[0m No connected devices have been detected
&amp#27;[38;5;199m[c479743b]&amp#27;[0m&amp#27;[38;5;229m[ADB]&amp#27;[0m Could not find online devices
&amp#27;[38;5;199m[c479743b]&amp#27;[0m&amp#27;[38;5;229m[ADB]&amp#27;[0m Reconnecting adb (target offline)
&amp#27;[38;5;199m[c479743b]&amp#27;[0m&amp#27;[38;5;229m[ADB]&amp#27;[0m Running '/Users/mac/Library/Android/sdk/platform-tools/adb -P 5037 reconnect offline'
&amp#27;[38;5;199m[c479743b]&amp#27;[0m&amp#27;[38;5;229m[ADB]&amp#27;[0m Getting connected devices
&amp#27;[38;5;199m[c479743b]&amp#27;[0m&amp#27;[38;5;229m[ADB]&amp#27;[0m No connected devices have been detected
&amp#27;[38;5;199m[c479743b]&amp#27;[0m&amp#27;[38;5;229m[ADB]&amp#27;[0m Could not find online devices
&amp#27;[38;5;199m[c479743b]&amp#27;[0m&amp#27;[38;5;229m[ADB]&amp#27;[0m Reconnecting adb (target offline)
&amp#27;[38;5;199m[c479743b]&amp#27;[0m&amp#27;[38;5;229m[ADB]&amp#27;[0m Running '/Users/mac/Library/Android/sdk/platform-tools/adb -P 5037 reconnect offline'
&amp#27;[38;5;199m[c479743b]&amp#27;[0m&amp#27;[38;5;229m[ADB]&amp#27;[0m Getting connected devices
&amp#27;[38;5;199m[c479743b]&amp#27;[0m&amp#27;[38;5;229m[ADB]&amp#27;[0m No connected devices have been detected
&amp#27;[38;5;199m[c479743b]&amp#27;[0m&amp#27;[38;5;229m[ADB]&amp#27;[0m Could not find online devices
&amp#27;[38;5;199m[c479743b]&amp#27;[0m&amp#27;[38;5;229m[ADB]&amp#27;[0m Reconnecting adb (target offline)
&amp#27;[38;5;199m[c479743b]&amp#27;[0m&amp#27;[38;5;229m[ADB]&amp#27;[0m Running '/Users/mac/Library/Android/sdk/platform-tools/adb -P 5037 reconnect offline'
&amp#27;[38;5;199m[c479743b]&amp#27;[0m&amp#27;[38;5;229m[ADB]&amp#27;[0m Getting connected devices
&amp#27;[38;5;199m[c479743b]&amp#27;[0m&amp#27;[38;5;229m[ADB]&amp#27;[0m No connected devices have been detected
&amp#27;[38;5;199m[c479743b]&amp#27;[0m&amp#27;[38;5;229m[ADB]&amp#27;[0m Could not find online devices
&amp#27;[38;5;199m[c479743b]&amp#27;[0m&amp#27;[38;5;229m[ADB]&amp#27;[0m Reconnecting adb (target offline)
&amp#27;[38;5;199m[c479743b]&amp#27;[0m&amp#27;[38;5;229m[ADB]&amp#27;[0m Running '/Users/mac/Library/Android/sdk/platform-tools/adb -P 5037 reconnect offline'
&amp#27;[38;5;199m[c479743b]&amp#27;[0m&amp#27;[38;5;229m[ADB]&amp#27;[0m Getting connected devices
&amp#27;[38;5;199m[c479743b]&amp#27;[0m&amp#27;[38;5;229m[ADB]&amp#27;[0m No connected devices have been detected
&amp#27;[38;5;199m[c479743b]&amp#27;[0m&amp#27;[38;5;229m[ADB]&amp#27;[0m Could not find online devices
&amp#27;[38;5;199m[c479743b]&amp#27;[0m&amp#27;[38;5;229m[ADB]&amp#27;[0m Reconnecting adb (target offline)
&amp#27;[38;5;199m[c479743b]&amp#27;[0m&amp#27;[38;5;229m[ADB]&amp#27;[0m Running '/Users/mac/Library/Android/sdk/platform-tools/adb -P 5037 reconnect offline'
&amp#27;[38;5;199m[c479743b]&amp#27;[0m&amp#27;[38;5;229m[ADB]&amp#27;[0m Getting connected devices
&amp#27;[38;5;199m[c479743b]&amp#27;[0m&amp#27;[38;5;229m[ADB]&amp#27;[0m No connected devices have been detected
&amp#27;[38;5;199m[c479743b]&amp#27;[0m&amp#27;[38;5;229m[ADB]&amp#27;[0m Could not find online devices
&amp#27;[38;5;199m[c479743b]&amp#27;[0m&amp#27;[38;5;229m[ADB]&amp#27;[0m Reconnecting adb (target offline)
&amp#27;[38;5;199m[c479743b]&amp#27;[0m&amp#27;[38;5;229m[ADB]&amp#27;[0m Running '/Users/mac/Library/Android/sdk/platform-tools/adb -P 5037 reconnect offline'
&amp#27;[38;5;199m[c479743b]&amp#27;[0m&amp#27;[38;5;229m[ADB]&amp#27;[0m Getting connected devices
&amp#27;[38;5;199m[c479743b]&amp#27;[0m&amp#27;[38;5;229m[ADB]&amp#27;[0m No connected devices have been detected
&amp#27;[38;5;199m[c479743b]&amp#27;[0m&amp#27;[38;5;229m[ADB]&amp#27;[0m Could not find online devices
&amp#27;[38;5;199m[c479743b]&amp#27;[0m&amp#27;[38;5;229m[ADB]&amp#27;[0m Reconnecting adb (target offline)
&amp#27;[38;5;199m[c479743b]&amp#27;[0m&amp#27;[38;5;229m[ADB]&amp#27;[0m Running '/Users/mac/Library/Android/sdk/platform-tools/adb -P 5037 reconnect offline'
&amp#27;[38;5;199m[c479743b]&amp#27;[0m&amp#27;[38;5;229m[ADB]&amp#27;[0m Getting connected devices
&amp#27;[38;5;199m[c479743b]&amp#27;[0m&amp#27;[38;5;229m[ADB]&amp#27;[0m No connected devices have been detected
&amp#27;[38;5;199m[c479743b]&amp#27;[0m&amp#27;[38;5;229m[ADB]&amp#27;[0m Could not find online devices
&amp#27;[38;5;199m[c479743b]&amp#27;[0m&amp#27;[38;5;229m[ADB]&amp#27;[0m Reconnecting adb (target offline)
&amp#27;[38;5;199m[c479743b]&amp#27;[0m&amp#27;[38;5;229m[ADB]&amp#27;[0m Running '/Users/mac/Library/Android/sdk/platform-tools/adb -P 5037 reconnect offline'
&amp#27;[38;5;199m[c479743b]&amp#27;[0m&amp#27;[38;5;229m[ADB]&amp#27;[0m Getting connected devices
&amp#27;[38;5;199m[c479743b]&amp#27;[0m&amp#27;[38;5;229m[ADB]&amp#27;[0m No connected devices have been detected
&amp#27;[38;5;199m[c479743b]&amp#27;[0m&amp#27;[38;5;229m[ADB]&amp#27;[0m Could not find online devices
&amp#27;[38;5;199m[c479743b]&amp#27;[0m&amp#27;[38;5;229m[ADB]&amp#27;[0m Reconnecting adb (target offline)
&amp#27;[38;5;199m[c479743b]&amp#27;[0m&amp#27;[38;5;229m[ADB]&amp#27;[0m Running '/Users/mac/Library/Android/sdk/platform-tools/adb -P 5037 reconnect offline'
&amp#27;[38;5;199m[c479743b]&amp#27;[0m&amp#27;[38;5;229m[ADB]&amp#27;[0m Getting connected devices
&amp#27;[38;5;199m[c479743b]&amp#27;[0m&amp#27;[38;5;229m[ADB]&amp#27;[0m No connected devices have been detected
&amp#27;[38;5;199m[c479743b]&amp#27;[0m&amp#27;[38;5;229m[ADB]&amp#27;[0m Could not find online devices
&amp#27;[38;5;199m[c479743b]&amp#27;[0m&amp#27;[38;5;229m[ADB]&amp#27;[0m Reconnecting adb (target offline)
&amp#27;[38;5;199m[c479743b]&amp#27;[0m&amp#27;[38;5;229m[ADB]&amp#27;[0m Running '/Users/mac/Library/Android/sdk/platform-tools/adb -P 5037 reconnect offline'
&amp#27;[38;5;199m[c479743b]&amp#27;[0m&amp#27;[38;5;229m[ADB]&amp#27;[0m Getting connected devices
&amp#27;[38;5;199m[c479743b]&amp#27;[0m&amp#27;[38;5;229m[ADB]&amp#27;[0m No connected devices have been detected
&amp#27;[38;5;199m[c479743b]&amp#27;[0m&amp#27;[38;5;229m[ADB]&amp#27;[0m Could not find online devices
&amp#27;[38;5;199m[c479743b]&amp#27;[0m&amp#27;[38;5;229m[ADB]&amp#27;[0m Reconnecting adb (target offline)
&amp#27;[38;5;199m[c479743b]&amp#27;[0m&amp#27;[38;5;229m[ADB]&amp#27;[0m Running '/Users/mac/Library/Android/sdk/platform-tools/adb -P 5037 reconnect offline'
&amp#27;[38;5;199m[c479743b]&amp#27;[0m&amp#27;[38;5;229m[ADB]&amp#27;[0m Getting connected devices
&amp#27;[38;5;199m[c479743b]&amp#27;[0m&amp#27;[38;5;229m[ADB]&amp#27;[0m No connected devices have been detected
&amp#27;[38;5;199m[c479743b]&amp#27;[0m&amp#27;[38;5;229m[ADB]&amp#27;[0m Could not find online devices
&amp#27;[38;5;199m[c479743b]&amp#27;[0m&amp#27;[38;5;229m[ADB]&amp#27;[0m Reconnecting adb (target offline)
&amp#27;[38;5;199m[c479743b]&amp#27;[0m&amp#27;[38;5;229m[ADB]&amp#27;[0m Running '/Users/mac/Library/Android/sdk/platform-tools/adb -P 5037 reconnect offline'
&amp#27;[38;5;199m[c479743b]&amp#27;[0m&amp#27;[38;5;229m[ADB]&amp#27;[0m Getting connected devices
&amp#27;[38;5;199m[c479743b]&amp#27;[0m&amp#27;[38;5;229m[ADB]&amp#27;[0m No connected devices have been detected
&amp#27;[38;5;199m[c479743b]&amp#27;[0m&amp#27;[38;5;229m[ADB]&amp#27;[0m Could not find online devices
&amp#27;[38;5;199m[c479743b]&amp#27;[0m&amp#27;[38;5;229m[ADB]&amp#27;[0m Reconnecting adb (target offline)
&amp#27;[38;5;199m[c479743b]&amp#27;[0m&amp#27;[38;5;229m[ADB]&amp#27;[0m Running '/Users/mac/Library/Android/sdk/platform-tools/adb -P 5037 reconnect offline'
&amp#27;[38;5;199m[c479743b]&amp#27;[0m&amp#27;[38;5;229m[ADB]&amp#27;[0m Getting connected devices
&amp#27;[38;5;199m[c479743b]&amp#27;[0m&amp#27;[38;5;229m[ADB]&amp#27;[0m No connected devices have been detected
&amp#27;[38;5;199m[c479743b]&amp#27;[0m&amp#27;[38;5;229m[ADB]&amp#27;[0m Could not find online devices
&amp#27;[38;5;199m[c479743b]&amp#27;[0m&amp#27;[38;5;229m[ADB]&amp#27;[0m Reconnecting adb (target offline)
&amp#27;[38;5;199m[c479743b]&amp#27;[0m&amp#27;[38;5;229m[ADB]&amp#27;[0m Running '/Users/mac/Library/Android/sdk/platform-tools/adb -P 5037 reconnect offline'
&amp#27;[38;5;199m[c479743b]&amp#27;[0m&amp#27;[38;5;229m[ADB]&amp#27;[0m Getting connected devices
&amp#27;[38;5;199m[c479743b]&amp#27;[0m&amp#27;[38;5;229m[ADB]&amp#27;[0m No connected devices have been detected
&amp#27;[38;5;199m[c479743b]&amp#27;[0m&amp#27;[38;5;229m[ADB]&amp#27;[0m Could not find online devices
&amp#27;[38;5;199m[c479743b]&amp#27;[0m&amp#27;[38;5;229m[ADB]&amp#27;[0m Reconnecting adb (target offline)
&amp#27;[38;5;199m[c479743b]&amp#27;[0m&amp#27;[38;5;229m[ADB]&amp#27;[0m Running '/Users/mac/Library/Android/sdk/platform-tools/adb -P 5037 reconnect offline'
&amp#27;[38;5;199m[c479743b]&amp#27;[0m&amp#27;[38;5;229m[ADB]&amp#27;[0m Getting connected devices
&amp#27;[38;5;199m[c479743b]&amp#27;[0m&amp#27;[38;5;229m[ADB]&amp#27;[0m No connected devices have been detected
&amp#27;[38;5;199m[c479743b]&amp#27;[0m&amp#27;[38;5;229m[ADB]&amp#27;[0m Could not find online devices
&amp#27;[38;5;199m[c479743b]&amp#27;[0m&amp#27;[38;5;229m[ADB]&amp#27;[0m Reconnecting adb (target offline)
&amp#27;[38;5;199m[c479743b]&amp#27;[0m&amp#27;[38;5;229m[ADB]&amp#27;[0m Running '/Users/mac/Library/Android/sdk/platform-tools/adb -P 5037 reconnect offline'
&amp#27;[38;5;199m[c479743b]&amp#27;[0m&amp#27;[38;5;229m[ADB]&amp#27;[0m Getting connected devices
&amp#27;[38;5;199m[c479743b]&amp#27;[0m&amp#27;[38;5;229m[ADB]&amp#27;[0m No connected devices have been detected
&amp#27;[38;5;199m[c479743b]&amp#27;[0m&amp#27;[38;5;229m[ADB]&amp#27;[0m Could not find online devices
&amp#27;[38;5;199m[c479743b]&amp#27;[0m&amp#27;[38;5;229m[ADB]&amp#27;[0m Reconnecting adb (target offline)
&amp#27;[38;5;199m[c479743b]&amp#27;[0m&amp#27;[38;5;229m[ADB]&amp#27;[0m Running '/Users/mac/Library/Android/sdk/platform-tools/adb -P 5037 reconnect offline'
&amp#27;[38;5;199m[c479743b]&amp#27;[0m&amp#27;[38;5;229m[ADB]&amp#27;[0m Getting connected devices
&amp#27;[38;5;199m[c479743b]&amp#27;[0m&amp#27;[38;5;229m[ADB]&amp#27;[0m No connected devices have been detected
&amp#27;[38;5;199m[c479743b]&amp#27;[0m&amp#27;[38;5;229m[ADB]&amp#27;[0m Could not find online devices
&amp#27;[38;5;199m[c479743b]&amp#27;[0m&amp#27;[38;5;229m[ADB]&amp#27;[0m Reconnecting adb (target offline)
&amp#27;[38;5;199m[c479743b]&amp#27;[0m&amp#27;[38;5;229m[ADB]&amp#27;[0m Running '/Users/mac/Library/Android/sdk/platform-tools/adb -P 5037 reconnect offline'
&amp#27;[38;5;199m[c479743b]&amp#27;[0m&amp#27;[38;5;229m[ADB]&amp#27;[0m Getting connected devices
&amp#27;[38;5;199m[c479743b]&amp#27;[0m&amp#27;[38;5;229m[ADB]&amp#27;[0m No connected devices have been detected
&amp#27;[38;5;199m[c479743b]&amp#27;[0m&amp#27;[38;5;229m[ADB]&amp#27;[0m Could not find online devices
&amp#27;[38;5;199m[c479743b]&amp#27;[0m&amp#27;[38;5;229m[ADB]&amp#27;[0m Reconnecting adb (target offline)
&amp#27;[38;5;199m[c479743b]&amp#27;[0m&amp#27;[38;5;229m[ADB]&amp#27;[0m Running '/Users/mac/Library/Android/sdk/platform-tools/adb -P 5037 reconnect offline'
&amp#27;[38;5;199m[c479743b]&amp#27;[0m&amp#27;[38;5;229m[ADB]&amp#27;[0m Getting connected devices
&amp#27;[38;5;199m[c479743b]&amp#27;[0m&amp#27;[38;5;229m[ADB]&amp#27;[0m No connected devices have been detected
&amp#27;[38;5;199m[c479743b]&amp#27;[0m&amp#27;[38;5;229m[ADB]&amp#27;[0m Could not find online devices
&amp#27;[38;5;199m[c479743b]&amp#27;[0m&amp#27;[38;5;229m[ADB]&amp#27;[0m Reconnecting adb (target offline)
&amp#27;[38;5;199m[c479743b]&amp#27;[0m&amp#27;[38;5;229m[ADB]&amp#27;[0m Running '/Users/mac/Library/Android/sdk/platform-tools/adb -P 5037 reconnect offline'
&amp#27;[38;5;199m[c479743b]&amp#27;[0m&amp#27;[38;5;229m[ADB]&amp#27;[0m Getting connected devices
&amp#27;[38;5;199m[c479743b]&amp#27;[0m&amp#27;[38;5;229m[ADB]&amp#27;[0m No connected devices have been detected
&amp#27;[38;5;199m[c479743b]&amp#27;[0m&amp#27;[38;5;229m[ADB]&amp#27;[0m Could not find online devices
&amp#27;[38;5;199m[c479743b]&amp#27;[0m&amp#27;[38;5;229m[ADB]&amp#27;[0m Reconnecting adb (target offline)
&amp#27;[38;5;199m[c479743b]&amp#27;[0m&amp#27;[38;5;229m[ADB]&amp#27;[0m Running '/Users/mac/Library/Android/sdk/platform-tools/adb -P 5037 reconnect offline'
&amp#27;[38;5;199m[c479743b]&amp#27;[0m&amp#27;[38;5;229m[ADB]&amp#27;[0m Getting connected devices
&amp#27;[38;5;199m[c479743b]&amp#27;[0m&amp#27;[38;5;229m[ADB]&amp#27;[0m No connected devices have been detected
&amp#27;[38;5;199m[c479743b]&amp#27;[0m&amp#27;[38;5;229m[ADB]&amp#27;[0m Could not find online devices
&amp#27;[38;5;199m[c479743b]&amp#27;[0m&amp#27;[38;5;229m[ADB]&amp#27;[0m Reconnecting adb (target offline)
&amp#27;[38;5;199m[c479743b]&amp#27;[0m&amp#27;[38;5;229m[ADB]&amp#27;[0m Running '/Users/mac/Library/Android/sdk/platform-tools/adb -P 5037 reconnect offline'
&amp#27;[38;5;199m[c479743b]&amp#27;[0m&amp#27;[38;5;229m[ADB]&amp#27;[0m Getting connected devices
&amp#27;[38;5;199m[c479743b]&amp#27;[0m&amp#27;[38;5;229m[ADB]&amp#27;[0m No connected devices have been detected
&amp#27;[38;5;199m[c479743b]&amp#27;[0m&amp#27;[38;5;229m[ADB]&amp#27;[0m Could not find online devices
&amp#27;[38;5;199m[c479743b]&amp#27;[0m&amp#27;[38;5;229m[ADB]&amp#27;[0m Reconnecting adb (target offline)
&amp#27;[38;5;199m[c479743b]&amp#27;[0m&amp#27;[38;5;229m[ADB]&amp#27;[0m Running '/Users/mac/Library/Android/sdk/platform-tools/adb -P 5037 reconnect offline'
&amp#27;[38;5;199m[c479743b]&amp#27;[0m&amp#27;[38;5;229m[ADB]&amp#27;[0m Getting connected devices
&amp#27;[38;5;199m[c479743b]&amp#27;[0m&amp#27;[38;5;229m[ADB]&amp#27;[0m No connected devices have been detected
&amp#27;[38;5;199m[c479743b]&amp#27;[0m&amp#27;[38;5;229m[ADB]&amp#27;[0m Could not find online devices
&amp#27;[38;5;199m[c479743b]&amp#27;[0m&amp#27;[38;5;229m[ADB]&amp#27;[0m Reconnecting adb (target offline)
&amp#27;[38;5;199m[c479743b]&amp#27;[0m&amp#27;[38;5;229m[ADB]&amp#27;[0m Running '/Users/mac/Library/Android/sdk/platform-tools/adb -P 5037 reconnect offline'
&amp#27;[38;5;199m[c479743b]&amp#27;[0m&amp#27;[38;5;229m[ADB]&amp#27;[0m Getting connected devices
&amp#27;[38;5;199m[c479743b]&amp#27;[0m&amp#27;[38;5;229m[ADB]&amp#27;[0m No connected devices have been detected
&amp#27;[38;5;199m[c479743b]&amp#27;[0m&amp#27;[38;5;229m[ADB]&amp#27;[0m Could not find online devices
&amp#27;[38;5;199m[c479743b]&amp#27;[0m&amp#27;[38;5;229m[ADB]&amp#27;[0m Reconnecting adb (target offline)
&amp#27;[38;5;199m[c479743b]&amp#27;[0m&amp#27;[38;5;229m[ADB]&amp#27;[0m Running '/Users/mac/Library/Android/sdk/platform-tools/adb -P 5037 reconnect offline'
&amp#27;[38;5;199m[c479743b]&amp#27;[0m&amp#27;[38;5;229m[ADB]&amp#27;[0m Getting connected devices
&amp#27;[38;5;199m[c479743b]&amp#27;[0m&amp#27;[38;5;229m[ADB]&amp#27;[0m No connected devices have been detected
&amp#27;[38;5;199m[c479743b]&amp#27;[0m&amp#27;[38;5;229m[ADB]&amp#27;[0m Could not find online devices
&amp#27;[38;5;199m[c479743b]&amp#27;[0m&amp#27;[38;5;229m[ADB]&amp#27;[0m Reconnecting adb (target offline)
&amp#27;[38;5;199m[c479743b]&amp#27;[0m&amp#27;[38;5;229m[ADB]&amp#27;[0m Running '/Users/mac/Library/Android/sdk/platform-tools/adb -P 5037 reconnect offline'
&amp#27;[38;5;199m[c479743b]&amp#27;[0m&amp#27;[38;5;229m[ADB]&amp#27;[0m Getting connected devices
&amp#27;[38;5;199m[c479743b]&amp#27;[0m&amp#27;[38;5;229m[ADB]&amp#27;[0m No connected devices have been detected
&amp#27;[38;5;199m[c479743b]&amp#27;[0m&amp#27;[38;5;229m[ADB]&amp#27;[0m Could not find online devices
&amp#27;[38;5;199m[c479743b]&amp#27;[0m&amp#27;[38;5;229m[ADB]&amp#27;[0m Reconnecting adb (target offline)
&amp#27;[38;5;199m[c479743b]&amp#27;[0m&amp#27;[38;5;229m[ADB]&amp#27;[0m Running '/Users/mac/Library/Android/sdk/platform-tools/adb -P 5037 reconnect offline'
&amp#27;[38;5;199m[c479743b]&amp#27;[0m&amp#27;[38;5;229m[ADB]&amp#27;[0m Getting connected devices
&amp#27;[38;5;199m[c479743b]&amp#27;[0m&amp#27;[38;5;229m[ADB]&amp#27;[0m No connected devices have been detected
&amp#27;[38;5;199m[c479743b]&amp#27;[0m&amp#27;[38;5;229m[ADB]&amp#27;[0m Could not find online devices
&amp#27;[38;5;199m[c479743b]&amp#27;[0m&amp#27;[38;5;229m[ADB]&amp#27;[0m Reconnecting adb (target offline)
&amp#27;[38;5;199m[c479743b]&amp#27;[0m&amp#27;[38;5;229m[ADB]&amp#27;[0m Running '/Users/mac/Library/Android/sdk/platform-tools/adb -P 5037 reconnect offline'
&amp#27;[38;5;199m[c479743b]&amp#27;[0m&amp#27;[38;5;229m[ADB]&amp#27;[0m Getting connected devices
&amp#27;[38;5;199m[c479743b]&amp#27;[0m&amp#27;[38;5;229m[ADB]&amp#27;[0m No connected devices have been detected
&amp#27;[38;5;199m[c479743b]&amp#27;[0m&amp#27;[38;5;229m[ADB]&amp#27;[0m Could not find online devices
&amp#27;[38;5;199m[c479743b]&amp#27;[0m&amp#27;[38;5;229m[ADB]&amp#27;[0m Reconnecting adb (target offline)
&amp#27;[38;5;199m[c479743b]&amp#27;[0m&amp#27;[38;5;229m[ADB]&amp#27;[0m Running '/Users/mac/Library/Android/sdk/platform-tools/adb -P 5037 reconnect offline'
&amp#27;[38;5;199m[c479743b]&amp#27;[0m&amp#27;[38;5;229m[ADB]&amp#27;[0m Getting connected devices
&amp#27;[38;5;199m[c479743b]&amp#27;[0m&amp#27;[38;5;229m[ADB]&amp#27;[0m No connected devices have been detected
&amp#27;[38;5;199m[c479743b]&amp#27;[0m&amp#27;[38;5;229m[ADB]&amp#27;[0m Could not find online devices
&amp#27;[38;5;199m[c479743b]&amp#27;[0m&amp#27;[38;5;229m[ADB]&amp#27;[0m Reconnecting adb (target offline)
&amp#27;[38;5;199m[c479743b]&amp#27;[0m&amp#27;[38;5;229m[ADB]&amp#27;[0m Running '/Users/mac/Library/Android/sdk/platform-tools/adb -P 5037 reconnect offline'
&amp#27;[38;5;199m[c479743b]&amp#27;[0m&amp#27;[38;5;229m[ADB]&amp#27;[0m Getting connected devices
&amp#27;[38;5;199m[c479743b]&amp#27;[0m&amp#27;[38;5;229m[ADB]&amp#27;[0m No connected devices have been detected
&amp#27;[38;5;199m[c479743b]&amp#27;[0m&amp#27;[38;5;229m[ADB]&amp#27;[0m Could not find online devices
&amp#27;[38;5;199m[c479743b]&amp#27;[0m&amp#27;[38;5;229m[ADB]&amp#27;[0m Reconnecting adb (target offline)
&amp#27;[38;5;199m[c479743b]&amp#27;[0m&amp#27;[38;5;229m[ADB]&amp#27;[0m Running '/Users/mac/Library/Android/sdk/platform-tools/adb -P 5037 reconnect offline'
&amp#27;[38;5;199m[c479743b]&amp#27;[0m&amp#27;[38;5;229m[ADB]&amp#27;[0m Getting connected devices
&amp#27;[38;5;199m[c479743b]&amp#27;[0m&amp#27;[38;5;229m[ADB]&amp#27;[0m No connected devices have been detected
&amp#27;[38;5;199m[c479743b]&amp#27;[0m&amp#27;[38;5;229m[ADB]&amp#27;[0m Could not find online devices
&amp#27;[38;5;199m[c479743b]&amp#27;[0m&amp#27;[38;5;229m[ADB]&amp#27;[0m Reconnecting adb (target offline)
&amp#27;[38;5;199m[c479743b]&amp#27;[0m&amp#27;[38;5;229m[ADB]&amp#27;[0m Running '/Users/mac/Library/Android/sdk/platform-tools/adb -P 5037 reconnect offline'
&amp#27;[38;5;199m[c479743b]&amp#27;[0m&amp#27;[38;5;229m[ADB]&amp#27;[0m Getting connected devices
&amp#27;[38;5;199m[c479743b]&amp#27;[0m&amp#27;[38;5;229m[ADB]&amp#27;[0m No connected devices have been detected
&amp#27;[38;5;199m[c479743b]&amp#27;[0m&amp#27;[38;5;229m[ADB]&amp#27;[0m Could not find online devices
&amp#27;[38;5;199m[c479743b]&amp#27;[0m&amp#27;[38;5;229m[ADB]&amp#27;[0m Reconnecting adb (target offline)
&amp#27;[38;5;199m[c479743b]&amp#27;[0m&amp#27;[38;5;229m[ADB]&amp#27;[0m Running '/Users/mac/Library/Android/sdk/platform-tools/adb -P 5037 reconnect offline'
&amp#27;[38;5;199m[c479743b]&amp#27;[0m&amp#27;[38;5;229m[ADB]&amp#27;[0m Getting connected devices
&amp#27;[38;5;199m[c479743b]&amp#27;[0m&amp#27;[38;5;229m[ADB]&amp#27;[0m No connected devices have been detected
&amp#27;[38;5;199m[c479743b]&amp#27;[0m&amp#27;[38;5;229m[ADB]&amp#27;[0m Could not find online devices
&amp#27;[38;5;199m[c479743b]&amp#27;[0m&amp#27;[38;5;229m[ADB]&amp#27;[0m Reconnecting adb (target offline)
&amp#27;[38;5;199m[c479743b]&amp#27;[0m&amp#27;[38;5;229m[ADB]&amp#27;[0m Running '/Users/mac/Library/Android/sdk/platform-tools/adb -P 5037 reconnect offline'
&amp#27;[38;5;199m[c479743b]&amp#27;[0m&amp#27;[38;5;229m[ADB]&amp#27;[0m Getting connected devices
&amp#27;[38;5;199m[c479743b]&amp#27;[0m&amp#27;[38;5;229m[ADB]&amp#27;[0m No connected devices have been detected
&amp#27;[38;5;199m[c479743b]&amp#27;[0m&amp#27;[38;5;229m[ADB]&amp#27;[0m Could not find online devices
&amp#27;[38;5;199m[c479743b]&amp#27;[0m&amp#27;[38;5;229m[ADB]&amp#27;[0m Reconnecting adb (target offline)
&amp#27;[38;5;199m[c479743b]&amp#27;[0m&amp#27;[38;5;229m[ADB]&amp#27;[0m Running '/Users/mac/Library/Android/sdk/platform-tools/adb -P 5037 reconnect offline'
&amp#27;[38;5;199m[c479743b]&amp#27;[0m&amp#27;[38;5;229m[ADB]&amp#27;[0m Getting connected devices
&amp#27;[38;5;199m[c479743b]&amp#27;[0m&amp#27;[38;5;229m[ADB]&amp#27;[0m No connected devices have been detected
&amp#27;[38;5;199m[c479743b]&amp#27;[0m&amp#27;[38;5;229m[ADB]&amp#27;[0m Could not find online devices
&amp#27;[38;5;199m[c479743b]&amp#27;[0m&amp#27;[38;5;229m[ADB]&amp#27;[0m Reconnecting adb (target offline)
&amp#27;[38;5;199m[c479743b]&amp#27;[0m&amp#27;[38;5;229m[ADB]&amp#27;[0m Running '/Users/mac/Library/Android/sdk/platform-tools/adb -P 5037 reconnect offline'
&amp#27;[38;5;199m[c479743b]&amp#27;[0m&amp#27;[38;5;229m[ADB]&amp#27;[0m Getting connected devices
&amp#27;[38;5;199m[c479743b]&amp#27;[0m&amp#27;[38;5;229m[ADB]&amp#27;[0m No connected devices have been detected
&amp#27;[38;5;199m[c479743b]&amp#27;[0m&amp#27;[38;5;229m[ADB]&amp#27;[0m Could not find online devices
&amp#27;[38;5;199m[c479743b]&amp#27;[0m&amp#27;[38;5;229m[ADB]&amp#27;[0m Reconnecting adb (target offline)
&amp#27;[38;5;199m[c479743b]&amp#27;[0m&amp#27;[38;5;229m[ADB]&amp#27;[0m Running '/Users/mac/Library/Android/sdk/platform-tools/adb -P 5037 reconnect offline'
&amp#27;[38;5;199m[c479743b]&amp#27;[0m&amp#27;[38;5;229m[ADB]&amp#27;[0m Getting connected devices
&amp#27;[38;5;199m[c479743b]&amp#27;[0m&amp#27;[38;5;229m[ADB]&amp#27;[0m No connected devices have been detected
&amp#27;[38;5;199m[c479743b]&amp#27;[0m&amp#27;[38;5;229m[ADB]&amp#27;[0m Could not find online devices
&amp#27;[38;5;199m[c479743b]&amp#27;[0m&amp#27;[38;5;229m[ADB]&amp#27;[0m Reconnecting adb (target offline)
&amp#27;[38;5;199m[c479743b]&amp#27;[0m&amp#27;[38;5;229m[ADB]&amp#27;[0m Running '/Users/mac/Library/Android/sdk/platform-tools/adb -P 5037 reconnect offline'
&amp#27;[38;5;199m[c479743b]&amp#27;[0m&amp#27;[38;5;229m[ADB]&amp#27;[0m Getting connected devices
&amp#27;[38;5;199m[c479743b]&amp#27;[0m&amp#27;[38;5;229m[ADB]&amp#27;[0m No connected devices have been detected
&amp#27;[38;5;199m[c479743b]&amp#27;[0m&amp#27;[38;5;229m[ADB]&amp#27;[0m Could not find online devices
&amp#27;[38;5;199m[c479743b]&amp#27;[0m&amp#27;[38;5;229m[ADB]&amp#27;[0m Reconnecting adb (target offline)
&amp#27;[38;5;199m[c479743b]&amp#27;[0m&amp#27;[38;5;229m[ADB]&amp#27;[0m Running '/Users/mac/Library/Android/sdk/platform-tools/adb -P 5037 reconnect offline'
&amp#27;[38;5;199m[c479743b]&amp#27;[0m&amp#27;[38;5;229m[ADB]&amp#27;[0m Getting connected devices
&amp#27;[38;5;199m[c479743b]&amp#27;[0m&amp#27;[38;5;229m[ADB]&amp#27;[0m No connected devices have been detected
&amp#27;[38;5;199m[c479743b]&amp#27;[0m&amp#27;[38;5;229m[ADB]&amp#27;[0m Could not find online devices
&amp#27;[38;5;199m[c479743b]&amp#27;[0m&amp#27;[38;5;229m[ADB]&amp#27;[0m Reconnecting adb (target offline)
&amp#27;[38;5;199m[c479743b]&amp#27;[0m&amp#27;[38;5;229m[ADB]&amp#27;[0m Running '/Users/mac/Library/Android/sdk/platform-tools/adb -P 5037 reconnect offline'
&amp#27;[38;5;199m[c479743b]&amp#27;[0m&amp#27;[38;5;229m[ADB]&amp#27;[0m Getting connected devices
&amp#27;[38;5;199m[c479743b]&amp#27;[0m&amp#27;[38;5;229m[ADB]&amp#27;[0m No connected devices have been detected
&amp#27;[38;5;199m[c479743b]&amp#27;[0m&amp#27;[38;5;229m[ADB]&amp#27;[0m Could not find online devices
&amp#27;[38;5;199m[c479743b]&amp#27;[0m&amp#27;[38;5;229m[ADB]&amp#27;[0m Reconnecting adb (target offline)
&amp#27;[38;5;199m[c479743b]&amp#27;[0m&amp#27;[38;5;229m[ADB]&amp#27;[0m Running '/Users/mac/Library/Android/sdk/platform-tools/adb -P 5037 reconnect offline'
&amp#27;[38;5;199m[c479743b]&amp#27;[0m&amp#27;[38;5;229m[ADB]&amp#27;[0m Getting connected devices
&amp#27;[38;5;199m[c479743b]&amp#27;[0m&amp#27;[38;5;229m[ADB]&amp#27;[0m No connected devices have been detected
&amp#27;[38;5;199m[c479743b]&amp#27;[0m&amp#27;[38;5;229m[ADB]&amp#27;[0m Could not find online devices
&amp#27;[38;5;199m[c479743b]&amp#27;[0m&amp#27;[38;5;229m[ADB]&amp#27;[0m Reconnecting adb (target offline)
&amp#27;[38;5;199m[c479743b]&amp#27;[0m&amp#27;[38;5;229m[ADB]&amp#27;[0m Running '/Users/mac/Library/Android/sdk/platform-tools/adb -P 5037 reconnect offline'
&amp#27;[38;5;199m[c479743b]&amp#27;[0m&amp#27;[38;5;229m[ADB]&amp#27;[0m Getting connected devices
&amp#27;[38;5;199m[c479743b]&amp#27;[0m&amp#27;[38;5;229m[ADB]&amp#27;[0m No connected devices have been detected
&amp#27;[38;5;199m[c479743b]&amp#27;[0m&amp#27;[38;5;229m[ADB]&amp#27;[0m Could not find online devices
&amp#27;[38;5;199m[c479743b]&amp#27;[0m&amp#27;[38;5;229m[ADB]&amp#27;[0m Reconnecting adb (target offline)
&amp#27;[38;5;199m[c479743b]&amp#27;[0m&amp#27;[38;5;229m[ADB]&amp#27;[0m Running '/Users/mac/Library/Android/sdk/platform-tools/adb -P 5037 reconnect offline'
&amp#27;[38;5;199m[c479743b]&amp#27;[0m&amp#27;[38;5;229m[ADB]&amp#27;[0m Getting connected devices
&amp#27;[38;5;199m[c479743b]&amp#27;[0m&amp#27;[38;5;229m[ADB]&amp#27;[0m No connected devices have been detected
&amp#27;[38;5;199m[c479743b]&amp#27;[0m&amp#27;[38;5;229m[ADB]&amp#27;[0m Could not find online devices
&amp#27;[38;5;199m[c479743b]&amp#27;[0m&amp#27;[38;5;229m[ADB]&amp#27;[0m Reconnecting adb (target offline)
&amp#27;[38;5;199m[c479743b]&amp#27;[0m&amp#27;[38;5;229m[ADB]&amp#27;[0m Running '/Users/mac/Library/Android/sdk/platform-tools/adb -P 5037 reconnect offline'
&amp#27;[38;5;199m[c479743b]&amp#27;[0m&amp#27;[38;5;229m[ADB]&amp#27;[0m Getting connected devices
&amp#27;[38;5;199m[c479743b]&amp#27;[0m&amp#27;[38;5;229m[ADB]&amp#27;[0m No connected devices have been detected
&amp#27;[38;5;199m[c479743b]&amp#27;[0m&amp#27;[38;5;229m[ADB]&amp#27;[0m Could not find online devices
&amp#27;[38;5;199m[c479743b]&amp#27;[0m&amp#27;[38;5;229m[ADB]&amp#27;[0m Reconnecting adb (target offline)
&amp#27;[38;5;199m[c479743b]&amp#27;[0m&amp#27;[38;5;229m[ADB]&amp#27;[0m Running '/Users/mac/Library/Android/sdk/platform-tools/adb -P 5037 reconnect offline'
&amp#27;[38;5;199m[c479743b]&amp#27;[0m&amp#27;[38;5;229m[ADB]&amp#27;[0m Getting connected devices
&amp#27;[38;5;199m[c479743b]&amp#27;[0m&amp#27;[38;5;229m[ADB]&amp#27;[0m No connected devices have been detected
&amp#27;[38;5;199m[c479743b]&amp#27;[0m&amp#27;[38;5;229m[ADB]&amp#27;[0m Could not find online devices
&amp#27;[38;5;199m[c479743b]&amp#27;[0m&amp#27;[38;5;229m[ADB]&amp#27;[0m Reconnecting adb (target offline)
&amp#27;[38;5;199m[c479743b]&amp#27;[0m&amp#27;[38;5;229m[ADB]&amp#27;[0m Running '/Users/mac/Library/Android/sdk/platform-tools/adb -P 5037 reconnect offline'
&amp#27;[38;5;199m[c479743b]&amp#27;[0m&amp#27;[38;5;229m[ADB]&amp#27;[0m Getting connected devices
&amp#27;[38;5;199m[c479743b]&amp#27;[0m&amp#27;[38;5;229m[ADB]&amp#27;[0m No connected devices have been detected
&amp#27;[38;5;199m[c479743b]&amp#27;[0m&amp#27;[38;5;229m[ADB]&amp#27;[0m Could not find online devices
&amp#27;[38;5;199m[c479743b]&amp#27;[0m&amp#27;[38;5;229m[ADB]&amp#27;[0m Reconnecting adb (target offline)
&amp#27;[38;5;199m[c479743b]&amp#27;[0m&amp#27;[38;5;229m[ADB]&amp#27;[0m Running '/Users/mac/Library/Android/sdk/platform-tools/adb -P 5037 reconnect offline'
&amp#27;[38;5;199m[c479743b]&amp#27;[0m&amp#27;[38;5;229m[ADB]&amp#27;[0m Getting connected devices
&amp#27;[38;5;199m[c479743b]&amp#27;[0m&amp#27;[38;5;229m[ADB]&amp#27;[0m No connected devices have been detected
&amp#27;[38;5;199m[c479743b]&amp#27;[0m&amp#27;[38;5;229m[ADB]&amp#27;[0m Could not find online devices
&amp#27;[38;5;199m[c479743b]&amp#27;[0m&amp#27;[38;5;229m[ADB]&amp#27;[0m Reconnecting adb (target offline)
&amp#27;[38;5;199m[c479743b]&amp#27;[0m&amp#27;[38;5;229m[ADB]&amp#27;[0m Running '/Users/mac/Library/Android/sdk/platform-tools/adb -P 5037 reconnect offline'
&amp#27;[38;5;199m[c479743b]&amp#27;[0m&amp#27;[38;5;229m[ADB]&amp#27;[0m Getting connected devices
&amp#27;[38;5;199m[c479743b]&amp#27;[0m&amp#27;[38;5;229m[ADB]&amp#27;[0m No connected devices have been detected
&amp#27;[38;5;199m[c479743b]&amp#27;[0m&amp#27;[38;5;229m[ADB]&amp#27;[0m Could not find online devices
&amp#27;[38;5;199m[c479743b]&amp#27;[0m&amp#27;[38;5;229m[ADB]&amp#27;[0m Reconnecting adb (target offline)
&amp#27;[38;5;199m[c479743b]&amp#27;[0m&amp#27;[38;5;229m[ADB]&amp#27;[0m Running '/Users/mac/Library/Android/sdk/platform-tools/adb -P 5037 reconnect offline'
&amp#27;[38;5;199m[c479743b]&amp#27;[0m&amp#27;[38;5;229m[ADB]&amp#27;[0m Getting connected devices
&amp#27;[38;5;199m[c479743b]&amp#27;[0m&amp#27;[38;5;229m[ADB]&amp#27;[0m No connected devices have been detected
&amp#27;[38;5;199m[c479743b]&amp#27;[0m&amp#27;[38;5;229m[ADB]&amp#27;[0m Could not find online devices
&amp#27;[38;5;199m[c479743b]&amp#27;[0m&amp#27;[38;5;229m[ADB]&amp#27;[0m Reconnecting adb (target offline)
&amp#27;[38;5;199m[c479743b]&amp#27;[0m&amp#27;[38;5;229m[ADB]&amp#27;[0m Running '/Users/mac/Library/Android/sdk/platform-tools/adb -P 5037 reconnect offline'
&amp#27;[38;5;199m[c479743b]&amp#27;[0m&amp#27;[38;5;229m[ADB]&amp#27;[0m Getting connected devices
&amp#27;[38;5;199m[c479743b]&amp#27;[0m&amp#27;[38;5;229m[ADB]&amp#27;[0m No connected devices have been detected
&amp#27;[38;5;199m[c479743b]&amp#27;[0m&amp#27;[38;5;229m[ADB]&amp#27;[0m Could not find online devices
&amp#27;[38;5;199m[c479743b]&amp#27;[0m&amp#27;[38;5;229m[ADB]&amp#27;[0m Reconnecting adb (target offline)
&amp#27;[38;5;199m[c479743b]&amp#27;[0m&amp#27;[38;5;229m[ADB]&amp#27;[0m Running '/Users/mac/Library/Android/sdk/platform-tools/adb -P 5037 reconnect offline'
&amp#27;[38;5;199m[c479743b]&amp#27;[0m&amp#27;[38;5;229m[ADB]&amp#27;[0m Getting connected devices
&amp#27;[38;5;199m[c479743b]&amp#27;[0m&amp#27;[38;5;229m[ADB]&amp#27;[0m No connected devices have been detected
&amp#27;[38;5;199m[c479743b]&amp#27;[0m&amp#27;[38;5;229m[ADB]&amp#27;[0m Could not find online devices
&amp#27;[38;5;199m[c479743b]&amp#27;[0m&amp#27;[38;5;229m[ADB]&amp#27;[0m Reconnecting adb (target offline)
&amp#27;[38;5;199m[c479743b]&amp#27;[0m&amp#27;[38;5;229m[ADB]&amp#27;[0m Running '/Users/mac/Library/Android/sdk/platform-tools/adb -P 5037 reconnect offline'
&amp#27;[38;5;199m[c479743b]&amp#27;[0m&amp#27;[38;5;229m[ADB]&amp#27;[0m Getting connected devices
&amp#27;[38;5;199m[c479743b]&amp#27;[0m&amp#27;[38;5;229m[ADB]&amp#27;[0m No connected devices have been detected
&amp#27;[38;5;199m[c479743b]&amp#27;[0m&amp#27;[38;5;229m[ADB]&amp#27;[0m Could not find online devices
&amp#27;[38;5;199m[c479743b]&amp#27;[0m&amp#27;[38;5;229m[ADB]&amp#27;[0m Reconnecting adb (target offline)
&amp#27;[38;5;199m[c479743b]&amp#27;[0m&amp#27;[38;5;229m[ADB]&amp#27;[0m Running '/Users/mac/Library/Android/sdk/platform-tools/adb -P 5037 reconnect offline'
&amp#27;[38;5;199m[c479743b]&amp#27;[0m&amp#27;[38;5;229m[ADB]&amp#27;[0m Getting connected devices
&amp#27;[38;5;199m[c479743b]&amp#27;[0m&amp#27;[38;5;229m[ADB]&amp#27;[0m No connected devices have been detected
&amp#27;[38;5;199m[c479743b]&amp#27;[0m&amp#27;[38;5;229m[ADB]&amp#27;[0m Could not find online devices
&amp#27;[38;5;199m[c479743b]&amp#27;[0m&amp#27;[38;5;229m[ADB]&amp#27;[0m Reconnecting adb (target offline)
&amp#27;[38;5;199m[c479743b]&amp#27;[0m&amp#27;[38;5;229m[ADB]&amp#27;[0m Running '/Users/mac/Library/Android/sdk/platform-tools/adb -P 5037 reconnect offline'
&amp#27;[38;5;199m[c479743b]&amp#27;[0m&amp#27;[38;5;229m[ADB]&amp#27;[0m Getting connected devices
&amp#27;[38;5;199m[c479743b]&amp#27;[0m&amp#27;[38;5;229m[ADB]&amp#27;[0m No connected devices have been detected
&amp#27;[38;5;199m[c479743b]&amp#27;[0m&amp#27;[38;5;229m[ADB]&amp#27;[0m Could not find online devices
&amp#27;[38;5;199m[c479743b]&amp#27;[0m&amp#27;[38;5;229m[ADB]&amp#27;[0m Reconnecting adb (target offline)
&amp#27;[38;5;199m[c479743b]&amp#27;[0m&amp#27;[38;5;229m[ADB]&amp#27;[0m Running '/Users/mac/Library/Android/sdk/platform-tools/adb -P 5037 reconnect offline'
&amp#27;[38;5;199m[c479743b]&amp#27;[0m&amp#27;[38;5;229m[ADB]&amp#27;[0m Getting connected devices
&amp#27;[38;5;199m[c479743b]&amp#27;[0m&amp#27;[38;5;229m[ADB]&amp#27;[0m No connected devices have been detected
&amp#27;[38;5;199m[c479743b]&amp#27;[0m&amp#27;[38;5;229m[ADB]&amp#27;[0m Could not find online devices
&amp#27;[38;5;199m[c479743b]&amp#27;[0m&amp#27;[38;5;229m[ADB]&amp#27;[0m Reconnecting adb (target offline)
&amp#27;[38;5;199m[c479743b]&amp#27;[0m&amp#27;[38;5;229m[ADB]&amp#27;[0m Running '/Users/mac/Library/Android/sdk/platform-tools/adb -P 5037 reconnect offline'
&amp#27;[38;5;199m[c479743b]&amp#27;[0m&amp#27;[38;5;229m[ADB]&amp#27;[0m Getting connected devices
&amp#27;[38;5;199m[c479743b]&amp#27;[0m&amp#27;[38;5;229m[ADB]&amp#27;[0m No connected devices have been detected
&amp#27;[38;5;199m[c479743b]&amp#27;[0m&amp#27;[38;5;229m[ADB]&amp#27;[0m Could not find online devices
&amp#27;[38;5;199m[c479743b]&amp#27;[0m&amp#27;[38;5;229m[ADB]&amp#27;[0m Reconnecting adb (target offline)
&amp#27;[38;5;199m[c479743b]&amp#27;[0m&amp#27;[38;5;229m[ADB]&amp#27;[0m Running '/Users/mac/Library/Android/sdk/platform-tools/adb -P 5037 reconnect offline'
&amp#27;[38;5;199m[c479743b]&amp#27;[0m&amp#27;[38;5;229m[ADB]&amp#27;[0m Getting connected devices
&amp#27;[38;5;199m[c479743b]&amp#27;[0m&amp#27;[38;5;229m[ADB]&amp#27;[0m No connected devices have been detected
&amp#27;[38;5;199m[c479743b]&amp#27;[0m&amp#27;[38;5;229m[ADB]&amp#27;[0m Could not find online devices
&amp#27;[38;5;199m[c479743b]&amp#27;[0m&amp#27;[38;5;229m[ADB]&amp#27;[0m Reconnecting adb (target offline)
&amp#27;[38;5;199m[c479743b]&amp#27;[0m&amp#27;[38;5;229m[ADB]&amp#27;[0m Running '/Users/mac/Library/Android/sdk/platform-tools/adb -P 5037 reconnect offline'
&amp#27;[38;5;199m[c479743b]&amp#27;[0m&amp#27;[38;5;229m[ADB]&amp#27;[0m Getting connected devices
&amp#27;[38;5;199m[c479743b]&amp#27;[0m&amp#27;[38;5;229m[ADB]&amp#27;[0m No connected devices have been detected
&amp#27;[38;5;199m[c479743b]&amp#27;[0m&amp#27;[38;5;229m[ADB]&amp#27;[0m Could not find online devices
&amp#27;[38;5;199m[c479743b]&amp#27;[0m&amp#27;[38;5;229m[ADB]&amp#27;[0m Reconnecting adb (target offline)
&amp#27;[38;5;199m[c479743b]&amp#27;[0m&amp#27;[38;5;229m[ADB]&amp#27;[0m Running '/Users/mac/Library/Android/sdk/platform-tools/adb -P 5037 reconnect offline'
&amp#27;[38;5;199m[c479743b]&amp#27;[0m&amp#27;[38;5;229m[ADB]&amp#27;[0m Getting connected devices
&amp#27;[38;5;199m[c479743b]&amp#27;[0m&amp#27;[38;5;229m[ADB]&amp#27;[0m No connected devices have been detected
&amp#27;[38;5;199m[c479743b]&amp#27;[0m&amp#27;[38;5;229m[ADB]&amp#27;[0m Could not find online devices
&amp#27;[38;5;199m[c479743b]&amp#27;[0m&amp#27;[38;5;229m[ADB]&amp#27;[0m Reconnecting adb (target offline)
&amp#27;[38;5;199m[c479743b]&amp#27;[0m&amp#27;[38;5;229m[ADB]&amp#27;[0m Running '/Users/mac/Library/Android/sdk/platform-tools/adb -P 5037 reconnect offline'
&amp#27;[38;5;199m[c479743b]&amp#27;[0m&amp#27;[38;5;229m[ADB]&amp#27;[0m Getting connected devices
&amp#27;[38;5;199m[c479743b]&amp#27;[0m&amp#27;[38;5;229m[ADB]&amp#27;[0m No connected devices have been detected
&amp#27;[38;5;199m[c479743b]&amp#27;[0m&amp#27;[38;5;229m[ADB]&amp#27;[0m Could not find online devices
&amp#27;[38;5;199m[c479743b]&amp#27;[0m&amp#27;[38;5;229m[ADB]&amp#27;[0m Reconnecting adb (target offline)
&amp#27;[38;5;199m[c479743b]&amp#27;[0m&amp#27;[38;5;229m[ADB]&amp#27;[0m Running '/Users/mac/Library/Android/sdk/platform-tools/adb -P 5037 reconnect offline'
&amp#27;[38;5;199m[c479743b]&amp#27;[0m&amp#27;[38;5;229m[ADB]&amp#27;[0m Getting connected devices
&amp#27;[38;5;199m[c479743b]&amp#27;[0m&amp#27;[38;5;229m[ADB]&amp#27;[0m No connected devices have been detected
&amp#27;[38;5;199m[c479743b]&amp#27;[0m&amp#27;[38;5;229m[ADB]&amp#27;[0m Could not find online devices
&amp#27;[38;5;199m[c479743b]&amp#27;[0m&amp#27;[38;5;229m[ADB]&amp#27;[0m Reconnecting adb (target offline)
&amp#27;[38;5;199m[c479743b]&amp#27;[0m&amp#27;[38;5;229m[ADB]&amp#27;[0m Running '/Users/mac/Library/Android/sdk/platform-tools/adb -P 5037 reconnect offline'
&amp#27;[38;5;199m[c479743b]&amp#27;[0m&amp#27;[38;5;229m[ADB]&amp#27;[0m Getting connected devices
&amp#27;[38;5;199m[c479743b]&amp#27;[0m&amp#27;[38;5;229m[ADB]&amp#27;[0m No connected devices have been detected
&amp#27;[38;5;199m[c479743b]&amp#27;[0m&amp#27;[38;5;229m[ADB]&amp#27;[0m Could not find online devices
&amp#27;[38;5;199m[c479743b]&amp#27;[0m&amp#27;[38;5;229m[ADB]&amp#27;[0m Reconnecting adb (target offline)
&amp#27;[38;5;199m[c479743b]&amp#27;[0m&amp#27;[38;5;229m[ADB]&amp#27;[0m Running '/Users/mac/Library/Android/sdk/platform-tools/adb -P 5037 reconnect offline'
&amp#27;[38;5;199m[c479743b]&amp#27;[0m&amp#27;[38;5;229m[ADB]&amp#27;[0m Getting connected devices
&amp#27;[38;5;199m[c479743b]&amp#27;[0m&amp#27;[38;5;229m[ADB]&amp#27;[0m No connected devices have been detected
&amp#27;[38;5;199m[c479743b]&amp#27;[0m&amp#27;[38;5;229m[ADB]&amp#27;[0m Could not find online devices
&amp#27;[38;5;199m[c479743b]&amp#27;[0m&amp#27;[38;5;229m[ADB]&amp#27;[0m Reconnecting adb (target offline)
&amp#27;[38;5;199m[c479743b]&amp#27;[0m&amp#27;[38;5;229m[ADB]&amp#27;[0m Running '/Users/mac/Library/Android/sdk/platform-tools/adb -P 5037 reconnect offline'
&amp#27;[38;5;199m[c479743b]&amp#27;[0m&amp#27;[38;5;229m[ADB]&amp#27;[0m Getting connected devices
&amp#27;[38;5;199m[c479743b]&amp#27;[0m&amp#27;[38;5;229m[ADB]&amp#27;[0m No connected devices have been detected
&amp#27;[38;5;199m[c479743b]&amp#27;[0m&amp#27;[38;5;229m[ADB]&amp#27;[0m Could not find online devices
&amp#27;[38;5;199m[c479743b]&amp#27;[0m&amp#27;[38;5;229m[ADB]&amp#27;[0m Reconnecting adb (target offline)
&amp#27;[38;5;199m[c479743b]&amp#27;[0m&amp#27;[38;5;229m[ADB]&amp#27;[0m Running '/Users/mac/Library/Android/sdk/platform-tools/adb -P 5037 reconnect offline'
&amp#27;[38;5;199m[c479743b]&amp#27;[0m&amp#27;[38;5;229m[ADB]&amp#27;[0m Getting connected devices
&amp#27;[38;5;199m[c479743b]&amp#27;[0m&amp#27;[38;5;229m[ADB]&amp#27;[0m No connected devices have been detected
&amp#27;[38;5;199m[c479743b]&amp#27;[0m&amp#27;[38;5;229m[ADB]&amp#27;[0m Could not find online devices
&amp#27;[38;5;199m[c479743b]&amp#27;[0m&amp#27;[38;5;229m[ADB]&amp#27;[0m Reconnecting adb (target offline)
&amp#27;[38;5;199m[c479743b]&amp#27;[0m&amp#27;[38;5;229m[ADB]&amp#27;[0m Running '/Users/mac/Library/Android/sdk/platform-tools/adb -P 5037 reconnect offline'
&amp#27;[38;5;199m[c479743b]&amp#27;[0m&amp#27;[38;5;229m[ADB]&amp#27;[0m Getting connected devices
&amp#27;[38;5;199m[c479743b]&amp#27;[0m&amp#27;[38;5;229m[ADB]&amp#27;[0m No connected devices have been detected
&amp#27;[38;5;199m[c479743b]&amp#27;[0m&amp#27;[38;5;229m[ADB]&amp#27;[0m Could not find online devices
&amp#27;[38;5;199m[c479743b]&amp#27;[0m&amp#27;[38;5;229m[ADB]&amp#27;[0m Reconnecting adb (target offline)
&amp#27;[38;5;199m[c479743b]&amp#27;[0m&amp#27;[38;5;229m[ADB]&amp#27;[0m Running '/Users/mac/Library/Android/sdk/platform-tools/adb -P 5037 reconnect offline'
&amp#27;[38;5;199m[c479743b]&amp#27;[0m&amp#27;[38;5;229m[ADB]&amp#27;[0m Getting connected devices
&amp#27;[38;5;199m[c479743b]&amp#27;[0m&amp#27;[38;5;229m[ADB]&amp#27;[0m No connected devices have been detected
&amp#27;[38;5;199m[c479743b]&amp#27;[0m&amp#27;[38;5;229m[ADB]&amp#27;[0m Could not find online devices
&amp#27;[38;5;199m[c479743b]&amp#27;[0m&amp#27;[38;5;229m[ADB]&amp#27;[0m Reconnecting adb (target offline)
&amp#27;[38;5;199m[c479743b]&amp#27;[0m&amp#27;[38;5;229m[ADB]&amp#27;[0m Running '/Users/mac/Library/Android/sdk/platform-tools/adb -P 5037 reconnect offline'
&amp#27;[38;5;199m[c479743b]&amp#27;[0m&amp#27;[38;5;-118m[AndroidUiautomator2Driver@8328]&amp#27;[0m Deleting UiAutomator2 session
&amp#27;[38;5;199m[c479743b]&amp#27;[0m&amp#27;[38;5;48m[AppiumDriver@9377]&amp#27;[0m Event 'newSessionStarted' logged at 1736172904235 (21:15:04 GMT+0700 (Indochina Time))
&amp#27;[38;5;199m[c479743b]&amp#27;[0m&amp#27;[38;5;48m[AppiumDriver@9377]&amp#27;[0m Encountered internal error running command: Error: Could not find a connected Android device in 20000ms
    at ADB.getDevicesWithRetry (/Users/mac/.appium/node_modules/appium-uiautomator2-driver/node_modules/appium-adb/lib/tools/system-calls.js:331:13)
    at AndroidUiautomator2Driver.getDeviceInfoFromCaps (/Users/mac/.appium/node_modules/appium-uiautomator2-driver/node_modules/appium-android-driver/lib/commands/device/common.js:41:21)
    at AndroidUiautomator2Driver.createSession (/Users/mac/.appium/node_modules/appium-uiautomator2-driver/lib/driver.ts:365:30)
    at AppiumDriver.createSession (/usr/local/lib/node_modules/appium/lib/appium.js:740:35)
&amp#27;[38;5;199m[c479743b]&amp#27;[0m&amp#27;[38;5;86m[HTTP]&amp#27;[0m &amp#27;[37m<-- POST /session &amp#27;[39m&amp#27;[31m500&amp#27;[39m &amp#27;[90m23222 ms - 604&amp#27;[39m &amp#27;[90m&amp#27;[39m
]]></system-out>
  </testcase>
  <testcase name="placeOrder" classname="com.thoaikx.android.LoginTest" time="0.0">
    <skipped message="Could not start a new session. Response code 500. Message: An unknown server-side error occurred while processing the command. Original error: Could not find a connected Android device in 20000ms &#10;Host info: host: &apos;192.168.1.248.non-exists.ptr.local&apos;, ip: &apos;2402:800:6d3e:e88d:0:0:0:3%en0&apos;&#10;Build info: version: &apos;4.27.0&apos;, revision: &apos;d6e718d134&apos;&#10;System info: os.name: &apos;Mac OS X&apos;, os.arch: &apos;x86_64&apos;, os.version: &apos;12.7.4&apos;, java.version: &apos;17.0.13&apos;&#10;Driver info: io.appium.java_client.android.AndroidDriver&#10;Command: [null, newSession {capabilities=[Capabilities {appium:app: /Users/mac/Documents/Appium..., appium:appActivity: com.saucelabs.mydemoapp.and..., appium:appPackage: com.saucelabs.mydemoapp.and..., appium:automationName: UiAutomator2, appium:deviceName: emulator-5554, appium:platformVersion: 15, platformName: ANDROID}]}]&#10;Capabilities {appium:app: /Users/mac/Documents/Appium..., appium:appActivity: com.saucelabs.mydemoapp.and..., appium:appPackage: com.saucelabs.mydemoapp.and..., appium:automationName: UiAutomator2, appium:deviceName: emulator-5554, appium:platformVersion: 15, platformName: ANDROID}"/>
  </testcase>
  <testcase name="tearDown" classname="com.thoaikx.android.LoginTest" time="0.0">
    <skipped/>
  </testcase>
</testsuite>