<?xml version="1.0" encoding="UTF-8"?>
<!-- Generated by org.testng.reporters.JUnitReportReporter -->
<testsuite hostname="192.168.1.248.non-exists.ptr.local" failures="0" tests="1" name="com.dan.ios.PlaceOrderTest" time="107.074" errors="0" timestamp="2025-05-03T18:19:21 ICT" skipped="0">
  <testcase classname="com.dan.ios.PlaceOrderTest" name="placeOrder" time="107.074"/>
</testsuite> <!-- com.dan.ios.PlaceOrderTest -->
