<?xml version="1.0" encoding="UTF-8"?>
<!-- Generated by org.testng.reporters.JUnitReportReporter -->
<testsuite hostname="192.168.1.248.non-exists.ptr.local" failures="0" tests="1" name="com.thoaikx.ios.Test01" time="0.007" errors="0" timestamp="2025-01-04T16:51:51 ICT" skipped="0">
  <testcase classname="com.thoaikx.ios.Test01" name="test01" time="0.007"/>
</testsuite> <!-- com.thoaikx.ios.Test01 -->
